#
# There is insufficient memory for the Java Runtime Environment to continue.
# Native memory allocation (malloc) failed to allocate 1334976 bytes for Chunk::new
# Possible reasons:
#   The system is out of physical RAM or swap space
#   The process is running with CompressedOops enabled, and the Java Heap may be blocking the growth of the native heap
# Possible solutions:
#   Reduce memory load on the system
#   Increase physical memory or swap space
#   Check if swap backing store is full
#   Decrease Java heap size (-Xmx/-Xms)
#   Decrease number of Java threads
#   Decrease Java thread stack sizes (-Xss)
#   Set larger code cache with -XX:ReservedCodeCacheSize=
#   JVM is running with Unscaled Compressed Oops mode in which the Java heap is
#     placed in the first 4GB address space. The Java Heap base address is the
#     maximum limit for the native heap growth. Please use -XX:HeapBaseMinAddress
#     to set the Java Heap base and to place the Java Heap above 4GB virtual address.
# This output file may be truncated or incomplete.
#
#  Out of Memory Error (arena.cpp:189), pid=5060, tid=7964
#
# JRE version: OpenJDK Runtime Environment (17.0.6) (build 17.0.6+0-b2043.56-10027231)
# Java VM: OpenJDK 64-Bit Server VM (17.0.6+0-b2043.56-10027231, mixed mode, tiered, compressed oops, compressed class ptrs, g1 gc, windows-amd64)
# No core dump will be written. Minidumps are not enabled by default on client versions of Windows
#

---------------  S U M M A R Y ------------

Command Line: --add-opens=java.base/java.util=ALL-UNNAMED --add-opens=java.base/java.lang=ALL-UNNAMED --add-opens=java.base/java.lang.invoke=ALL-UNNAMED --add-opens=java.prefs/java.util.prefs=ALL-UNNAMED --add-opens=java.base/java.nio.charset=ALL-UNNAMED --add-opens=java.base/java.net=ALL-UNNAMED --add-opens=java.base/java.util.concurrent.atomic=ALL-UNNAMED -Xmx2048m -Dfile.encoding=UTF-8 -Duser.country=US -Duser.language=en -Duser.variant org.gradle.launcher.daemon.bootstrap.GradleDaemon 8.0

Host: Intel(R) Core(TM) i5-7200U CPU @ 2.50GHz, 4 cores, 7G,  Windows 10 , 64 bit Build 19041 (10.0.19041.3393)
Time: Wed Oct 11 09:52:44 2023 Pakistan Standard Time elapsed time: 17.302991 seconds (0d 0h 0m 17s)

---------------  T H R E A D  ---------------

Current thread (0x000002276581a2e0):  JavaThread "C2 CompilerThread0" daemon [_thread_in_native, id=7964, stack(0x000000ae5b200000,0x000000ae5b300000)]


Current CompileTask:
C2:  17303 8735       4       org.gradle.internal.instantiation.generator.AbstractClassGenerator::inspectType (560 bytes)

Stack: [0x000000ae5b200000,0x000000ae5b300000]
Native frames: (J=compiled Java code, j=interpreted, Vv=VM code, C=native code)
V  [jvm.dll+0x683c9a]
V  [jvm.dll+0x8427a4]
V  [jvm.dll+0x843f9e]
V  [jvm.dll+0x844603]
V  [jvm.dll+0x249b75]
V  [jvm.dll+0xabcac]
V  [jvm.dll+0xac27c]
V  [jvm.dll+0x2b0eef]
V  [jvm.dll+0x58a267]
V  [jvm.dll+0x2243b2]
V  [jvm.dll+0x22478f]
V  [jvm.dll+0x21e055]
V  [jvm.dll+0x21b51b]
V  [jvm.dll+0x1a4fdd]
V  [jvm.dll+0x22b098]
V  [jvm.dll+0x229159]
V  [jvm.dll+0x7f81ec]
V  [jvm.dll+0x7f274a]
V  [jvm.dll+0x682ad5]
C  [ucrtbase.dll+0x21bb2]
C  [KERNEL32.DLL+0x17344]
C  [ntdll.dll+0x526b1]


---------------  P R O C E S S  ---------------

Threads class SMR info:
_java_thread_list=0x000002276c235670, length=83, elements={
0x000002274b66f990, 0x0000022764c55620, 0x0000022764c56220, 0x0000022765815ca0,
0x0000022765816560, 0x0000022765818e30, 0x00000227658196f0, 0x000002276581a2e0,
0x0000022764c6df00, 0x0000022764c6e410, 0x00000227659925b0, 0x00000227659a3960,
0x0000022765a66050, 0x0000022767c5f090, 0x0000022767d3b7c0, 0x0000022768161bf0,
0x00000227683760e0, 0x0000022766ac9670, 0x0000022766acb350, 0x0000022766acb820,
0x0000022766ac91a0, 0x0000022766acbcf0, 0x0000022766acc1c0, 0x0000022766ac8800,
0x0000022766ac8cd0, 0x0000022766ac9b40, 0x0000022766aca4e0, 0x0000022766aca9b0,
0x00000227696cebd0, 0x00000227696c9ed0, 0x00000227696d08b0, 0x00000227696cf570,
0x00000227696cbbb0, 0x00000227696cf0a0, 0x00000227696cfa40, 0x00000227696c9060,
0x00000227696ca3a0, 0x00000227696d03e0, 0x00000227696c9530, 0x00000227696c9a00,
0x00000227696cb210, 0x00000227696cc550, 0x00000227696cca20, 0x00000227696ccef0,
0x0000022769970ef0, 0x000002276996ded0, 0x0000022769971d60, 0x0000022769970550,
0x000002276996da00, 0x000002276996ed40, 0x000002276996d060, 0x000002276996e3a0,
0x0000022769972230, 0x000002276996e870, 0x0000022769971890, 0x0000022769970080,
0x0000022769973570, 0x000002276996f210, 0x000002276996f6e0, 0x0000022769973a40,
0x0000022769970a20, 0x00000227699713c0, 0x00000227699748b0, 0x000002276996fbb0,
0x000002276996d530, 0x0000022769972700, 0x0000022769972bd0, 0x00000227699730a0,
0x0000022769973f10, 0x00000227699743e0, 0x000002276b560870, 0x000002276b5663e0,
0x000002276b563890, 0x000002276b565a40, 0x000002276b565f10, 0x000002276b562a20,
0x000002276b5633c0, 0x000002276b562ef0, 0x000002276b563d60, 0x000002276b561210,
0x000002276b55fed0, 0x000002276b564230, 0x000002276b55fa00
}

Java Threads: ( => current thread )
  0x000002274b66f990 JavaThread "main" [_thread_blocked, id=13320, stack(0x000000ae5a500000,0x000000ae5a600000)]
  0x0000022764c55620 JavaThread "Reference Handler" daemon [_thread_blocked, id=2144, stack(0x000000ae5ac00000,0x000000ae5ad00000)]
  0x0000022764c56220 JavaThread "Finalizer" daemon [_thread_blocked, id=8940, stack(0x000000ae5ad00000,0x000000ae5ae00000)]
  0x0000022765815ca0 JavaThread "Signal Dispatcher" daemon [_thread_blocked, id=7656, stack(0x000000ae5ae00000,0x000000ae5af00000)]
  0x0000022765816560 JavaThread "Attach Listener" daemon [_thread_blocked, id=11852, stack(0x000000ae5af00000,0x000000ae5b000000)]
  0x0000022765818e30 JavaThread "Service Thread" daemon [_thread_blocked, id=8108, stack(0x000000ae5b000000,0x000000ae5b100000)]
  0x00000227658196f0 JavaThread "Monitor Deflation Thread" daemon [_thread_blocked, id=11164, stack(0x000000ae5b100000,0x000000ae5b200000)]
=>0x000002276581a2e0 JavaThread "C2 CompilerThread0" daemon [_thread_in_native, id=7964, stack(0x000000ae5b200000,0x000000ae5b300000)]
  0x0000022764c6df00 JavaThread "C1 CompilerThread0" daemon [_thread_in_native, id=2556, stack(0x000000ae5b300000,0x000000ae5b400000)]
  0x0000022764c6e410 JavaThread "Sweeper thread" daemon [_thread_blocked, id=12596, stack(0x000000ae5b400000,0x000000ae5b500000)]
  0x00000227659925b0 JavaThread "Common-Cleaner" daemon [_thread_blocked, id=5960, stack(0x000000ae5b500000,0x000000ae5b600000)]
  0x00000227659a3960 JavaThread "Notification Thread" daemon [_thread_blocked, id=8444, stack(0x000000ae5b600000,0x000000ae5b700000)]
  0x0000022765a66050 JavaThread "C2 CompilerThread1" daemon [_thread_in_native, id=7036, stack(0x000000ae5b800000,0x000000ae5b900000)]
  0x0000022767c5f090 JavaThread "Daemon health stats" [_thread_blocked, id=6328, stack(0x000000ae5bc00000,0x000000ae5bd00000)]
  0x0000022767d3b7c0 JavaThread "Incoming local TCP Connector on port 63965" [_thread_in_native, id=9896, stack(0x000000ae5bd00000,0x000000ae5be00000)]
  0x0000022768161bf0 JavaThread "Daemon periodic checks" [_thread_blocked, id=11456, stack(0x000000ae5be00000,0x000000ae5bf00000)]
  0x00000227683760e0 JavaThread "Daemon" [_thread_blocked, id=5916, stack(0x000000ae5bf00000,0x000000ae5c000000)]
  0x0000022766ac9670 JavaThread "Handler for socket connection from /127.0.0.1:63965 to /127.0.0.1:63966" [_thread_in_native, id=5220, stack(0x000000ae5c000000,0x000000ae5c100000)]
  0x0000022766acb350 JavaThread "Cancel handler" [_thread_blocked, id=2832, stack(0x000000ae5c100000,0x000000ae5c200000)]
  0x0000022766acb820 JavaThread "Daemon worker" [_thread_in_Java, id=12920, stack(0x000000ae5c200000,0x000000ae5c300000)]
  0x0000022766ac91a0 JavaThread "Asynchronous log dispatcher for DefaultDaemonConnection: socket connection from /127.0.0.1:63965 to /127.0.0.1:63966" [_thread_blocked, id=14112, stack(0x000000ae5c300000,0x000000ae5c400000)]
  0x0000022766acbcf0 JavaThread "Stdin handler" [_thread_blocked, id=11304, stack(0x000000ae5c400000,0x000000ae5c500000)]
  0x0000022766acc1c0 JavaThread "Daemon client event forwarder" [_thread_blocked, id=1564, stack(0x000000ae5c500000,0x000000ae5c600000)]
  0x0000022766ac8800 JavaThread "Cache worker for journal cache (D:\Android\gradle-8.3\caches\journal-1)" [_thread_blocked, id=6916, stack(0x000000ae5c600000,0x000000ae5c700000)]
  0x0000022766ac8cd0 JavaThread "File lock request listener" [_thread_in_native, id=9284, stack(0x000000ae5c700000,0x000000ae5c800000)]
  0x0000022766ac9b40 JavaThread "Cache worker for file hash cache (D:\Android\gradle-8.3\caches\8.0\fileHashes)" [_thread_blocked, id=9124, stack(0x000000ae5c800000,0x000000ae5c900000)]
  0x0000022766aca4e0 JavaThread "File watcher server" daemon [_thread_in_native, id=11420, stack(0x000000ae5c900000,0x000000ae5ca00000)]
  0x0000022766aca9b0 JavaThread "File watcher consumer" daemon [_thread_blocked, id=13248, stack(0x000000ae5ca00000,0x000000ae5cb00000)]
  0x00000227696cebd0 JavaThread "Cache worker for checksums cache (D:\i200547\.gradle\8.0\checksums)" [_thread_blocked, id=1056, stack(0x000000ae5cb00000,0x000000ae5cc00000)]
  0x00000227696c9ed0 JavaThread "Cache worker for cache directory md-rule (D:\Android\gradle-8.3\caches\8.0\md-rule)" [_thread_blocked, id=11692, stack(0x000000ae5cc00000,0x000000ae5cd00000)]
  0x00000227696d08b0 JavaThread "Cache worker for file content cache (D:\Android\gradle-8.3\caches\8.0\fileContent)" [_thread_blocked, id=12208, stack(0x000000ae5cd00000,0x000000ae5ce00000)]
  0x00000227696cf570 JavaThread "Cache worker for file hash cache (D:\i200547\.gradle\8.0\fileHashes)" [_thread_blocked, id=12760, stack(0x000000ae5ce00000,0x000000ae5cf00000)]
  0x00000227696cbbb0 JavaThread "Cache worker for cache directory md-supplier (D:\Android\gradle-8.3\caches\8.0\md-supplier)" [_thread_blocked, id=11836, stack(0x000000ae5cf00000,0x000000ae5d000000)]
  0x00000227696cf0a0 JavaThread "Cache worker for execution history cache (D:\Android\gradle-8.3\caches\8.0\executionHistory)" [_thread_blocked, id=12376, stack(0x000000ae5d100000,0x000000ae5d200000)]
  0x00000227696cfa40 JavaThread "jar transforms" [_thread_blocked, id=11468, stack(0x000000ae5d200000,0x000000ae5d300000)]
  0x00000227696c9060 JavaThread "jar transforms Thread 2" [_thread_blocked, id=2200, stack(0x000000ae5d300000,0x000000ae5d400000)]
  0x00000227696ca3a0 JavaThread "Cache worker for kotlin-dsl (D:\Android\gradle-8.3\caches\8.0\kotlin-dsl)" [_thread_blocked, id=13556, stack(0x000000ae5d400000,0x000000ae5d500000)]
  0x00000227696d03e0 JavaThread "jar transforms Thread 3" [_thread_blocked, id=9228, stack(0x000000ae5d500000,0x000000ae5d600000)]
  0x00000227696c9530 JavaThread "jar transforms Thread 4" [_thread_blocked, id=9980, stack(0x000000ae5d600000,0x000000ae5d700000)]
  0x00000227696c9a00 JavaThread "Cache worker for dependencies-accessors (D:\i200547\.gradle\8.0\dependencies-accessors)" [_thread_blocked, id=7108, stack(0x000000ae5d700000,0x000000ae5d800000)]
  0x00000227696cb210 JavaThread "Cache worker for Build Output Cleanup Cache (D:\i200547\.gradle\buildOutputCleanup)" [_thread_blocked, id=5332, stack(0x000000ae5d800000,0x000000ae5d900000)]
  0x00000227696cc550 JavaThread "Unconstrained build operations" [_thread_blocked, id=712, stack(0x000000ae5d900000,0x000000ae5da00000)]
  0x00000227696cca20 JavaThread "Unconstrained build operations Thread 2" [_thread_blocked, id=3448, stack(0x000000ae5da00000,0x000000ae5db00000)]
  0x00000227696ccef0 JavaThread "Unconstrained build operations Thread 3" [_thread_blocked, id=6820, stack(0x000000ae5db00000,0x000000ae5dc00000)]
  0x0000022769970ef0 JavaThread "Unconstrained build operations Thread 4" [_thread_blocked, id=1364, stack(0x000000ae5dc00000,0x000000ae5dd00000)]
  0x000002276996ded0 JavaThread "Unconstrained build operations Thread 5" [_thread_blocked, id=13208, stack(0x000000ae5dd00000,0x000000ae5de00000)]
  0x0000022769971d60 JavaThread "Unconstrained build operations Thread 6" [_thread_blocked, id=4684, stack(0x000000ae5de00000,0x000000ae5df00000)]
  0x0000022769970550 JavaThread "Unconstrained build operations Thread 7" [_thread_blocked, id=8400, stack(0x000000ae5df00000,0x000000ae5e000000)]
  0x000002276996da00 JavaThread "Unconstrained build operations Thread 8" [_thread_blocked, id=1108, stack(0x000000ae5e000000,0x000000ae5e100000)]
  0x000002276996ed40 JavaThread "Unconstrained build operations Thread 9" [_thread_blocked, id=11900, stack(0x000000ae5e100000,0x000000ae5e200000)]
  0x000002276996d060 JavaThread "Unconstrained build operations Thread 10" [_thread_blocked, id=9976, stack(0x000000ae5e200000,0x000000ae5e300000)]
  0x000002276996e3a0 JavaThread "Unconstrained build operations Thread 11" [_thread_blocked, id=2444, stack(0x000000ae5e300000,0x000000ae5e400000)]
  0x0000022769972230 JavaThread "Unconstrained build operations Thread 12" [_thread_blocked, id=10784, stack(0x000000ae5e400000,0x000000ae5e500000)]
  0x000002276996e870 JavaThread "Unconstrained build operations Thread 13" [_thread_blocked, id=5892, stack(0x000000ae5e500000,0x000000ae5e600000)]
  0x0000022769971890 JavaThread "Unconstrained build operations Thread 14" [_thread_blocked, id=7052, stack(0x000000ae5e600000,0x000000ae5e700000)]
  0x0000022769970080 JavaThread "Unconstrained build operations Thread 15" [_thread_blocked, id=14036, stack(0x000000ae5e700000,0x000000ae5e800000)]
  0x0000022769973570 JavaThread "Unconstrained build operations Thread 16" [_thread_blocked, id=13452, stack(0x000000ae5e800000,0x000000ae5e900000)]
  0x000002276996f210 JavaThread "Unconstrained build operations Thread 17" [_thread_blocked, id=12040, stack(0x000000ae5e900000,0x000000ae5ea00000)]
  0x000002276996f6e0 JavaThread "Unconstrained build operations Thread 18" [_thread_blocked, id=8776, stack(0x000000ae5ea00000,0x000000ae5eb00000)]
  0x0000022769973a40 JavaThread "Unconstrained build operations Thread 19" [_thread_blocked, id=7440, stack(0x000000ae5eb00000,0x000000ae5ec00000)]
  0x0000022769970a20 JavaThread "Unconstrained build operations Thread 20" [_thread_blocked, id=11544, stack(0x000000ae5ec00000,0x000000ae5ed00000)]
  0x00000227699713c0 JavaThread "Unconstrained build operations Thread 21" [_thread_blocked, id=10344, stack(0x000000ae5ed00000,0x000000ae5ee00000)]
  0x00000227699748b0 JavaThread "Unconstrained build operations Thread 22" [_thread_blocked, id=8380, stack(0x000000ae5ee00000,0x000000ae5ef00000)]
  0x000002276996fbb0 JavaThread "Unconstrained build operations Thread 23" [_thread_blocked, id=11108, stack(0x000000ae5ef00000,0x000000ae5f000000)]
  0x000002276996d530 JavaThread "Unconstrained build operations Thread 24" [_thread_blocked, id=6024, stack(0x000000ae5f000000,0x000000ae5f100000)]
  0x0000022769972700 JavaThread "Unconstrained build operations Thread 25" [_thread_blocked, id=10072, stack(0x000000ae5f100000,0x000000ae5f200000)]
  0x0000022769972bd0 JavaThread "Unconstrained build operations Thread 26" [_thread_blocked, id=7732, stack(0x000000ae5f200000,0x000000ae5f300000)]
  0x00000227699730a0 JavaThread "Unconstrained build operations Thread 27" [_thread_blocked, id=7420, stack(0x000000ae5f300000,0x000000ae5f400000)]
  0x0000022769973f10 JavaThread "Unconstrained build operations Thread 28" [_thread_blocked, id=7112, stack(0x000000ae5f400000,0x000000ae5f500000)]
  0x00000227699743e0 JavaThread "Unconstrained build operations Thread 29" [_thread_blocked, id=2304, stack(0x000000ae5f500000,0x000000ae5f600000)]
  0x000002276b560870 JavaThread "Unconstrained build operations Thread 30" [_thread_blocked, id=2596, stack(0x000000ae5f600000,0x000000ae5f700000)]
  0x000002276b5663e0 JavaThread "Unconstrained build operations Thread 31" [_thread_blocked, id=12672, stack(0x000000ae5f700000,0x000000ae5f800000)]
  0x000002276b563890 JavaThread "Unconstrained build operations Thread 32" [_thread_blocked, id=3496, stack(0x000000ae5f800000,0x000000ae5f900000)]
  0x000002276b565a40 JavaThread "Unconstrained build operations Thread 33" [_thread_blocked, id=1280, stack(0x000000ae5f900000,0x000000ae5fa00000)]
  0x000002276b565f10 JavaThread "Unconstrained build operations Thread 34" [_thread_blocked, id=11408, stack(0x000000ae5fa00000,0x000000ae5fb00000)]
  0x000002276b562a20 JavaThread "Unconstrained build operations Thread 35" [_thread_blocked, id=3756, stack(0x000000ae5fb00000,0x000000ae5fc00000)]
  0x000002276b5633c0 JavaThread "Unconstrained build operations Thread 36" [_thread_blocked, id=13296, stack(0x000000ae5fc00000,0x000000ae5fd00000)]
  0x000002276b562ef0 JavaThread "Unconstrained build operations Thread 37" [_thread_blocked, id=1916, stack(0x000000ae5fd00000,0x000000ae5fe00000)]
  0x000002276b563d60 JavaThread "Unconstrained build operations Thread 38" [_thread_blocked, id=10848, stack(0x000000ae5fe00000,0x000000ae5ff00000)]
  0x000002276b561210 JavaThread "Unconstrained build operations Thread 39" [_thread_blocked, id=3468, stack(0x000000ae5ff00000,0x000000ae60000000)]
  0x000002276b55fed0 JavaThread "Unconstrained build operations Thread 40" [_thread_blocked, id=13692, stack(0x000000ae60000000,0x000000ae60100000)]
  0x000002276b564230 JavaThread "build event listener" [_thread_blocked, id=11972, stack(0x000000ae60100000,0x000000ae60200000)]
  0x000002276b55fa00 JavaThread "Memory manager" [_thread_blocked, id=7220, stack(0x000000ae60200000,0x000000ae60300000)]

Other Threads:
  0x0000022764c2d8a0 VMThread "VM Thread" [stack: 0x000000ae5ab00000,0x000000ae5ac00000] [id=12160]
  0x00000227659a3e30 WatcherThread [stack: 0x000000ae5b700000,0x000000ae5b800000] [id=4688]
  0x000002274b6c8a80 GCTaskThread "GC Thread#0" [stack: 0x000000ae5a600000,0x000000ae5a700000] [id=11056]
  0x0000022766302a90 GCTaskThread "GC Thread#1" [stack: 0x000000ae5b900000,0x000000ae5ba00000] [id=3100]
  0x0000022765cb87b0 GCTaskThread "GC Thread#2" [stack: 0x000000ae5ba00000,0x000000ae5bb00000] [id=13604]
  0x0000022766657880 GCTaskThread "GC Thread#3" [stack: 0x000000ae5bb00000,0x000000ae5bc00000] [id=9596]
  0x000002274b6d98d0 ConcurrentGCThread "G1 Main Marker" [stack: 0x000000ae5a700000,0x000000ae5a800000] [id=11600]
  0x000002274b6db200 ConcurrentGCThread "G1 Conc#0" [stack: 0x000000ae5a800000,0x000000ae5a900000] [id=8944]
  0x000002274b73e660 ConcurrentGCThread "G1 Refine#0" [stack: 0x000000ae5a900000,0x000000ae5aa00000] [id=14172]
  0x0000022768915ca0 ConcurrentGCThread "G1 Refine#1" [stack: 0x000000ae5d000000,0x000000ae5d100000] [id=10832]
  0x0000022764a850c0 ConcurrentGCThread "G1 Service" [stack: 0x000000ae5aa00000,0x000000ae5ab00000] [id=9784]

Threads with active compile tasks:
C2 CompilerThread0    17353 8735       4       org.gradle.internal.instantiation.generator.AbstractClassGenerator::inspectType (560 bytes)
C1 CompilerThread0    17353 8853       1       org.gradle.internal.graph.CachingDirectedGraphWalker$NodeDetails::access$700 (5 bytes)
C2 CompilerThread1    17353 8822       4       org.objectweb.asm.MethodWriter::putMethodInfo (1274 bytes)

VM state: not at safepoint (normal execution)

VM Mutex/Monitor currently owned by a thread:  ([mutex/lock_event])
[0x000002274b669050] Compile_lock - owner thread: 0x0000000000000000

Heap address: 0x0000000080000000, size: 2048 MB, Compressed Oops mode: 32-bit

CDS archive(s) not mapped
Compressed class space mapped at: 0x0000000100000000-0x0000000140000000, reserved size: 1073741824
Narrow klass base: 0x0000000000000000, Narrow klass shift: 3, Narrow klass range: 0x140000000

GC Precious Log:
 CPUs: 4 total, 4 available
 Memory: 8089M
 Large Page Support: Disabled
 NUMA Support: Disabled
 Compressed Oops: Enabled (32-bit)
 Heap Region Size: 1M
 Heap Min Capacity: 8M
 Heap Initial Capacity: 128M
 Heap Max Capacity: 2G
 Pre-touch: Disabled
 Parallel Workers: 4
 Concurrent Workers: 1
 Concurrent Refinement Workers: 4
 Periodic GC: Disabled

Heap:
 garbage-first heap   total 222208K, used 83613K [0x0000000080000000, 0x0000000100000000)
  region size 1024K, 17 young (17408K), 7 survivors (7168K)
 Metaspace       used 86146K, committed 86720K, reserved 1130496K
  class space    used 11681K, committed 11968K, reserved 1048576K

Heap Regions: E=young(eden), S=young(survivor), O=old, HS=humongous(starts), HC=humongous(continues), CS=collection set, F=free, OA=open archive, CA=closed archive, TAMS=top-at-mark-start (previous, next)
|   0|0x0000000080000000, 0x0000000080100000, 0x0000000080100000|100%| O|  |TAMS 0x0000000080100000, 0x0000000080000000| Untracked 
|   1|0x0000000080100000, 0x0000000080200000, 0x0000000080200000|100%| O|  |TAMS 0x0000000080200000, 0x0000000080100000| Untracked 
|   2|0x0000000080200000, 0x0000000080300000, 0x0000000080300000|100%|HS|  |TAMS 0x0000000080300000, 0x0000000080200000| Complete 
|   3|0x0000000080300000, 0x0000000080400000, 0x0000000080400000|100%|HC|  |TAMS 0x0000000080400000, 0x0000000080300000| Complete 
|   4|0x0000000080400000, 0x0000000080500000, 0x0000000080500000|100%|HC|  |TAMS 0x0000000080500000, 0x0000000080400000| Complete 
|   5|0x0000000080500000, 0x0000000080600000, 0x0000000080600000|100%|HC|  |TAMS 0x0000000080600000, 0x0000000080500000| Complete 
|   6|0x0000000080600000, 0x0000000080700000, 0x0000000080700000|100%| O|  |TAMS 0x0000000080700000, 0x0000000080600000| Untracked 
|   7|0x0000000080700000, 0x0000000080800000, 0x0000000080800000|100%| O|  |TAMS 0x0000000080800000, 0x0000000080700000| Untracked 
|   8|0x0000000080800000, 0x0000000080900000, 0x0000000080900000|100%| O|  |TAMS 0x0000000080900000, 0x0000000080800000| Untracked 
|   9|0x0000000080900000, 0x0000000080a00000, 0x0000000080a00000|100%| O|  |TAMS 0x0000000080a00000, 0x0000000080900000| Untracked 
|  10|0x0000000080a00000, 0x0000000080b00000, 0x0000000080b00000|100%| O|  |TAMS 0x0000000080b00000, 0x0000000080a00000| Untracked 
|  11|0x0000000080b00000, 0x0000000080c00000, 0x0000000080c00000|100%| O|  |TAMS 0x0000000080b00000, 0x0000000080b00000| Untracked 
|  12|0x0000000080c00000, 0x0000000080d00000, 0x0000000080d00000|100%| O|  |TAMS 0x0000000080d00000, 0x0000000080c00000| Untracked 
|  13|0x0000000080d00000, 0x0000000080e00000, 0x0000000080e00000|100%| O|  |TAMS 0x0000000080e00000, 0x0000000080d00000| Untracked 
|  14|0x0000000080e00000, 0x0000000080f00000, 0x0000000080f00000|100%| O|  |TAMS 0x0000000080f00000, 0x0000000080e00000| Untracked 
|  15|0x0000000080f00000, 0x0000000081000000, 0x0000000081000000|100%| O|  |TAMS 0x0000000081000000, 0x0000000080f00000| Untracked 
|  16|0x0000000081000000, 0x0000000081100000, 0x0000000081100000|100%| O|  |TAMS 0x0000000081100000, 0x0000000081000000| Untracked 
|  17|0x0000000081100000, 0x0000000081200000, 0x0000000081200000|100%| O|  |TAMS 0x0000000081200000, 0x0000000081100000| Untracked 
|  18|0x0000000081200000, 0x0000000081300000, 0x0000000081300000|100%| O|  |TAMS 0x0000000081300000, 0x0000000081200000| Untracked 
|  19|0x0000000081300000, 0x0000000081400000, 0x0000000081400000|100%| O|  |TAMS 0x0000000081400000, 0x0000000081300000| Untracked 
|  20|0x0000000081400000, 0x0000000081500000, 0x0000000081500000|100%| O|  |TAMS 0x0000000081500000, 0x0000000081400000| Untracked 
|  21|0x0000000081500000, 0x0000000081600000, 0x0000000081600000|100%| O|  |TAMS 0x0000000081600000, 0x0000000081500000| Untracked 
|  22|0x0000000081600000, 0x0000000081700000, 0x0000000081700000|100%| O|  |TAMS 0x0000000081700000, 0x0000000081600000| Untracked 
|  23|0x0000000081700000, 0x0000000081800000, 0x0000000081800000|100%| O|  |TAMS 0x0000000081800000, 0x0000000081700000| Untracked 
|  24|0x0000000081800000, 0x0000000081900000, 0x0000000081900000|100%| O|  |TAMS 0x0000000081900000, 0x0000000081800000| Untracked 
|  25|0x0000000081900000, 0x0000000081a00000, 0x0000000081a00000|100%|HS|  |TAMS 0x0000000081a00000, 0x0000000081900000| Complete 
|  26|0x0000000081a00000, 0x0000000081b00000, 0x0000000081b00000|100%|HS|  |TAMS 0x0000000081b00000, 0x0000000081a00000| Complete 
|  27|0x0000000081b00000, 0x0000000081c00000, 0x0000000081c00000|100%| O|  |TAMS 0x0000000081c00000, 0x0000000081b00000| Untracked 
|  28|0x0000000081c00000, 0x0000000081d00000, 0x0000000081d00000|100%| O|  |TAMS 0x0000000081d00000, 0x0000000081c00000| Untracked 
|  29|0x0000000081d00000, 0x0000000081e00000, 0x0000000081e00000|100%| O|  |TAMS 0x0000000081e00000, 0x0000000081d00000| Untracked 
|  30|0x0000000081e00000, 0x0000000081f00000, 0x0000000081f00000|100%| O|  |TAMS 0x0000000081f00000, 0x0000000081e00000| Untracked 
|  31|0x0000000081f00000, 0x0000000082000000, 0x0000000082000000|100%| O|  |TAMS 0x0000000082000000, 0x0000000081f00000| Untracked 
|  32|0x0000000082000000, 0x0000000082100000, 0x0000000082100000|100%| O|  |TAMS 0x0000000082100000, 0x0000000082000000| Untracked 
|  33|0x0000000082100000, 0x0000000082200000, 0x0000000082200000|100%|HS|  |TAMS 0x0000000082200000, 0x0000000082100000| Complete 
|  34|0x0000000082200000, 0x0000000082300000, 0x0000000082300000|100%|HC|  |TAMS 0x0000000082300000, 0x0000000082200000| Complete 
|  35|0x0000000082300000, 0x0000000082400000, 0x0000000082400000|100%|HS|  |TAMS 0x0000000082400000, 0x0000000082300000| Complete 
|  36|0x0000000082400000, 0x0000000082500000, 0x0000000082500000|100%| O|  |TAMS 0x0000000082500000, 0x0000000082400000| Untracked 
|  37|0x0000000082500000, 0x0000000082600000, 0x0000000082600000|100%| O|  |TAMS 0x0000000082600000, 0x0000000082500000| Untracked 
|  38|0x0000000082600000, 0x0000000082700000, 0x0000000082700000|100%| O|  |TAMS 0x0000000082700000, 0x0000000082600000| Untracked 
|  39|0x0000000082700000, 0x0000000082800000, 0x0000000082800000|100%| O|  |TAMS 0x0000000082800000, 0x0000000082700000| Untracked 
|  40|0x0000000082800000, 0x0000000082900000, 0x0000000082900000|100%|HS|  |TAMS 0x0000000082900000, 0x0000000082800000| Complete 
|  41|0x0000000082900000, 0x0000000082a00000, 0x0000000082a00000|100%|HC|  |TAMS 0x0000000082a00000, 0x0000000082900000| Complete 
|  42|0x0000000082a00000, 0x0000000082b00000, 0x0000000082b00000|100%|HC|  |TAMS 0x0000000082b00000, 0x0000000082a00000| Complete 
|  43|0x0000000082b00000, 0x0000000082c00000, 0x0000000082c00000|100%|HC|  |TAMS 0x0000000082c00000, 0x0000000082b00000| Complete 
|  44|0x0000000082c00000, 0x0000000082d00000, 0x0000000082d00000|100%| O|  |TAMS 0x0000000082d00000, 0x0000000082c00000| Untracked 
|  45|0x0000000082d00000, 0x0000000082e00000, 0x0000000082e00000|100%| O|  |TAMS 0x0000000082e00000, 0x0000000082d00000| Untracked 
|  46|0x0000000082e00000, 0x0000000082f00000, 0x0000000082f00000|100%| O|  |TAMS 0x0000000082f00000, 0x0000000082e00000| Untracked 
|  47|0x0000000082f00000, 0x0000000083000000, 0x0000000083000000|100%| O|  |TAMS 0x0000000083000000, 0x0000000082f00000| Untracked 
|  48|0x0000000083000000, 0x0000000083100000, 0x0000000083100000|100%| O|  |TAMS 0x0000000083100000, 0x0000000083000000| Untracked 
|  49|0x0000000083100000, 0x0000000083200000, 0x0000000083200000|100%| O|  |TAMS 0x0000000083200000, 0x0000000083100000| Untracked 
|  50|0x0000000083200000, 0x0000000083300000, 0x0000000083300000|100%| O|  |TAMS 0x0000000083300000, 0x0000000083200000| Untracked 
|  51|0x0000000083300000, 0x0000000083400000, 0x0000000083400000|100%| O|  |TAMS 0x0000000083400000, 0x0000000083300000| Untracked 
|  52|0x0000000083400000, 0x0000000083500000, 0x0000000083500000|100%| O|  |TAMS 0x0000000083500000, 0x0000000083400000| Untracked 
|  53|0x0000000083500000, 0x0000000083600000, 0x0000000083600000|100%| O|  |TAMS 0x0000000083500000, 0x0000000083500000| Untracked 
|  54|0x0000000083600000, 0x0000000083700000, 0x0000000083700000|100%| O|  |TAMS 0x0000000083700000, 0x0000000083600000| Untracked 
|  55|0x0000000083700000, 0x0000000083800000, 0x0000000083800000|100%| O|  |TAMS 0x0000000083700000, 0x0000000083700000| Untracked 
|  56|0x0000000083800000, 0x0000000083900000, 0x0000000083900000|100%| O|  |TAMS 0x0000000083800000, 0x0000000083800000| Untracked 
|  57|0x0000000083900000, 0x0000000083a00000, 0x0000000083a00000|100%| O|  |TAMS 0x0000000083a00000, 0x0000000083900000| Untracked 
|  58|0x0000000083a00000, 0x0000000083b00000, 0x0000000083b00000|100%| O|  |TAMS 0x0000000083a00000, 0x0000000083a00000| Untracked 
|  59|0x0000000083b00000, 0x0000000083c00000, 0x0000000083c00000|100%| O|  |TAMS 0x0000000083c00000, 0x0000000083b00000| Untracked 
|  60|0x0000000083c00000, 0x0000000083c00000, 0x0000000083d00000|  0%| F|  |TAMS 0x0000000083c00000, 0x0000000083c00000| Untracked 
|  61|0x0000000083d00000, 0x0000000083e00000, 0x0000000083e00000|100%| O|  |TAMS 0x0000000083e00000, 0x0000000083d00000| Untracked 
|  62|0x0000000083e00000, 0x0000000083ef7200, 0x0000000083f00000| 96%| O|  |TAMS 0x0000000083ef7200, 0x0000000083e00000| Untracked 
|  63|0x0000000083f00000, 0x0000000084000000, 0x0000000084000000|100%| O|  |TAMS 0x0000000083f00000, 0x0000000083f00000| Untracked 
|  64|0x0000000084000000, 0x0000000084100000, 0x0000000084100000|100%| O|  |TAMS 0x0000000084000000, 0x0000000084000000| Untracked 
|  65|0x0000000084100000, 0x0000000084200000, 0x0000000084200000|100%| O|  |TAMS 0x0000000084100000, 0x0000000084100000| Untracked 
|  66|0x0000000084200000, 0x0000000084300000, 0x0000000084300000|100%| O|  |TAMS 0x0000000084200000, 0x0000000084200000| Untracked 
|  67|0x0000000084300000, 0x0000000084398a00, 0x0000000084400000| 59%| O|  |TAMS 0x0000000084300000, 0x0000000084300000| Untracked 
|  68|0x0000000084400000, 0x0000000084400000, 0x0000000084500000|  0%| F|  |TAMS 0x0000000084400000, 0x0000000084400000| Untracked 
|  69|0x0000000084500000, 0x0000000084500000, 0x0000000084600000|  0%| F|  |TAMS 0x0000000084500000, 0x0000000084500000| Untracked 
|  70|0x0000000084600000, 0x0000000084600000, 0x0000000084700000|  0%| F|  |TAMS 0x0000000084600000, 0x0000000084600000| Untracked 
|  71|0x0000000084700000, 0x0000000084700000, 0x0000000084800000|  0%| F|  |TAMS 0x0000000084700000, 0x0000000084700000| Untracked 
|  72|0x0000000084800000, 0x0000000084800000, 0x0000000084900000|  0%| F|  |TAMS 0x0000000084800000, 0x0000000084800000| Untracked 
|  73|0x0000000084900000, 0x0000000084900000, 0x0000000084a00000|  0%| F|  |TAMS 0x0000000084900000, 0x0000000084900000| Untracked 
|  74|0x0000000084a00000, 0x0000000084a00000, 0x0000000084b00000|  0%| F|  |TAMS 0x0000000084a00000, 0x0000000084a00000| Untracked 
|  75|0x0000000084b00000, 0x0000000084b00000, 0x0000000084c00000|  0%| F|  |TAMS 0x0000000084b00000, 0x0000000084b00000| Untracked 
|  76|0x0000000084c00000, 0x0000000084c00000, 0x0000000084d00000|  0%| F|  |TAMS 0x0000000084c00000, 0x0000000084c00000| Untracked 
|  77|0x0000000084d00000, 0x0000000084d00000, 0x0000000084e00000|  0%| F|  |TAMS 0x0000000084d00000, 0x0000000084d00000| Untracked 
|  78|0x0000000084e00000, 0x0000000084e00000, 0x0000000084f00000|  0%| F|  |TAMS 0x0000000084e00000, 0x0000000084e00000| Untracked 
|  79|0x0000000084f00000, 0x0000000084f00000, 0x0000000085000000|  0%| F|  |TAMS 0x0000000084f00000, 0x0000000084f00000| Untracked 
|  80|0x0000000085000000, 0x0000000085000000, 0x0000000085100000|  0%| F|  |TAMS 0x0000000085000000, 0x0000000085000000| Untracked 
|  81|0x0000000085100000, 0x0000000085100000, 0x0000000085200000|  0%| F|  |TAMS 0x0000000085100000, 0x0000000085100000| Untracked 
|  82|0x0000000085200000, 0x0000000085200000, 0x0000000085300000|  0%| F|  |TAMS 0x0000000085200000, 0x0000000085200000| Untracked 
|  83|0x0000000085300000, 0x0000000085300000, 0x0000000085400000|  0%| F|  |TAMS 0x0000000085300000, 0x0000000085300000| Untracked 
|  84|0x0000000085400000, 0x0000000085400000, 0x0000000085500000|  0%| F|  |TAMS 0x0000000085400000, 0x0000000085400000| Untracked 
|  85|0x0000000085500000, 0x0000000085500000, 0x0000000085600000|  0%| F|  |TAMS 0x0000000085500000, 0x0000000085500000| Untracked 
|  86|0x0000000085600000, 0x0000000085600000, 0x0000000085700000|  0%| F|  |TAMS 0x0000000085600000, 0x0000000085600000| Untracked 
|  87|0x0000000085700000, 0x0000000085700000, 0x0000000085800000|  0%| F|  |TAMS 0x0000000085700000, 0x0000000085700000| Untracked 
|  88|0x0000000085800000, 0x0000000085800000, 0x0000000085900000|  0%| F|  |TAMS 0x0000000085800000, 0x0000000085800000| Untracked 
|  89|0x0000000085900000, 0x0000000085900000, 0x0000000085a00000|  0%| F|  |TAMS 0x0000000085900000, 0x0000000085900000| Untracked 
|  90|0x0000000085a00000, 0x0000000085a00000, 0x0000000085b00000|  0%| F|  |TAMS 0x0000000085a00000, 0x0000000085a00000| Untracked 
|  91|0x0000000085b00000, 0x0000000085b00000, 0x0000000085c00000|  0%| F|  |TAMS 0x0000000085b00000, 0x0000000085b00000| Untracked 
|  92|0x0000000085c00000, 0x0000000085c00000, 0x0000000085d00000|  0%| F|  |TAMS 0x0000000085c00000, 0x0000000085c00000| Untracked 
|  93|0x0000000085d00000, 0x0000000085d00000, 0x0000000085e00000|  0%| F|  |TAMS 0x0000000085d00000, 0x0000000085d00000| Untracked 
|  94|0x0000000085e00000, 0x0000000085e00000, 0x0000000085f00000|  0%| F|  |TAMS 0x0000000085e00000, 0x0000000085e00000| Untracked 
|  95|0x0000000085f00000, 0x0000000085f00000, 0x0000000086000000|  0%| F|  |TAMS 0x0000000085f00000, 0x0000000085f00000| Untracked 
|  96|0x0000000086000000, 0x0000000086000000, 0x0000000086100000|  0%| F|  |TAMS 0x0000000086000000, 0x0000000086000000| Untracked 
|  97|0x0000000086100000, 0x0000000086100000, 0x0000000086200000|  0%| F|  |TAMS 0x0000000086100000, 0x0000000086100000| Untracked 
|  98|0x0000000086200000, 0x0000000086200000, 0x0000000086300000|  0%| F|  |TAMS 0x0000000086200000, 0x0000000086200000| Untracked 
|  99|0x0000000086300000, 0x0000000086300000, 0x0000000086400000|  0%| F|  |TAMS 0x0000000086300000, 0x0000000086300000| Untracked 
| 100|0x0000000086400000, 0x0000000086400000, 0x0000000086500000|  0%| F|  |TAMS 0x0000000086400000, 0x0000000086400000| Untracked 
| 101|0x0000000086500000, 0x0000000086500000, 0x0000000086600000|  0%| F|  |TAMS 0x0000000086500000, 0x0000000086500000| Untracked 
| 102|0x0000000086600000, 0x0000000086600000, 0x0000000086700000|  0%| F|  |TAMS 0x0000000086600000, 0x0000000086600000| Untracked 
| 103|0x0000000086700000, 0x0000000086700000, 0x0000000086800000|  0%| F|  |TAMS 0x0000000086700000, 0x0000000086700000| Untracked 
| 104|0x0000000086800000, 0x0000000086800000, 0x0000000086900000|  0%| F|  |TAMS 0x0000000086800000, 0x0000000086800000| Untracked 
| 105|0x0000000086900000, 0x0000000086900000, 0x0000000086a00000|  0%| F|  |TAMS 0x0000000086900000, 0x0000000086900000| Untracked 
| 106|0x0000000086a00000, 0x0000000086a00000, 0x0000000086b00000|  0%| F|  |TAMS 0x0000000086a00000, 0x0000000086a00000| Untracked 
| 107|0x0000000086b00000, 0x0000000086b00000, 0x0000000086c00000|  0%| F|  |TAMS 0x0000000086b00000, 0x0000000086b00000| Untracked 
| 108|0x0000000086c00000, 0x0000000086c00000, 0x0000000086d00000|  0%| F|  |TAMS 0x0000000086c00000, 0x0000000086c00000| Untracked 
| 109|0x0000000086d00000, 0x0000000086d00000, 0x0000000086e00000|  0%| F|  |TAMS 0x0000000086d00000, 0x0000000086d00000| Untracked 
| 110|0x0000000086e00000, 0x0000000086e00000, 0x0000000086f00000|  0%| F|  |TAMS 0x0000000086e00000, 0x0000000086e00000| Untracked 
| 111|0x0000000086f00000, 0x0000000086f00000, 0x0000000087000000|  0%| F|  |TAMS 0x0000000086f00000, 0x0000000086f00000| Untracked 
| 112|0x0000000087000000, 0x0000000087000000, 0x0000000087100000|  0%| F|  |TAMS 0x0000000087000000, 0x0000000087000000| Untracked 
| 113|0x0000000087100000, 0x0000000087100000, 0x0000000087200000|  0%| F|  |TAMS 0x0000000087100000, 0x0000000087100000| Untracked 
| 114|0x0000000087200000, 0x0000000087200000, 0x0000000087300000|  0%| F|  |TAMS 0x0000000087200000, 0x0000000087200000| Untracked 
| 115|0x0000000087300000, 0x00000000873179e8, 0x0000000087400000|  9%| S|CS|TAMS 0x0000000087300000, 0x0000000087300000| Complete 
| 116|0x0000000087400000, 0x0000000087500000, 0x0000000087500000|100%| S|CS|TAMS 0x0000000087400000, 0x0000000087400000| Complete 
| 117|0x0000000087500000, 0x0000000087600000, 0x0000000087600000|100%| S|CS|TAMS 0x0000000087500000, 0x0000000087500000| Complete 
| 118|0x0000000087600000, 0x0000000087700000, 0x0000000087700000|100%| S|CS|TAMS 0x0000000087600000, 0x0000000087600000| Complete 
| 119|0x0000000087700000, 0x0000000087800000, 0x0000000087800000|100%| S|CS|TAMS 0x0000000087700000, 0x0000000087700000| Complete 
| 120|0x0000000087800000, 0x0000000087900000, 0x0000000087900000|100%| S|CS|TAMS 0x0000000087800000, 0x0000000087800000| Complete 
| 121|0x0000000087900000, 0x0000000087a00000, 0x0000000087a00000|100%| S|CS|TAMS 0x0000000087900000, 0x0000000087900000| Complete 
| 122|0x0000000087a00000, 0x0000000087a00000, 0x0000000087b00000|  0%| F|  |TAMS 0x0000000087a00000, 0x0000000087a00000| Untracked 
| 123|0x0000000087b00000, 0x0000000087b00000, 0x0000000087c00000|  0%| F|  |TAMS 0x0000000087b00000, 0x0000000087b00000| Untracked 
| 124|0x0000000087c00000, 0x0000000087c00000, 0x0000000087d00000|  0%| F|  |TAMS 0x0000000087c00000, 0x0000000087c00000| Untracked 
| 125|0x0000000087d00000, 0x0000000087d00000, 0x0000000087e00000|  0%| F|  |TAMS 0x0000000087d00000, 0x0000000087d00000| Untracked 
| 126|0x0000000087e00000, 0x0000000087e00000, 0x0000000087f00000|  0%| F|  |TAMS 0x0000000087e00000, 0x0000000087e00000| Untracked 
| 127|0x0000000087f00000, 0x0000000087f00000, 0x0000000088000000|  0%| F|  |TAMS 0x0000000087f00000, 0x0000000087f00000| Untracked 
| 128|0x0000000088000000, 0x0000000088000000, 0x0000000088100000|  0%| F|  |TAMS 0x0000000088000000, 0x0000000088000000| Untracked 
| 129|0x0000000088100000, 0x0000000088100000, 0x0000000088200000|  0%| F|  |TAMS 0x0000000088100000, 0x0000000088100000| Untracked 
| 130|0x0000000088200000, 0x0000000088200000, 0x0000000088300000|  0%| F|  |TAMS 0x0000000088200000, 0x0000000088200000| Untracked 
| 131|0x0000000088300000, 0x0000000088300000, 0x0000000088400000|  0%| F|  |TAMS 0x0000000088300000, 0x0000000088300000| Untracked 
| 132|0x0000000088400000, 0x0000000088400000, 0x0000000088500000|  0%| F|  |TAMS 0x0000000088400000, 0x0000000088400000| Untracked 
| 133|0x0000000088500000, 0x0000000088500000, 0x0000000088600000|  0%| F|  |TAMS 0x0000000088500000, 0x0000000088500000| Untracked 
| 134|0x0000000088600000, 0x0000000088600000, 0x0000000088700000|  0%| F|  |TAMS 0x0000000088600000, 0x0000000088600000| Untracked 
| 135|0x0000000088700000, 0x0000000088700000, 0x0000000088800000|  0%| F|  |TAMS 0x0000000088700000, 0x0000000088700000| Untracked 
| 136|0x0000000088800000, 0x0000000088800000, 0x0000000088900000|  0%| F|  |TAMS 0x0000000088800000, 0x0000000088800000| Untracked 
| 137|0x0000000088900000, 0x0000000088900000, 0x0000000088a00000|  0%| F|  |TAMS 0x0000000088900000, 0x0000000088900000| Untracked 
| 138|0x0000000088a00000, 0x0000000088a00000, 0x0000000088b00000|  0%| F|  |TAMS 0x0000000088a00000, 0x0000000088a00000| Untracked 
| 139|0x0000000088b00000, 0x0000000088b00000, 0x0000000088c00000|  0%| F|  |TAMS 0x0000000088b00000, 0x0000000088b00000| Untracked 
| 140|0x0000000088c00000, 0x0000000088c00000, 0x0000000088d00000|  0%| F|  |TAMS 0x0000000088c00000, 0x0000000088c00000| Untracked 
| 141|0x0000000088d00000, 0x0000000088d00000, 0x0000000088e00000|  0%| F|  |TAMS 0x0000000088d00000, 0x0000000088d00000| Untracked 
| 142|0x0000000088e00000, 0x0000000088e00000, 0x0000000088f00000|  0%| F|  |TAMS 0x0000000088e00000, 0x0000000088e00000| Untracked 
| 143|0x0000000088f00000, 0x0000000088f00000, 0x0000000089000000|  0%| F|  |TAMS 0x0000000088f00000, 0x0000000088f00000| Untracked 
| 144|0x0000000089000000, 0x0000000089000000, 0x0000000089100000|  0%| F|  |TAMS 0x0000000089000000, 0x0000000089000000| Untracked 
| 145|0x0000000089100000, 0x0000000089100000, 0x0000000089200000|  0%| F|  |TAMS 0x0000000089100000, 0x0000000089100000| Untracked 
| 146|0x0000000089200000, 0x0000000089200000, 0x0000000089300000|  0%| F|  |TAMS 0x0000000089200000, 0x0000000089200000| Untracked 
| 147|0x0000000089300000, 0x0000000089300000, 0x0000000089400000|  0%| F|  |TAMS 0x0000000089300000, 0x0000000089300000| Untracked 
| 148|0x0000000089400000, 0x0000000089400000, 0x0000000089500000|  0%| F|  |TAMS 0x0000000089400000, 0x0000000089400000| Untracked 
| 149|0x0000000089500000, 0x0000000089500000, 0x0000000089600000|  0%| F|  |TAMS 0x0000000089500000, 0x0000000089500000| Untracked 
| 150|0x0000000089600000, 0x0000000089600000, 0x0000000089700000|  0%| F|  |TAMS 0x0000000089600000, 0x0000000089600000| Untracked 
| 151|0x0000000089700000, 0x0000000089700000, 0x0000000089800000|  0%| F|  |TAMS 0x0000000089700000, 0x0000000089700000| Untracked 
| 152|0x0000000089800000, 0x0000000089800000, 0x0000000089900000|  0%| F|  |TAMS 0x0000000089800000, 0x0000000089800000| Untracked 
| 153|0x0000000089900000, 0x0000000089900000, 0x0000000089a00000|  0%| F|  |TAMS 0x0000000089900000, 0x0000000089900000| Untracked 
| 154|0x0000000089a00000, 0x0000000089a00000, 0x0000000089b00000|  0%| F|  |TAMS 0x0000000089a00000, 0x0000000089a00000| Untracked 
| 155|0x0000000089b00000, 0x0000000089b00000, 0x0000000089c00000|  0%| F|  |TAMS 0x0000000089b00000, 0x0000000089b00000| Untracked 
| 156|0x0000000089c00000, 0x0000000089c00000, 0x0000000089d00000|  0%| F|  |TAMS 0x0000000089c00000, 0x0000000089c00000| Untracked 
| 157|0x0000000089d00000, 0x0000000089d00000, 0x0000000089e00000|  0%| F|  |TAMS 0x0000000089d00000, 0x0000000089d00000| Untracked 
| 158|0x0000000089e00000, 0x0000000089e00000, 0x0000000089f00000|  0%| F|  |TAMS 0x0000000089e00000, 0x0000000089e00000| Untracked 
| 159|0x0000000089f00000, 0x0000000089f00000, 0x000000008a000000|  0%| F|  |TAMS 0x0000000089f00000, 0x0000000089f00000| Untracked 
| 160|0x000000008a000000, 0x000000008a000000, 0x000000008a100000|  0%| F|  |TAMS 0x000000008a000000, 0x000000008a000000| Untracked 
| 161|0x000000008a100000, 0x000000008a100000, 0x000000008a200000|  0%| F|  |TAMS 0x000000008a100000, 0x000000008a100000| Untracked 
| 162|0x000000008a200000, 0x000000008a200000, 0x000000008a300000|  0%| F|  |TAMS 0x000000008a200000, 0x000000008a200000| Untracked 
| 163|0x000000008a300000, 0x000000008a300000, 0x000000008a400000|  0%| F|  |TAMS 0x000000008a300000, 0x000000008a300000| Untracked 
| 164|0x000000008a400000, 0x000000008a400000, 0x000000008a500000|  0%| F|  |TAMS 0x000000008a400000, 0x000000008a400000| Untracked 
| 165|0x000000008a500000, 0x000000008a500000, 0x000000008a600000|  0%| F|  |TAMS 0x000000008a500000, 0x000000008a500000| Untracked 
| 166|0x000000008a600000, 0x000000008a600000, 0x000000008a700000|  0%| F|  |TAMS 0x000000008a600000, 0x000000008a600000| Untracked 
| 167|0x000000008a700000, 0x000000008a700000, 0x000000008a800000|  0%| F|  |TAMS 0x000000008a700000, 0x000000008a700000| Untracked 
| 168|0x000000008a800000, 0x000000008a800000, 0x000000008a900000|  0%| F|  |TAMS 0x000000008a800000, 0x000000008a800000| Untracked 
| 169|0x000000008a900000, 0x000000008a900000, 0x000000008aa00000|  0%| F|  |TAMS 0x000000008a900000, 0x000000008a900000| Untracked 
| 170|0x000000008aa00000, 0x000000008aa00000, 0x000000008ab00000|  0%| F|  |TAMS 0x000000008aa00000, 0x000000008aa00000| Untracked 
| 171|0x000000008ab00000, 0x000000008ab00000, 0x000000008ac00000|  0%| F|  |TAMS 0x000000008ab00000, 0x000000008ab00000| Untracked 
| 172|0x000000008ac00000, 0x000000008ac00000, 0x000000008ad00000|  0%| F|  |TAMS 0x000000008ac00000, 0x000000008ac00000| Untracked 
| 173|0x000000008ad00000, 0x000000008ad00000, 0x000000008ae00000|  0%| F|  |TAMS 0x000000008ad00000, 0x000000008ad00000| Untracked 
| 174|0x000000008ae00000, 0x000000008ae00000, 0x000000008af00000|  0%| F|  |TAMS 0x000000008ae00000, 0x000000008ae00000| Untracked 
| 175|0x000000008af00000, 0x000000008af00000, 0x000000008b000000|  0%| F|  |TAMS 0x000000008af00000, 0x000000008af00000| Untracked 
| 176|0x000000008b000000, 0x000000008b000000, 0x000000008b100000|  0%| F|  |TAMS 0x000000008b000000, 0x000000008b000000| Untracked 
| 177|0x000000008b100000, 0x000000008b100000, 0x000000008b200000|  0%| F|  |TAMS 0x000000008b100000, 0x000000008b100000| Untracked 
| 178|0x000000008b200000, 0x000000008b200000, 0x000000008b300000|  0%| F|  |TAMS 0x000000008b200000, 0x000000008b200000| Untracked 
| 179|0x000000008b300000, 0x000000008b300000, 0x000000008b400000|  0%| F|  |TAMS 0x000000008b300000, 0x000000008b300000| Untracked 
| 180|0x000000008b400000, 0x000000008b400000, 0x000000008b500000|  0%| F|  |TAMS 0x000000008b400000, 0x000000008b400000| Untracked 
| 181|0x000000008b500000, 0x000000008b500000, 0x000000008b600000|  0%| F|  |TAMS 0x000000008b500000, 0x000000008b500000| Untracked 
| 182|0x000000008b600000, 0x000000008b600000, 0x000000008b700000|  0%| F|  |TAMS 0x000000008b600000, 0x000000008b600000| Untracked 
| 183|0x000000008b700000, 0x000000008b700000, 0x000000008b800000|  0%| F|  |TAMS 0x000000008b700000, 0x000000008b700000| Untracked 
| 184|0x000000008b800000, 0x000000008b800000, 0x000000008b900000|  0%| F|  |TAMS 0x000000008b800000, 0x000000008b800000| Untracked 
| 185|0x000000008b900000, 0x000000008b900000, 0x000000008ba00000|  0%| F|  |TAMS 0x000000008b900000, 0x000000008b900000| Untracked 
| 186|0x000000008ba00000, 0x000000008ba00000, 0x000000008bb00000|  0%| F|  |TAMS 0x000000008ba00000, 0x000000008ba00000| Untracked 
| 187|0x000000008bb00000, 0x000000008bb00000, 0x000000008bc00000|  0%| F|  |TAMS 0x000000008bb00000, 0x000000008bb00000| Untracked 
| 188|0x000000008bc00000, 0x000000008bc00000, 0x000000008bd00000|  0%| F|  |TAMS 0x000000008bc00000, 0x000000008bc00000| Untracked 
| 189|0x000000008bd00000, 0x000000008bd00000, 0x000000008be00000|  0%| F|  |TAMS 0x000000008bd00000, 0x000000008bd00000| Untracked 
| 190|0x000000008be00000, 0x000000008be00000, 0x000000008bf00000|  0%| F|  |TAMS 0x000000008be00000, 0x000000008be00000| Untracked 
| 191|0x000000008bf00000, 0x000000008bf00000, 0x000000008c000000|  0%| F|  |TAMS 0x000000008bf00000, 0x000000008bf00000| Untracked 
| 192|0x000000008c000000, 0x000000008c000000, 0x000000008c100000|  0%| F|  |TAMS 0x000000008c000000, 0x000000008c000000| Untracked 
| 193|0x000000008c100000, 0x000000008c100000, 0x000000008c200000|  0%| F|  |TAMS 0x000000008c100000, 0x000000008c100000| Untracked 
| 194|0x000000008c200000, 0x000000008c200000, 0x000000008c300000|  0%| F|  |TAMS 0x000000008c200000, 0x000000008c200000| Untracked 
| 195|0x000000008c300000, 0x000000008c300000, 0x000000008c400000|  0%| F|  |TAMS 0x000000008c300000, 0x000000008c300000| Untracked 
| 196|0x000000008c400000, 0x000000008c400000, 0x000000008c500000|  0%| F|  |TAMS 0x000000008c400000, 0x000000008c400000| Untracked 
| 197|0x000000008c500000, 0x000000008c500000, 0x000000008c600000|  0%| F|  |TAMS 0x000000008c500000, 0x000000008c500000| Untracked 
| 198|0x000000008c600000, 0x000000008c600000, 0x000000008c700000|  0%| F|  |TAMS 0x000000008c600000, 0x000000008c600000| Untracked 
| 199|0x000000008c700000, 0x000000008c700000, 0x000000008c800000|  0%| F|  |TAMS 0x000000008c700000, 0x000000008c700000| Untracked 
| 200|0x000000008c800000, 0x000000008c800000, 0x000000008c900000|  0%| F|  |TAMS 0x000000008c800000, 0x000000008c800000| Untracked 
| 201|0x000000008c900000, 0x000000008c900000, 0x000000008ca00000|  0%| F|  |TAMS 0x000000008c900000, 0x000000008c900000| Untracked 
| 202|0x000000008ca00000, 0x000000008ca00000, 0x000000008cb00000|  0%| F|  |TAMS 0x000000008ca00000, 0x000000008ca00000| Untracked 
| 203|0x000000008cb00000, 0x000000008cb00000, 0x000000008cc00000|  0%| F|  |TAMS 0x000000008cb00000, 0x000000008cb00000| Untracked 
| 204|0x000000008cc00000, 0x000000008cc00000, 0x000000008cd00000|  0%| F|  |TAMS 0x000000008cc00000, 0x000000008cc00000| Untracked 
| 205|0x000000008cd00000, 0x000000008cd00000, 0x000000008ce00000|  0%| F|  |TAMS 0x000000008cd00000, 0x000000008cd00000| Untracked 
| 206|0x000000008ce00000, 0x000000008ce80800, 0x000000008cf00000| 50%| E|  |TAMS 0x000000008ce00000, 0x000000008ce00000| Complete 
| 207|0x000000008cf00000, 0x000000008d000000, 0x000000008d000000|100%| E|CS|TAMS 0x000000008cf00000, 0x000000008cf00000| Complete 
| 208|0x000000008d000000, 0x000000008d100000, 0x000000008d100000|100%| E|CS|TAMS 0x000000008d000000, 0x000000008d000000| Complete 
| 209|0x000000008d100000, 0x000000008d200000, 0x000000008d200000|100%| E|CS|TAMS 0x000000008d100000, 0x000000008d100000| Complete 
| 210|0x000000008d200000, 0x000000008d300000, 0x000000008d300000|100%| E|CS|TAMS 0x000000008d200000, 0x000000008d200000| Complete 
| 211|0x000000008d300000, 0x000000008d400000, 0x000000008d400000|100%| E|CS|TAMS 0x000000008d300000, 0x000000008d300000| Complete 
| 225|0x000000008e100000, 0x000000008e200000, 0x000000008e200000|100%| E|CS|TAMS 0x000000008e100000, 0x000000008e100000| Complete 
| 226|0x000000008e200000, 0x000000008e300000, 0x000000008e300000|100%| E|CS|TAMS 0x000000008e200000, 0x000000008e200000| Complete 
| 227|0x000000008e300000, 0x000000008e400000, 0x000000008e400000|100%| E|CS|TAMS 0x000000008e300000, 0x000000008e300000| Complete 
| 228|0x000000008e400000, 0x000000008e500000, 0x000000008e500000|100%| E|CS|TAMS 0x000000008e400000, 0x000000008e400000| Complete 
| 229|0x000000008e500000, 0x000000008e600000, 0x000000008e600000|100%| E|CS|TAMS 0x000000008e500000, 0x000000008e500000| Complete 

Card table byte_map: [0x000002275df40000,0x000002275e340000] _byte_map_base: 0x000002275db40000

Marking Bits (Prev, Next): (CMBitMap*) 0x000002274b6c8fa0, (CMBitMap*) 0x000002274b6c8fe0
 Prev Bits: [0x000002275e740000, 0x0000022760740000)
 Next Bits: [0x0000022760740000, 0x0000022762740000)

Polling page: 0x00000227495a0000

Metaspace:

Usage:
  Non-class:     72.74 MB used.
      Class:     11.41 MB used.
       Both:     84.15 MB used.

Virtual space:
  Non-class space:       80.00 MB reserved,      73.00 MB ( 91%) committed,  10 nodes.
      Class space:        1.00 GB reserved,      11.69 MB (  1%) committed,  1 nodes.
             Both:        1.08 GB reserved,      84.69 MB (  8%) committed. 

Chunk freelists:
   Non-Class:  2.82 MB
       Class:  145.00 KB
        Both:  2.96 MB

MaxMetaspaceSize: unlimited
CompressedClassSpaceSize: 1.00 GB
Initial GC threshold: 21.00 MB
Current GC threshold: 109.00 MB
CDS: off
MetaspaceReclaimPolicy: balanced
 - commit_granule_bytes: 65536.
 - commit_granule_words: 8192.
 - virtual_space_node_default_size: 1048576.
 - enlarge_chunks_in_place: 1.
 - new_chunks_are_fully_committed: 0.
 - uncommit_free_chunks: 1.
 - use_allocation_guard: 0.
 - handle_deallocations: 1.


Internal statistics:

num_allocs_failed_limit: 12.
num_arena_births: 804.
num_arena_deaths: 0.
num_vsnodes_births: 11.
num_vsnodes_deaths: 0.
num_space_committed: 1355.
num_space_uncommitted: 0.
num_chunks_returned_to_freelist: 12.
num_chunks_taken_from_freelist: 3856.
num_chunk_merges: 12.
num_chunk_splits: 2610.
num_chunks_enlarged: 1816.
num_purges: 0.
num_inconsistent_stats: 0.

CodeHeap 'non-profiled nmethods': size=120000Kb used=4231Kb max_used=4231Kb free=115768Kb
 bounds [0x0000022756610000, 0x0000022756a40000, 0x000002275db40000]
CodeHeap 'profiled nmethods': size=120000Kb used=15588Kb max_used=15588Kb free=104411Kb
 bounds [0x000002274eb40000, 0x000002274fa80000, 0x0000022756070000]
CodeHeap 'non-nmethods': size=5760Kb used=2377Kb max_used=2504Kb free=3382Kb
 bounds [0x0000022756070000, 0x00000227562f0000, 0x0000022756610000]
 total_blobs=8859 nmethods=7950 adapters=821
 compilation: enabled
              stopped_count=0, restarted_count=0
 full_count=0

Compilation events (20 events):
Event: 17.259 Thread 0x0000022765a66050 8795   !   4       sun.reflect.generics.factory.CoreReflectionFactory::makeNamedType (21 bytes)
Event: 17.260 Thread 0x0000022764c6df00 nmethod 8817 0x000002274fa5ec10 code [0x000002274fa5ee80, 0x000002274fa5f848]
Event: 17.263 Thread 0x0000022764c6df00 8818       1       org.gradle.api.internal.tasks.CachingTaskDependencyResolveContext::access$000 (5 bytes)
Event: 17.263 Thread 0x0000022764c6df00 nmethod 8818 0x0000022756a2ea90 code [0x0000022756a2ec20, 0x0000022756a2ecd8]
Event: 17.264 Thread 0x0000022765a66050 nmethod 8795 0x0000022756a2ed90 code [0x0000022756a2ef40, 0x0000022756a2f1f8]
Event: 17.264 Thread 0x0000022765a66050 8799       4       java.lang.Class::getAnnotation (22 bytes)
Event: 17.266 Thread 0x0000022764c6df00 8821       3       org.gradle.internal.instantiation.generator.AsmBackedClassGenerator$ClassBuilderImpl::access$5800 (4 bytes)
Event: 17.266 Thread 0x0000022764c6df00 nmethod 8821 0x000002274fa5fc90 code [0x000002274fa5fe20, 0x000002274fa5ff18]
Event: 17.271 Thread 0x0000022765a66050 nmethod 8799 0x0000022756a2f490 code [0x0000022756a2f660, 0x0000022756a2f990]
Event: 17.271 Thread 0x0000022765a66050 8819       4       org.objectweb.asm.Type::getInternalName (16 bytes)
Event: 17.279 Thread 0x0000022765a66050 nmethod 8819 0x0000022756a2fc90 code [0x0000022756a2fe20, 0x0000022756a30378]
Event: 17.279 Thread 0x0000022765a66050 8820       4       org.objectweb.asm.Type::getOpcode (284 bytes)
Event: 17.280 Thread 0x0000022765a66050 nmethod 8820 0x0000022756a30610 code [0x0000022756a307a0, 0x0000022756a30918]
Event: 17.283 Thread 0x0000022765a66050 8822       4       org.objectweb.asm.MethodWriter::putMethodInfo (1274 bytes)
Event: 17.297 Thread 0x0000022764c6df00 8823       3       org.gradle.internal.instantiation.generator.AsmBackedClassGenerator$ClassBuilderImpl$$Lambda$133/0x0000000100279bf8::emit (13 bytes)
Event: 17.297 Thread 0x0000022764c6df00 nmethod 8823 0x000002274fa5ff90 code [0x000002274fa60140, 0x000002274fa60288]
Event: 17.297 Thread 0x0000022764c6df00 8824       3       org.gradle.internal.instantiation.generator.AsmBackedClassGenerator$ClassBuilderImpl::lambda$addPropertySetterOverloads$11 (12 bytes)
Event: 17.297 Thread 0x0000022764c6df00 nmethod 8824 0x000002274fa60390 code [0x000002274fa60540, 0x000002274fa606e8]
Event: 17.297 Thread 0x0000022764c6df00 8825       3       org.gradle.internal.instantiation.generator.AsmBackedClassGenerator$ClassBuilderImpl$12::<init> (80 bytes)
Event: 17.299 Thread 0x0000022764c6df00 nmethod 8825 0x000002274fa60790 code [0x000002274fa60a80, 0x000002274fa61d48]

GC Heap History (20 events):
Event: 8.263 GC heap before
{Heap before GC invocations=12 (full 0):
 garbage-first heap   total 86016K, used 66537K [0x0000000080000000, 0x0000000100000000)
  region size 1024K, 37 young (37888K), 4 survivors (4096K)
 Metaspace       used 52983K, committed 53440K, reserved 1097728K
  class space    used 7082K, committed 7296K, reserved 1048576K
}
Event: 8.291 GC heap after
{Heap after GC invocations=13 (full 0):
 garbage-first heap   total 86016K, used 35586K [0x0000000080000000, 0x0000000100000000)
  region size 1024K, 5 young (5120K), 5 survivors (5120K)
 Metaspace       used 52983K, committed 53440K, reserved 1097728K
  class space    used 7082K, committed 7296K, reserved 1048576K
}
Event: 8.855 GC heap before
{Heap before GC invocations=13 (full 0):
 garbage-first heap   total 86016K, used 60162K [0x0000000080000000, 0x0000000100000000)
  region size 1024K, 26 young (26624K), 5 survivors (5120K)
 Metaspace       used 53542K, committed 54016K, reserved 1097728K
  class space    used 7135K, committed 7360K, reserved 1048576K
}
Event: 8.870 GC heap after
{Heap after GC invocations=14 (full 0):
 garbage-first heap   total 103424K, used 44586K [0x0000000080000000, 0x0000000100000000)
  region size 1024K, 5 young (5120K), 5 survivors (5120K)
 Metaspace       used 53542K, committed 54016K, reserved 1097728K
  class space    used 7135K, committed 7360K, reserved 1048576K
}
Event: 9.643 GC heap before
{Heap before GC invocations=14 (full 0):
 garbage-first heap   total 103424K, used 84522K [0x0000000080000000, 0x0000000100000000)
  region size 1024K, 39 young (39936K), 5 survivors (5120K)
 Metaspace       used 57964K, committed 58496K, reserved 1105920K
  class space    used 7704K, committed 7936K, reserved 1048576K
}
Event: 9.656 GC heap after
{Heap after GC invocations=15 (full 0):
 garbage-first heap   total 103424K, used 53833K [0x0000000080000000, 0x0000000100000000)
  region size 1024K, 5 young (5120K), 5 survivors (5120K)
 Metaspace       used 57964K, committed 58496K, reserved 1105920K
  class space    used 7704K, committed 7936K, reserved 1048576K
}
Event: 10.043 GC heap before
{Heap before GC invocations=15 (full 0):
 garbage-first heap   total 103424K, used 67145K [0x0000000080000000, 0x0000000100000000)
  region size 1024K, 19 young (19456K), 5 survivors (5120K)
 Metaspace       used 60100K, committed 60608K, reserved 1105920K
  class space    used 7956K, committed 8192K, reserved 1048576K
}
Event: 10.048 GC heap after
{Heap after GC invocations=16 (full 0):
 garbage-first heap   total 103424K, used 54148K [0x0000000080000000, 0x0000000100000000)
  region size 1024K, 1 young (1024K), 1 survivors (1024K)
 Metaspace       used 60100K, committed 60608K, reserved 1105920K
  class space    used 7956K, committed 8192K, reserved 1048576K
}
Event: 10.828 GC heap before
{Heap before GC invocations=17 (full 0):
 garbage-first heap   total 103424K, used 89988K [0x0000000080000000, 0x0000000100000000)
  region size 1024K, 30 young (30720K), 1 survivors (1024K)
 Metaspace       used 64032K, committed 64640K, reserved 1105920K
  class space    used 8500K, committed 8768K, reserved 1048576K
}
Event: 10.838 GC heap after
{Heap after GC invocations=18 (full 0):
 garbage-first heap   total 103424K, used 63450K [0x0000000080000000, 0x0000000100000000)
  region size 1024K, 4 young (4096K), 4 survivors (4096K)
 Metaspace       used 64032K, committed 64640K, reserved 1105920K
  class space    used 8500K, committed 8768K, reserved 1048576K
}
Event: 10.843 GC heap before
{Heap before GC invocations=18 (full 0):
 garbage-first heap   total 103424K, used 64474K [0x0000000080000000, 0x0000000100000000)
  region size 1024K, 5 young (5120K), 4 survivors (4096K)
 Metaspace       used 64032K, committed 64640K, reserved 1105920K
  class space    used 8500K, committed 8768K, reserved 1048576K
}
Event: 10.851 GC heap after
{Heap after GC invocations=19 (full 0):
 garbage-first heap   total 103424K, used 64476K [0x0000000080000000, 0x0000000100000000)
  region size 1024K, 1 young (1024K), 1 survivors (1024K)
 Metaspace       used 64032K, committed 64640K, reserved 1105920K
  class space    used 8500K, committed 8768K, reserved 1048576K
}
Event: 11.265 GC heap before
{Heap before GC invocations=19 (full 0):
 garbage-first heap   total 103424K, used 82908K [0x0000000080000000, 0x0000000100000000)
  region size 1024K, 19 young (19456K), 1 survivors (1024K)
 Metaspace       used 65991K, committed 66496K, reserved 1114112K
  class space    used 8765K, committed 9024K, reserved 1048576K
}
Event: 11.273 GC heap after
{Heap after GC invocations=20 (full 0):
 garbage-first heap   total 235520K, used 65484K [0x0000000080000000, 0x0000000100000000)
  region size 1024K, 2 young (2048K), 2 survivors (2048K)
 Metaspace       used 65991K, committed 66496K, reserved 1114112K
  class space    used 8765K, committed 9024K, reserved 1048576K
}
Event: 13.357 GC heap before
{Heap before GC invocations=21 (full 0):
 garbage-first heap   total 222208K, used 155596K [0x0000000080000000, 0x0000000100000000)
  region size 1024K, 95 young (97280K), 2 survivors (2048K)
 Metaspace       used 75429K, committed 76032K, reserved 1122304K
  class space    used 9994K, committed 10304K, reserved 1048576K
}
Event: 13.384 GC heap after
{Heap after GC invocations=22 (full 0):
 garbage-first heap   total 222208K, used 68842K [0x0000000080000000, 0x0000000100000000)
  region size 1024K, 10 young (10240K), 10 survivors (10240K)
 Metaspace       used 75429K, committed 76032K, reserved 1122304K
  class space    used 9994K, committed 10304K, reserved 1048576K
}
Event: 13.396 GC heap before
{Heap before GC invocations=22 (full 0):
 garbage-first heap   total 222208K, used 69866K [0x0000000080000000, 0x0000000100000000)
  region size 1024K, 11 young (11264K), 10 survivors (10240K)
 Metaspace       used 75429K, committed 76032K, reserved 1122304K
  class space    used 9994K, committed 10304K, reserved 1048576K
}
Event: 13.412 GC heap after
{Heap after GC invocations=23 (full 0):
 garbage-first heap   total 222208K, used 69554K [0x0000000080000000, 0x0000000100000000)
  region size 1024K, 2 young (2048K), 2 survivors (2048K)
 Metaspace       used 75429K, committed 76032K, reserved 1122304K
  class space    used 9994K, committed 10304K, reserved 1048576K
}
Event: 17.122 GC heap before
{Heap before GC invocations=23 (full 0):
 garbage-first heap   total 222208K, used 165810K [0x0000000080000000, 0x0000000100000000)
  region size 1024K, 95 young (97280K), 2 survivors (2048K)
 Metaspace       used 85432K, committed 86016K, reserved 1130496K
  class space    used 11582K, committed 11904K, reserved 1048576K
}
Event: 17.139 GC heap after
{Heap after GC invocations=24 (full 0):
 garbage-first heap   total 222208K, used 74397K [0x0000000080000000, 0x0000000100000000)
  region size 1024K, 7 young (7168K), 7 survivors (7168K)
 Metaspace       used 85432K, committed 86016K, reserved 1130496K
  class space    used 11582K, committed 11904K, reserved 1048576K
}

Dll operation events (2 events):
Event: 0.009 Loaded shared library D:\Android\Android Studio\jbr\bin\java.dll
Event: 0.493 Loaded shared library D:\Android\Android Studio\jbr\bin\verify.dll

Deoptimization events (20 events):
Event: 17.118 Thread 0x0000022766acb820 Uncommon trap: trap_request=0xffffff45 fr.pc=0x000002275667f82c relative=0x0000000000000a4c
Event: 17.118 Thread 0x0000022766acb820 Uncommon trap: reason=unstable_if action=reinterpret pc=0x000002275667f82c method=java.util.HashMap.resize()[Ljava/util/HashMap$Node; @ 203 c2
Event: 17.118 Thread 0x0000022766acb820 DEOPT PACKING pc=0x000002275667f82c sp=0x000000ae5c2f8c40
Event: 17.118 Thread 0x0000022766acb820 DEOPT UNPACKING pc=0x00000227560c69a3 sp=0x000000ae5c2f8be0 mode 2
Event: 17.118 Thread 0x0000022766acb820 Uncommon trap: trap_request=0xffffff45 fr.pc=0x000002275663d59c relative=0x00000000000028bc
Event: 17.118 Thread 0x0000022766acb820 Uncommon trap: reason=unstable_if action=reinterpret pc=0x000002275663d59c method=java.util.HashMap.getNode(Ljava/lang/Object;)Ljava/util/HashMap$Node; @ 85 c2
Event: 17.118 Thread 0x0000022766acb820 DEOPT PACKING pc=0x000002275663d59c sp=0x000000ae5c2f8ce0
Event: 17.118 Thread 0x0000022766acb820 DEOPT UNPACKING pc=0x00000227560c69a3 sp=0x000000ae5c2f8bc8 mode 2
Event: 17.118 Thread 0x0000022766acb820 Uncommon trap: trap_request=0xffffff45 fr.pc=0x00000227567b3980 relative=0x00000000000002e0
Event: 17.118 Thread 0x0000022766acb820 Uncommon trap: reason=unstable_if action=reinterpret pc=0x00000227567b3980 method=java.util.HashMap.getNode(Ljava/lang/Object;)Ljava/util/HashMap$Node; @ 85 c2
Event: 17.118 Thread 0x0000022766acb820 DEOPT PACKING pc=0x00000227567b3980 sp=0x000000ae5c2f8c90
Event: 17.118 Thread 0x0000022766acb820 DEOPT UNPACKING pc=0x00000227560c69a3 sp=0x000000ae5c2f8bb0 mode 2
Event: 17.118 Thread 0x0000022766acb820 Uncommon trap: trap_request=0xffffff45 fr.pc=0x00000227567ad08c relative=0x000000000000026c
Event: 17.118 Thread 0x0000022766acb820 Uncommon trap: reason=unstable_if action=reinterpret pc=0x00000227567ad08c method=java.util.HashMap.getNode(Ljava/lang/Object;)Ljava/util/HashMap$Node; @ 85 c2
Event: 17.118 Thread 0x0000022766acb820 DEOPT PACKING pc=0x00000227567ad08c sp=0x000000ae5c2f8c30
Event: 17.118 Thread 0x0000022766acb820 DEOPT UNPACKING pc=0x00000227560c69a3 sp=0x000000ae5c2f8bb0 mode 2
Event: 17.211 Thread 0x0000022766acb820 Uncommon trap: trap_request=0xffffffdc fr.pc=0x0000022756a2bac0 relative=0x00000000000002a0
Event: 17.211 Thread 0x0000022766acb820 Uncommon trap: reason=class_check action=make_not_entrant pc=0x0000022756a2bac0 method=java.util.ArrayList.toArray([Ljava/lang/Object;)[Ljava/lang/Object; @ 21 c2
Event: 17.211 Thread 0x0000022766acb820 DEOPT PACKING pc=0x0000022756a2bac0 sp=0x000000ae5c2f8f70
Event: 17.211 Thread 0x0000022766acb820 DEOPT UNPACKING pc=0x00000227560c69a3 sp=0x000000ae5c2f8f40 mode 2

Classes unloaded (0 events):
No events

Classes redefined (0 events):
No events

Internal exceptions (20 events):
Event: 12.451 Thread 0x0000022766acb820 Exception <a 'java/lang/ClassNotFoundException'{0x000000008a8edbe8}: org/jetbrains/kotlin/gradle/targets/js/npm/DefaultDevNpmDependencyExtensionCustomizer> (0x000000008a8edbe8) 
thrown [s\src\hotspot\share\classfile\systemDictionary.cpp, line 256]
Event: 12.455 Thread 0x0000022766acb820 Exception <a 'java/lang/ClassNotFoundException'{0x000000008a72cb00}: org/jetbrains/kotlin/gradle/targets/js/npm/DefaultPeerNpmDependencyExtensionBeanInfo> (0x000000008a72cb00) 
thrown [s\src\hotspot\share\classfile\systemDictionary.cpp, line 256]
Event: 12.456 Thread 0x0000022766acb820 Exception <a 'java/lang/ClassNotFoundException'{0x000000008a738188}: org/jetbrains/kotlin/gradle/targets/js/npm/DefaultPeerNpmDependencyExtensionCustomizer> (0x000000008a738188) 
thrown [s\src\hotspot\share\classfile\systemDictionary.cpp, line 256]
Event: 12.460 Thread 0x0000022766acb820 Exception <a 'java/lang/ClassNotFoundException'{0x000000008a782e20}: org/jetbrains/kotlin/gradle/targets/js/npm/DefaultPeerNpmDependencyExtension$delegate$1BeanInfo> (0x000000008a782e20) 
thrown [s\src\hotspot\share\classfile\systemDictionary.cpp, line 256]
Event: 12.461 Thread 0x0000022766acb820 Exception <a 'java/lang/ClassNotFoundException'{0x000000008a78e670}: org/jetbrains/kotlin/gradle/targets/js/npm/DefaultPeerNpmDependencyExtension$delegate$1Customizer> (0x000000008a78e670) 
thrown [s\src\hotspot\share\classfile\systemDictionary.cpp, line 256]
Event: 15.206 Thread 0x0000022766acb820 Exception <a 'java/lang/NoSuchMethodError'{0x000000008a5294d8}: 'int java.lang.invoke.DirectMethodHandle$Holder.invokeSpecialIFC(java.lang.Object, java.lang.Object, java.lang.Object, java.lang.Object, java.lang.Object)'> (0x000000008a5294d8) 
thrown [s\src\hotspot\share\interpreter\linkResolver.cpp, line 771]
Event: 15.602 Thread 0x0000022766acb820 Exception <a 'java/lang/ClassNotFoundException'{0x0000000089896f40}: com/android/build/gradle/internal/api/ApkVariantOutputImpl_DecoratedBeanInfo> (0x0000000089896f40) 
thrown [s\src\hotspot\share\classfile\systemDictionary.cpp, line 256]
Event: 15.603 Thread 0x0000022766acb820 Exception <a 'java/lang/ClassNotFoundException'{0x00000000898a4678}: com/android/build/gradle/internal/api/ApkVariantOutputImplBeanInfo> (0x00000000898a4678) 
thrown [s\src\hotspot\share\classfile\systemDictionary.cpp, line 256]
Event: 15.604 Thread 0x0000022766acb820 Exception <a 'java/lang/ClassNotFoundException'{0x00000000898b1dc0}: com/android/build/gradle/internal/api/BaseVariantOutputImplBeanInfo> (0x00000000898b1dc0) 
thrown [s\src\hotspot\share\classfile\systemDictionary.cpp, line 256]
Event: 15.605 Thread 0x0000022766acb820 Exception <a 'java/lang/ClassNotFoundException'{0x00000000898bf788}: com/android/build/gradle/internal/api/BaseVariantOutputImplCustomizer> (0x00000000898bf788) 
thrown [s\src\hotspot\share\classfile\systemDictionary.cpp, line 256]
Event: 15.607 Thread 0x0000022766acb820 Exception <a 'java/lang/ClassNotFoundException'{0x00000000898df858}: com/android/build/gradle/internal/api/ApkVariantOutputImplCustomizer> (0x00000000898df858) 
thrown [s\src\hotspot\share\classfile\systemDictionary.cpp, line 256]
Event: 15.608 Thread 0x0000022766acb820 Exception <a 'java/lang/ClassNotFoundException'{0x00000000898f9c28}: com/android/build/gradle/internal/api/ApkVariantOutputImpl_DecoratedCustomizer> (0x00000000898f9c28) 
thrown [s\src\hotspot\share\classfile\systemDictionary.cpp, line 256]
Event: 15.800 Thread 0x0000022766acb820 Exception <a 'java/lang/ClassNotFoundException'{0x0000000089369210}: com/android/build/gradle/internal/api/ReadOnlyBuildTypeBeanInfo> (0x0000000089369210) 
thrown [s\src\hotspot\share\classfile\systemDictionary.cpp, line 256]
Event: 15.801 Thread 0x0000022766acb820 Exception <a 'java/lang/ClassNotFoundException'{0x0000000089376b98}: com/android/build/gradle/internal/api/ReadOnlyBaseConfigBeanInfo> (0x0000000089376b98) 
thrown [s\src\hotspot\share\classfile\systemDictionary.cpp, line 256]
Event: 15.802 Thread 0x0000022766acb820 Exception <a 'java/lang/ClassNotFoundException'{0x0000000089384840}: com/android/build/gradle/internal/api/ReadOnlyBaseConfigCustomizer> (0x0000000089384840) 
thrown [s\src\hotspot\share\classfile\systemDictionary.cpp, line 256]
Event: 15.805 Thread 0x0000022766acb820 Exception <a 'java/lang/ClassNotFoundException'{0x00000000893a2d90}: com/android/build/gradle/internal/api/ReadOnlyBuildTypeCustomizer> (0x00000000893a2d90) 
thrown [s\src\hotspot\share\classfile\systemDictionary.cpp, line 256]
Event: 16.435 Thread 0x0000022766acb820 Implicit null exception at 0x00000227569aadc4 to 0x00000227569ab7b0
Event: 16.435 Thread 0x0000022766acb820 Implicit null exception at 0x00000227569aadc4 to 0x00000227569ab7b0
Event: 16.437 Thread 0x0000022766acb820 Implicit null exception at 0x00000227569aadc4 to 0x00000227569ab7b0
Event: 16.437 Thread 0x0000022766acb820 Implicit null exception at 0x00000227569aadc4 to 0x00000227569ab7b0

VM Operations (20 events):
Event: 14.605 Executing VM operation: Cleanup
Event: 14.605 Executing VM operation: Cleanup done
Event: 15.420 Executing VM operation: HandshakeAllThreads
Event: 15.425 Executing VM operation: HandshakeAllThreads done
Event: 15.620 Executing VM operation: ICBufferFull
Event: 15.620 Executing VM operation: ICBufferFull done
Event: 16.256 Executing VM operation: HandshakeAllThreads
Event: 16.256 Executing VM operation: HandshakeAllThreads done
Event: 16.581 Executing VM operation: ICBufferFull
Event: 16.582 Executing VM operation: ICBufferFull done
Event: 16.610 Executing VM operation: HandshakeAllThreads
Event: 16.610 Executing VM operation: HandshakeAllThreads done
Event: 16.862 Executing VM operation: HandshakeAllThreads
Event: 16.863 Executing VM operation: HandshakeAllThreads done
Event: 16.866 Executing VM operation: HandshakeAllThreads
Event: 16.866 Executing VM operation: HandshakeAllThreads done
Event: 17.085 Executing VM operation: ICBufferFull
Event: 17.086 Executing VM operation: ICBufferFull done
Event: 17.122 Executing VM operation: G1CollectForAllocation
Event: 17.139 Executing VM operation: G1CollectForAllocation done

Events (20 events):
Event: 13.498 loading class jdk/internal/loader/URLClassPath$FileLoader$1
Event: 13.499 loading class jdk/internal/loader/URLClassPath$FileLoader$1 done
Event: 14.239 loading class sun/reflect/generics/repository/FieldRepository
Event: 14.239 loading class sun/reflect/generics/repository/FieldRepository done
Event: 14.262 loading class jdk/internal/vm/annotation/ForceInline
Event: 14.262 loading class jdk/internal/vm/annotation/ForceInline done
Event: 14.422 loading class java/util/regex/Pattern$Caret
Event: 14.422 loading class java/util/regex/Pattern$Caret done
Event: 16.409 loading class java/lang/AbstractMethodError
Event: 16.411 loading class java/lang/AbstractMethodError done
Event: 16.432 loading class java/nio/channels/Channels$1
Event: 16.432 loading class java/nio/channels/Channels$1 done
Event: 16.608 loading class java/util/AbstractList$ListItr
Event: 16.609 loading class java/util/AbstractList$ListItr done
Event: 16.863 Thread 0x0000022764c6e410 flushing nmethod 0x00000227566b3590
Event: 16.864 Thread 0x0000022764c6e410 flushing nmethod 0x00000227567b0c10
Event: 16.869 Thread 0x0000022764c6e410 flushing nmethod 0x000002274ed9ee90
Event: 16.870 Thread 0x0000022764c6e410 flushing nmethod 0x000002274ee85e90
Event: 16.981 loading class java/util/zip/ZipOutputStream
Event: 16.981 loading class java/util/zip/ZipOutputStream done


Dynamic libraries:
0x00007ff67b3d0000 - 0x00007ff67b3da000 	D:\Android\Android Studio\jbr\bin\java.exe
0x00007ff9248d0000 - 0x00007ff924ac8000 	C:\WINDOWS\SYSTEM32\ntdll.dll
0x00007ff9231a0000 - 0x00007ff92325d000 	C:\WINDOWS\System32\KERNEL32.DLL
0x00007ff922020000 - 0x00007ff922316000 	C:\WINDOWS\System32\KERNELBASE.dll
0x00007ff922350000 - 0x00007ff922450000 	C:\WINDOWS\System32\ucrtbase.dll
0x00007ff916950000 - 0x00007ff916967000 	D:\Android\Android Studio\jbr\bin\jli.dll
0x00007ff90b470000 - 0x00007ff90b48b000 	D:\Android\Android Studio\jbr\bin\VCRUNTIME140.dll
0x00007ff922fa0000 - 0x00007ff92313e000 	C:\WINDOWS\System32\USER32.dll
0x00007ff922320000 - 0x00007ff922342000 	C:\WINDOWS\System32\win32u.dll
0x00007ff90c8a0000 - 0x00007ff90cb3a000 	C:\WINDOWS\WinSxS\amd64_microsoft.windows.common-controls_6595b64144ccf1df_6.0.19041.1110_none_60b5254171f9507e\COMCTL32.dll
0x00007ff9236e0000 - 0x00007ff92370c000 	C:\WINDOWS\System32\GDI32.dll
0x00007ff923f90000 - 0x00007ff92402e000 	C:\WINDOWS\System32\msvcrt.dll
0x00007ff922810000 - 0x00007ff92292a000 	C:\WINDOWS\System32\gdi32full.dll
0x00007ff922770000 - 0x00007ff92280d000 	C:\WINDOWS\System32\msvcp_win.dll
0x00007ff923260000 - 0x00007ff923290000 	C:\WINDOWS\System32\IMM32.DLL
0x00007ff9169f0000 - 0x00007ff9169fc000 	D:\Android\Android Studio\jbr\bin\vcruntime140_1.dll
0x00007ff8e9200000 - 0x00007ff8e928d000 	D:\Android\Android Studio\jbr\bin\msvcp140.dll
0x00007ff8e6f20000 - 0x00007ff8e7b8e000 	D:\Android\Android Studio\jbr\bin\server\jvm.dll
0x00007ff924190000 - 0x00007ff92423e000 	C:\WINDOWS\System32\ADVAPI32.dll
0x00007ff924240000 - 0x00007ff9242dc000 	C:\WINDOWS\System32\sechost.dll
0x00007ff922930000 - 0x00007ff922a56000 	C:\WINDOWS\System32\RPCRT4.dll
0x00007ff91aa70000 - 0x00007ff91aa79000 	C:\WINDOWS\SYSTEM32\WSOCK32.dll
0x00007ff9063b0000 - 0x00007ff9063d7000 	C:\WINDOWS\SYSTEM32\WINMM.dll
0x00007ff924390000 - 0x00007ff9243fb000 	C:\WINDOWS\System32\WS2_32.dll
0x00007ff915f10000 - 0x00007ff915f1a000 	C:\WINDOWS\SYSTEM32\VERSION.dll
0x00007ff9207d0000 - 0x00007ff9207e2000 	C:\WINDOWS\SYSTEM32\kernel.appcore.dll
0x00007ff91aa00000 - 0x00007ff91aa0a000 	D:\Android\Android Studio\jbr\bin\jimage.dll
0x00007ff91cba0000 - 0x00007ff91cd84000 	C:\WINDOWS\SYSTEM32\DBGHELP.DLL
0x00007ff9062c0000 - 0x00007ff9062f4000 	C:\WINDOWS\SYSTEM32\dbgcore.DLL
0x00007ff922630000 - 0x00007ff9226b2000 	C:\WINDOWS\System32\bcryptPrimitives.dll
0x00007ff9167c0000 - 0x00007ff9167e5000 	D:\Android\Android Studio\jbr\bin\java.dll
0x00007ff9187d0000 - 0x00007ff9187e8000 	D:\Android\Android Studio\jbr\bin\zip.dll
0x00007ff923710000 - 0x00007ff923e55000 	C:\WINDOWS\System32\SHELL32.dll
0x00007ff920020000 - 0x00007ff9207bb000 	C:\WINDOWS\SYSTEM32\windows.storage.dll
0x00007ff924530000 - 0x00007ff924884000 	C:\WINDOWS\System32\combase.dll
0x00007ff921980000 - 0x00007ff9219ae000 	C:\WINDOWS\SYSTEM32\Wldp.dll
0x00007ff9242e0000 - 0x00007ff92438d000 	C:\WINDOWS\System32\SHCORE.dll
0x00007ff923420000 - 0x00007ff923475000 	C:\WINDOWS\System32\shlwapi.dll
0x00007ff921ee0000 - 0x00007ff921f05000 	C:\WINDOWS\SYSTEM32\profapi.dll
0x00007ff9184b0000 - 0x00007ff9184c9000 	D:\Android\Android Studio\jbr\bin\net.dll
0x00007ff90fe30000 - 0x00007ff90ff3a000 	C:\WINDOWS\SYSTEM32\WINHTTP.dll
0x00007ff9216e0000 - 0x00007ff92174a000 	C:\WINDOWS\system32\mswsock.dll
0x00007ff9169d0000 - 0x00007ff9169e6000 	D:\Android\Android Studio\jbr\bin\nio.dll
0x00007ff91a800000 - 0x00007ff91a810000 	D:\Android\Android Studio\jbr\bin\verify.dll
0x00007ff90d3e0000 - 0x00007ff90d407000 	D:\Android\gradle-8.3\native\68d5fa5c4cc2d200863cafc0d521ce42e7d3e7ee720ec0a83991735586a16f82\windows-amd64\native-platform.dll
0x00007ff8e8350000 - 0x00007ff8e8494000 	D:\Android\gradle-8.3\native\e376f236ea51e6404a007f0833ffe2c6e607c4080706a723a18a27aeea778392\windows-amd64\native-platform-file-events.dll
0x00007ff9187a0000 - 0x00007ff9187a9000 	D:\Android\Android Studio\jbr\bin\management.dll
0x00007ff9186d0000 - 0x00007ff9186db000 	D:\Android\Android Studio\jbr\bin\management_ext.dll
0x00007ff922f90000 - 0x00007ff922f98000 	C:\WINDOWS\System32\PSAPI.DLL
0x00007ff9218d0000 - 0x00007ff9218e8000 	C:\WINDOWS\SYSTEM32\CRYPTSP.dll
0x00007ff920ff0000 - 0x00007ff921024000 	C:\WINDOWS\system32\rsaenh.dll
0x00007ff922450000 - 0x00007ff922477000 	C:\WINDOWS\System32\bcrypt.dll
0x00007ff921e60000 - 0x00007ff921e8e000 	C:\WINDOWS\SYSTEM32\USERENV.dll
0x00007ff9218f0000 - 0x00007ff9218fc000 	C:\WINDOWS\SYSTEM32\CRYPTBASE.dll
0x00007ff9213d0000 - 0x00007ff92140b000 	C:\WINDOWS\SYSTEM32\IPHLPAPI.DLL
0x00007ff923f80000 - 0x00007ff923f88000 	C:\WINDOWS\System32\NSI.dll
0x00007ff9107d0000 - 0x00007ff9107e7000 	C:\WINDOWS\SYSTEM32\dhcpcsvc6.DLL
0x00007ff9107b0000 - 0x00007ff9107cd000 	C:\WINDOWS\SYSTEM32\dhcpcsvc.DLL
0x00007ff921410000 - 0x00007ff9214da000 	C:\WINDOWS\SYSTEM32\DNSAPI.dll
0x00007ff9183b0000 - 0x00007ff9183b7000 	C:\WINDOWS\system32\wshunix.dll

dbghelp: loaded successfully - version: 4.0.5 - missing functions: none
symbol engine: initialized successfully - sym options: 0x614 - pdb path: .;D:\Android\Android Studio\jbr\bin;C:\WINDOWS\SYSTEM32;C:\WINDOWS\WinSxS\amd64_microsoft.windows.common-controls_6595b64144ccf1df_6.0.19041.1110_none_60b5254171f9507e;D:\Android\Android Studio\jbr\bin\server;D:\Android\gradle-8.3\native\68d5fa5c4cc2d200863cafc0d521ce42e7d3e7ee720ec0a83991735586a16f82\windows-amd64;D:\Android\gradle-8.3\native\e376f236ea51e6404a007f0833ffe2c6e607c4080706a723a18a27aeea778392\windows-amd64

VM Arguments:
jvm_args: --add-opens=java.base/java.util=ALL-UNNAMED --add-opens=java.base/java.lang=ALL-UNNAMED --add-opens=java.base/java.lang.invoke=ALL-UNNAMED --add-opens=java.prefs/java.util.prefs=ALL-UNNAMED --add-opens=java.base/java.nio.charset=ALL-UNNAMED --add-opens=java.base/java.net=ALL-UNNAMED --add-opens=java.base/java.util.concurrent.atomic=ALL-UNNAMED -Xmx2048m -Dfile.encoding=UTF-8 -Duser.country=US -Duser.language=en -Duser.variant 
java_command: org.gradle.launcher.daemon.bootstrap.GradleDaemon 8.0
java_class_path (initial): D:\Android\gradle-8.3\wrapper\dists\gradle-8.0-bin\ca5e32bp14vu59qr306oxotwh\gradle-8.0\lib\gradle-launcher-8.0.jar
Launcher Type: SUN_STANDARD

[Global flags]
     intx CICompilerCount                          = 3                                         {product} {ergonomic}
     uint ConcGCThreads                            = 1                                         {product} {ergonomic}
     uint G1ConcRefinementThreads                  = 4                                         {product} {ergonomic}
   size_t G1HeapRegionSize                         = 1048576                                   {product} {ergonomic}
    uintx GCDrainStackTargetSize                   = 64                                        {product} {ergonomic}
   size_t InitialHeapSize                          = 134217728                                 {product} {ergonomic}
   size_t MarkStackSize                            = 4194304                                   {product} {ergonomic}
   size_t MaxHeapSize                              = 2147483648                                {product} {command line}
   size_t MaxNewSize                               = 1287651328                                {product} {ergonomic}
   size_t MinHeapDeltaBytes                        = 1048576                                   {product} {ergonomic}
   size_t MinHeapSize                              = 8388608                                   {product} {ergonomic}
    uintx NonNMethodCodeHeapSize                   = 5832780                                {pd product} {ergonomic}
    uintx NonProfiledCodeHeapSize                  = 122912730                              {pd product} {ergonomic}
    uintx ProfiledCodeHeapSize                     = 122912730                              {pd product} {ergonomic}
    uintx ReservedCodeCacheSize                    = 251658240                              {pd product} {ergonomic}
     bool SegmentedCodeCache                       = true                                      {product} {ergonomic}
   size_t SoftMaxHeapSize                          = 2147483648                             {manageable} {ergonomic}
     bool UseCompressedClassPointers               = true                           {product lp64_product} {ergonomic}
     bool UseCompressedOops                        = true                           {product lp64_product} {ergonomic}
     bool UseG1GC                                  = true                                      {product} {ergonomic}
     bool UseLargePagesIndividualAllocation        = false                                  {pd product} {ergonomic}

Logging:
Log output configuration:
 #0: stdout all=warning uptime,level,tags
 #1: stderr all=off uptime,level,tags

Environment Variables:
PATH=C:\Program Files (x86)\Common Files\Oracle\Java\javapath;D:\IntelSWTools\system_studio_2020\OpenCL\sdk\bin\x64;D:\IntelSWTools\system_studio_2020\OpenCL\sdk\bin\x86;D:\app\hP\product\11.2.0\dbhome_1\bin;C:\Program Files\Common Files\Oracle\Java\javapath;C:\ProgramData\Oracle\Java\javapath;C:\WINDOWS\system32;C:\WINDOWS;C:\WINDOWS\System32\Wbem;C:\WINDOWS\System32\WindowsPowerShell\v1.0\;C:\WINDOWS\System32\OpenSSH\;C:\MinGW\bin;D:\R2019b\runtime\win64;D:\R2019b\bin;D:\R2019b\polyspace\bin;D:\bin;C:\Program Files\Java\jdk-18.0.2.1;C:\Program Files\Microsoft SQL Server\150\Tools\Binn\;C:\Program Files\Cloudflare\Cloudflare WARP\;D:\nodejs\;C:\Program Files\MySQL\MySQL Shell 8.0\bin\;C:\Users\hP\AppData\Local\Programs\Python\Python310\Scripts\;C:\Users\hP\AppData\Local\Programs\Python\Python310\;C:\Users\hP\AppData\Local\Microsoft\WindowsApps;D:\_JetBrains_CLion_2020.2.1x64\CLion 2020.2.1\bin;;C:\Program Files\Azure Data Studio\bin;C:\Users\hP\AppData\Roaming\npm;D:\Microsoft VS Code\bin
USERNAME=hP
OS=Windows_NT
PROCESSOR_IDENTIFIER=Intel64 Family 6 Model 142 Stepping 9, GenuineIntel
TMP=C:\Users\hP\AppData\Local\Temp
TEMP=C:\Users\hP\AppData\Local\Temp


JNI global refs:
JNI global refs: 26, weak refs: 4

JNI global refs memory usage: 843, weak refs: 841


---------------  S Y S T E M  ---------------

OS:
 Windows 10 , 64 bit Build 19041 (10.0.19041.3393)
OS uptime: 0 days 23:27 hours

CPU: total 4 (initial active 4) (2 cores per cpu, 2 threads per core) family 6 model 142 stepping 9 microcode 0xb4, cx8, cmov, fxsr, ht, mmx, 3dnowpref, sse, sse2, sse3, ssse3, sse4.1, sse4.2, popcnt, lzcnt, tsc, tscinvbit, avx, avx2, aes, erms, clmul, bmi1, bmi2, adx, fma, vzeroupper, clflush, clflushopt

Memory: 4k page, system-wide physical 8089M (359M free)
TotalPageFile size 12185M (AvailPageFile size 5M)
current process WorkingSet (physical memory assigned to process): 402M, peak: 412M
current process commit charge ("private bytes"): 485M, peak: 490M

vm_info: OpenJDK 64-Bit Server VM (17.0.6+0-b2043.56-10027231) for windows-amd64 JRE (17.0.6+0-b2043.56-10027231), built on Apr 28 2023 00:43:19 by "androidbuild" with MS VC++ 16.10 / 16.11 (VS2019)

END.
