#
# There is insufficient memory for the Java Runtime Environment to continue.
# Native memory allocation (mmap) failed to map 4456448 bytes for G1 virtual space
# Possible reasons:
#   The system is out of physical RAM or swap space
#   The process is running with CompressedOops enabled, and the Java Heap may be blocking the growth of the native heap
# Possible solutions:
#   Reduce memory load on the system
#   Increase physical memory or swap space
#   Check if swap backing store is full
#   Decrease Java heap size (-Xmx/-Xms)
#   Decrease number of Java threads
#   Decrease Java thread stack sizes (-Xss)
#   Set larger code cache with -XX:ReservedCodeCacheSize=
#   JVM is running with Unscaled Compressed Oops mode in which the Java heap is
#     placed in the first 4GB address space. The Java Heap base address is the
#     maximum limit for the native heap growth. Please use -XX:HeapBaseMinAddress
#     to set the Java Heap base and to place the Java Heap above 4GB virtual address.
# This output file may be truncated or incomplete.
#
#  Out of Memory Error (os_windows.cpp:3769), pid=8244, tid=1420
#
# JRE version: OpenJDK Runtime Environment (17.0.6) (build 17.0.6+0-b2043.56-10027231)
# Java VM: OpenJDK 64-Bit Server VM (17.0.6+0-b2043.56-10027231, mixed mode, tiered, compressed oops, compressed class ptrs, g1 gc, windows-amd64)
# No core dump will be written. Minidumps are not enabled by default on client versions of Windows
#

---------------  S U M M A R Y ------------

Command Line: --add-opens=java.base/java.util=ALL-UNNAMED --add-opens=java.base/java.lang=ALL-UNNAMED --add-opens=java.base/java.lang.invoke=ALL-UNNAMED --add-opens=java.prefs/java.util.prefs=ALL-UNNAMED --add-opens=java.base/java.nio.charset=ALL-UNNAMED --add-opens=java.base/java.net=ALL-UNNAMED --add-opens=java.base/java.util.concurrent.atomic=ALL-UNNAMED -Xmx2048m -Dfile.encoding=UTF-8 -Duser.country=US -Duser.language=en -Duser.variant org.gradle.launcher.daemon.bootstrap.GradleDaemon 8.0

Host: Intel(R) Core(TM) i5-7200U CPU @ 2.50GHz, 4 cores, 7G,  Windows 10 , 64 bit Build 19041 (10.0.19041.3393)
Time: Wed Oct 11 09:48:16 2023 Pakistan Standard Time elapsed time: 35.936003 seconds (0d 0h 0m 35s)

---------------  T H R E A D  ---------------

Current thread (0x000001e2fbf58710):  VMThread "VM Thread" [stack: 0x0000000c53f00000,0x0000000c54000000] [id=1420]

Stack: [0x0000000c53f00000,0x0000000c54000000]
Native frames: (J=compiled Java code, j=interpreted, Vv=VM code, C=native code)
V  [jvm.dll+0x683c9a]
V  [jvm.dll+0x8427a4]
V  [jvm.dll+0x843f9e]
V  [jvm.dll+0x844603]
V  [jvm.dll+0x249b75]
V  [jvm.dll+0x680b69]
V  [jvm.dll+0x67505a]
V  [jvm.dll+0x309acb]
V  [jvm.dll+0x310f86]
V  [jvm.dll+0x360903]
V  [jvm.dll+0x360b1f]
V  [jvm.dll+0x2dfbf8]
V  [jvm.dll+0x2ddec4]
V  [jvm.dll+0x2dd4cc]
V  [jvm.dll+0x321f3b]
V  [jvm.dll+0x848ccb]
V  [jvm.dll+0x849a04]
V  [jvm.dll+0x849f1d]
V  [jvm.dll+0x84a2f4]
V  [jvm.dll+0x84a3c0]
V  [jvm.dll+0x7f274a]
V  [jvm.dll+0x682ad5]
C  [ucrtbase.dll+0x21bb2]
C  [KERNEL32.DLL+0x17344]
C  [ntdll.dll+0x526b1]

VM_Operation (0x0000000c572f9da0): G1CollectForAllocation, mode: safepoint, requested by thread 0x000001e28068c650


---------------  P R O C E S S  ---------------

Threads class SMR info:
_java_thread_list=0x000001e2ff485a60, length=89, elements={
0x000001e2e299cf40, 0x000001e2fbf7a250, 0x000001e2fbf7c780, 0x000001e2fbf99f10,
0x000001e2fbf9c7e0, 0x000001e2fbf9d840, 0x000001e2fbf9e100, 0x000001e2fbf9ea70,
0x000001e2fc94a010, 0x000001e2fc954910, 0x000001e2fcaa9970, 0x000001e2fcaaa250,
0x000001e2ff0b8550, 0x000001e2800bade0, 0x000001e2fe0549f0, 0x000001e2ff059030,
0x000001e2fe189330, 0x000001e2ffb02640, 0x000001e2ff192120, 0x000001e2ff24f530,
0x000001e2ff24fa00, 0x000001e2ff24f060, 0x000001e2ff24e1f0, 0x000001e2ff24c040,
0x000001e2ff24e6c0, 0x000001e2ff24c9e0, 0x000001e2ff24eb90, 0x000001e2ff24c510,
0x000001e2ff24d380, 0x000001e2ff24ceb0, 0x000001e2ff24d850, 0x000001e2ff24dd20,
0x000001e28068e800, 0x000001e28068ae40, 0x000001e280690010, 0x000001e28068b310,
0x000001e2806909b0, 0x000001e28068d4c0, 0x000001e28068e330, 0x000001e280689630,
0x000001e28068cff0, 0x000001e28068ecd0, 0x000001e28068f670, 0x000001e28068a4a0,
0x000001e28068a970, 0x000001e28068c650, 0x000001e28068fb40, 0x000001e28068bcb0,
0x000001e28068d990, 0x000001e28068b7e0, 0x000001e28068c180, 0x000001e28068cb20,
0x000001e282ee2510, 0x000001e282edf9c0, 0x000001e282ee16a0, 0x000001e282eddce0,
0x000001e282edf4f0, 0x000001e282edd810, 0x000001e282edc9a0, 0x000001e282ede1b0,
0x000001e282ee3d20, 0x000001e282ee2040, 0x000001e282ede680, 0x000001e282edc4d0,
0x000001e282edce70, 0x000001e282edf020, 0x000001e282edd340, 0x000001e282edeb50,
0x000001e282edfe90, 0x000001e282ee0360, 0x000001e282ee0830, 0x000001e282ee0d00,
0x000001e282ee11d0, 0x000001e282ee29e0, 0x000001e282ee1b70, 0x000001e282ee2eb0,
0x000001e282ee3380, 0x000001e282ee3850, 0x000001e283a17070, 0x000001e283a183b0,
0x000001e283a18880, 0x000001e283a16200, 0x000001e282dd4ed0, 0x000001e283a1b3d0,
0x000001e283a18d50, 0x000001e283a166d0, 0x000001e283a1aa30, 0x000001e283a19220,
0x000001e283a15860
}

Java Threads: ( => current thread )
  0x000001e2e299cf40 JavaThread "main" [_thread_blocked, id=12888, stack(0x0000000c53900000,0x0000000c53a00000)]
  0x000001e2fbf7a250 JavaThread "Reference Handler" daemon [_thread_blocked, id=9960, stack(0x0000000c54000000,0x0000000c54100000)]
  0x000001e2fbf7c780 JavaThread "Finalizer" daemon [_thread_blocked, id=4832, stack(0x0000000c54100000,0x0000000c54200000)]
  0x000001e2fbf99f10 JavaThread "Signal Dispatcher" daemon [_thread_blocked, id=2152, stack(0x0000000c54200000,0x0000000c54300000)]
  0x000001e2fbf9c7e0 JavaThread "Attach Listener" daemon [_thread_blocked, id=9716, stack(0x0000000c54300000,0x0000000c54400000)]
  0x000001e2fbf9d840 JavaThread "Service Thread" daemon [_thread_blocked, id=7352, stack(0x0000000c54400000,0x0000000c54500000)]
  0x000001e2fbf9e100 JavaThread "Monitor Deflation Thread" daemon [_thread_blocked, id=13816, stack(0x0000000c54500000,0x0000000c54600000)]
  0x000001e2fbf9ea70 JavaThread "C2 CompilerThread0" daemon [_thread_blocked, id=3368, stack(0x0000000c54600000,0x0000000c54700000)]
  0x000001e2fc94a010 JavaThread "C1 CompilerThread0" daemon [_thread_blocked, id=964, stack(0x0000000c54700000,0x0000000c54800000)]
  0x000001e2fc954910 JavaThread "Sweeper thread" daemon [_thread_blocked, id=6392, stack(0x0000000c54800000,0x0000000c54900000)]
  0x000001e2fcaa9970 JavaThread "Common-Cleaner" daemon [_thread_blocked, id=6944, stack(0x0000000c54900000,0x0000000c54a00000)]
  0x000001e2fcaaa250 JavaThread "Notification Thread" daemon [_thread_blocked, id=3332, stack(0x0000000c54a00000,0x0000000c54b00000)]
  0x000001e2ff0b8550 JavaThread "Daemon health stats" [_thread_blocked, id=1336, stack(0x0000000c55000000,0x0000000c55100000)]
  0x000001e2800bade0 JavaThread "Incoming local TCP Connector on port 63678" [_thread_in_native, id=13060, stack(0x0000000c55100000,0x0000000c55200000)]
  0x000001e2fe0549f0 JavaThread "Daemon periodic checks" [_thread_blocked, id=12892, stack(0x0000000c55200000,0x0000000c55300000)]
  0x000001e2ff059030 JavaThread "Daemon" [_thread_blocked, id=9732, stack(0x0000000c55300000,0x0000000c55400000)]
  0x000001e2fe189330 JavaThread "Handler for socket connection from /127.0.0.1:63678 to /127.0.0.1:63679" [_thread_in_native, id=12060, stack(0x0000000c55400000,0x0000000c55500000)]
  0x000001e2ffb02640 JavaThread "Cancel handler" [_thread_blocked, id=4388, stack(0x0000000c55500000,0x0000000c55600000)]
  0x000001e2ff192120 JavaThread "Daemon worker" [_thread_blocked, id=3260, stack(0x0000000c55600000,0x0000000c55700000)]
  0x000001e2ff24f530 JavaThread "Asynchronous log dispatcher for DefaultDaemonConnection: socket connection from /127.0.0.1:63678 to /127.0.0.1:63679" [_thread_blocked, id=1760, stack(0x0000000c55700000,0x0000000c55800000)]
  0x000001e2ff24fa00 JavaThread "Stdin handler" [_thread_blocked, id=2552, stack(0x0000000c55800000,0x0000000c55900000)]
  0x000001e2ff24f060 JavaThread "Daemon client event forwarder" [_thread_blocked, id=2672, stack(0x0000000c55900000,0x0000000c55a00000)]
  0x000001e2ff24e1f0 JavaThread "Cache worker for journal cache (D:\Android\gradle-8.3\caches\journal-1)" [_thread_blocked, id=8584, stack(0x0000000c54e00000,0x0000000c54f00000)]
  0x000001e2ff24c040 JavaThread "File lock request listener" [_thread_in_native, id=7276, stack(0x0000000c55a00000,0x0000000c55b00000)]
  0x000001e2ff24e6c0 JavaThread "Cache worker for file hash cache (D:\Android\gradle-8.3\caches\8.0\fileHashes)" [_thread_blocked, id=1068, stack(0x0000000c55b00000,0x0000000c55c00000)]
  0x000001e2ff24c9e0 JavaThread "File watcher server" daemon [_thread_blocked, id=13472, stack(0x0000000c55d00000,0x0000000c55e00000)]
  0x000001e2ff24eb90 JavaThread "File watcher consumer" daemon [_thread_blocked, id=5796, stack(0x0000000c55e00000,0x0000000c55f00000)]
  0x000001e2ff24c510 JavaThread "Cache worker for checksums cache (D:\i200547\.gradle\8.0\checksums)" [_thread_blocked, id=3640, stack(0x0000000c55f00000,0x0000000c56000000)]
  0x000001e2ff24d380 JavaThread "Cache worker for cache directory md-rule (D:\Android\gradle-8.3\caches\8.0\md-rule)" [_thread_blocked, id=7260, stack(0x0000000c56000000,0x0000000c56100000)]
  0x000001e2ff24ceb0 JavaThread "Cache worker for file content cache (D:\Android\gradle-8.3\caches\8.0\fileContent)" [_thread_blocked, id=13388, stack(0x0000000c56100000,0x0000000c56200000)]
  0x000001e2ff24d850 JavaThread "Cache worker for file hash cache (D:\i200547\.gradle\8.0\fileHashes)" [_thread_blocked, id=13644, stack(0x0000000c56200000,0x0000000c56300000)]
  0x000001e2ff24dd20 JavaThread "Cache worker for cache directory md-supplier (D:\Android\gradle-8.3\caches\8.0\md-supplier)" [_thread_blocked, id=12200, stack(0x0000000c56300000,0x0000000c56400000)]
  0x000001e28068e800 JavaThread "Cache worker for execution history cache (D:\Android\gradle-8.3\caches\8.0\executionHistory)" [_thread_blocked, id=7384, stack(0x0000000c55c00000,0x0000000c55d00000)]
  0x000001e28068ae40 JavaThread "jar transforms" [_thread_blocked, id=10080, stack(0x0000000c56500000,0x0000000c56600000)]
  0x000001e280690010 JavaThread "jar transforms Thread 2" [_thread_blocked, id=6664, stack(0x0000000c56600000,0x0000000c56700000)]
  0x000001e28068b310 JavaThread "Cache worker for kotlin-dsl (D:\Android\gradle-8.3\caches\8.0\kotlin-dsl)" [_thread_blocked, id=5184, stack(0x0000000c56800000,0x0000000c56900000)]
  0x000001e2806909b0 JavaThread "jar transforms Thread 3" [_thread_blocked, id=13720, stack(0x0000000c56900000,0x0000000c56a00000)]
  0x000001e28068d4c0 JavaThread "jar transforms Thread 4" [_thread_blocked, id=8832, stack(0x0000000c56a00000,0x0000000c56b00000)]
  0x000001e28068e330 JavaThread "Cache worker for dependencies-accessors (D:\i200547\.gradle\8.0\dependencies-accessors)" [_thread_blocked, id=6960, stack(0x0000000c56b00000,0x0000000c56c00000)]
  0x000001e280689630 JavaThread "Cache worker for Build Output Cleanup Cache (D:\i200547\.gradle\buildOutputCleanup)" [_thread_blocked, id=10512, stack(0x0000000c56c00000,0x0000000c56d00000)]
  0x000001e28068cff0 JavaThread "Unconstrained build operations" [_thread_blocked, id=6152, stack(0x0000000c56d00000,0x0000000c56e00000)]
  0x000001e28068ecd0 JavaThread "Unconstrained build operations Thread 2" [_thread_blocked, id=10584, stack(0x0000000c56e00000,0x0000000c56f00000)]
  0x000001e28068f670 JavaThread "Unconstrained build operations Thread 3" [_thread_blocked, id=4128, stack(0x0000000c56f00000,0x0000000c57000000)]
  0x000001e28068a4a0 JavaThread "Unconstrained build operations Thread 4" [_thread_blocked, id=2500, stack(0x0000000c57000000,0x0000000c57100000)]
  0x000001e28068a970 JavaThread "Unconstrained build operations Thread 5" [_thread_blocked, id=9684, stack(0x0000000c57100000,0x0000000c57200000)]
  0x000001e28068c650 JavaThread "Unconstrained build operations Thread 6" [_thread_blocked, id=13900, stack(0x0000000c57200000,0x0000000c57300000)]
  0x000001e28068fb40 JavaThread "Unconstrained build operations Thread 7" [_thread_blocked, id=2388, stack(0x0000000c57300000,0x0000000c57400000)]
  0x000001e28068bcb0 JavaThread "Unconstrained build operations Thread 8" [_thread_blocked, id=11332, stack(0x0000000c57400000,0x0000000c57500000)]
  0x000001e28068d990 JavaThread "Unconstrained build operations Thread 9" [_thread_blocked, id=12900, stack(0x0000000c57500000,0x0000000c57600000)]
  0x000001e28068b7e0 JavaThread "Unconstrained build operations Thread 10" [_thread_blocked, id=6560, stack(0x0000000c57600000,0x0000000c57700000)]
  0x000001e28068c180 JavaThread "Unconstrained build operations Thread 11" [_thread_blocked, id=10740, stack(0x0000000c57700000,0x0000000c57800000)]
  0x000001e28068cb20 JavaThread "Unconstrained build operations Thread 12" [_thread_blocked, id=3132, stack(0x0000000c57800000,0x0000000c57900000)]
  0x000001e282ee2510 JavaThread "Unconstrained build operations Thread 13" [_thread_blocked, id=7196, stack(0x0000000c57900000,0x0000000c57a00000)]
  0x000001e282edf9c0 JavaThread "Unconstrained build operations Thread 14" [_thread_blocked, id=9660, stack(0x0000000c57a00000,0x0000000c57b00000)]
  0x000001e282ee16a0 JavaThread "Unconstrained build operations Thread 15" [_thread_blocked, id=1948, stack(0x0000000c57b00000,0x0000000c57c00000)]
  0x000001e282eddce0 JavaThread "Unconstrained build operations Thread 16" [_thread_blocked, id=13304, stack(0x0000000c57c00000,0x0000000c57d00000)]
  0x000001e282edf4f0 JavaThread "Unconstrained build operations Thread 17" [_thread_blocked, id=308, stack(0x0000000c57d00000,0x0000000c57e00000)]
  0x000001e282edd810 JavaThread "Unconstrained build operations Thread 18" [_thread_blocked, id=5168, stack(0x0000000c57e00000,0x0000000c57f00000)]
  0x000001e282edc9a0 JavaThread "Unconstrained build operations Thread 19" [_thread_blocked, id=1296, stack(0x0000000c57f00000,0x0000000c58000000)]
  0x000001e282ede1b0 JavaThread "Unconstrained build operations Thread 20" [_thread_blocked, id=11792, stack(0x0000000c58000000,0x0000000c58100000)]
  0x000001e282ee3d20 JavaThread "Unconstrained build operations Thread 21" [_thread_blocked, id=4824, stack(0x0000000c58100000,0x0000000c58200000)]
  0x000001e282ee2040 JavaThread "Unconstrained build operations Thread 22" [_thread_blocked, id=12236, stack(0x0000000c58200000,0x0000000c58300000)]
  0x000001e282ede680 JavaThread "Unconstrained build operations Thread 23" [_thread_blocked, id=9928, stack(0x0000000c58300000,0x0000000c58400000)]
  0x000001e282edc4d0 JavaThread "Unconstrained build operations Thread 24" [_thread_blocked, id=13340, stack(0x0000000c58400000,0x0000000c58500000)]
  0x000001e282edce70 JavaThread "Unconstrained build operations Thread 25" [_thread_blocked, id=736, stack(0x0000000c58500000,0x0000000c58600000)]
  0x000001e282edf020 JavaThread "Unconstrained build operations Thread 26" [_thread_blocked, id=8700, stack(0x0000000c58600000,0x0000000c58700000)]
  0x000001e282edd340 JavaThread "Unconstrained build operations Thread 27" [_thread_blocked, id=11448, stack(0x0000000c58700000,0x0000000c58800000)]
  0x000001e282edeb50 JavaThread "Unconstrained build operations Thread 28" [_thread_blocked, id=5224, stack(0x0000000c58800000,0x0000000c58900000)]
  0x000001e282edfe90 JavaThread "Unconstrained build operations Thread 29" [_thread_blocked, id=9720, stack(0x0000000c58900000,0x0000000c58a00000)]
  0x000001e282ee0360 JavaThread "Unconstrained build operations Thread 30" [_thread_blocked, id=8852, stack(0x0000000c58a00000,0x0000000c58b00000)]
  0x000001e282ee0830 JavaThread "Unconstrained build operations Thread 31" [_thread_blocked, id=4052, stack(0x0000000c58b00000,0x0000000c58c00000)]
  0x000001e282ee0d00 JavaThread "Unconstrained build operations Thread 32" [_thread_blocked, id=12112, stack(0x0000000c58c00000,0x0000000c58d00000)]
  0x000001e282ee11d0 JavaThread "Unconstrained build operations Thread 33" [_thread_blocked, id=8272, stack(0x0000000c58d00000,0x0000000c58e00000)]
  0x000001e282ee29e0 JavaThread "Unconstrained build operations Thread 34" [_thread_blocked, id=3372, stack(0x0000000c58e00000,0x0000000c58f00000)]
  0x000001e282ee1b70 JavaThread "Unconstrained build operations Thread 35" [_thread_blocked, id=11944, stack(0x0000000c58f00000,0x0000000c59000000)]
  0x000001e282ee2eb0 JavaThread "Unconstrained build operations Thread 36" [_thread_blocked, id=3924, stack(0x0000000c59000000,0x0000000c59100000)]
  0x000001e282ee3380 JavaThread "Unconstrained build operations Thread 37" [_thread_blocked, id=11088, stack(0x0000000c59100000,0x0000000c59200000)]
  0x000001e282ee3850 JavaThread "Unconstrained build operations Thread 38" [_thread_blocked, id=8500, stack(0x0000000c59200000,0x0000000c59300000)]
  0x000001e283a17070 JavaThread "Unconstrained build operations Thread 39" [_thread_blocked, id=11756, stack(0x0000000c59300000,0x0000000c59400000)]
  0x000001e283a183b0 JavaThread "Unconstrained build operations Thread 40" [_thread_blocked, id=11024, stack(0x0000000c59400000,0x0000000c59500000)]
  0x000001e283a18880 JavaThread "build event listener" [_thread_blocked, id=12244, stack(0x0000000c59500000,0x0000000c59600000)]
  0x000001e283a16200 JavaThread "Memory manager" [_thread_blocked, id=2964, stack(0x0000000c59600000,0x0000000c59700000)]
  0x000001e282dd4ed0 JavaThread "C2 CompilerThread1" daemon [_thread_blocked, id=3576, stack(0x0000000c56400000,0x0000000c56500000)]
  0x000001e283a1b3d0 JavaThread "included builds" [_thread_blocked, id=6816, stack(0x0000000c59700000,0x0000000c59800000)]
  0x000001e283a18d50 JavaThread "Execution worker" [_thread_blocked, id=2468, stack(0x0000000c59800000,0x0000000c59900000)]
  0x000001e283a166d0 JavaThread "Execution worker Thread 2" [_thread_blocked, id=4992, stack(0x0000000c59900000,0x0000000c59a00000)]
  0x000001e283a1aa30 JavaThread "Execution worker Thread 3" [_thread_blocked, id=3612, stack(0x0000000c59a00000,0x0000000c59b00000)]
  0x000001e283a19220 JavaThread "Cache worker for execution history cache (D:\i200547\.gradle\8.0\executionHistory)" [_thread_blocked, id=12240, stack(0x0000000c59b00000,0x0000000c59c00000)]
  0x000001e283a15860 JavaThread "WorkerExecutor Queue" [_thread_blocked, id=1028, stack(0x0000000c59e00000,0x0000000c59f00000)]

Other Threads:
=>0x000001e2fbf58710 VMThread "VM Thread" [stack: 0x0000000c53f00000,0x0000000c54000000] [id=1420]
  0x000001e2fcaacb40 WatcherThread [stack: 0x0000000c54b00000,0x0000000c54c00000] [id=9116]
  0x000001e2e29f76c0 GCTaskThread "GC Thread#0" [stack: 0x0000000c53a00000,0x0000000c53b00000] [id=1520]
  0x000001e2fcfcab90 GCTaskThread "GC Thread#1" [stack: 0x0000000c54c00000,0x0000000c54d00000] [id=3824]
  0x000001e2fce03480 GCTaskThread "GC Thread#2" [stack: 0x0000000c54d00000,0x0000000c54e00000] [id=7064]
  0x000001e2fdb90280 GCTaskThread "GC Thread#3" [stack: 0x0000000c54f00000,0x0000000c55000000] [id=10872]
  0x000001e2e2a09520 ConcurrentGCThread "G1 Main Marker" [stack: 0x0000000c53b00000,0x0000000c53c00000] [id=13428]
  0x000001e2e2a0a5e0 ConcurrentGCThread "G1 Conc#0" [stack: 0x0000000c53c00000,0x0000000c53d00000] [id=12252]
  0x000001e2fbdb20a0 ConcurrentGCThread "G1 Refine#0" [stack: 0x0000000c53d00000,0x0000000c53e00000] [id=13656]
  0x000001e2ffd3b630 ConcurrentGCThread "G1 Refine#1" [stack: 0x0000000c56700000,0x0000000c56800000] [id=7388]
  0x000001e2fbdb38e0 ConcurrentGCThread "G1 Service" [stack: 0x0000000c53e00000,0x0000000c53f00000] [id=5244]

Threads with active compile tasks:
C1 CompilerThread0    36004 13093       3       java.util.ComparableTimSort::ensureCapacity (64 bytes)
C2 CompilerThread1    36004 13091       4       org.gradle.internal.event.DefaultListenerManager$EventBroadcast::doStartNotification (48 bytes)

VM state: at safepoint (normal execution)

VM Mutex/Monitor currently owned by a thread:  ([mutex/lock_event])
[0x000001e2e2996d50] Threads_lock - owner thread: 0x000001e2fbf58710
[0x000001e2e2997650] Heap_lock - owner thread: 0x000001e28068c650

Heap address: 0x0000000080000000, size: 2048 MB, Compressed Oops mode: 32-bit

CDS archive(s) not mapped
Compressed class space mapped at: 0x0000000100000000-0x0000000140000000, reserved size: 1073741824
Narrow klass base: 0x0000000000000000, Narrow klass shift: 3, Narrow klass range: 0x140000000

GC Precious Log:
 CPUs: 4 total, 4 available
 Memory: 8089M
 Large Page Support: Disabled
 NUMA Support: Disabled
 Compressed Oops: Enabled (32-bit)
 Heap Region Size: 1M
 Heap Min Capacity: 8M
 Heap Initial Capacity: 128M
 Heap Max Capacity: 2G
 Pre-touch: Disabled
 Parallel Workers: 4
 Concurrent Workers: 1
 Concurrent Refinement Workers: 4
 Periodic GC: Disabled

Heap:
 garbage-first heap   total 239616K, used 101301K [0x0000000080000000, 0x0000000100000000)
  region size 1024K, 7 young (7168K), 7 survivors (7168K)
 Metaspace       used 100508K, committed 101184K, reserved 1138688K
  class space    used 13531K, committed 13888K, reserved 1048576K

Heap Regions: E=young(eden), S=young(survivor), O=old, HS=humongous(starts), HC=humongous(continues), CS=collection set, F=free, OA=open archive, CA=closed archive, TAMS=top-at-mark-start (previous, next)
|   0|0x0000000080000000, 0x0000000080100000, 0x0000000080100000|100%| O|  |TAMS 0x0000000080100000, 0x0000000080000000| Untracked 
|   1|0x0000000080100000, 0x0000000080200000, 0x0000000080200000|100%| O|  |TAMS 0x0000000080200000, 0x0000000080100000| Untracked 
|   2|0x0000000080200000, 0x0000000080300000, 0x0000000080300000|100%|HS|  |TAMS 0x0000000080300000, 0x0000000080200000| Complete 
|   3|0x0000000080300000, 0x0000000080400000, 0x0000000080400000|100%|HC|  |TAMS 0x0000000080400000, 0x0000000080300000| Complete 
|   4|0x0000000080400000, 0x0000000080500000, 0x0000000080500000|100%|HC|  |TAMS 0x0000000080500000, 0x0000000080400000| Complete 
|   5|0x0000000080500000, 0x0000000080600000, 0x0000000080600000|100%|HC|  |TAMS 0x0000000080600000, 0x0000000080500000| Complete 
|   6|0x0000000080600000, 0x0000000080700000, 0x0000000080700000|100%| O|  |TAMS 0x0000000080700000, 0x0000000080600000| Untracked 
|   7|0x0000000080700000, 0x0000000080800000, 0x0000000080800000|100%| O|  |TAMS 0x0000000080800000, 0x0000000080700000| Untracked 
|   8|0x0000000080800000, 0x0000000080900000, 0x0000000080900000|100%| O|  |TAMS 0x0000000080900000, 0x0000000080800000| Untracked 
|   9|0x0000000080900000, 0x0000000080a00000, 0x0000000080a00000|100%| O|  |TAMS 0x0000000080a00000, 0x0000000080900000| Untracked 
|  10|0x0000000080a00000, 0x0000000080b00000, 0x0000000080b00000|100%| O|  |TAMS 0x0000000080b00000, 0x0000000080a00000| Untracked 
|  11|0x0000000080b00000, 0x0000000080c00000, 0x0000000080c00000|100%| O|  |TAMS 0x0000000080c00000, 0x0000000080b00000| Untracked 
|  12|0x0000000080c00000, 0x0000000080d00000, 0x0000000080d00000|100%| O|  |TAMS 0x0000000080d00000, 0x0000000080c00000| Untracked 
|  13|0x0000000080d00000, 0x0000000080e00000, 0x0000000080e00000|100%| O|  |TAMS 0x0000000080e00000, 0x0000000080d00000| Untracked 
|  14|0x0000000080e00000, 0x0000000080f00000, 0x0000000080f00000|100%| O|  |TAMS 0x0000000080f00000, 0x0000000080e00000| Untracked 
|  15|0x0000000080f00000, 0x0000000081000000, 0x0000000081000000|100%| O|  |TAMS 0x0000000081000000, 0x0000000080f00000| Untracked 
|  16|0x0000000081000000, 0x0000000081100000, 0x0000000081100000|100%| O|  |TAMS 0x0000000081100000, 0x0000000081000000| Untracked 
|  17|0x0000000081100000, 0x0000000081200000, 0x0000000081200000|100%| O|  |TAMS 0x0000000081200000, 0x0000000081100000| Untracked 
|  18|0x0000000081200000, 0x0000000081300000, 0x0000000081300000|100%| O|  |TAMS 0x0000000081300000, 0x0000000081200000| Untracked 
|  19|0x0000000081300000, 0x0000000081400000, 0x0000000081400000|100%| O|  |TAMS 0x0000000081400000, 0x0000000081300000| Untracked 
|  20|0x0000000081400000, 0x0000000081500000, 0x0000000081500000|100%| O|  |TAMS 0x0000000081500000, 0x0000000081400000| Untracked 
|  21|0x0000000081500000, 0x0000000081600000, 0x0000000081600000|100%| O|  |TAMS 0x0000000081600000, 0x0000000081500000| Untracked 
|  22|0x0000000081600000, 0x0000000081700000, 0x0000000081700000|100%| O|  |TAMS 0x0000000081700000, 0x0000000081600000| Untracked 
|  23|0x0000000081700000, 0x0000000081800000, 0x0000000081800000|100%| O|  |TAMS 0x0000000081700000, 0x0000000081700000| Untracked 
|  24|0x0000000081800000, 0x0000000081900000, 0x0000000081900000|100%| O|  |TAMS 0x0000000081900000, 0x0000000081800000| Untracked 
|  25|0x0000000081900000, 0x0000000081a00000, 0x0000000081a00000|100%| O|  |TAMS 0x0000000081a00000, 0x0000000081900000| Untracked 
|  26|0x0000000081a00000, 0x0000000081b00000, 0x0000000081b00000|100%| O|  |TAMS 0x0000000081b00000, 0x0000000081a00000| Untracked 
|  27|0x0000000081b00000, 0x0000000081c00000, 0x0000000081c00000|100%| O|  |TAMS 0x0000000081c00000, 0x0000000081b00000| Untracked 
|  28|0x0000000081c00000, 0x0000000081d00000, 0x0000000081d00000|100%| O|  |TAMS 0x0000000081d00000, 0x0000000081c00000| Untracked 
|  29|0x0000000081d00000, 0x0000000081e00000, 0x0000000081e00000|100%| O|  |TAMS 0x0000000081e00000, 0x0000000081d00000| Untracked 
|  30|0x0000000081e00000, 0x0000000081f00000, 0x0000000081f00000|100%| O|  |TAMS 0x0000000081f00000, 0x0000000081e00000| Untracked 
|  31|0x0000000081f00000, 0x0000000082000000, 0x0000000082000000|100%|HS|  |TAMS 0x0000000082000000, 0x0000000081f00000| Complete 
|  32|0x0000000082000000, 0x0000000082100000, 0x0000000082100000|100%|HS|  |TAMS 0x0000000082100000, 0x0000000082000000| Complete 
|  33|0x0000000082100000, 0x0000000082200000, 0x0000000082200000|100%|HS|  |TAMS 0x0000000082200000, 0x0000000082100000| Complete 
|  34|0x0000000082200000, 0x0000000082300000, 0x0000000082300000|100%|HC|  |TAMS 0x0000000082300000, 0x0000000082200000| Complete 
|  35|0x0000000082300000, 0x0000000082400000, 0x0000000082400000|100%|HS|  |TAMS 0x0000000082400000, 0x0000000082300000| Complete 
|  36|0x0000000082400000, 0x0000000082500000, 0x0000000082500000|100%| O|  |TAMS 0x0000000082500000, 0x0000000082400000| Untracked 
|  37|0x0000000082500000, 0x0000000082600000, 0x0000000082600000|100%| O|  |TAMS 0x0000000082600000, 0x0000000082500000| Untracked 
|  38|0x0000000082600000, 0x0000000082700000, 0x0000000082700000|100%| O|  |TAMS 0x0000000082700000, 0x0000000082600000| Untracked 
|  39|0x0000000082700000, 0x0000000082800000, 0x0000000082800000|100%| O|  |TAMS 0x0000000082800000, 0x0000000082700000| Untracked 
|  40|0x0000000082800000, 0x0000000082900000, 0x0000000082900000|100%|HS|  |TAMS 0x0000000082900000, 0x0000000082800000| Complete 
|  41|0x0000000082900000, 0x0000000082a00000, 0x0000000082a00000|100%|HC|  |TAMS 0x0000000082a00000, 0x0000000082900000| Complete 
|  42|0x0000000082a00000, 0x0000000082b00000, 0x0000000082b00000|100%|HC|  |TAMS 0x0000000082b00000, 0x0000000082a00000| Complete 
|  43|0x0000000082b00000, 0x0000000082c00000, 0x0000000082c00000|100%|HC|  |TAMS 0x0000000082c00000, 0x0000000082b00000| Complete 
|  44|0x0000000082c00000, 0x0000000082d00000, 0x0000000082d00000|100%| O|  |TAMS 0x0000000082d00000, 0x0000000082c00000| Untracked 
|  45|0x0000000082d00000, 0x0000000082e00000, 0x0000000082e00000|100%| O|  |TAMS 0x0000000082e00000, 0x0000000082d00000| Untracked 
|  46|0x0000000082e00000, 0x0000000082f00000, 0x0000000082f00000|100%| O|  |TAMS 0x0000000082f00000, 0x0000000082e00000| Untracked 
|  47|0x0000000082f00000, 0x0000000083000000, 0x0000000083000000|100%| O|  |TAMS 0x0000000083000000, 0x0000000082f00000| Untracked 
|  48|0x0000000083000000, 0x0000000083100000, 0x0000000083100000|100%| O|  |TAMS 0x0000000083100000, 0x0000000083000000| Untracked 
|  49|0x0000000083100000, 0x0000000083200000, 0x0000000083200000|100%| O|  |TAMS 0x0000000083200000, 0x0000000083100000| Untracked 
|  50|0x0000000083200000, 0x0000000083300000, 0x0000000083300000|100%| O|  |TAMS 0x0000000083300000, 0x0000000083200000| Untracked 
|  51|0x0000000083300000, 0x0000000083400000, 0x0000000083400000|100%| O|  |TAMS 0x0000000083400000, 0x0000000083300000| Untracked 
|  52|0x0000000083400000, 0x0000000083500000, 0x0000000083500000|100%| O|  |TAMS 0x0000000083500000, 0x0000000083400000| Untracked 
|  53|0x0000000083500000, 0x0000000083600000, 0x0000000083600000|100%| O|  |TAMS 0x0000000083600000, 0x0000000083500000| Untracked 
|  54|0x0000000083600000, 0x0000000083700000, 0x0000000083700000|100%| O|  |TAMS 0x0000000083700000, 0x0000000083600000| Untracked 
|  55|0x0000000083700000, 0x0000000083800000, 0x0000000083800000|100%| O|  |TAMS 0x0000000083800000, 0x0000000083700000| Untracked 
|  56|0x0000000083800000, 0x0000000083900000, 0x0000000083900000|100%| O|  |TAMS 0x0000000083900000, 0x0000000083800000| Untracked 
|  57|0x0000000083900000, 0x0000000083a00000, 0x0000000083a00000|100%| O|  |TAMS 0x0000000083a00000, 0x0000000083900000| Untracked 
|  58|0x0000000083a00000, 0x0000000083b00000, 0x0000000083b00000|100%| O|  |TAMS 0x0000000083b00000, 0x0000000083a00000| Untracked 
|  59|0x0000000083b00000, 0x0000000083c00000, 0x0000000083c00000|100%| O|  |TAMS 0x0000000083c00000, 0x0000000083b00000| Untracked 
|  60|0x0000000083c00000, 0x0000000083d00000, 0x0000000083d00000|100%| O|  |TAMS 0x0000000083d00000, 0x0000000083c00000| Untracked 
|  61|0x0000000083d00000, 0x0000000083e00000, 0x0000000083e00000|100%| O|  |TAMS 0x0000000083e00000, 0x0000000083d00000| Untracked 
|  62|0x0000000083e00000, 0x0000000083f00000, 0x0000000083f00000|100%| O|  |TAMS 0x0000000083e00000, 0x0000000083e00000| Untracked 
|  63|0x0000000083f00000, 0x0000000084000000, 0x0000000084000000|100%| O|  |TAMS 0x0000000083f00000, 0x0000000083f00000| Untracked 
|  64|0x0000000084000000, 0x0000000084100000, 0x0000000084100000|100%| O|  |TAMS 0x0000000084000000, 0x0000000084000000| Untracked 
|  65|0x0000000084100000, 0x0000000084200000, 0x0000000084200000|100%| O|  |TAMS 0x0000000084100000, 0x0000000084100000| Untracked 
|  66|0x0000000084200000, 0x0000000084300000, 0x0000000084300000|100%| O|  |TAMS 0x0000000084200000, 0x0000000084200000| Untracked 
|  67|0x0000000084300000, 0x0000000084400000, 0x0000000084400000|100%| O|  |TAMS 0x0000000084300000, 0x0000000084300000| Untracked 
|  68|0x0000000084400000, 0x0000000084500000, 0x0000000084500000|100%| O|  |TAMS 0x0000000084400000, 0x0000000084400000| Untracked 
|  69|0x0000000084500000, 0x0000000084600000, 0x0000000084600000|100%| O|  |TAMS 0x0000000084500000, 0x0000000084500000| Untracked 
|  70|0x0000000084600000, 0x0000000084700000, 0x0000000084700000|100%| O|  |TAMS 0x0000000084600000, 0x0000000084600000| Untracked 
|  71|0x0000000084700000, 0x0000000084800000, 0x0000000084800000|100%| O|  |TAMS 0x0000000084700000, 0x0000000084700000| Untracked 
|  72|0x0000000084800000, 0x0000000084900000, 0x0000000084900000|100%| O|  |TAMS 0x0000000084800000, 0x0000000084800000| Untracked 
|  73|0x0000000084900000, 0x0000000084a00000, 0x0000000084a00000|100%| O|  |TAMS 0x0000000084900000, 0x0000000084900000| Untracked 
|  74|0x0000000084a00000, 0x0000000084b00000, 0x0000000084b00000|100%| O|  |TAMS 0x0000000084a00000, 0x0000000084a00000| Untracked 
|  75|0x0000000084b00000, 0x0000000084c00000, 0x0000000084c00000|100%| O|  |TAMS 0x0000000084b00000, 0x0000000084b00000| Untracked 
|  76|0x0000000084c00000, 0x0000000084d00000, 0x0000000084d00000|100%| O|  |TAMS 0x0000000084c00000, 0x0000000084c00000| Untracked 
|  77|0x0000000084d00000, 0x0000000084e00000, 0x0000000084e00000|100%| O|  |TAMS 0x0000000084d00000, 0x0000000084d00000| Untracked 
|  78|0x0000000084e00000, 0x0000000084f00000, 0x0000000084f00000|100%| O|  |TAMS 0x0000000084e00000, 0x0000000084e00000| Untracked 
|  79|0x0000000084f00000, 0x0000000085000000, 0x0000000085000000|100%| O|  |TAMS 0x0000000084f00000, 0x0000000084f00000| Untracked 
|  80|0x0000000085000000, 0x0000000085100000, 0x0000000085100000|100%| O|  |TAMS 0x0000000085000000, 0x0000000085000000| Untracked 
|  81|0x0000000085100000, 0x0000000085200000, 0x0000000085200000|100%| O|  |TAMS 0x0000000085100000, 0x0000000085100000| Untracked 
|  82|0x0000000085200000, 0x0000000085300000, 0x0000000085300000|100%| O|  |TAMS 0x0000000085200000, 0x0000000085200000| Untracked 
|  83|0x0000000085300000, 0x0000000085300000, 0x0000000085400000|  0%| F|  |TAMS 0x0000000085300000, 0x0000000085300000| Untracked 
|  84|0x0000000085400000, 0x0000000085500000, 0x0000000085500000|100%| O|  |TAMS 0x0000000085400000, 0x0000000085400000| Untracked 
|  85|0x0000000085500000, 0x0000000085600000, 0x0000000085600000|100%| O|  |TAMS 0x0000000085500000, 0x0000000085500000| Untracked 
|  86|0x0000000085600000, 0x0000000085700000, 0x0000000085700000|100%| O|  |TAMS 0x0000000085600000, 0x0000000085600000| Untracked 
|  87|0x0000000085700000, 0x0000000085800000, 0x0000000085800000|100%| O|  |TAMS 0x0000000085700000, 0x0000000085700000| Untracked 
|  88|0x0000000085800000, 0x0000000085900000, 0x0000000085900000|100%| O|  |TAMS 0x0000000085800000, 0x0000000085800000| Untracked 
|  89|0x0000000085900000, 0x0000000085a00000, 0x0000000085a00000|100%| O|  |TAMS 0x0000000085900000, 0x0000000085900000| Untracked 
|  90|0x0000000085a00000, 0x0000000085b00000, 0x0000000085b00000|100%| O|  |TAMS 0x0000000085a00000, 0x0000000085a00000| Untracked 
|  91|0x0000000085b00000, 0x0000000085c00000, 0x0000000085c00000|100%| O|  |TAMS 0x0000000085b00000, 0x0000000085b00000| Untracked 
|  92|0x0000000085c00000, 0x0000000085d00000, 0x0000000085d00000|100%| O|  |TAMS 0x0000000085c00000, 0x0000000085c00000| Untracked 
|  93|0x0000000085d00000, 0x0000000085d00000, 0x0000000085e00000|  0%| F|  |TAMS 0x0000000085d00000, 0x0000000085d00000| Untracked 
|  94|0x0000000085e00000, 0x0000000085e00000, 0x0000000085f00000|  0%| F|  |TAMS 0x0000000085e00000, 0x0000000085e00000| Untracked 
|  95|0x0000000085f00000, 0x0000000085f00000, 0x0000000086000000|  0%| F|  |TAMS 0x0000000085f00000, 0x0000000085f00000| Untracked 
|  96|0x0000000086000000, 0x0000000086000000, 0x0000000086100000|  0%| F|  |TAMS 0x0000000086000000, 0x0000000086000000| Untracked 
|  97|0x0000000086100000, 0x0000000086100000, 0x0000000086200000|  0%| F|  |TAMS 0x0000000086100000, 0x0000000086100000| Untracked 
|  98|0x0000000086200000, 0x0000000086200000, 0x0000000086300000|  0%| F|  |TAMS 0x0000000086200000, 0x0000000086200000| Untracked 
|  99|0x0000000086300000, 0x0000000086300000, 0x0000000086400000|  0%| F|  |TAMS 0x0000000086300000, 0x0000000086300000| Untracked 
| 100|0x0000000086400000, 0x0000000086400000, 0x0000000086500000|  0%| F|  |TAMS 0x0000000086400000, 0x0000000086400000| Untracked 
| 101|0x0000000086500000, 0x0000000086500000, 0x0000000086600000|  0%| F|  |TAMS 0x0000000086500000, 0x0000000086500000| Untracked 
| 102|0x0000000086600000, 0x0000000086600000, 0x0000000086700000|  0%| F|  |TAMS 0x0000000086600000, 0x0000000086600000| Untracked 
| 103|0x0000000086700000, 0x0000000086700000, 0x0000000086800000|  0%| F|  |TAMS 0x0000000086700000, 0x0000000086700000| Untracked 
| 104|0x0000000086800000, 0x0000000086800000, 0x0000000086900000|  0%| F|  |TAMS 0x0000000086800000, 0x0000000086800000| Untracked 
| 105|0x0000000086900000, 0x0000000086900000, 0x0000000086a00000|  0%| F|  |TAMS 0x0000000086900000, 0x0000000086900000| Untracked 
| 106|0x0000000086a00000, 0x0000000086a00000, 0x0000000086b00000|  0%| F|  |TAMS 0x0000000086a00000, 0x0000000086a00000| Untracked 
| 107|0x0000000086b00000, 0x0000000086b00000, 0x0000000086c00000|  0%| F|  |TAMS 0x0000000086b00000, 0x0000000086b00000| Untracked 
| 108|0x0000000086c00000, 0x0000000086c00000, 0x0000000086d00000|  0%| F|  |TAMS 0x0000000086c00000, 0x0000000086c00000| Untracked 
| 109|0x0000000086d00000, 0x0000000086d00000, 0x0000000086e00000|  0%| F|  |TAMS 0x0000000086d00000, 0x0000000086d00000| Untracked 
| 110|0x0000000086e00000, 0x0000000086e00000, 0x0000000086f00000|  0%| F|  |TAMS 0x0000000086e00000, 0x0000000086e00000| Untracked 
| 111|0x0000000086f00000, 0x0000000086f00000, 0x0000000087000000|  0%| F|  |TAMS 0x0000000086f00000, 0x0000000086f00000| Untracked 
| 112|0x0000000087000000, 0x0000000087000000, 0x0000000087100000|  0%| F|  |TAMS 0x0000000087000000, 0x0000000087000000| Untracked 
| 113|0x0000000087100000, 0x0000000087100000, 0x0000000087200000|  0%| F|  |TAMS 0x0000000087100000, 0x0000000087100000| Untracked 
| 114|0x0000000087200000, 0x0000000087200000, 0x0000000087300000|  0%| F|  |TAMS 0x0000000087200000, 0x0000000087200000| Untracked 
| 115|0x0000000087300000, 0x0000000087300000, 0x0000000087400000|  0%| F|  |TAMS 0x0000000087300000, 0x0000000087300000| Untracked 
| 116|0x0000000087400000, 0x0000000087400000, 0x0000000087500000|  0%| F|  |TAMS 0x0000000087400000, 0x0000000087400000| Untracked 
| 117|0x0000000087500000, 0x0000000087500000, 0x0000000087600000|  0%| F|  |TAMS 0x0000000087500000, 0x0000000087500000| Untracked 
| 118|0x0000000087600000, 0x0000000087600000, 0x0000000087700000|  0%| F|  |TAMS 0x0000000087600000, 0x0000000087600000| Untracked 
| 119|0x0000000087700000, 0x0000000087700000, 0x0000000087800000|  0%| F|  |TAMS 0x0000000087700000, 0x0000000087700000| Untracked 
| 120|0x0000000087800000, 0x0000000087800000, 0x0000000087900000|  0%| F|  |TAMS 0x0000000087800000, 0x0000000087800000| Untracked 
| 121|0x0000000087900000, 0x0000000087900000, 0x0000000087a00000|  0%| F|  |TAMS 0x0000000087900000, 0x0000000087900000| Untracked 
| 122|0x0000000087a00000, 0x0000000087a00000, 0x0000000087b00000|  0%| F|  |TAMS 0x0000000087a00000, 0x0000000087a00000| Untracked 
| 123|0x0000000087b00000, 0x0000000087b00000, 0x0000000087c00000|  0%| F|  |TAMS 0x0000000087b00000, 0x0000000087b00000| Untracked 
| 124|0x0000000087c00000, 0x0000000087c00000, 0x0000000087d00000|  0%| F|  |TAMS 0x0000000087c00000, 0x0000000087c00000| Untracked 
| 125|0x0000000087d00000, 0x0000000087ded6c0, 0x0000000087e00000| 92%| S|CS|TAMS 0x0000000087d00000, 0x0000000087d00000| Complete 
| 126|0x0000000087e00000, 0x0000000087f00000, 0x0000000087f00000|100%| S|CS|TAMS 0x0000000087e00000, 0x0000000087e00000| Complete 
| 127|0x0000000087f00000, 0x0000000088000000, 0x0000000088000000|100%| S|CS|TAMS 0x0000000087f00000, 0x0000000087f00000| Complete 
| 128|0x0000000088000000, 0x0000000088000000, 0x0000000088100000|  0%| F|  |TAMS 0x0000000088000000, 0x0000000088000000| Untracked 
| 129|0x0000000088100000, 0x0000000088100000, 0x0000000088200000|  0%| F|  |TAMS 0x0000000088100000, 0x0000000088100000| Untracked 
| 130|0x0000000088200000, 0x0000000088200000, 0x0000000088300000|  0%| F|  |TAMS 0x0000000088200000, 0x0000000088200000| Untracked 
| 131|0x0000000088300000, 0x0000000088300000, 0x0000000088400000|  0%| F|  |TAMS 0x0000000088300000, 0x0000000088300000| Untracked 
| 132|0x0000000088400000, 0x0000000088400000, 0x0000000088500000|  0%| F|  |TAMS 0x0000000088400000, 0x0000000088400000| Untracked 
| 133|0x0000000088500000, 0x0000000088600000, 0x0000000088600000|100%| S|CS|TAMS 0x0000000088500000, 0x0000000088500000| Complete 
| 134|0x0000000088600000, 0x0000000088700000, 0x0000000088700000|100%| S|CS|TAMS 0x0000000088600000, 0x0000000088600000| Complete 
| 135|0x0000000088700000, 0x0000000088800000, 0x0000000088800000|100%| S|CS|TAMS 0x0000000088700000, 0x0000000088700000| Complete 
| 136|0x0000000088800000, 0x0000000088900000, 0x0000000088900000|100%| S|CS|TAMS 0x0000000088800000, 0x0000000088800000| Complete 
| 137|0x0000000088900000, 0x0000000088900000, 0x0000000088a00000|  0%| F|  |TAMS 0x0000000088900000, 0x0000000088900000| Untracked 
| 138|0x0000000088a00000, 0x0000000088a00000, 0x0000000088b00000|  0%| F|  |TAMS 0x0000000088a00000, 0x0000000088a00000| Untracked 
| 139|0x0000000088b00000, 0x0000000088b00000, 0x0000000088c00000|  0%| F|  |TAMS 0x0000000088b00000, 0x0000000088b00000| Untracked 
| 140|0x0000000088c00000, 0x0000000088c00000, 0x0000000088d00000|  0%| F|  |TAMS 0x0000000088c00000, 0x0000000088c00000| Untracked 
| 141|0x0000000088d00000, 0x0000000088d00000, 0x0000000088e00000|  0%| F|  |TAMS 0x0000000088d00000, 0x0000000088d00000| Untracked 
| 142|0x0000000088e00000, 0x0000000088e00000, 0x0000000088f00000|  0%| F|  |TAMS 0x0000000088e00000, 0x0000000088e00000| Untracked 
| 143|0x0000000088f00000, 0x0000000088f00000, 0x0000000089000000|  0%| F|  |TAMS 0x0000000088f00000, 0x0000000088f00000| Untracked 
| 144|0x0000000089000000, 0x0000000089000000, 0x0000000089100000|  0%| F|  |TAMS 0x0000000089000000, 0x0000000089000000| Untracked 
| 145|0x0000000089100000, 0x0000000089100000, 0x0000000089200000|  0%| F|  |TAMS 0x0000000089100000, 0x0000000089100000| Untracked 
| 146|0x0000000089200000, 0x0000000089200000, 0x0000000089300000|  0%| F|  |TAMS 0x0000000089200000, 0x0000000089200000| Untracked 
| 147|0x0000000089300000, 0x0000000089300000, 0x0000000089400000|  0%| F|  |TAMS 0x0000000089300000, 0x0000000089300000| Untracked 
| 148|0x0000000089400000, 0x0000000089400000, 0x0000000089500000|  0%| F|  |TAMS 0x0000000089400000, 0x0000000089400000| Untracked 
| 149|0x0000000089500000, 0x0000000089500000, 0x0000000089600000|  0%| F|  |TAMS 0x0000000089500000, 0x0000000089500000| Untracked 
| 150|0x0000000089600000, 0x0000000089600000, 0x0000000089700000|  0%| F|  |TAMS 0x0000000089600000, 0x0000000089600000| Untracked 
| 151|0x0000000089700000, 0x0000000089700000, 0x0000000089800000|  0%| F|  |TAMS 0x0000000089700000, 0x0000000089700000| Untracked 
| 152|0x0000000089800000, 0x0000000089800000, 0x0000000089900000|  0%| F|  |TAMS 0x0000000089800000, 0x0000000089800000| Untracked 
| 153|0x0000000089900000, 0x0000000089900000, 0x0000000089a00000|  0%| F|  |TAMS 0x0000000089900000, 0x0000000089900000| Untracked 
| 154|0x0000000089a00000, 0x0000000089a00000, 0x0000000089b00000|  0%| F|  |TAMS 0x0000000089a00000, 0x0000000089a00000| Untracked 
| 155|0x0000000089b00000, 0x0000000089b00000, 0x0000000089c00000|  0%| F|  |TAMS 0x0000000089b00000, 0x0000000089b00000| Untracked 
| 156|0x0000000089c00000, 0x0000000089c00000, 0x0000000089d00000|  0%| F|  |TAMS 0x0000000089c00000, 0x0000000089c00000| Untracked 
| 157|0x0000000089d00000, 0x0000000089d00000, 0x0000000089e00000|  0%| F|  |TAMS 0x0000000089d00000, 0x0000000089d00000| Untracked 
| 158|0x0000000089e00000, 0x0000000089e00000, 0x0000000089f00000|  0%| F|  |TAMS 0x0000000089e00000, 0x0000000089e00000| Untracked 
| 159|0x0000000089f00000, 0x0000000089f00000, 0x000000008a000000|  0%| F|  |TAMS 0x0000000089f00000, 0x0000000089f00000| Untracked 
| 160|0x000000008a000000, 0x000000008a000000, 0x000000008a100000|  0%| F|  |TAMS 0x000000008a000000, 0x000000008a000000| Untracked 
| 161|0x000000008a100000, 0x000000008a100000, 0x000000008a200000|  0%| F|  |TAMS 0x000000008a100000, 0x000000008a100000| Untracked 
| 162|0x000000008a200000, 0x000000008a200000, 0x000000008a300000|  0%| F|  |TAMS 0x000000008a200000, 0x000000008a200000| Untracked 
| 163|0x000000008a300000, 0x000000008a300000, 0x000000008a400000|  0%| F|  |TAMS 0x000000008a300000, 0x000000008a300000| Untracked 
| 164|0x000000008a400000, 0x000000008a400000, 0x000000008a500000|  0%| F|  |TAMS 0x000000008a400000, 0x000000008a400000| Untracked 
| 165|0x000000008a500000, 0x000000008a500000, 0x000000008a600000|  0%| F|  |TAMS 0x000000008a500000, 0x000000008a500000| Untracked 
| 166|0x000000008a600000, 0x000000008a600000, 0x000000008a700000|  0%| F|  |TAMS 0x000000008a600000, 0x000000008a600000| Untracked 
| 167|0x000000008a700000, 0x000000008a700000, 0x000000008a800000|  0%| F|  |TAMS 0x000000008a700000, 0x000000008a700000| Untracked 
| 168|0x000000008a800000, 0x000000008a800000, 0x000000008a900000|  0%| F|  |TAMS 0x000000008a800000, 0x000000008a800000| Untracked 
| 169|0x000000008a900000, 0x000000008a900000, 0x000000008aa00000|  0%| F|  |TAMS 0x000000008a900000, 0x000000008a900000| Untracked 
| 170|0x000000008aa00000, 0x000000008aa00000, 0x000000008ab00000|  0%| F|  |TAMS 0x000000008aa00000, 0x000000008aa00000| Untracked 
| 171|0x000000008ab00000, 0x000000008ab00000, 0x000000008ac00000|  0%| F|  |TAMS 0x000000008ab00000, 0x000000008ab00000| Untracked 
| 172|0x000000008ac00000, 0x000000008ac00000, 0x000000008ad00000|  0%| F|  |TAMS 0x000000008ac00000, 0x000000008ac00000| Untracked 
| 173|0x000000008ad00000, 0x000000008ad00000, 0x000000008ae00000|  0%| F|  |TAMS 0x000000008ad00000, 0x000000008ad00000| Untracked 
| 174|0x000000008ae00000, 0x000000008ae00000, 0x000000008af00000|  0%| F|  |TAMS 0x000000008ae00000, 0x000000008ae00000| Untracked 
| 175|0x000000008af00000, 0x000000008af00000, 0x000000008b000000|  0%| F|  |TAMS 0x000000008af00000, 0x000000008af00000| Untracked 
| 176|0x000000008b000000, 0x000000008b000000, 0x000000008b100000|  0%| F|  |TAMS 0x000000008b000000, 0x000000008b000000| Untracked 
| 177|0x000000008b100000, 0x000000008b100000, 0x000000008b200000|  0%| F|  |TAMS 0x000000008b100000, 0x000000008b100000| Untracked 
| 178|0x000000008b200000, 0x000000008b200000, 0x000000008b300000|  0%| F|  |TAMS 0x000000008b200000, 0x000000008b200000| Untracked 
| 179|0x000000008b300000, 0x000000008b300000, 0x000000008b400000|  0%| F|  |TAMS 0x000000008b300000, 0x000000008b300000| Untracked 
| 180|0x000000008b400000, 0x000000008b400000, 0x000000008b500000|  0%| F|  |TAMS 0x000000008b400000, 0x000000008b400000| Untracked 
| 181|0x000000008b500000, 0x000000008b500000, 0x000000008b600000|  0%| F|  |TAMS 0x000000008b500000, 0x000000008b500000| Untracked 
| 182|0x000000008b600000, 0x000000008b600000, 0x000000008b700000|  0%| F|  |TAMS 0x000000008b600000, 0x000000008b600000| Untracked 
| 183|0x000000008b700000, 0x000000008b700000, 0x000000008b800000|  0%| F|  |TAMS 0x000000008b700000, 0x000000008b700000| Untracked 
| 184|0x000000008b800000, 0x000000008b800000, 0x000000008b900000|  0%| F|  |TAMS 0x000000008b800000, 0x000000008b800000| Untracked 
| 185|0x000000008b900000, 0x000000008b900000, 0x000000008ba00000|  0%| F|  |TAMS 0x000000008b900000, 0x000000008b900000| Untracked 
| 186|0x000000008ba00000, 0x000000008ba00000, 0x000000008bb00000|  0%| F|  |TAMS 0x000000008ba00000, 0x000000008ba00000| Untracked 
| 187|0x000000008bb00000, 0x000000008bb00000, 0x000000008bc00000|  0%| F|  |TAMS 0x000000008bb00000, 0x000000008bb00000| Untracked 
| 188|0x000000008bc00000, 0x000000008bc00000, 0x000000008bd00000|  0%| F|  |TAMS 0x000000008bc00000, 0x000000008bc00000| Untracked 
| 189|0x000000008bd00000, 0x000000008bd00000, 0x000000008be00000|  0%| F|  |TAMS 0x000000008bd00000, 0x000000008bd00000| Untracked 
| 190|0x000000008be00000, 0x000000008be00000, 0x000000008bf00000|  0%| F|  |TAMS 0x000000008be00000, 0x000000008be00000| Untracked 
| 191|0x000000008bf00000, 0x000000008bf00000, 0x000000008c000000|  0%| F|  |TAMS 0x000000008bf00000, 0x000000008bf00000| Untracked 
| 192|0x000000008c000000, 0x000000008c000000, 0x000000008c100000|  0%| F|  |TAMS 0x000000008c000000, 0x000000008c000000| Untracked 
| 193|0x000000008c100000, 0x000000008c100000, 0x000000008c200000|  0%| F|  |TAMS 0x000000008c100000, 0x000000008c100000| Untracked 
| 194|0x000000008c200000, 0x000000008c200000, 0x000000008c300000|  0%| F|  |TAMS 0x000000008c200000, 0x000000008c200000| Untracked 
| 195|0x000000008c300000, 0x000000008c300000, 0x000000008c400000|  0%| F|  |TAMS 0x000000008c300000, 0x000000008c300000| Untracked 
| 196|0x000000008c400000, 0x000000008c400000, 0x000000008c500000|  0%| F|  |TAMS 0x000000008c400000, 0x000000008c400000| Untracked 
| 197|0x000000008c500000, 0x000000008c500000, 0x000000008c600000|  0%| F|  |TAMS 0x000000008c500000, 0x000000008c500000| Untracked 
| 198|0x000000008c600000, 0x000000008c600000, 0x000000008c700000|  0%| F|  |TAMS 0x000000008c600000, 0x000000008c600000| Untracked 
| 199|0x000000008c700000, 0x000000008c700000, 0x000000008c800000|  0%| F|  |TAMS 0x000000008c700000, 0x000000008c700000| Untracked 
| 200|0x000000008c800000, 0x000000008c800000, 0x000000008c900000|  0%| F|  |TAMS 0x000000008c800000, 0x000000008c800000| Untracked 
| 201|0x000000008c900000, 0x000000008c900000, 0x000000008ca00000|  0%| F|  |TAMS 0x000000008c900000, 0x000000008c900000| Untracked 
| 202|0x000000008ca00000, 0x000000008ca00000, 0x000000008cb00000|  0%| F|  |TAMS 0x000000008ca00000, 0x000000008ca00000| Untracked 
| 203|0x000000008cb00000, 0x000000008cb00000, 0x000000008cc00000|  0%| F|  |TAMS 0x000000008cb00000, 0x000000008cb00000| Untracked 
| 204|0x000000008cc00000, 0x000000008cc00000, 0x000000008cd00000|  0%| F|  |TAMS 0x000000008cc00000, 0x000000008cc00000| Untracked 
| 205|0x000000008cd00000, 0x000000008cd00000, 0x000000008ce00000|  0%| F|  |TAMS 0x000000008cd00000, 0x000000008cd00000| Untracked 
| 206|0x000000008ce00000, 0x000000008ce00000, 0x000000008cf00000|  0%| F|  |TAMS 0x000000008ce00000, 0x000000008ce00000| Untracked 
| 207|0x000000008cf00000, 0x000000008cf00000, 0x000000008d000000|  0%| F|  |TAMS 0x000000008cf00000, 0x000000008cf00000| Untracked 
| 208|0x000000008d000000, 0x000000008d000000, 0x000000008d100000|  0%| F|  |TAMS 0x000000008d000000, 0x000000008d000000| Untracked 
| 209|0x000000008d100000, 0x000000008d100000, 0x000000008d200000|  0%| F|  |TAMS 0x000000008d100000, 0x000000008d100000| Untracked 
| 210|0x000000008d200000, 0x000000008d200000, 0x000000008d300000|  0%| F|  |TAMS 0x000000008d200000, 0x000000008d200000| Untracked 
| 211|0x000000008d300000, 0x000000008d300000, 0x000000008d400000|  0%| F|  |TAMS 0x000000008d300000, 0x000000008d300000| Untracked 
| 212|0x000000008d400000, 0x000000008d400000, 0x000000008d500000|  0%| F|  |TAMS 0x000000008d400000, 0x000000008d400000| Untracked 
| 213|0x000000008d500000, 0x000000008d500000, 0x000000008d600000|  0%| F|  |TAMS 0x000000008d500000, 0x000000008d500000| Untracked 
| 214|0x000000008d600000, 0x000000008d600000, 0x000000008d700000|  0%| F|  |TAMS 0x000000008d600000, 0x000000008d600000| Untracked 
| 215|0x000000008d700000, 0x000000008d700000, 0x000000008d800000|  0%| F|  |TAMS 0x000000008d700000, 0x000000008d700000| Untracked 
| 216|0x000000008d800000, 0x000000008d800000, 0x000000008d900000|  0%| F|  |TAMS 0x000000008d800000, 0x000000008d800000| Untracked 
| 217|0x000000008d900000, 0x000000008d900000, 0x000000008da00000|  0%| F|  |TAMS 0x000000008d900000, 0x000000008d900000| Untracked 
| 218|0x000000008da00000, 0x000000008da00000, 0x000000008db00000|  0%| F|  |TAMS 0x000000008da00000, 0x000000008da00000| Untracked 
| 219|0x000000008db00000, 0x000000008db00000, 0x000000008dc00000|  0%| F|  |TAMS 0x000000008db00000, 0x000000008db00000| Untracked 
| 220|0x000000008dc00000, 0x000000008dc00000, 0x000000008dd00000|  0%| F|  |TAMS 0x000000008dc00000, 0x000000008dc00000| Untracked 
| 221|0x000000008dd00000, 0x000000008dd00000, 0x000000008de00000|  0%| F|  |TAMS 0x000000008dd00000, 0x000000008dd00000| Untracked 
| 222|0x000000008de00000, 0x000000008de00000, 0x000000008df00000|  0%| F|  |TAMS 0x000000008de00000, 0x000000008de00000| Untracked 
| 223|0x000000008df00000, 0x000000008df00000, 0x000000008e000000|  0%| F|  |TAMS 0x000000008df00000, 0x000000008df00000| Untracked 
| 224|0x000000008e000000, 0x000000008e000000, 0x000000008e100000|  0%| F|  |TAMS 0x000000008e000000, 0x000000008e000000| Untracked 
| 225|0x000000008e100000, 0x000000008e100000, 0x000000008e200000|  0%| F|  |TAMS 0x000000008e100000, 0x000000008e100000| Untracked 
| 226|0x000000008e200000, 0x000000008e200000, 0x000000008e300000|  0%| F|  |TAMS 0x000000008e200000, 0x000000008e200000| Untracked 
| 227|0x000000008e300000, 0x000000008e300000, 0x000000008e400000|  0%| F|  |TAMS 0x000000008e300000, 0x000000008e300000| Untracked 
| 228|0x000000008e400000, 0x000000008e400000, 0x000000008e500000|  0%| F|  |TAMS 0x000000008e400000, 0x000000008e400000| Untracked 
| 229|0x000000008e500000, 0x000000008e500000, 0x000000008e600000|  0%| F|  |TAMS 0x000000008e500000, 0x000000008e500000| Untracked 
| 230|0x000000008e600000, 0x000000008e600000, 0x000000008e700000|  0%| F|  |TAMS 0x000000008e600000, 0x000000008e600000| Untracked 
| 231|0x000000008e700000, 0x000000008e700000, 0x000000008e800000|  0%| F|  |TAMS 0x000000008e700000, 0x000000008e700000| Untracked 
| 232|0x000000008e800000, 0x000000008e800000, 0x000000008e900000|  0%| F|  |TAMS 0x000000008e800000, 0x000000008e800000| Untracked 
| 233|0x000000008e900000, 0x000000008e900000, 0x000000008ea00000|  0%| F|  |TAMS 0x000000008e900000, 0x000000008e900000| Untracked 

Card table byte_map: [0x000001e2f5270000,0x000001e2f5670000] _byte_map_base: 0x000001e2f4e70000

Marking Bits (Prev, Next): (CMBitMap*) 0x000001e2e29f7be0, (CMBitMap*) 0x000001e2e29f7c20
 Prev Bits: [0x000001e2f5a70000, 0x000001e2f7a70000)
 Next Bits: [0x000001e2f7a70000, 0x000001e2f9a70000)

Polling page: 0x000001e2e0890000

Metaspace:

Usage:
  Non-class:     84.94 MB used.
      Class:     13.21 MB used.
       Both:     98.15 MB used.

Virtual space:
  Non-class space:       88.00 MB reserved,      85.25 MB ( 97%) committed,  11 nodes.
      Class space:        1.00 GB reserved,      13.56 MB (  1%) committed,  1 nodes.
             Both:        1.09 GB reserved,      98.81 MB (  9%) committed. 

Chunk freelists:
   Non-Class:  1.88 MB
       Class:  2.48 MB
        Both:  4.35 MB

MaxMetaspaceSize: unlimited
CompressedClassSpaceSize: 1.00 GB
Initial GC threshold: 21.00 MB
Current GC threshold: 124.50 MB
CDS: off
MetaspaceReclaimPolicy: balanced
 - commit_granule_bytes: 65536.
 - commit_granule_words: 8192.
 - virtual_space_node_default_size: 1048576.
 - enlarge_chunks_in_place: 1.
 - new_chunks_are_fully_committed: 0.
 - uncommit_free_chunks: 1.
 - use_allocation_guard: 0.
 - handle_deallocations: 1.


Internal statistics:

num_allocs_failed_limit: 9.
num_arena_births: 1018.
num_arena_deaths: 0.
num_vsnodes_births: 12.
num_vsnodes_deaths: 0.
num_space_committed: 1580.
num_space_uncommitted: 0.
num_chunks_returned_to_freelist: 9.
num_chunks_taken_from_freelist: 4752.
num_chunk_merges: 6.
num_chunk_splits: 3169.
num_chunks_enlarged: 2131.
num_purges: 0.
num_inconsistent_stats: 0.

CodeHeap 'non-profiled nmethods': size=120000Kb used=7092Kb max_used=7092Kb free=112908Kb
 bounds [0x000001e2ed940000, 0x000001e2ee030000, 0x000001e2f4e70000]
CodeHeap 'profiled nmethods': size=120000Kb used=22840Kb max_used=22840Kb free=97159Kb
 bounds [0x000001e2e5e70000, 0x000001e2e74c0000, 0x000001e2ed3a0000]
CodeHeap 'non-nmethods': size=5760Kb used=2393Kb max_used=2469Kb free=3366Kb
 bounds [0x000001e2ed3a0000, 0x000001e2ed620000, 0x000001e2ed940000]
 total_blobs=12484 nmethods=11554 adapters=842
 compilation: enabled
              stopped_count=0, restarted_count=0
 full_count=0

Compilation events (20 events):
Event: 35.859 Thread 0x000001e2fbf9ea70 13083   !   4       org.gradle.internal.event.DefaultListenerManager$EventBroadcast::endNotification (145 bytes)
Event: 35.860 Thread 0x000001e2fc94a010 13084       3       java.util.zip.ZipFile::<init> (7 bytes)
Event: 35.860 Thread 0x000001e2fc94a010 nmethod 13084 0x000001e2e74bcf10 code [0x000001e2e74bd0c0, 0x000001e2e74bd268]
Event: 35.864 Thread 0x000001e2fc94a010 13085       3       java.nio.MappedByteBuffer::limit (6 bytes)
Event: 35.864 Thread 0x000001e2fc94a010 nmethod 13085 0x000001e2e74bd390 code [0x000001e2e74bd540, 0x000001e2e74bd748]
Event: 35.865 Thread 0x000001e282dd4ed0 13086   !   4       sun.nio.ch.FileChannelImpl::position (258 bytes)
Event: 35.867 Thread 0x000001e2fc94a010 13088       3       java.nio.ByteBuffer::<init> (14 bytes)
Event: 35.867 Thread 0x000001e2fc94a010 nmethod 13088 0x000001e2e74bd890 code [0x000001e2e74bda40, 0x000001e2e74bdb88]
Event: 35.867 Thread 0x000001e2fc94a010 13089       3       java.nio.MappedByteBuffer::position (6 bytes)
Event: 35.867 Thread 0x000001e2fc94a010 nmethod 13089 0x000001e2e74bdc90 code [0x000001e2e74bde40, 0x000001e2e74be048]
Event: 35.879 Thread 0x000001e2fbf9ea70 nmethod 13083 0x000001e2ee026e10 code [0x000001e2ee027000, 0x000001e2ee0278f8]
Event: 35.879 Thread 0x000001e2fbf9ea70 13090       4       java.util.zip.ZipInputStream::readEnd (516 bytes)
Event: 35.887 Thread 0x000001e282dd4ed0 nmethod 13086 0x000001e2ee028090 code [0x000001e2ee028280, 0x000001e2ee0293c8]
Event: 35.887 Thread 0x000001e282dd4ed0 13087   !   4       java.util.zip.Inflater::getRemaining (40 bytes)
Event: 35.889 Thread 0x000001e282dd4ed0 nmethod 13087 0x000001e2ee029e90 code [0x000001e2ee02a000, 0x000001e2ee02a238]
Event: 35.914 Thread 0x000001e282dd4ed0 13091       4       org.gradle.internal.event.DefaultListenerManager$EventBroadcast::doStartNotification (48 bytes)
Event: 35.918 Thread 0x000001e2fbf9ea70 nmethod 13090 0x000001e2ee02a310 code [0x000001e2ee02a520, 0x000001e2ee02be08]
Event: 35.918 Thread 0x000001e2fbf9ea70 13092       4       java.nio.file.attribute.FileTime::toMillis (98 bytes)
Event: 35.920 Thread 0x000001e2fbf9ea70 nmethod 13092 0x000001e2ee02cc10 code [0x000001e2ee02cd80, 0x000001e2ee02ced8]
Event: 35.920 Thread 0x000001e2fc94a010 13093       3       java.util.ComparableTimSort::ensureCapacity (64 bytes)

GC Heap History (20 events):
Event: 21.103 GC heap after
{Heap after GC invocations=29 (full 0):
 garbage-first heap   total 119808K, used 63500K [0x0000000080000000, 0x0000000100000000)
  region size 1024K, 5 young (5120K), 5 survivors (5120K)
 Metaspace       used 73548K, committed 74112K, reserved 1114112K
  class space    used 9762K, committed 10048K, reserved 1048576K
}
Event: 21.137 GC heap before
{Heap before GC invocations=29 (full 0):
 garbage-first heap   total 119808K, used 64524K [0x0000000080000000, 0x0000000100000000)
  region size 1024K, 6 young (6144K), 5 survivors (5120K)
 Metaspace       used 73652K, committed 74240K, reserved 1114112K
  class space    used 9768K, committed 10048K, reserved 1048576K
}
Event: 21.149 GC heap after
{Heap after GC invocations=30 (full 0):
 garbage-first heap   total 119808K, used 63691K [0x0000000080000000, 0x0000000100000000)
  region size 1024K, 1 young (1024K), 1 survivors (1024K)
 Metaspace       used 73652K, committed 74240K, reserved 1114112K
  class space    used 9768K, committed 10048K, reserved 1048576K
}
Event: 21.808 GC heap before
{Heap before GC invocations=30 (full 0):
 garbage-first heap   total 119808K, used 95435K [0x0000000080000000, 0x0000000100000000)
  region size 1024K, 32 young (32768K), 1 survivors (1024K)
 Metaspace       used 75496K, committed 76096K, reserved 1122304K
  class space    used 10001K, committed 10304K, reserved 1048576K
}
Event: 21.819 GC heap after
{Heap after GC invocations=31 (full 0):
 garbage-first heap   total 239616K, used 66354K [0x0000000080000000, 0x0000000100000000)
  region size 1024K, 4 young (4096K), 4 survivors (4096K)
 Metaspace       used 75496K, committed 76096K, reserved 1122304K
  class space    used 10001K, committed 10304K, reserved 1048576K
}
Event: 25.437 GC heap before
{Heap before GC invocations=32 (full 0):
 garbage-first heap   total 239616K, used 161586K [0x0000000080000000, 0x0000000100000000)
  region size 1024K, 96 young (98304K), 4 survivors (4096K)
 Metaspace       used 85704K, committed 86272K, reserved 1130496K
  class space    used 11620K, committed 11904K, reserved 1048576K
}
Event: 25.458 GC heap after
{Heap after GC invocations=33 (full 0):
 garbage-first heap   total 239616K, used 72443K [0x0000000080000000, 0x0000000100000000)
  region size 1024K, 10 young (10240K), 10 survivors (10240K)
 Metaspace       used 85704K, committed 86272K, reserved 1130496K
  class space    used 11620K, committed 11904K, reserved 1048576K
}
Event: 25.477 GC heap before
{Heap before GC invocations=33 (full 0):
 garbage-first heap   total 239616K, used 73467K [0x0000000080000000, 0x0000000100000000)
  region size 1024K, 11 young (11264K), 10 survivors (10240K)
 Metaspace       used 85795K, committed 86400K, reserved 1130496K
  class space    used 11630K, committed 11904K, reserved 1048576K
}
Event: 25.503 GC heap after
{Heap after GC invocations=34 (full 0):
 garbage-first heap   total 239616K, used 73664K [0x0000000080000000, 0x0000000100000000)
  region size 1024K, 2 young (2048K), 2 survivors (2048K)
 Metaspace       used 85795K, committed 86400K, reserved 1130496K
  class space    used 11630K, committed 11904K, reserved 1048576K
}
Event: 28.226 GC heap before
{Heap before GC invocations=34 (full 0):
 garbage-first heap   total 239616K, used 182208K [0x0000000080000000, 0x0000000100000000)
  region size 1024K, 108 young (110592K), 2 survivors (2048K)
 Metaspace       used 92977K, committed 93568K, reserved 1130496K
  class space    used 12643K, committed 12928K, reserved 1048576K
}
Event: 28.250 GC heap after
{Heap after GC invocations=35 (full 0):
 garbage-first heap   total 239616K, used 84642K [0x0000000080000000, 0x0000000100000000)
  region size 1024K, 13 young (13312K), 13 survivors (13312K)
 Metaspace       used 92977K, committed 93568K, reserved 1130496K
  class space    used 12643K, committed 12928K, reserved 1048576K
}
Event: 30.858 GC heap before
{Heap before GC invocations=35 (full 0):
 garbage-first heap   total 239616K, used 182946K [0x0000000080000000, 0x0000000100000000)
  region size 1024K, 110 young (112640K), 13 survivors (13312K)
 Metaspace       used 95434K, committed 96064K, reserved 1138688K
  class space    used 12980K, committed 13248K, reserved 1048576K
}
Event: 30.912 GC heap after
{Heap after GC invocations=36 (full 0):
 garbage-first heap   total 239616K, used 94759K [0x0000000080000000, 0x0000000100000000)
  region size 1024K, 10 young (10240K), 10 survivors (10240K)
 Metaspace       used 95434K, committed 96064K, reserved 1138688K
  class space    used 12980K, committed 13248K, reserved 1048576K
}
Event: 34.211 GC heap before
{Heap before GC invocations=36 (full 0):
 garbage-first heap   total 239616K, used 186919K [0x0000000080000000, 0x0000000100000000)
  region size 1024K, 100 young (102400K), 10 survivors (10240K)
 Metaspace       used 100302K, committed 100928K, reserved 1138688K
  class space    used 13519K, committed 13824K, reserved 1048576K
}
Event: 34.237 GC heap after
{Heap after GC invocations=37 (full 0):
 garbage-first heap   total 239616K, used 100827K [0x0000000080000000, 0x0000000100000000)
  region size 1024K, 7 young (7168K), 7 survivors (7168K)
 Metaspace       used 100302K, committed 100928K, reserved 1138688K
  class space    used 13519K, committed 13824K, reserved 1048576K
}
Event: 34.986 GC heap before
{Heap before GC invocations=37 (full 0):
 garbage-first heap   total 239616K, used 189915K [0x0000000080000000, 0x0000000100000000)
  region size 1024K, 95 young (97280K), 7 survivors (7168K)
 Metaspace       used 100470K, committed 101184K, reserved 1138688K
  class space    used 13531K, committed 13888K, reserved 1048576K
}
Event: 35.005 GC heap after
{Heap after GC invocations=38 (full 0):
 garbage-first heap   total 239616K, used 100277K [0x0000000080000000, 0x0000000100000000)
  region size 1024K, 6 young (6144K), 6 survivors (6144K)
 Metaspace       used 100470K, committed 101184K, reserved 1138688K
  class space    used 13531K, committed 13888K, reserved 1048576K
}
Event: 35.621 GC heap before
{Heap before GC invocations=38 (full 0):
 garbage-first heap   total 239616K, used 194485K [0x0000000080000000, 0x0000000100000000)
  region size 1024K, 99 young (101376K), 6 survivors (6144K)
 Metaspace       used 100493K, committed 101184K, reserved 1138688K
  class space    used 13531K, committed 13888K, reserved 1048576K
}
Event: 35.634 GC heap after
{Heap after GC invocations=39 (full 0):
 garbage-first heap   total 239616K, used 101213K [0x0000000080000000, 0x0000000100000000)
  region size 1024K, 7 young (7168K), 7 survivors (7168K)
 Metaspace       used 100493K, committed 101184K, reserved 1138688K
  class space    used 13531K, committed 13888K, reserved 1048576K
}
Event: 35.920 GC heap before
{Heap before GC invocations=39 (full 0):
 garbage-first heap   total 239616K, used 197469K [0x0000000080000000, 0x0000000100000000)
  region size 1024K, 102 young (104448K), 7 survivors (7168K)
 Metaspace       used 100508K, committed 101184K, reserved 1138688K
  class space    used 13531K, committed 13888K, reserved 1048576K
}

Dll operation events (2 events):
Event: 0.012 Loaded shared library D:\Android\Android Studio\jbr\bin\java.dll
Event: 1.041 Loaded shared library D:\Android\Android Studio\jbr\bin\verify.dll

Deoptimization events (20 events):
Event: 34.888 Thread 0x000001e283a1aa30 Uncommon trap: trap_request=0xffffffd6 fr.pc=0x000001e2edfdd2e4 relative=0x0000000000000824
Event: 34.888 Thread 0x000001e283a1aa30 Uncommon trap: reason=array_check action=maybe_recompile pc=0x000001e2edfdd2e4 method=java.util.ComparableTimSort.binarySort([Ljava/lang/Object;III)V @ 193 c2
Event: 34.888 Thread 0x000001e283a1aa30 DEOPT PACKING pc=0x000001e2edfdd2e4 sp=0x0000000c59af82c0
Event: 34.888 Thread 0x000001e283a1aa30 DEOPT UNPACKING pc=0x000001e2ed3f69a3 sp=0x0000000c59af8270 mode 2
Event: 34.888 Thread 0x000001e283a1aa30 Uncommon trap: trap_request=0xffffffd6 fr.pc=0x000001e2edfdd2e4 relative=0x0000000000000824
Event: 34.888 Thread 0x000001e283a1aa30 Uncommon trap: reason=array_check action=maybe_recompile pc=0x000001e2edfdd2e4 method=java.util.ComparableTimSort.binarySort([Ljava/lang/Object;III)V @ 193 c2
Event: 34.888 Thread 0x000001e283a1aa30 DEOPT PACKING pc=0x000001e2edfdd2e4 sp=0x0000000c59af82c0
Event: 34.888 Thread 0x000001e283a1aa30 DEOPT UNPACKING pc=0x000001e2ed3f69a3 sp=0x0000000c59af8270 mode 2
Event: 34.944 Thread 0x000001e28068d990 Uncommon trap: trap_request=0xffffff45 fr.pc=0x000001e2edb3fd38 relative=0x0000000000000a58
Event: 34.944 Thread 0x000001e28068d990 Uncommon trap: reason=unstable_if action=reinterpret pc=0x000001e2edb3fd38 method=java.util.concurrent.ConcurrentLinkedQueue.poll()Ljava/lang/Object; @ 24 c2
Event: 34.944 Thread 0x000001e28068d990 DEOPT PACKING pc=0x000001e2edb3fd38 sp=0x0000000c575fa860
Event: 34.944 Thread 0x000001e28068d990 DEOPT UNPACKING pc=0x000001e2ed3f69a3 sp=0x0000000c575fa7a8 mode 2
Event: 35.269 Thread 0x000001e28068c180 Uncommon trap: trap_request=0xffffff45 fr.pc=0x000001e2edff8cac relative=0x00000000000001cc
Event: 35.269 Thread 0x000001e28068c180 Uncommon trap: reason=unstable_if action=reinterpret pc=0x000001e2edff8cac method=sun.nio.ch.IOUtil.writeFromNativeBuffer(Ljava/io/FileDescriptor;Ljava/nio/ByteBuffer;JZZILsun/nio/ch/NativeDispatcher;)I @ 76 c2
Event: 35.269 Thread 0x000001e28068c180 DEOPT PACKING pc=0x000001e2edff8cac sp=0x0000000c577fad60
Event: 35.269 Thread 0x000001e28068c180 DEOPT UNPACKING pc=0x000001e2ed3f69a3 sp=0x0000000c577facb0 mode 2
Event: 35.282 Thread 0x000001e28068c180 Uncommon trap: trap_request=0xffffff45 fr.pc=0x000001e2edc714e8 relative=0x0000000000003788
Event: 35.282 Thread 0x000001e28068c180 Uncommon trap: reason=unstable_if action=reinterpret pc=0x000001e2edc714e8 method=java.util.zip.ZipFile$Source.initCEN(I)V @ 16 c2
Event: 35.282 Thread 0x000001e28068c180 DEOPT PACKING pc=0x000001e2edc714e8 sp=0x0000000c577fad80
Event: 35.282 Thread 0x000001e28068c180 DEOPT UNPACKING pc=0x000001e2ed3f69a3 sp=0x0000000c577fad78 mode 2

Classes unloaded (0 events):
No events

Classes redefined (0 events):
No events

Internal exceptions (20 events):
Event: 35.546 Thread 0x000001e282eddce0 Exception <a 'sun/nio/fs/WindowsException'{0x0000000089d076c8}> (0x0000000089d076c8) 
thrown [s\src\hotspot\share\prims\jni.cpp, line 517]
Event: 35.546 Thread 0x000001e282eddce0 Exception <a 'sun/nio/fs/WindowsException'{0x0000000089d07768}> (0x0000000089d07768) 
thrown [s\src\hotspot\share\prims\jni.cpp, line 517]
Event: 35.546 Thread 0x000001e282eddce0 Exception <a 'sun/nio/fs/WindowsException'{0x0000000089d07b68}> (0x0000000089d07b68) 
thrown [s\src\hotspot\share\prims\jni.cpp, line 517]
Event: 35.549 Thread 0x000001e28068cff0 Exception <a 'sun/nio/fs/WindowsException'{0x0000000089d13ac0}> (0x0000000089d13ac0) 
thrown [s\src\hotspot\share\prims\jni.cpp, line 517]
Event: 35.550 Thread 0x000001e28068cff0 Exception <a 'sun/nio/fs/WindowsException'{0x0000000089d13b60}> (0x0000000089d13b60) 
thrown [s\src\hotspot\share\prims\jni.cpp, line 517]
Event: 35.550 Thread 0x000001e28068cff0 Exception <a 'sun/nio/fs/WindowsException'{0x0000000089d13f40}> (0x0000000089d13f40) 
thrown [s\src\hotspot\share\prims\jni.cpp, line 517]
Event: 35.638 Thread 0x000001e282eddce0 Exception <a 'sun/nio/fs/WindowsException'{0x000000008e931ee8}> (0x000000008e931ee8) 
thrown [s\src\hotspot\share\prims\jni.cpp, line 517]
Event: 35.681 Thread 0x000001e282edf9c0 Exception <a 'sun/nio/fs/WindowsException'{0x000000008d70c510}> (0x000000008d70c510) 
thrown [s\src\hotspot\share\prims\jni.cpp, line 517]
Event: 35.681 Thread 0x000001e282edf9c0 Exception <a 'sun/nio/fs/WindowsException'{0x000000008d70c5b0}> (0x000000008d70c5b0) 
thrown [s\src\hotspot\share\prims\jni.cpp, line 517]
Event: 35.681 Thread 0x000001e282edf9c0 Exception <a 'sun/nio/fs/WindowsException'{0x000000008d70c9d0}> (0x000000008d70c9d0) 
thrown [s\src\hotspot\share\prims\jni.cpp, line 517]
Event: 35.777 Thread 0x000001e282edf9c0 Exception <a 'sun/nio/fs/WindowsException'{0x000000008ae08a68}> (0x000000008ae08a68) 
thrown [s\src\hotspot\share\prims\jni.cpp, line 517]
Event: 35.787 Thread 0x000001e28068fb40 Exception <a 'sun/nio/fs/WindowsException'{0x000000008ad3f590}> (0x000000008ad3f590) 
thrown [s\src\hotspot\share\prims\jni.cpp, line 517]
Event: 35.788 Thread 0x000001e28068fb40 Exception <a 'sun/nio/fs/WindowsException'{0x000000008ad3f630}> (0x000000008ad3f630) 
thrown [s\src\hotspot\share\prims\jni.cpp, line 517]
Event: 35.788 Thread 0x000001e28068fb40 Exception <a 'sun/nio/fs/WindowsException'{0x000000008ad9b7e0}> (0x000000008ad9b7e0) 
thrown [s\src\hotspot\share\prims\jni.cpp, line 517]
Event: 35.850 Thread 0x000001e28068cff0 Exception <a 'sun/nio/fs/WindowsException'{0x0000000089cf5c08}> (0x0000000089cf5c08) 
thrown [s\src\hotspot\share\prims\jni.cpp, line 517]
Event: 35.860 Thread 0x000001e282ee11d0 Exception <a 'sun/nio/fs/WindowsException'{0x0000000089ab44e8}> (0x0000000089ab44e8) 
thrown [s\src\hotspot\share\prims\jni.cpp, line 517]
Event: 35.861 Thread 0x000001e282ee11d0 Exception <a 'sun/nio/fs/WindowsException'{0x0000000089ab4588}> (0x0000000089ab4588) 
thrown [s\src\hotspot\share\prims\jni.cpp, line 517]
Event: 35.861 Thread 0x000001e282ee11d0 Exception <a 'sun/nio/fs/WindowsException'{0x0000000089ab4968}> (0x0000000089ab4968) 
thrown [s\src\hotspot\share\prims\jni.cpp, line 517]
Event: 35.917 Thread 0x000001e282ee11d0 Exception <a 'sun/nio/fs/WindowsException'{0x0000000088b04b48}> (0x0000000088b04b48) 
thrown [s\src\hotspot\share\prims\jni.cpp, line 517]
Event: 35.918 Thread 0x000001e28068c650 Exception <a 'sun/nio/fs/WindowsException'{0x0000000088ce3310}> (0x0000000088ce3310) 
thrown [s\src\hotspot\share\prims\jni.cpp, line 517]

VM Operations (20 events):
Event: 33.403 Executing VM operation: HandshakeAllThreads done
Event: 33.519 Executing VM operation: HandshakeAllThreads
Event: 33.522 Executing VM operation: HandshakeAllThreads done
Event: 33.545 Executing VM operation: ICBufferFull
Event: 33.557 Executing VM operation: ICBufferFull done
Event: 34.100 Executing VM operation: ICBufferFull
Event: 34.100 Executing VM operation: ICBufferFull done
Event: 34.211 Executing VM operation: G1CollectForAllocation
Event: 34.211 Executing VM operation: G1CollectForAllocation done
Event: 34.211 Executing VM operation: G1CollectForAllocation
Event: 34.237 Executing VM operation: G1CollectForAllocation done
Event: 34.707 Executing VM operation: ICBufferFull
Event: 34.708 Executing VM operation: ICBufferFull done
Event: 34.986 Executing VM operation: G1CollectForAllocation
Event: 35.006 Executing VM operation: G1CollectForAllocation done
Event: 35.621 Executing VM operation: G1CollectForAllocation
Event: 35.621 Executing VM operation: G1CollectForAllocation done
Event: 35.621 Executing VM operation: G1CollectForAllocation
Event: 35.634 Executing VM operation: G1CollectForAllocation done
Event: 35.920 Executing VM operation: G1CollectForAllocation

Events (20 events):
Event: 32.772 loading class java/util/TreeMap$NavigableSubMap$SubMapIterator
Event: 32.773 loading class java/util/TreeMap$NavigableSubMap$SubMapIterator done
Event: 32.773 loading class java/util/TreeMap$NavigableSubMap$DescendingSubMapEntryIterator done
Event: 33.323 Thread 0x000001e283a15860 Thread added: 0x000001e283a15860
Event: 33.528 Thread 0x000001e2fc954910 flushing nmethod 0x000001e2e5fa6110
Event: 33.534 Thread 0x000001e2fc954910 flushing nmethod 0x000001e2e64a8390
Event: 33.534 Thread 0x000001e2fc954910 flushing nmethod 0x000001e2e64c9810
Event: 33.535 Thread 0x000001e2fc954910 flushing nmethod 0x000001e2e6552290
Event: 33.535 Thread 0x000001e2fc954910 flushing nmethod 0x000001e2e6562b10
Event: 33.537 Thread 0x000001e2fc954910 flushing nmethod 0x000001e2e65a8010
Event: 34.130 loading class java/util/zip/ZipInputStream
Event: 34.131 loading class java/util/zip/ZipInputStream done
Event: 34.131 loading class java/io/PushbackInputStream
Event: 34.131 loading class java/io/PushbackInputStream done
Event: 34.249 loading class java/util/zip/ZipFile$EntrySpliterator
Event: 34.250 loading class java/util/Spliterators$AbstractSpliterator
Event: 34.250 loading class java/util/Spliterators$AbstractSpliterator done
Event: 34.250 loading class java/util/zip/ZipFile$EntrySpliterator done
Event: 34.556 loading class jdk/internal/misc/ScopedMemoryAccess$Scope$Handle
Event: 34.556 loading class jdk/internal/misc/ScopedMemoryAccess$Scope$Handle done


Dynamic libraries:
0x00007ff733ff0000 - 0x00007ff733ffa000 	D:\Android\Android Studio\jbr\bin\java.exe
0x00007ff9248d0000 - 0x00007ff924ac8000 	C:\WINDOWS\SYSTEM32\ntdll.dll
0x00007ff9231a0000 - 0x00007ff92325d000 	C:\WINDOWS\System32\KERNEL32.DLL
0x00007ff922020000 - 0x00007ff922316000 	C:\WINDOWS\System32\KERNELBASE.dll
0x00007ff922350000 - 0x00007ff922450000 	C:\WINDOWS\System32\ucrtbase.dll
0x00007ff916950000 - 0x00007ff916967000 	D:\Android\Android Studio\jbr\bin\jli.dll
0x00007ff916970000 - 0x00007ff91698b000 	D:\Android\Android Studio\jbr\bin\VCRUNTIME140.dll
0x00007ff922fa0000 - 0x00007ff92313e000 	C:\WINDOWS\System32\USER32.dll
0x00007ff922320000 - 0x00007ff922342000 	C:\WINDOWS\System32\win32u.dll
0x00007ff90c8a0000 - 0x00007ff90cb3a000 	C:\WINDOWS\WinSxS\amd64_microsoft.windows.common-controls_6595b64144ccf1df_6.0.19041.1110_none_60b5254171f9507e\COMCTL32.dll
0x00007ff9236e0000 - 0x00007ff92370c000 	C:\WINDOWS\System32\GDI32.dll
0x00007ff923f90000 - 0x00007ff92402e000 	C:\WINDOWS\System32\msvcrt.dll
0x00007ff922810000 - 0x00007ff92292a000 	C:\WINDOWS\System32\gdi32full.dll
0x00007ff922770000 - 0x00007ff92280d000 	C:\WINDOWS\System32\msvcp_win.dll
0x00007ff923260000 - 0x00007ff923290000 	C:\WINDOWS\System32\IMM32.DLL
0x00007ff9169f0000 - 0x00007ff9169fc000 	D:\Android\Android Studio\jbr\bin\vcruntime140_1.dll
0x00007ff8f2180000 - 0x00007ff8f220d000 	D:\Android\Android Studio\jbr\bin\msvcp140.dll
0x00007ff8e6f20000 - 0x00007ff8e7b8e000 	D:\Android\Android Studio\jbr\bin\server\jvm.dll
0x00007ff924190000 - 0x00007ff92423e000 	C:\WINDOWS\System32\ADVAPI32.dll
0x00007ff924240000 - 0x00007ff9242dc000 	C:\WINDOWS\System32\sechost.dll
0x00007ff922930000 - 0x00007ff922a56000 	C:\WINDOWS\System32\RPCRT4.dll
0x00007ff91aa70000 - 0x00007ff91aa79000 	C:\WINDOWS\SYSTEM32\WSOCK32.dll
0x00007ff924390000 - 0x00007ff9243fb000 	C:\WINDOWS\System32\WS2_32.dll
0x00007ff9063b0000 - 0x00007ff9063d7000 	C:\WINDOWS\SYSTEM32\WINMM.dll
0x00007ff915f10000 - 0x00007ff915f1a000 	C:\WINDOWS\SYSTEM32\VERSION.dll
0x00007ff9207d0000 - 0x00007ff9207e2000 	C:\WINDOWS\SYSTEM32\kernel.appcore.dll
0x00007ff91aa00000 - 0x00007ff91aa0a000 	D:\Android\Android Studio\jbr\bin\jimage.dll
0x00007ff91cba0000 - 0x00007ff91cd84000 	C:\WINDOWS\SYSTEM32\DBGHELP.DLL
0x00007ff9062c0000 - 0x00007ff9062f4000 	C:\WINDOWS\SYSTEM32\dbgcore.DLL
0x00007ff922630000 - 0x00007ff9226b2000 	C:\WINDOWS\System32\bcryptPrimitives.dll
0x00007ff9167c0000 - 0x00007ff9167e5000 	D:\Android\Android Studio\jbr\bin\java.dll
0x00007ff9187d0000 - 0x00007ff9187e8000 	D:\Android\Android Studio\jbr\bin\zip.dll
0x00007ff923710000 - 0x00007ff923e55000 	C:\WINDOWS\System32\SHELL32.dll
0x00007ff920020000 - 0x00007ff9207bb000 	C:\WINDOWS\SYSTEM32\windows.storage.dll
0x00007ff924530000 - 0x00007ff924884000 	C:\WINDOWS\System32\combase.dll
0x00007ff921980000 - 0x00007ff9219ae000 	C:\WINDOWS\SYSTEM32\Wldp.dll
0x00007ff9242e0000 - 0x00007ff92438d000 	C:\WINDOWS\System32\SHCORE.dll
0x00007ff923420000 - 0x00007ff923475000 	C:\WINDOWS\System32\shlwapi.dll
0x00007ff921ee0000 - 0x00007ff921f05000 	C:\WINDOWS\SYSTEM32\profapi.dll
0x00007ff9184b0000 - 0x00007ff9184c9000 	D:\Android\Android Studio\jbr\bin\net.dll
0x00007ff90fe30000 - 0x00007ff90ff3a000 	C:\WINDOWS\SYSTEM32\WINHTTP.dll
0x00007ff9216e0000 - 0x00007ff92174a000 	C:\WINDOWS\system32\mswsock.dll
0x00007ff9169d0000 - 0x00007ff9169e6000 	D:\Android\Android Studio\jbr\bin\nio.dll
0x00007ff91a800000 - 0x00007ff91a810000 	D:\Android\Android Studio\jbr\bin\verify.dll
0x00007ff90d3e0000 - 0x00007ff90d407000 	D:\Android\gradle-8.3\native\68d5fa5c4cc2d200863cafc0d521ce42e7d3e7ee720ec0a83991735586a16f82\windows-amd64\native-platform.dll
0x00007ff8e8350000 - 0x00007ff8e8494000 	D:\Android\gradle-8.3\native\e376f236ea51e6404a007f0833ffe2c6e607c4080706a723a18a27aeea778392\windows-amd64\native-platform-file-events.dll
0x00007ff9187a0000 - 0x00007ff9187a9000 	D:\Android\Android Studio\jbr\bin\management.dll
0x00007ff9186d0000 - 0x00007ff9186db000 	D:\Android\Android Studio\jbr\bin\management_ext.dll
0x00007ff922f90000 - 0x00007ff922f98000 	C:\WINDOWS\System32\PSAPI.DLL
0x00007ff9218d0000 - 0x00007ff9218e8000 	C:\WINDOWS\SYSTEM32\CRYPTSP.dll
0x00007ff920ff0000 - 0x00007ff921024000 	C:\WINDOWS\system32\rsaenh.dll
0x00007ff922450000 - 0x00007ff922477000 	C:\WINDOWS\System32\bcrypt.dll
0x00007ff921e60000 - 0x00007ff921e8e000 	C:\WINDOWS\SYSTEM32\USERENV.dll
0x00007ff9218f0000 - 0x00007ff9218fc000 	C:\WINDOWS\SYSTEM32\CRYPTBASE.dll
0x00007ff9213d0000 - 0x00007ff92140b000 	C:\WINDOWS\SYSTEM32\IPHLPAPI.DLL
0x00007ff923f80000 - 0x00007ff923f88000 	C:\WINDOWS\System32\NSI.dll
0x00007ff9107d0000 - 0x00007ff9107e7000 	C:\WINDOWS\SYSTEM32\dhcpcsvc6.DLL
0x00007ff9107b0000 - 0x00007ff9107cd000 	C:\WINDOWS\SYSTEM32\dhcpcsvc.DLL
0x00007ff921410000 - 0x00007ff9214da000 	C:\WINDOWS\SYSTEM32\DNSAPI.dll
0x00007ff9183b0000 - 0x00007ff9183b7000 	C:\WINDOWS\system32\wshunix.dll
0x00007ff8fb090000 - 0x00007ff8fb0a7000 	C:\WINDOWS\system32\napinsp.dll
0x00007ff8fb0b0000 - 0x00007ff8fb0cb000 	C:\WINDOWS\system32\pnrpnsp.dll
0x00007ff9199f0000 - 0x00007ff919a05000 	C:\WINDOWS\system32\wshbth.dll
0x00007ff91a480000 - 0x00007ff91a49d000 	C:\WINDOWS\system32\NLAapi.dll
0x00007ff8fb130000 - 0x00007ff8fb142000 	C:\WINDOWS\System32\winrnr.dll
0x00007ff90ce30000 - 0x00007ff90ce3a000 	C:\Windows\System32\rasadhlp.dll
0x00007ff90cce0000 - 0x00007ff90cd62000 	C:\WINDOWS\System32\fwpuclnt.dll

dbghelp: loaded successfully - version: 4.0.5 - missing functions: none
symbol engine: initialized successfully - sym options: 0x614 - pdb path: .;D:\Android\Android Studio\jbr\bin;C:\WINDOWS\SYSTEM32;C:\WINDOWS\WinSxS\amd64_microsoft.windows.common-controls_6595b64144ccf1df_6.0.19041.1110_none_60b5254171f9507e;D:\Android\Android Studio\jbr\bin\server;D:\Android\gradle-8.3\native\68d5fa5c4cc2d200863cafc0d521ce42e7d3e7ee720ec0a83991735586a16f82\windows-amd64;D:\Android\gradle-8.3\native\e376f236ea51e6404a007f0833ffe2c6e607c4080706a723a18a27aeea778392\windows-amd64

VM Arguments:
jvm_args: --add-opens=java.base/java.util=ALL-UNNAMED --add-opens=java.base/java.lang=ALL-UNNAMED --add-opens=java.base/java.lang.invoke=ALL-UNNAMED --add-opens=java.prefs/java.util.prefs=ALL-UNNAMED --add-opens=java.base/java.nio.charset=ALL-UNNAMED --add-opens=java.base/java.net=ALL-UNNAMED --add-opens=java.base/java.util.concurrent.atomic=ALL-UNNAMED -Xmx2048m -Dfile.encoding=UTF-8 -Duser.country=US -Duser.language=en -Duser.variant 
java_command: org.gradle.launcher.daemon.bootstrap.GradleDaemon 8.0
java_class_path (initial): D:\Android\gradle-8.3\wrapper\dists\gradle-8.0-bin\ca5e32bp14vu59qr306oxotwh\gradle-8.0\lib\gradle-launcher-8.0.jar
Launcher Type: SUN_STANDARD

[Global flags]
     intx CICompilerCount                          = 3                                         {product} {ergonomic}
     uint ConcGCThreads                            = 1                                         {product} {ergonomic}
     uint G1ConcRefinementThreads                  = 4                                         {product} {ergonomic}
   size_t G1HeapRegionSize                         = 1048576                                   {product} {ergonomic}
    uintx GCDrainStackTargetSize                   = 64                                        {product} {ergonomic}
   size_t InitialHeapSize                          = 134217728                                 {product} {ergonomic}
   size_t MarkStackSize                            = 4194304                                   {product} {ergonomic}
   size_t MaxHeapSize                              = 2147483648                                {product} {command line}
   size_t MaxNewSize                               = 1287651328                                {product} {ergonomic}
   size_t MinHeapDeltaBytes                        = 1048576                                   {product} {ergonomic}
   size_t MinHeapSize                              = 8388608                                   {product} {ergonomic}
    uintx NonNMethodCodeHeapSize                   = 5832780                                {pd product} {ergonomic}
    uintx NonProfiledCodeHeapSize                  = 122912730                              {pd product} {ergonomic}
    uintx ProfiledCodeHeapSize                     = 122912730                              {pd product} {ergonomic}
    uintx ReservedCodeCacheSize                    = 251658240                              {pd product} {ergonomic}
     bool SegmentedCodeCache                       = true                                      {product} {ergonomic}
   size_t SoftMaxHeapSize                          = 2147483648                             {manageable} {ergonomic}
     bool UseCompressedClassPointers               = true                           {product lp64_product} {ergonomic}
     bool UseCompressedOops                        = true                           {product lp64_product} {ergonomic}
     bool UseG1GC                                  = true                                      {product} {ergonomic}
     bool UseLargePagesIndividualAllocation        = false                                  {pd product} {ergonomic}

Logging:
Log output configuration:
 #0: stdout all=warning uptime,level,tags
 #1: stderr all=off uptime,level,tags

Environment Variables:
PATH=C:\Program Files (x86)\Common Files\Oracle\Java\javapath;D:\IntelSWTools\system_studio_2020\OpenCL\sdk\bin\x64;D:\IntelSWTools\system_studio_2020\OpenCL\sdk\bin\x86;D:\app\hP\product\11.2.0\dbhome_1\bin;C:\Program Files\Common Files\Oracle\Java\javapath;C:\ProgramData\Oracle\Java\javapath;C:\WINDOWS\system32;C:\WINDOWS;C:\WINDOWS\System32\Wbem;C:\WINDOWS\System32\WindowsPowerShell\v1.0\;C:\WINDOWS\System32\OpenSSH\;C:\MinGW\bin;D:\R2019b\runtime\win64;D:\R2019b\bin;D:\R2019b\polyspace\bin;D:\bin;C:\Program Files\Java\jdk-18.0.2.1;C:\Program Files\Microsoft SQL Server\150\Tools\Binn\;C:\Program Files\Cloudflare\Cloudflare WARP\;D:\nodejs\;C:\Program Files\MySQL\MySQL Shell 8.0\bin\;C:\Users\hP\AppData\Local\Programs\Python\Python310\Scripts\;C:\Users\hP\AppData\Local\Programs\Python\Python310\;C:\Users\hP\AppData\Local\Microsoft\WindowsApps;D:\_JetBrains_CLion_2020.2.1x64\CLion 2020.2.1\bin;;C:\Program Files\Azure Data Studio\bin;C:\Users\hP\AppData\Roaming\npm;D:\Microsoft VS Code\bin
USERNAME=hP
OS=Windows_NT
PROCESSOR_IDENTIFIER=Intel64 Family 6 Model 142 Stepping 9, GenuineIntel
TMP=C:\Users\hP\AppData\Local\Temp
TEMP=C:\Users\hP\AppData\Local\Temp


JNI global refs:
JNI global refs: 25, weak refs: 0

JNI global refs memory usage: 843, weak refs: 841


---------------  S Y S T E M  ---------------

OS:
 Windows 10 , 64 bit Build 19041 (10.0.19041.3393)
OS uptime: 0 days 23:23 hours

CPU: total 4 (initial active 4) (2 cores per cpu, 2 threads per core) family 6 model 142 stepping 9 microcode 0xb4, cx8, cmov, fxsr, ht, mmx, 3dnowpref, sse, sse2, sse3, ssse3, sse4.1, sse4.2, popcnt, lzcnt, tsc, tscinvbit, avx, avx2, aes, erms, clmul, bmi1, bmi2, adx, fma, vzeroupper, clflush, clflushopt

Memory: 4k page, system-wide physical 8089M (608M free)
TotalPageFile size 12185M (AvailPageFile size 5M)
current process WorkingSet (physical memory assigned to process): 484M, peak: 497M
current process commit charge ("private bytes"): 783M, peak: 788M

vm_info: OpenJDK 64-Bit Server VM (17.0.6+0-b2043.56-10027231) for windows-amd64 JRE (17.0.6+0-b2043.56-10027231), built on Apr 28 2023 00:43:19 by "androidbuild" with MS VC++ 16.10 / 16.11 (VS2019)

END.
