#
# There is insufficient memory for the Java Runtime Environment to continue.
# Native memory allocation (malloc) failed to allocate 684016 bytes for Chunk::new
# Possible reasons:
#   The system is out of physical RAM or swap space
#   The process is running with CompressedOops enabled, and the Java Heap may be blocking the growth of the native heap
# Possible solutions:
#   Reduce memory load on the system
#   Increase physical memory or swap space
#   Check if swap backing store is full
#   Decrease Java heap size (-Xmx/-Xms)
#   Decrease number of Java threads
#   Decrease Java thread stack sizes (-Xss)
#   Set larger code cache with -XX:ReservedCodeCacheSize=
#   JVM is running with Unscaled Compressed Oops mode in which the Java heap is
#     placed in the first 4GB address space. The Java Heap base address is the
#     maximum limit for the native heap growth. Please use -XX:HeapBaseMinAddress
#     to set the Java Heap base and to place the Java Heap above 4GB virtual address.
# This output file may be truncated or incomplete.
#
#  Out of Memory Error (arena.cpp:189), pid=9204, tid=3528
#
# JRE version: OpenJDK Runtime Environment (17.0.6) (build 17.0.6+0-b2043.56-10027231)
# Java VM: OpenJDK 64-Bit Server VM (17.0.6+0-b2043.56-10027231, mixed mode, tiered, compressed oops, compressed class ptrs, g1 gc, windows-amd64)
# No core dump will be written. Minidumps are not enabled by default on client versions of Windows
#

---------------  S U M M A R Y ------------

Command Line: --add-opens=java.base/java.util=ALL-UNNAMED --add-opens=java.base/java.lang=ALL-UNNAMED --add-opens=java.base/java.lang.invoke=ALL-UNNAMED --add-opens=java.prefs/java.util.prefs=ALL-UNNAMED --add-opens=java.base/java.nio.charset=ALL-UNNAMED --add-opens=java.base/java.net=ALL-UNNAMED --add-opens=java.base/java.util.concurrent.atomic=ALL-UNNAMED -Xmx2048m -Dfile.encoding=UTF-8 -Duser.country=US -Duser.language=en -Duser.variant org.gradle.launcher.daemon.bootstrap.GradleDaemon 8.0

Host: Intel(R) Core(TM) i5-7200U CPU @ 2.50GHz, 4 cores, 7G,  Windows 10 , 64 bit Build 19041 (10.0.19041.3393)
Time: Wed Oct 11 09:49:17 2023 Pakistan Standard Time elapsed time: 28.149603 seconds (0d 0h 0m 28s)

---------------  T H R E A D  ---------------

Current thread (0x000002a54140a300):  JavaThread "C2 CompilerThread0" daemon [_thread_in_native, id=3528, stack(0x000000fdf5500000,0x000000fdf5600000)]


Current CompileTask:
C2:  28149 7863       4       com.google.common.collect.ImmutableSet$RegularSetBuilderImpl::add (68 bytes)

Stack: [0x000000fdf5500000,0x000000fdf5600000]
Native frames: (J=compiled Java code, j=interpreted, Vv=VM code, C=native code)
V  [jvm.dll+0x683c9a]
V  [jvm.dll+0x8427a4]
V  [jvm.dll+0x843f9e]
V  [jvm.dll+0x844603]
V  [jvm.dll+0x249b75]
V  [jvm.dll+0xabcac]
V  [jvm.dll+0xac27c]
V  [jvm.dll+0x2b0eef]
V  [jvm.dll+0x58a267]
V  [jvm.dll+0x2243b2]
V  [jvm.dll+0x21ddf4]
V  [jvm.dll+0x21b51b]
V  [jvm.dll+0x1a4fdd]
V  [jvm.dll+0x22b098]
V  [jvm.dll+0x229159]
V  [jvm.dll+0x7f81ec]
V  [jvm.dll+0x7f274a]
V  [jvm.dll+0x682ad5]
C  [ucrtbase.dll+0x21bb2]
C  [KERNEL32.DLL+0x17344]
C  [ntdll.dll+0x526b1]


---------------  P R O C E S S  ---------------

Threads class SMR info:
_java_thread_list=0x000002a545fdb250, length=82, elements={
0x000002a527219d70, 0x000002a5407ddec0, 0x000002a5407df520, 0x000002a54081c3c0,
0x000002a541408070, 0x000002a5414090d0, 0x000002a541409990, 0x000002a54140a300,
0x000002a54140c860, 0x000002a541483c20, 0x000002a541589740, 0x000002a541589c10,
0x000002a543d93660, 0x000002a5417f2ff0, 0x000002a543d90f90, 0x000002a543939030,
0x000002a54293c6b0, 0x000002a542c641c0, 0x000002a54250eee0, 0x000002a542cf8790,
0x000002a542cfa940, 0x000002a542cfae10, 0x000002a542cf9600, 0x000002a542cf9ad0,
0x000002a542cf8c60, 0x000002a542cf7450, 0x000002a542cf7920, 0x000002a542cf9fa0,
0x000002a542cfa470, 0x000002a542cf9130, 0x000002a542cf7df0, 0x000002a542cf82c0,
0x000002a54606f3c0, 0x000002a54606ba00, 0x000002a54606cd40, 0x000002a54606bed0,
0x000002a546068eb0, 0x000002a54606d6e0, 0x000002a54606c3a0, 0x000002a54606d210,
0x000002a546069d20, 0x000002a546070700, 0x000002a54606f890, 0x000002a546069380,
0x000002a54606c870, 0x000002a54606e550, 0x000002a54606dbb0, 0x000002a54606e080,
0x000002a54606a1f0, 0x000002a54606eef0, 0x000002a54606fd60, 0x000002a546069850,
0x000002a54606a6c0, 0x000002a54606b060, 0x000002a542cea4c0, 0x000002a542cea990,
0x000002a542ce8310, 0x000002a542ce9b20, 0x000002a542ce74a0, 0x000002a542ce9ff0,
0x000002a542cee820, 0x000002a542ce87e0, 0x000002a542ce9180, 0x000002a542ce7970,
0x000002a542ce8cb0, 0x000002a542ceb800, 0x000002a542ceecf0, 0x000002a542ceae60,
0x000002a542ceb330, 0x000002a542cecb40, 0x000002a542cebcd0, 0x000002a542cec1a0,
0x000002a542ced010, 0x000002a542ce7e40, 0x000002a542ce9650, 0x000002a542cec670,
0x000002a542ced4e0, 0x000002a542ced9b0, 0x000002a542cede80, 0x000002a542cee350,
0x000002a54189b700, 0x000002a541898bb0
}

Java Threads: ( => current thread )
  0x000002a527219d70 JavaThread "main" [_thread_blocked, id=8152, stack(0x000000fdf4800000,0x000000fdf4900000)]
  0x000002a5407ddec0 JavaThread "Reference Handler" daemon [_thread_blocked, id=14000, stack(0x000000fdf4f00000,0x000000fdf5000000)]
  0x000002a5407df520 JavaThread "Finalizer" daemon [_thread_blocked, id=8784, stack(0x000000fdf5000000,0x000000fdf5100000)]
  0x000002a54081c3c0 JavaThread "Signal Dispatcher" daemon [_thread_blocked, id=5132, stack(0x000000fdf5100000,0x000000fdf5200000)]
  0x000002a541408070 JavaThread "Attach Listener" daemon [_thread_blocked, id=12404, stack(0x000000fdf5200000,0x000000fdf5300000)]
  0x000002a5414090d0 JavaThread "Service Thread" daemon [_thread_blocked, id=12740, stack(0x000000fdf5300000,0x000000fdf5400000)]
  0x000002a541409990 JavaThread "Monitor Deflation Thread" daemon [_thread_blocked, id=10308, stack(0x000000fdf5400000,0x000000fdf5500000)]
=>0x000002a54140a300 JavaThread "C2 CompilerThread0" daemon [_thread_in_native, id=3528, stack(0x000000fdf5500000,0x000000fdf5600000)]
  0x000002a54140c860 JavaThread "C1 CompilerThread0" daemon [_thread_blocked, id=6296, stack(0x000000fdf5600000,0x000000fdf5700000)]
  0x000002a541483c20 JavaThread "Sweeper thread" daemon [_thread_blocked, id=13820, stack(0x000000fdf5700000,0x000000fdf5800000)]
  0x000002a541589740 JavaThread "Common-Cleaner" daemon [_thread_blocked, id=9404, stack(0x000000fdf5800000,0x000000fdf5900000)]
  0x000002a541589c10 JavaThread "Notification Thread" daemon [_thread_blocked, id=10860, stack(0x000000fdf5900000,0x000000fdf5a00000)]
  0x000002a543d93660 JavaThread "Daemon health stats" [_thread_blocked, id=13704, stack(0x000000fdf5f00000,0x000000fdf6000000)]
  0x000002a5417f2ff0 JavaThread "Incoming local TCP Connector on port 63895" [_thread_in_native, id=7628, stack(0x000000fdf5b00000,0x000000fdf5c00000)]
  0x000002a543d90f90 JavaThread "Daemon periodic checks" [_thread_blocked, id=13712, stack(0x000000fdf6000000,0x000000fdf6100000)]
  0x000002a543939030 JavaThread "Daemon" [_thread_blocked, id=7792, stack(0x000000fdf6100000,0x000000fdf6200000)]
  0x000002a54293c6b0 JavaThread "Handler for socket connection from /127.0.0.1:63895 to /127.0.0.1:63896" [_thread_in_native, id=4084, stack(0x000000fdf6200000,0x000000fdf6300000)]
  0x000002a542c641c0 JavaThread "Cancel handler" [_thread_blocked, id=11704, stack(0x000000fdf6300000,0x000000fdf6400000)]
  0x000002a54250eee0 JavaThread "Daemon worker" [_thread_in_vm, id=10788, stack(0x000000fdf6400000,0x000000fdf6500000)]
  0x000002a542cf8790 JavaThread "Asynchronous log dispatcher for DefaultDaemonConnection: socket connection from /127.0.0.1:63895 to /127.0.0.1:63896" [_thread_blocked, id=1476, stack(0x000000fdf6500000,0x000000fdf6600000)]
  0x000002a542cfa940 JavaThread "Stdin handler" [_thread_blocked, id=11184, stack(0x000000fdf6600000,0x000000fdf6700000)]
  0x000002a542cfae10 JavaThread "Daemon client event forwarder" [_thread_blocked, id=5880, stack(0x000000fdf6700000,0x000000fdf6800000)]
  0x000002a542cf9600 JavaThread "Cache worker for journal cache (D:\Android\gradle-8.3\caches\journal-1)" [_thread_blocked, id=8084, stack(0x000000fdf6800000,0x000000fdf6900000)]
  0x000002a542cf9ad0 JavaThread "File lock request listener" [_thread_in_native, id=6588, stack(0x000000fdf6900000,0x000000fdf6a00000)]
  0x000002a542cf8c60 JavaThread "Cache worker for file hash cache (D:\Android\gradle-8.3\caches\8.0\fileHashes)" [_thread_blocked, id=13376, stack(0x000000fdf6a00000,0x000000fdf6b00000)]
  0x000002a542cf7450 JavaThread "File watcher server" daemon [_thread_in_native, id=5720, stack(0x000000fdf6c00000,0x000000fdf6d00000)]
  0x000002a542cf7920 JavaThread "File watcher consumer" daemon [_thread_blocked, id=11248, stack(0x000000fdf6d00000,0x000000fdf6e00000)]
  0x000002a542cf9fa0 JavaThread "Cache worker for checksums cache (D:\i200547\.gradle\8.0\checksums)" [_thread_blocked, id=1740, stack(0x000000fdf6e00000,0x000000fdf6f00000)]
  0x000002a542cfa470 JavaThread "Cache worker for cache directory md-rule (D:\Android\gradle-8.3\caches\8.0\md-rule)" [_thread_blocked, id=13612, stack(0x000000fdf6f00000,0x000000fdf7000000)]
  0x000002a542cf9130 JavaThread "Cache worker for file content cache (D:\Android\gradle-8.3\caches\8.0\fileContent)" [_thread_blocked, id=5360, stack(0x000000fdf7000000,0x000000fdf7100000)]
  0x000002a542cf7df0 JavaThread "Cache worker for file hash cache (D:\i200547\.gradle\8.0\fileHashes)" [_thread_blocked, id=2528, stack(0x000000fdf7100000,0x000000fdf7200000)]
  0x000002a542cf82c0 JavaThread "Cache worker for cache directory md-supplier (D:\Android\gradle-8.3\caches\8.0\md-supplier)" [_thread_blocked, id=7724, stack(0x000000fdf6b00000,0x000000fdf6c00000)]
  0x000002a54606f3c0 JavaThread "Cache worker for execution history cache (D:\Android\gradle-8.3\caches\8.0\executionHistory)" [_thread_blocked, id=7776, stack(0x000000fdf7200000,0x000000fdf7300000)]
  0x000002a54606ba00 JavaThread "jar transforms" [_thread_blocked, id=4372, stack(0x000000fdf7300000,0x000000fdf7400000)]
  0x000002a54606cd40 JavaThread "jar transforms Thread 2" [_thread_blocked, id=11500, stack(0x000000fdf7500000,0x000000fdf7600000)]
  0x000002a54606bed0 JavaThread "Cache worker for kotlin-dsl (D:\Android\gradle-8.3\caches\8.0\kotlin-dsl)" [_thread_blocked, id=13396, stack(0x000000fdf7700000,0x000000fdf7800000)]
  0x000002a546068eb0 JavaThread "jar transforms Thread 3" [_thread_blocked, id=3024, stack(0x000000fdf7800000,0x000000fdf7900000)]
  0x000002a54606d6e0 JavaThread "jar transforms Thread 4" [_thread_blocked, id=8660, stack(0x000000fdf7900000,0x000000fdf7a00000)]
  0x000002a54606c3a0 JavaThread "Cache worker for dependencies-accessors (D:\i200547\.gradle\8.0\dependencies-accessors)" [_thread_blocked, id=11512, stack(0x000000fdf7a00000,0x000000fdf7b00000)]
  0x000002a54606d210 JavaThread "Cache worker for Build Output Cleanup Cache (D:\i200547\.gradle\buildOutputCleanup)" [_thread_blocked, id=6248, stack(0x000000fdf7b00000,0x000000fdf7c00000)]
  0x000002a546069d20 JavaThread "Unconstrained build operations" [_thread_blocked, id=12940, stack(0x000000fdf7400000,0x000000fdf7500000)]
  0x000002a546070700 JavaThread "Unconstrained build operations Thread 2" [_thread_blocked, id=13412, stack(0x000000fdf7c00000,0x000000fdf7d00000)]
  0x000002a54606f890 JavaThread "Unconstrained build operations Thread 3" [_thread_blocked, id=4428, stack(0x000000fdf7d00000,0x000000fdf7e00000)]
  0x000002a546069380 JavaThread "Unconstrained build operations Thread 4" [_thread_blocked, id=5412, stack(0x000000fdf7e00000,0x000000fdf7f00000)]
  0x000002a54606c870 JavaThread "Unconstrained build operations Thread 5" [_thread_blocked, id=12232, stack(0x000000fdf7f00000,0x000000fdf8000000)]
  0x000002a54606e550 JavaThread "Unconstrained build operations Thread 6" [_thread_blocked, id=13392, stack(0x000000fdf8000000,0x000000fdf8100000)]
  0x000002a54606dbb0 JavaThread "Unconstrained build operations Thread 7" [_thread_blocked, id=8840, stack(0x000000fdf8100000,0x000000fdf8200000)]
  0x000002a54606e080 JavaThread "Unconstrained build operations Thread 8" [_thread_blocked, id=820, stack(0x000000fdf8200000,0x000000fdf8300000)]
  0x000002a54606a1f0 JavaThread "Unconstrained build operations Thread 9" [_thread_blocked, id=9152, stack(0x000000fdf8300000,0x000000fdf8400000)]
  0x000002a54606eef0 JavaThread "Unconstrained build operations Thread 10" [_thread_blocked, id=12836, stack(0x000000fdf8400000,0x000000fdf8500000)]
  0x000002a54606fd60 JavaThread "Unconstrained build operations Thread 11" [_thread_blocked, id=8284, stack(0x000000fdf8500000,0x000000fdf8600000)]
  0x000002a546069850 JavaThread "Unconstrained build operations Thread 12" [_thread_blocked, id=12704, stack(0x000000fdf8600000,0x000000fdf8700000)]
  0x000002a54606a6c0 JavaThread "Unconstrained build operations Thread 13" [_thread_blocked, id=3696, stack(0x000000fdf8700000,0x000000fdf8800000)]
  0x000002a54606b060 JavaThread "Unconstrained build operations Thread 14" [_thread_blocked, id=8072, stack(0x000000fdf8800000,0x000000fdf8900000)]
  0x000002a542cea4c0 JavaThread "Unconstrained build operations Thread 15" [_thread_blocked, id=11896, stack(0x000000fdf8900000,0x000000fdf8a00000)]
  0x000002a542cea990 JavaThread "Unconstrained build operations Thread 16" [_thread_blocked, id=3408, stack(0x000000fdf8a00000,0x000000fdf8b00000)]
  0x000002a542ce8310 JavaThread "Unconstrained build operations Thread 17" [_thread_blocked, id=14056, stack(0x000000fdf8b00000,0x000000fdf8c00000)]
  0x000002a542ce9b20 JavaThread "Unconstrained build operations Thread 18" [_thread_blocked, id=6092, stack(0x000000fdf8c00000,0x000000fdf8d00000)]
  0x000002a542ce74a0 JavaThread "Unconstrained build operations Thread 19" [_thread_blocked, id=5440, stack(0x000000fdf8d00000,0x000000fdf8e00000)]
  0x000002a542ce9ff0 JavaThread "Unconstrained build operations Thread 20" [_thread_blocked, id=12700, stack(0x000000fdf8e00000,0x000000fdf8f00000)]
  0x000002a542cee820 JavaThread "Unconstrained build operations Thread 21" [_thread_blocked, id=5744, stack(0x000000fdf8f00000,0x000000fdf9000000)]
  0x000002a542ce87e0 JavaThread "Unconstrained build operations Thread 22" [_thread_blocked, id=1084, stack(0x000000fdf9000000,0x000000fdf9100000)]
  0x000002a542ce9180 JavaThread "Unconstrained build operations Thread 23" [_thread_blocked, id=12000, stack(0x000000fdf9100000,0x000000fdf9200000)]
  0x000002a542ce7970 JavaThread "Unconstrained build operations Thread 24" [_thread_blocked, id=6356, stack(0x000000fdf9200000,0x000000fdf9300000)]
  0x000002a542ce8cb0 JavaThread "Unconstrained build operations Thread 25" [_thread_blocked, id=12296, stack(0x000000fdf9300000,0x000000fdf9400000)]
  0x000002a542ceb800 JavaThread "Unconstrained build operations Thread 26" [_thread_blocked, id=13540, stack(0x000000fdf9400000,0x000000fdf9500000)]
  0x000002a542ceecf0 JavaThread "Unconstrained build operations Thread 27" [_thread_blocked, id=6580, stack(0x000000fdf9500000,0x000000fdf9600000)]
  0x000002a542ceae60 JavaThread "Unconstrained build operations Thread 28" [_thread_blocked, id=11144, stack(0x000000fdf9600000,0x000000fdf9700000)]
  0x000002a542ceb330 JavaThread "Unconstrained build operations Thread 29" [_thread_blocked, id=1512, stack(0x000000fdf9700000,0x000000fdf9800000)]
  0x000002a542cecb40 JavaThread "Unconstrained build operations Thread 30" [_thread_blocked, id=10276, stack(0x000000fdf9800000,0x000000fdf9900000)]
  0x000002a542cebcd0 JavaThread "Unconstrained build operations Thread 31" [_thread_blocked, id=12492, stack(0x000000fdf9900000,0x000000fdf9a00000)]
  0x000002a542cec1a0 JavaThread "Unconstrained build operations Thread 32" [_thread_blocked, id=13000, stack(0x000000fdf9a00000,0x000000fdf9b00000)]
  0x000002a542ced010 JavaThread "Unconstrained build operations Thread 33" [_thread_blocked, id=7068, stack(0x000000fdf9b00000,0x000000fdf9c00000)]
  0x000002a542ce7e40 JavaThread "Unconstrained build operations Thread 34" [_thread_blocked, id=9344, stack(0x000000fdf9c00000,0x000000fdf9d00000)]
  0x000002a542ce9650 JavaThread "Unconstrained build operations Thread 35" [_thread_blocked, id=8740, stack(0x000000fdf9d00000,0x000000fdf9e00000)]
  0x000002a542cec670 JavaThread "Unconstrained build operations Thread 36" [_thread_blocked, id=13888, stack(0x000000fdf9e00000,0x000000fdf9f00000)]
  0x000002a542ced4e0 JavaThread "Unconstrained build operations Thread 37" [_thread_blocked, id=7100, stack(0x000000fdf9f00000,0x000000fdfa000000)]
  0x000002a542ced9b0 JavaThread "Unconstrained build operations Thread 38" [_thread_blocked, id=1252, stack(0x000000fdfa000000,0x000000fdfa100000)]
  0x000002a542cede80 JavaThread "Unconstrained build operations Thread 39" [_thread_blocked, id=1144, stack(0x000000fdfa100000,0x000000fdfa200000)]
  0x000002a542cee350 JavaThread "Unconstrained build operations Thread 40" [_thread_blocked, id=7880, stack(0x000000fdfa200000,0x000000fdfa300000)]
  0x000002a54189b700 JavaThread "build event listener" [_thread_blocked, id=13184, stack(0x000000fdfa300000,0x000000fdfa400000)]
  0x000002a541898bb0 JavaThread "Memory manager" [_thread_blocked, id=4892, stack(0x000000fdfa400000,0x000000fdfa500000)]

Other Threads:
  0x000002a5407d9370 VMThread "VM Thread" [stack: 0x000000fdf4e00000,0x000000fdf4f00000] [id=12572]
  0x000002a54158a0e0 WatcherThread [stack: 0x000000fdf5a00000,0x000000fdf5b00000] [id=12692]
  0x000002a527275f40 GCTaskThread "GC Thread#0" [stack: 0x000000fdf4900000,0x000000fdf4a00000] [id=14248]
  0x000002a542186010 GCTaskThread "GC Thread#1" [stack: 0x000000fdf5c00000,0x000000fdf5d00000] [id=876]
  0x000002a541cff110 GCTaskThread "GC Thread#2" [stack: 0x000000fdf5d00000,0x000000fdf5e00000] [id=11040]
  0x000002a54239de40 GCTaskThread "GC Thread#3" [stack: 0x000000fdf5e00000,0x000000fdf5f00000] [id=3112]
  0x000002a527286d90 ConcurrentGCThread "G1 Main Marker" [stack: 0x000000fdf4a00000,0x000000fdf4b00000] [id=7836]
  0x000002a527287e50 ConcurrentGCThread "G1 Conc#0" [stack: 0x000000fdf4b00000,0x000000fdf4c00000] [id=1884]
  0x000002a5272ed960 ConcurrentGCThread "G1 Refine#0" [stack: 0x000000fdf4c00000,0x000000fdf4d00000] [id=10900]
  0x000002a54638a880 ConcurrentGCThread "G1 Refine#1" [stack: 0x000000fdf7600000,0x000000fdf7700000] [id=13096]
  0x000002a540631890 ConcurrentGCThread "G1 Service" [stack: 0x000000fdf4d00000,0x000000fdf4e00000] [id=2240]

Threads with active compile tasks:
C2 CompilerThread0    28207 7863       4       com.google.common.collect.ImmutableSet$RegularSetBuilderImpl::add (68 bytes)

VM state: not at safepoint (normal execution)

VM Mutex/Monitor currently owned by a thread: None

Heap address: 0x0000000080000000, size: 2048 MB, Compressed Oops mode: 32-bit

CDS archive(s) not mapped
Compressed class space mapped at: 0x0000000100000000-0x0000000140000000, reserved size: 1073741824
Narrow klass base: 0x0000000000000000, Narrow klass shift: 3, Narrow klass range: 0x140000000

GC Precious Log:
 CPUs: 4 total, 4 available
 Memory: 8089M
 Large Page Support: Disabled
 NUMA Support: Disabled
 Compressed Oops: Enabled (32-bit)
 Heap Region Size: 1M
 Heap Min Capacity: 8M
 Heap Initial Capacity: 128M
 Heap Max Capacity: 2G
 Pre-touch: Disabled
 Parallel Workers: 4
 Concurrent Workers: 1
 Concurrent Refinement Workers: 4
 Periodic GC: Disabled

Heap:
 garbage-first heap   total 141312K, used 86241K [0x0000000080000000, 0x0000000100000000)
  region size 1024K, 25 young (25600K), 6 survivors (6144K)
 Metaspace       used 79750K, committed 80384K, reserved 1122304K
  class space    used 10708K, committed 11008K, reserved 1048576K

Heap Regions: E=young(eden), S=young(survivor), O=old, HS=humongous(starts), HC=humongous(continues), CS=collection set, F=free, OA=open archive, CA=closed archive, TAMS=top-at-mark-start (previous, next)
|   0|0x0000000080000000, 0x0000000080100000, 0x0000000080100000|100%| O|  |TAMS 0x0000000080100000, 0x0000000080000000| Untracked 
|   1|0x0000000080100000, 0x0000000080200000, 0x0000000080200000|100%| O|  |TAMS 0x0000000080200000, 0x0000000080100000| Untracked 
|   2|0x0000000080200000, 0x0000000080300000, 0x0000000080300000|100%|HS|  |TAMS 0x0000000080300000, 0x0000000080200000| Complete 
|   3|0x0000000080300000, 0x0000000080400000, 0x0000000080400000|100%|HC|  |TAMS 0x0000000080400000, 0x0000000080300000| Complete 
|   4|0x0000000080400000, 0x0000000080500000, 0x0000000080500000|100%|HC|  |TAMS 0x0000000080500000, 0x0000000080400000| Complete 
|   5|0x0000000080500000, 0x0000000080600000, 0x0000000080600000|100%|HC|  |TAMS 0x0000000080600000, 0x0000000080500000| Complete 
|   6|0x0000000080600000, 0x0000000080700000, 0x0000000080700000|100%| O|  |TAMS 0x0000000080700000, 0x0000000080600000| Untracked 
|   7|0x0000000080700000, 0x0000000080800000, 0x0000000080800000|100%| O|  |TAMS 0x0000000080800000, 0x0000000080700000| Untracked 
|   8|0x0000000080800000, 0x0000000080900000, 0x0000000080900000|100%| O|  |TAMS 0x0000000080900000, 0x0000000080800000| Untracked 
|   9|0x0000000080900000, 0x0000000080a00000, 0x0000000080a00000|100%| O|  |TAMS 0x0000000080a00000, 0x0000000080900000| Untracked 
|  10|0x0000000080a00000, 0x0000000080b00000, 0x0000000080b00000|100%| O|  |TAMS 0x0000000080b00000, 0x0000000080a00000| Untracked 
|  11|0x0000000080b00000, 0x0000000080b1dc00, 0x0000000080c00000| 11%| O|  |TAMS 0x0000000080b1dc00, 0x0000000080b00000| Untracked 
|  12|0x0000000080c00000, 0x0000000080d00000, 0x0000000080d00000|100%| O|  |TAMS 0x0000000080d00000, 0x0000000080c00000| Untracked 
|  13|0x0000000080d00000, 0x0000000080e00000, 0x0000000080e00000|100%| O|  |TAMS 0x0000000080e00000, 0x0000000080d00000| Untracked 
|  14|0x0000000080e00000, 0x0000000080f00000, 0x0000000080f00000|100%| O|  |TAMS 0x0000000080f00000, 0x0000000080e00000| Untracked 
|  15|0x0000000080f00000, 0x0000000081000000, 0x0000000081000000|100%| O|  |TAMS 0x0000000081000000, 0x0000000080f00000| Untracked 
|  16|0x0000000081000000, 0x0000000081100000, 0x0000000081100000|100%| O|  |TAMS 0x0000000081100000, 0x0000000081000000| Untracked 
|  17|0x0000000081100000, 0x0000000081200000, 0x0000000081200000|100%| O|  |TAMS 0x0000000081200000, 0x0000000081100000| Untracked 
|  18|0x0000000081200000, 0x0000000081300000, 0x0000000081300000|100%| O|  |TAMS 0x0000000081300000, 0x0000000081200000| Untracked 
|  19|0x0000000081300000, 0x0000000081400000, 0x0000000081400000|100%| O|  |TAMS 0x0000000081400000, 0x0000000081300000| Untracked 
|  20|0x0000000081400000, 0x0000000081500000, 0x0000000081500000|100%| O|  |TAMS 0x0000000081500000, 0x0000000081400000| Untracked 
|  21|0x0000000081500000, 0x0000000081600000, 0x0000000081600000|100%| O|  |TAMS 0x0000000081600000, 0x0000000081500000| Untracked 
|  22|0x0000000081600000, 0x0000000081700000, 0x0000000081700000|100%| O|  |TAMS 0x0000000081700000, 0x0000000081600000| Untracked 
|  23|0x0000000081700000, 0x0000000081800000, 0x0000000081800000|100%| O|  |TAMS 0x0000000081800000, 0x0000000081700000| Untracked 
|  24|0x0000000081800000, 0x0000000081900000, 0x0000000081900000|100%| O|  |TAMS 0x0000000081900000, 0x0000000081800000| Untracked 
|  25|0x0000000081900000, 0x0000000081a00000, 0x0000000081a00000|100%| O|  |TAMS 0x0000000081a00000, 0x0000000081900000| Untracked 
|  26|0x0000000081a00000, 0x0000000081b00000, 0x0000000081b00000|100%| O|  |TAMS 0x0000000081b00000, 0x0000000081a00000| Untracked 
|  27|0x0000000081b00000, 0x0000000081c00000, 0x0000000081c00000|100%| O|  |TAMS 0x0000000081c00000, 0x0000000081b00000| Untracked 
|  28|0x0000000081c00000, 0x0000000081d00000, 0x0000000081d00000|100%| O|  |TAMS 0x0000000081d00000, 0x0000000081c00000| Untracked 
|  29|0x0000000081d00000, 0x0000000081e00000, 0x0000000081e00000|100%| O|  |TAMS 0x0000000081e00000, 0x0000000081d00000| Untracked 
|  30|0x0000000081e00000, 0x0000000081f00000, 0x0000000081f00000|100%| O|  |TAMS 0x0000000081f00000, 0x0000000081e00000| Untracked 
|  31|0x0000000081f00000, 0x0000000082000000, 0x0000000082000000|100%| O|  |TAMS 0x0000000082000000, 0x0000000081f00000| Untracked 
|  32|0x0000000082000000, 0x0000000082100000, 0x0000000082100000|100%|HS|  |TAMS 0x0000000082100000, 0x0000000082000000| Complete 
|  33|0x0000000082100000, 0x0000000082200000, 0x0000000082200000|100%|HS|  |TAMS 0x0000000082200000, 0x0000000082100000| Complete 
|  34|0x0000000082200000, 0x0000000082300000, 0x0000000082300000|100%|HS|  |TAMS 0x0000000082300000, 0x0000000082200000| Complete 
|  35|0x0000000082300000, 0x0000000082400000, 0x0000000082400000|100%|HC|  |TAMS 0x0000000082400000, 0x0000000082300000| Complete 
|  36|0x0000000082400000, 0x0000000082500000, 0x0000000082500000|100%| O|  |TAMS 0x0000000082500000, 0x0000000082400000| Untracked 
|  37|0x0000000082500000, 0x0000000082600000, 0x0000000082600000|100%| O|  |TAMS 0x0000000082600000, 0x0000000082500000| Untracked 
|  38|0x0000000082600000, 0x0000000082700000, 0x0000000082700000|100%| O|  |TAMS 0x0000000082700000, 0x0000000082600000| Untracked 
|  39|0x0000000082700000, 0x0000000082800000, 0x0000000082800000|100%| O|  |TAMS 0x0000000082800000, 0x0000000082700000| Untracked 
|  40|0x0000000082800000, 0x0000000082900000, 0x0000000082900000|100%|HS|  |TAMS 0x0000000082900000, 0x0000000082800000| Complete 
|  41|0x0000000082900000, 0x0000000082a00000, 0x0000000082a00000|100%| O|  |TAMS 0x0000000082a00000, 0x0000000082900000| Untracked 
|  42|0x0000000082a00000, 0x0000000082b00000, 0x0000000082b00000|100%|HS|  |TAMS 0x0000000082b00000, 0x0000000082a00000| Complete 
|  43|0x0000000082b00000, 0x0000000082c00000, 0x0000000082c00000|100%|HC|  |TAMS 0x0000000082c00000, 0x0000000082b00000| Complete 
|  44|0x0000000082c00000, 0x0000000082d00000, 0x0000000082d00000|100%|HC|  |TAMS 0x0000000082d00000, 0x0000000082c00000| Complete 
|  45|0x0000000082d00000, 0x0000000082e00000, 0x0000000082e00000|100%|HC|  |TAMS 0x0000000082e00000, 0x0000000082d00000| Complete 
|  46|0x0000000082e00000, 0x0000000082f00000, 0x0000000082f00000|100%| O|  |TAMS 0x0000000082f00000, 0x0000000082e00000| Untracked 
|  47|0x0000000082f00000, 0x0000000083000000, 0x0000000083000000|100%| O|  |TAMS 0x0000000083000000, 0x0000000082f00000| Untracked 
|  48|0x0000000083000000, 0x0000000083100000, 0x0000000083100000|100%| O|  |TAMS 0x0000000083100000, 0x0000000083000000| Untracked 
|  49|0x0000000083100000, 0x0000000083200000, 0x0000000083200000|100%| O|  |TAMS 0x0000000083200000, 0x0000000083100000| Untracked 
|  50|0x0000000083200000, 0x0000000083300000, 0x0000000083300000|100%| O|  |TAMS 0x0000000083300000, 0x0000000083200000| Untracked 
|  51|0x0000000083300000, 0x0000000083400000, 0x0000000083400000|100%| O|  |TAMS 0x0000000083378200, 0x0000000083300000| Untracked 
|  52|0x0000000083400000, 0x0000000083500000, 0x0000000083500000|100%| O|  |TAMS 0x0000000083400000, 0x0000000083400000| Untracked 
|  53|0x0000000083500000, 0x0000000083600000, 0x0000000083600000|100%| O|  |TAMS 0x0000000083500000, 0x0000000083500000| Untracked 
|  54|0x0000000083600000, 0x0000000083700000, 0x0000000083700000|100%| O|  |TAMS 0x0000000083600000, 0x0000000083600000| Untracked 
|  55|0x0000000083700000, 0x0000000083800000, 0x0000000083800000|100%| O|  |TAMS 0x0000000083700000, 0x0000000083700000| Untracked 
|  56|0x0000000083800000, 0x0000000083900000, 0x0000000083900000|100%| O|  |TAMS 0x0000000083800000, 0x0000000083800000| Untracked 
|  57|0x0000000083900000, 0x0000000083a00000, 0x0000000083a00000|100%| O|  |TAMS 0x0000000083900000, 0x0000000083900000| Untracked 
|  58|0x0000000083a00000, 0x0000000083b00000, 0x0000000083b00000|100%| O|  |TAMS 0x0000000083a00000, 0x0000000083a00000| Untracked 
|  59|0x0000000083b00000, 0x0000000083c00000, 0x0000000083c00000|100%| O|  |TAMS 0x0000000083b00000, 0x0000000083b00000| Untracked 
|  60|0x0000000083c00000, 0x0000000083c1a800, 0x0000000083d00000| 10%| O|  |TAMS 0x0000000083c00000, 0x0000000083c00000| Untracked 
|  61|0x0000000083d00000, 0x0000000083e00000, 0x0000000083e00000|100%|HS|  |TAMS 0x0000000083d00000, 0x0000000083d00000| Complete 
|  62|0x0000000083e00000, 0x0000000083e00000, 0x0000000083f00000|  0%| F|  |TAMS 0x0000000083e00000, 0x0000000083e00000| Untracked 
|  63|0x0000000083f00000, 0x0000000083f00000, 0x0000000084000000|  0%| F|  |TAMS 0x0000000083f00000, 0x0000000083f00000| Untracked 
|  64|0x0000000084000000, 0x0000000084000000, 0x0000000084100000|  0%| F|  |TAMS 0x0000000084000000, 0x0000000084000000| Untracked 
|  65|0x0000000084100000, 0x0000000084100000, 0x0000000084200000|  0%| F|  |TAMS 0x0000000084100000, 0x0000000084100000| Untracked 
|  66|0x0000000084200000, 0x0000000084200000, 0x0000000084300000|  0%| F|  |TAMS 0x0000000084200000, 0x0000000084200000| Untracked 
|  67|0x0000000084300000, 0x0000000084300000, 0x0000000084400000|  0%| F|  |TAMS 0x0000000084300000, 0x0000000084300000| Untracked 
|  68|0x0000000084400000, 0x0000000084400000, 0x0000000084500000|  0%| F|  |TAMS 0x0000000084400000, 0x0000000084400000| Untracked 
|  69|0x0000000084500000, 0x0000000084500000, 0x0000000084600000|  0%| F|  |TAMS 0x0000000084500000, 0x0000000084500000| Untracked 
|  70|0x0000000084600000, 0x0000000084600000, 0x0000000084700000|  0%| F|  |TAMS 0x0000000084600000, 0x0000000084600000| Untracked 
|  71|0x0000000084700000, 0x0000000084700000, 0x0000000084800000|  0%| F|  |TAMS 0x0000000084700000, 0x0000000084700000| Untracked 
|  72|0x0000000084800000, 0x0000000084800000, 0x0000000084900000|  0%| F|  |TAMS 0x0000000084800000, 0x0000000084800000| Untracked 
|  73|0x0000000084900000, 0x0000000084900000, 0x0000000084a00000|  0%| F|  |TAMS 0x0000000084900000, 0x0000000084900000| Untracked 
|  74|0x0000000084a00000, 0x0000000084a00000, 0x0000000084b00000|  0%| F|  |TAMS 0x0000000084a00000, 0x0000000084a00000| Untracked 
|  75|0x0000000084b00000, 0x0000000084b00000, 0x0000000084c00000|  0%| F|  |TAMS 0x0000000084b00000, 0x0000000084b00000| Untracked 
|  76|0x0000000084c00000, 0x0000000084c00000, 0x0000000084d00000|  0%| F|  |TAMS 0x0000000084c00000, 0x0000000084c00000| Untracked 
|  77|0x0000000084d00000, 0x0000000084d00000, 0x0000000084e00000|  0%| F|  |TAMS 0x0000000084d00000, 0x0000000084d00000| Untracked 
|  78|0x0000000084e00000, 0x0000000084e00000, 0x0000000084f00000|  0%| F|  |TAMS 0x0000000084e00000, 0x0000000084e00000| Untracked 
|  79|0x0000000084f00000, 0x0000000084f00000, 0x0000000085000000|  0%| F|  |TAMS 0x0000000084f00000, 0x0000000084f00000| Untracked 
|  80|0x0000000085000000, 0x0000000085000000, 0x0000000085100000|  0%| F|  |TAMS 0x0000000085000000, 0x0000000085000000| Untracked 
|  81|0x0000000085100000, 0x0000000085100000, 0x0000000085200000|  0%| F|  |TAMS 0x0000000085100000, 0x0000000085100000| Untracked 
|  82|0x0000000085200000, 0x0000000085200000, 0x0000000085300000|  0%| F|  |TAMS 0x0000000085200000, 0x0000000085200000| Untracked 
|  83|0x0000000085300000, 0x0000000085300000, 0x0000000085400000|  0%| F|  |TAMS 0x0000000085300000, 0x0000000085300000| Untracked 
|  84|0x0000000085400000, 0x0000000085400000, 0x0000000085500000|  0%| F|  |TAMS 0x0000000085400000, 0x0000000085400000| Untracked 
|  85|0x0000000085500000, 0x0000000085500000, 0x0000000085600000|  0%| F|  |TAMS 0x0000000085500000, 0x0000000085500000| Untracked 
|  86|0x0000000085600000, 0x0000000085600000, 0x0000000085700000|  0%| F|  |TAMS 0x0000000085600000, 0x0000000085600000| Untracked 
|  87|0x0000000085700000, 0x0000000085700000, 0x0000000085800000|  0%| F|  |TAMS 0x0000000085700000, 0x0000000085700000| Untracked 
|  88|0x0000000085800000, 0x0000000085800000, 0x0000000085900000|  0%| F|  |TAMS 0x0000000085800000, 0x0000000085800000| Untracked 
|  89|0x0000000085900000, 0x0000000085a00000, 0x0000000085a00000|100%| S|CS|TAMS 0x0000000085900000, 0x0000000085900000| Complete 
|  90|0x0000000085a00000, 0x0000000085b00000, 0x0000000085b00000|100%| S|CS|TAMS 0x0000000085a00000, 0x0000000085a00000| Complete 
|  91|0x0000000085b00000, 0x0000000085c00000, 0x0000000085c00000|100%| S|CS|TAMS 0x0000000085b00000, 0x0000000085b00000| Complete 
|  92|0x0000000085c00000, 0x0000000085d00000, 0x0000000085d00000|100%| S|CS|TAMS 0x0000000085c00000, 0x0000000085c00000| Complete 
|  93|0x0000000085d00000, 0x0000000085e00000, 0x0000000085e00000|100%| S|CS|TAMS 0x0000000085d00000, 0x0000000085d00000| Complete 
|  94|0x0000000085e00000, 0x0000000085f00000, 0x0000000085f00000|100%| S|CS|TAMS 0x0000000085e00000, 0x0000000085e00000| Complete 
|  95|0x0000000085f00000, 0x0000000085f00000, 0x0000000086000000|  0%| F|  |TAMS 0x0000000085f00000, 0x0000000085f00000| Untracked 
|  96|0x0000000086000000, 0x0000000086000000, 0x0000000086100000|  0%| F|  |TAMS 0x0000000086000000, 0x0000000086000000| Untracked 
|  97|0x0000000086100000, 0x0000000086100000, 0x0000000086200000|  0%| F|  |TAMS 0x0000000086100000, 0x0000000086100000| Untracked 
|  98|0x0000000086200000, 0x0000000086200000, 0x0000000086300000|  0%| F|  |TAMS 0x0000000086200000, 0x0000000086200000| Untracked 
|  99|0x0000000086300000, 0x0000000086300000, 0x0000000086400000|  0%| F|  |TAMS 0x0000000086300000, 0x0000000086300000| Untracked 
| 100|0x0000000086400000, 0x0000000086400000, 0x0000000086500000|  0%| F|  |TAMS 0x0000000086400000, 0x0000000086400000| Untracked 
| 101|0x0000000086500000, 0x0000000086500000, 0x0000000086600000|  0%| F|  |TAMS 0x0000000086500000, 0x0000000086500000| Untracked 
| 102|0x0000000086600000, 0x0000000086600000, 0x0000000086700000|  0%| F|  |TAMS 0x0000000086600000, 0x0000000086600000| Untracked 
| 103|0x0000000086700000, 0x0000000086700000, 0x0000000086800000|  0%| F|  |TAMS 0x0000000086700000, 0x0000000086700000| Untracked 
| 104|0x0000000086800000, 0x0000000086800000, 0x0000000086900000|  0%| F|  |TAMS 0x0000000086800000, 0x0000000086800000| Untracked 
| 105|0x0000000086900000, 0x0000000086900000, 0x0000000086a00000|  0%| F|  |TAMS 0x0000000086900000, 0x0000000086900000| Untracked 
| 106|0x0000000086a00000, 0x0000000086a00000, 0x0000000086b00000|  0%| F|  |TAMS 0x0000000086a00000, 0x0000000086a00000| Untracked 
| 107|0x0000000086b00000, 0x0000000086b00000, 0x0000000086c00000|  0%| F|  |TAMS 0x0000000086b00000, 0x0000000086b00000| Untracked 
| 108|0x0000000086c00000, 0x0000000086c00000, 0x0000000086d00000|  0%| F|  |TAMS 0x0000000086c00000, 0x0000000086c00000| Untracked 
| 109|0x0000000086d00000, 0x0000000086d00000, 0x0000000086e00000|  0%| F|  |TAMS 0x0000000086d00000, 0x0000000086d00000| Untracked 
| 110|0x0000000086e00000, 0x0000000086e00000, 0x0000000086f00000|  0%| F|  |TAMS 0x0000000086e00000, 0x0000000086e00000| Untracked 
| 111|0x0000000086f00000, 0x0000000086f00000, 0x0000000087000000|  0%| F|  |TAMS 0x0000000086f00000, 0x0000000086f00000| Untracked 
| 112|0x0000000087000000, 0x0000000087000000, 0x0000000087100000|  0%| F|  |TAMS 0x0000000087000000, 0x0000000087000000| Untracked 
| 113|0x0000000087100000, 0x0000000087100000, 0x0000000087200000|  0%| F|  |TAMS 0x0000000087100000, 0x0000000087100000| Untracked 
| 114|0x0000000087200000, 0x0000000087200000, 0x0000000087300000|  0%| F|  |TAMS 0x0000000087200000, 0x0000000087200000| Untracked 
| 115|0x0000000087300000, 0x0000000087300000, 0x0000000087400000|  0%| F|  |TAMS 0x0000000087300000, 0x0000000087300000| Untracked 
| 116|0x0000000087400000, 0x0000000087400000, 0x0000000087500000|  0%| F|  |TAMS 0x0000000087400000, 0x0000000087400000| Untracked 
| 117|0x0000000087500000, 0x0000000087500000, 0x0000000087600000|  0%| F|  |TAMS 0x0000000087500000, 0x0000000087500000| Untracked 
| 118|0x0000000087600000, 0x0000000087600000, 0x0000000087700000|  0%| F|  |TAMS 0x0000000087600000, 0x0000000087600000| Untracked 
| 119|0x0000000087700000, 0x0000000087800000, 0x0000000087800000|100%| E|  |TAMS 0x0000000087700000, 0x0000000087700000| Complete 
| 120|0x0000000087800000, 0x0000000087900000, 0x0000000087900000|100%| E|CS|TAMS 0x0000000087800000, 0x0000000087800000| Complete 
| 121|0x0000000087900000, 0x0000000087a00000, 0x0000000087a00000|100%| E|CS|TAMS 0x0000000087900000, 0x0000000087900000| Complete 
| 122|0x0000000087a00000, 0x0000000087b00000, 0x0000000087b00000|100%| E|CS|TAMS 0x0000000087a00000, 0x0000000087a00000| Complete 
| 123|0x0000000087b00000, 0x0000000087c00000, 0x0000000087c00000|100%| E|CS|TAMS 0x0000000087b00000, 0x0000000087b00000| Complete 
| 124|0x0000000087c00000, 0x0000000087d00000, 0x0000000087d00000|100%| E|CS|TAMS 0x0000000087c00000, 0x0000000087c00000| Complete 
| 125|0x0000000087d00000, 0x0000000087e00000, 0x0000000087e00000|100%| E|CS|TAMS 0x0000000087d00000, 0x0000000087d00000| Complete 
| 126|0x0000000087e00000, 0x0000000087f00000, 0x0000000087f00000|100%| E|CS|TAMS 0x0000000087e00000, 0x0000000087e00000| Complete 
| 127|0x0000000087f00000, 0x0000000088000000, 0x0000000088000000|100%| E|CS|TAMS 0x0000000087f00000, 0x0000000087f00000| Complete 
| 128|0x0000000088000000, 0x0000000088100000, 0x0000000088100000|100%| E|CS|TAMS 0x0000000088000000, 0x0000000088000000| Complete 
| 129|0x0000000088100000, 0x0000000088200000, 0x0000000088200000|100%| E|CS|TAMS 0x0000000088100000, 0x0000000088100000| Complete 
| 130|0x0000000088200000, 0x0000000088300000, 0x0000000088300000|100%| E|CS|TAMS 0x0000000088200000, 0x0000000088200000| Complete 
| 131|0x0000000088300000, 0x0000000088400000, 0x0000000088400000|100%| E|CS|TAMS 0x0000000088300000, 0x0000000088300000| Complete 
| 132|0x0000000088400000, 0x0000000088500000, 0x0000000088500000|100%| E|CS|TAMS 0x0000000088400000, 0x0000000088400000| Complete 
| 133|0x0000000088500000, 0x0000000088600000, 0x0000000088600000|100%| E|CS|TAMS 0x0000000088500000, 0x0000000088500000| Complete 
| 134|0x0000000088600000, 0x0000000088700000, 0x0000000088700000|100%| E|CS|TAMS 0x0000000088600000, 0x0000000088600000| Complete 
| 135|0x0000000088700000, 0x0000000088800000, 0x0000000088800000|100%| E|CS|TAMS 0x0000000088700000, 0x0000000088700000| Complete 
| 136|0x0000000088800000, 0x0000000088900000, 0x0000000088900000|100%| E|CS|TAMS 0x0000000088800000, 0x0000000088800000| Complete 
| 137|0x0000000088900000, 0x0000000088a00000, 0x0000000088a00000|100%| E|CS|TAMS 0x0000000088900000, 0x0000000088900000| Complete 

Card table byte_map: [0x000002a539af0000,0x000002a539ef0000] _byte_map_base: 0x000002a5396f0000

Marking Bits (Prev, Next): (CMBitMap*) 0x000002a5272764a0, (CMBitMap*) 0x000002a527276460
 Prev Bits: [0x000002a53c2f0000, 0x000002a53e2f0000)
 Next Bits: [0x000002a53a2f0000, 0x000002a53c2f0000)

Polling page: 0x000002a525370000

Metaspace:

Usage:
  Non-class:     67.44 MB used.
      Class:     10.46 MB used.
       Both:     77.90 MB used.

Virtual space:
  Non-class space:       72.00 MB reserved,      67.75 MB ( 94%) committed,  9 nodes.
      Class space:        1.00 GB reserved,      10.75 MB (  1%) committed,  1 nodes.
             Both:        1.07 GB reserved,      78.50 MB (  7%) committed. 

Chunk freelists:
   Non-Class:  80.00 KB
       Class:  1.09 MB
        Both:  1.17 MB

MaxMetaspaceSize: unlimited
CompressedClassSpaceSize: 1.00 GB
Initial GC threshold: 21.00 MB
Current GC threshold: 105.12 MB
CDS: off
MetaspaceReclaimPolicy: balanced
 - commit_granule_bytes: 65536.
 - commit_granule_words: 8192.
 - virtual_space_node_default_size: 1048576.
 - enlarge_chunks_in_place: 1.
 - new_chunks_are_fully_committed: 0.
 - uncommit_free_chunks: 1.
 - use_allocation_guard: 0.
 - handle_deallocations: 1.


Internal statistics:

num_allocs_failed_limit: 6.
num_arena_births: 758.
num_arena_deaths: 0.
num_vsnodes_births: 10.
num_vsnodes_deaths: 0.
num_space_committed: 1256.
num_space_uncommitted: 0.
num_chunks_returned_to_freelist: 6.
num_chunks_taken_from_freelist: 3468.
num_chunk_merges: 6.
num_chunk_splits: 2379.
num_chunks_enlarged: 1692.
num_purges: 0.
num_inconsistent_stats: 0.

CodeHeap 'non-profiled nmethods': size=120000Kb used=3628Kb max_used=3628Kb free=116371Kb
 bounds [0x000002a5321c0000, 0x000002a532550000, 0x000002a5396f0000]
CodeHeap 'profiled nmethods': size=120000Kb used=13401Kb max_used=13401Kb free=106598Kb
 bounds [0x000002a52a6f0000, 0x000002a52b410000, 0x000002a531c20000]
CodeHeap 'non-nmethods': size=5760Kb used=2374Kb max_used=2443Kb free=3385Kb
 bounds [0x000002a531c20000, 0x000002a531e90000, 0x000002a5321c0000]
 total_blobs=7934 nmethods=7029 adapters=817
 compilation: enabled
              stopped_count=0, restarted_count=0
 full_count=0

Compilation events (20 events):
Event: 28.099 Thread 0x000002a54140c860 7865       3       org.gradle.internal.ImmutableActionSet::mergeFrom (37 bytes)
Event: 28.100 Thread 0x000002a54140c860 nmethod 7865 0x000002a52b3fda90 code [0x000002a52b3fdc80, 0x000002a52b3fe148]
Event: 28.107 Thread 0x000002a54140c860 7866       3       java.lang.AbstractStringBuilder::putStringAt (12 bytes)
Event: 28.108 Thread 0x000002a54140c860 nmethod 7866 0x000002a52b3fe290 code [0x000002a52b3fe440, 0x000002a52b3fe688]
Event: 28.111 Thread 0x000002a54140c860 7868       3       java.lang.AbstractStringBuilder::append (45 bytes)
Event: 28.112 Thread 0x000002a54140c860 nmethod 7868 0x000002a52b3fe810 code [0x000002a52b3fe9e0, 0x000002a52b3fed28]
Event: 28.123 Thread 0x000002a54140c860 7869       1       com.android.build.api.artifact.impl.ArtifactContainer::getCurrent (5 bytes)
Event: 28.123 Thread 0x000002a54140c860 nmethod 7869 0x000002a53254a110 code [0x000002a53254a2a0, 0x000002a53254a378]
Event: 28.124 Thread 0x000002a54140c860 7870       3       javax.management.ObjectName::getInstance (9 bytes)
Event: 28.125 Thread 0x000002a54140c860 nmethod 7870 0x000002a52b3fee90 code [0x000002a52b3ff040, 0x000002a52b3ff288]
Event: 28.125 Thread 0x000002a54140c860 7871       3       org.gradle.api.internal.DefaultNamedDomainObjectCollection$AbstractDomainObjectCreatingProvider::getName (5 bytes)
Event: 28.125 Thread 0x000002a54140c860 nmethod 7871 0x000002a52b3ff390 code [0x000002a52b3ff520, 0x000002a52b3ff638]
Event: 28.129 Thread 0x000002a54140c860 7872       3       sun.reflect.generics.repository.GenericDeclRepository::<init> (7 bytes)
Event: 28.129 Thread 0x000002a54140c860 nmethod 7872 0x000002a52b3ff710 code [0x000002a52b3ff8c0, 0x000002a52b3ffc08]
Event: 28.129 Thread 0x000002a54140c860 7873       3       sun.reflect.generics.parser.SignatureParser::parseSuperInterfaces (51 bytes)
Event: 28.130 Thread 0x000002a54140c860 nmethod 7873 0x000002a52b3ffd10 code [0x000002a52b3fff40, 0x000002a52b400788]
Event: 28.130 Thread 0x000002a54140c860 7874       3       sun.reflect.generics.tree.ClassSignature::make (11 bytes)
Event: 28.130 Thread 0x000002a54140c860 nmethod 7874 0x000002a52b400a90 code [0x000002a52b400c40, 0x000002a52b400f58]
Event: 28.133 Thread 0x000002a54140c860 7875       1       com.android.build.gradle.internal.services.BaseServicesImpl::getProjectServices (5 bytes)
Event: 28.133 Thread 0x000002a54140c860 nmethod 7875 0x000002a53254a410 code [0x000002a53254a5a0, 0x000002a53254a678]

GC Heap History (20 events):
Event: 17.554 GC heap before
{Heap before GC invocations=18 (full 0):
 garbage-first heap   total 82944K, used 45150K [0x0000000080000000, 0x0000000100000000)
  region size 1024K, 5 young (5120K), 2 survivors (2048K)
 Metaspace       used 53610K, committed 54144K, reserved 1097728K
  class space    used 7141K, committed 7360K, reserved 1048576K
}
Event: 17.557 GC heap after
{Heap after GC invocations=19 (full 0):
 garbage-first heap   total 82944K, used 44538K [0x0000000080000000, 0x0000000100000000)
  region size 1024K, 3 young (3072K), 3 survivors (3072K)
 Metaspace       used 53610K, committed 54144K, reserved 1097728K
  class space    used 7141K, committed 7360K, reserved 1048576K
}
Event: 18.374 GC heap before
{Heap before GC invocations=20 (full 0):
 garbage-first heap   total 86016K, used 65018K [0x0000000080000000, 0x0000000100000000)
  region size 1024K, 19 young (19456K), 3 survivors (3072K)
 Metaspace       used 55209K, committed 55680K, reserved 1097728K
  class space    used 7361K, committed 7552K, reserved 1048576K
}
Event: 18.379 GC heap after
{Heap after GC invocations=21 (full 0):
 garbage-first heap   total 86016K, used 51674K [0x0000000080000000, 0x0000000100000000)
  region size 1024K, 3 young (3072K), 3 survivors (3072K)
 Metaspace       used 55209K, committed 55680K, reserved 1097728K
  class space    used 7361K, committed 7552K, reserved 1048576K
}
Event: 19.105 GC heap before
{Heap before GC invocations=21 (full 0):
 garbage-first heap   total 86016K, used 64986K [0x0000000080000000, 0x0000000100000000)
  region size 1024K, 17 young (17408K), 3 survivors (3072K)
 Metaspace       used 57176K, committed 57664K, reserved 1105920K
  class space    used 7642K, committed 7872K, reserved 1048576K
}
Event: 19.111 GC heap after
{Heap after GC invocations=22 (full 0):
 garbage-first heap   total 86016K, used 52561K [0x0000000080000000, 0x0000000100000000)
  region size 1024K, 1 young (1024K), 1 survivors (1024K)
 Metaspace       used 57176K, committed 57664K, reserved 1105920K
  class space    used 7642K, committed 7872K, reserved 1048576K
}
Event: 19.679 GC heap before
{Heap before GC invocations=23 (full 0):
 garbage-first heap   total 97280K, used 65873K [0x0000000080000000, 0x0000000100000000)
  region size 1024K, 14 young (14336K), 1 survivors (1024K)
 Metaspace       used 59615K, committed 60096K, reserved 1105920K
  class space    used 7910K, committed 8128K, reserved 1048576K
}
Event: 19.684 GC heap after
{Heap after GC invocations=24 (full 0):
 garbage-first heap   total 97280K, used 52929K [0x0000000080000000, 0x0000000100000000)
  region size 1024K, 2 young (2048K), 2 survivors (2048K)
 Metaspace       used 59615K, committed 60096K, reserved 1105920K
  class space    used 7910K, committed 8128K, reserved 1048576K
}
Event: 20.704 GC heap before
{Heap before GC invocations=24 (full 0):
 garbage-first heap   total 97280K, used 73409K [0x0000000080000000, 0x0000000100000000)
  region size 1024K, 22 young (22528K), 2 survivors (2048K)
 Metaspace       used 63458K, committed 63936K, reserved 1105920K
  class space    used 8433K, committed 8640K, reserved 1048576K
}
Event: 20.712 GC heap after
{Heap after GC invocations=25 (full 0):
 garbage-first heap   total 97280K, used 54821K [0x0000000080000000, 0x0000000100000000)
  region size 1024K, 3 young (3072K), 3 survivors (3072K)
 Metaspace       used 63458K, committed 63936K, reserved 1105920K
  class space    used 8433K, committed 8640K, reserved 1048576K
}
Event: 21.057 GC heap before
{Heap before GC invocations=26 (full 0):
 garbage-first heap   total 97280K, used 56869K [0x0000000080000000, 0x0000000100000000)
  region size 1024K, 6 young (6144K), 3 survivors (3072K)
 Metaspace       used 64081K, committed 64704K, reserved 1105920K
  class space    used 8508K, committed 8768K, reserved 1048576K
}
Event: 21.067 GC heap after
{Heap after GC invocations=27 (full 0):
 garbage-first heap   total 97280K, used 55464K [0x0000000080000000, 0x0000000100000000)
  region size 1024K, 2 young (2048K), 2 survivors (2048K)
 Metaspace       used 64081K, committed 64704K, reserved 1105920K
  class space    used 8508K, committed 8768K, reserved 1048576K
}
Event: 21.892 GC heap before
{Heap before GC invocations=28 (full 0):
 garbage-first heap   total 117760K, used 82088K [0x0000000080000000, 0x0000000100000000)
  region size 1024K, 22 young (22528K), 2 survivors (2048K)
 Metaspace       used 65182K, committed 65728K, reserved 1105920K
  class space    used 8654K, committed 8896K, reserved 1048576K
}
Event: 21.901 GC heap after
{Heap after GC invocations=29 (full 0):
 garbage-first heap   total 141312K, used 57285K [0x0000000080000000, 0x0000000100000000)
  region size 1024K, 3 young (3072K), 3 survivors (3072K)
 Metaspace       used 65182K, committed 65728K, reserved 1105920K
  class space    used 8654K, committed 8896K, reserved 1048576K
}
Event: 23.739 GC heap before
{Heap before GC invocations=29 (full 0):
 garbage-first heap   total 141312K, used 98245K [0x0000000080000000, 0x0000000100000000)
  region size 1024K, 43 young (44032K), 3 survivors (3072K)
 Metaspace       used 69283K, committed 69888K, reserved 1114112K
  class space    used 9184K, committed 9472K, reserved 1048576K
}
Event: 23.751 GC heap after
{Heap after GC invocations=30 (full 0):
 garbage-first heap   total 141312K, used 60340K [0x0000000080000000, 0x0000000100000000)
  region size 1024K, 6 young (6144K), 6 survivors (6144K)
 Metaspace       used 69283K, committed 69888K, reserved 1114112K
  class space    used 9184K, committed 9472K, reserved 1048576K
}
Event: 25.295 GC heap before
{Heap before GC invocations=30 (full 0):
 garbage-first heap   total 141312K, used 103348K [0x0000000080000000, 0x0000000100000000)
  region size 1024K, 48 young (49152K), 6 survivors (6144K)
 Metaspace       used 74352K, committed 74880K, reserved 1114112K
  class space    used 9856K, committed 10112K, reserved 1048576K
}
Event: 25.316 GC heap after
{Heap after GC invocations=31 (full 0):
 garbage-first heap   total 141312K, used 63056K [0x0000000080000000, 0x0000000100000000)
  region size 1024K, 6 young (6144K), 6 survivors (6144K)
 Metaspace       used 74352K, committed 74880K, reserved 1114112K
  class space    used 9856K, committed 10112K, reserved 1048576K
}
Event: 27.367 GC heap before
{Heap before GC invocations=31 (full 0):
 garbage-first heap   total 141312K, used 106064K [0x0000000080000000, 0x0000000100000000)
  region size 1024K, 48 young (49152K), 6 survivors (6144K)
 Metaspace       used 77467K, committed 78016K, reserved 1122304K
  class space    used 10277K, committed 10560K, reserved 1048576K
}
Event: 27.386 GC heap after
{Heap after GC invocations=32 (full 0):
 garbage-first heap   total 141312K, used 66785K [0x0000000080000000, 0x0000000100000000)
  region size 1024K, 6 young (6144K), 6 survivors (6144K)
 Metaspace       used 77467K, committed 78016K, reserved 1122304K
  class space    used 10277K, committed 10560K, reserved 1048576K
}

Dll operation events (2 events):
Event: 0.019 Loaded shared library D:\Android\Android Studio\jbr\bin\java.dll
Event: 0.853 Loaded shared library D:\Android\Android Studio\jbr\bin\verify.dll

Deoptimization events (20 events):
Event: 27.404 Thread 0x000002a54250eee0 DEOPT PACKING pc=0x000002a52abaca4b sp=0x000000fdf64f7720
Event: 27.404 Thread 0x000002a54250eee0 DEOPT UNPACKING pc=0x000002a531c77143 sp=0x000000fdf64f6bd0 mode 0
Event: 27.467 Thread 0x000002a54250eee0 DEOPT PACKING pc=0x000002a52abaca4b sp=0x000000fdf64f71a0
Event: 27.467 Thread 0x000002a54250eee0 DEOPT UNPACKING pc=0x000002a531c77143 sp=0x000000fdf64f6650 mode 0
Event: 27.563 Thread 0x000002a54250eee0 Uncommon trap: trap_request=0xffffff45 fr.pc=0x000002a53231735c relative=0x000000000000059c
Event: 27.563 Thread 0x000002a54250eee0 Uncommon trap: reason=unstable_if action=reinterpret pc=0x000002a53231735c method=java.lang.AbstractStringBuilder.appendChars(Ljava/lang/String;II)V @ 11 c2
Event: 27.563 Thread 0x000002a54250eee0 DEOPT PACKING pc=0x000002a53231735c sp=0x000000fdf64f7330
Event: 27.563 Thread 0x000002a54250eee0 DEOPT UNPACKING pc=0x000002a531c769a3 sp=0x000000fdf64f7270 mode 2
Event: 27.563 Thread 0x000002a54250eee0 Uncommon trap: trap_request=0xffffff45 fr.pc=0x000002a532317d14 relative=0x0000000000000174
Event: 27.563 Thread 0x000002a54250eee0 Uncommon trap: reason=unstable_if action=reinterpret pc=0x000002a532317d14 method=java.lang.AbstractStringBuilder.appendChars(Ljava/lang/String;II)V @ 11 c2
Event: 27.563 Thread 0x000002a54250eee0 DEOPT PACKING pc=0x000002a532317d14 sp=0x000000fdf64f72b0
Event: 27.563 Thread 0x000002a54250eee0 DEOPT UNPACKING pc=0x000002a531c769a3 sp=0x000000fdf64f7260 mode 2
Event: 27.564 Thread 0x000002a54250eee0 Uncommon trap: trap_request=0xffffff45 fr.pc=0x000002a5321fcd50 relative=0x0000000000000510
Event: 27.564 Thread 0x000002a54250eee0 Uncommon trap: reason=unstable_if action=reinterpret pc=0x000002a5321fcd50 method=java.lang.AbstractStringBuilder.putStringAt(ILjava/lang/String;II)V @ 8 c2
Event: 27.564 Thread 0x000002a54250eee0 DEOPT PACKING pc=0x000002a5321fcd50 sp=0x000000fdf64f7390
Event: 27.564 Thread 0x000002a54250eee0 DEOPT UNPACKING pc=0x000002a531c769a3 sp=0x000000fdf64f7270 mode 2
Event: 27.564 Thread 0x000002a54250eee0 Uncommon trap: trap_request=0xffffff45 fr.pc=0x000002a5321fd854 relative=0x0000000000000134
Event: 27.564 Thread 0x000002a54250eee0 Uncommon trap: reason=unstable_if action=reinterpret pc=0x000002a5321fd854 method=java.lang.AbstractStringBuilder.putStringAt(ILjava/lang/String;II)V @ 8 c2
Event: 27.564 Thread 0x000002a54250eee0 DEOPT PACKING pc=0x000002a5321fd854 sp=0x000000fdf64f7310
Event: 27.564 Thread 0x000002a54250eee0 DEOPT UNPACKING pc=0x000002a531c769a3 sp=0x000000fdf64f7258 mode 2

Classes unloaded (0 events):
No events

Classes redefined (0 events):
No events

Internal exceptions (20 events):
Event: 23.821 Thread 0x000002a54250eee0 Exception <a 'java/lang/ClassNotFoundException'{0x00000000888d29f8}: org/gradle/api/plugins/internal/DefaultBasePluginConventionCustomizer> (0x00000000888d29f8) 
thrown [s\src\hotspot\share\classfile\systemDictionary.cpp, line 256]
Event: 23.823 Thread 0x000002a54250eee0 Exception <a 'java/lang/ClassNotFoundException'{0x00000000888fb688}: org/gradle/api/plugins/internal/DefaultBasePluginConvention_DecoratedCustomizer> (0x00000000888fb688) 
thrown [s\src\hotspot\share\classfile\systemDictionary.cpp, line 256]
Event: 23.831 Thread 0x000002a54250eee0 Exception <a 'java/lang/ClassNotFoundException'{0x0000000088773d18}: org/gradle/api/plugins/internal/DefaultJavaPluginConvention_DecoratedBeanInfo> (0x0000000088773d18) 
thrown [s\src\hotspot\share\classfile\systemDictionary.cpp, line 256]
Event: 23.832 Thread 0x000002a54250eee0 Exception <a 'java/lang/ClassNotFoundException'{0x000000008878a720}: org/gradle/api/plugins/internal/DefaultJavaPluginConventionBeanInfo> (0x000000008878a720) 
thrown [s\src\hotspot\share\classfile\systemDictionary.cpp, line 256]
Event: 23.833 Thread 0x000002a54250eee0 Exception <a 'java/lang/ClassNotFoundException'{0x00000000887a07b0}: org/gradle/api/plugins/JavaPluginConventionBeanInfo> (0x00000000887a07b0) 
thrown [s\src\hotspot\share\classfile\systemDictionary.cpp, line 256]
Event: 23.835 Thread 0x000002a54250eee0 Exception <a 'java/lang/ClassNotFoundException'{0x00000000887b6808}: org/gradle/api/plugins/JavaPluginConventionCustomizer> (0x00000000887b6808) 
thrown [s\src\hotspot\share\classfile\systemDictionary.cpp, line 256]
Event: 23.837 Thread 0x000002a54250eee0 Exception <a 'java/lang/ClassNotFoundException'{0x00000000887e0cf0}: org/gradle/api/plugins/internal/DefaultJavaPluginConventionCustomizer> (0x00000000887e0cf0) 
thrown [s\src\hotspot\share\classfile\systemDictionary.cpp, line 256]
Event: 23.840 Thread 0x000002a54250eee0 Exception <a 'java/lang/ClassNotFoundException'{0x000000008861e048}: org/gradle/api/plugins/internal/DefaultJavaPluginConvention_DecoratedCustomizer> (0x000000008861e048) 
thrown [s\src\hotspot\share\classfile\systemDictionary.cpp, line 256]
Event: 24.527 Thread 0x000002a54250eee0 Exception <a 'java/lang/ClassNotFoundException'{0x000000008799cc58}: org/jetbrains/kotlin/gradle/targets/js/npm/DefaultNpmDependencyExtensionBeanInfo> (0x000000008799cc58) 
thrown [s\src\hotspot\share\classfile\systemDictionary.cpp, line 256]
Event: 24.527 Thread 0x000002a54250eee0 Exception <a 'java/lang/ClassNotFoundException'{0x00000000879a82c8}: org/jetbrains/kotlin/gradle/targets/js/npm/DefaultNpmDependencyExtensionCustomizer> (0x00000000879a82c8) 
thrown [s\src\hotspot\share\classfile\systemDictionary.cpp, line 256]
Event: 24.539 Thread 0x000002a54250eee0 Exception <a 'java/lang/ClassNotFoundException'{0x000000008781de18}: org/jetbrains/kotlin/gradle/targets/js/npm/NpmDependencyExtensionKt$defaultNpmDependencyDelegate$1BeanInfo> (0x000000008781de18) 
thrown [s\src\hotspot\share\classfile\systemDictionary.cpp, line 256]
Event: 24.539 Thread 0x000002a54250eee0 Exception <a 'java/lang/ClassNotFoundException'{0x00000000878294d0}: org/jetbrains/kotlin/gradle/targets/js/npm/NpmDependencyExtensionDelegateBeanInfo> (0x00000000878294d0) 
thrown [s\src\hotspot\share\classfile\systemDictionary.cpp, line 256]
Event: 24.540 Thread 0x000002a54250eee0 Exception <a 'java/lang/ClassNotFoundException'{0x0000000087834b50}: org/jetbrains/kotlin/gradle/targets/js/npm/NpmDependencyExtensionDelegateCustomizer> (0x0000000087834b50) 
thrown [s\src\hotspot\share\classfile\systemDictionary.cpp, line 256]
Event: 24.542 Thread 0x000002a54250eee0 Exception <a 'java/lang/ClassNotFoundException'{0x0000000087857ee8}: org/jetbrains/kotlin/gradle/targets/js/npm/NpmDependencyExtensionKt$defaultNpmDependencyDelegate$1Customizer> (0x0000000087857ee8) 
thrown [s\src\hotspot\share\classfile\systemDictionary.cpp, line 256]
Event: 24.547 Thread 0x000002a54250eee0 Exception <a 'java/lang/ClassNotFoundException'{0x0000000087892908}: org/jetbrains/kotlin/gradle/targets/js/npm/DefaultDevNpmDependencyExtensionBeanInfo> (0x0000000087892908) 
thrown [s\src\hotspot\share\classfile\systemDictionary.cpp, line 256]
Event: 24.548 Thread 0x000002a54250eee0 Exception <a 'java/lang/ClassNotFoundException'{0x000000008789df90}: org/jetbrains/kotlin/gradle/targets/js/npm/DefaultDevNpmDependencyExtensionCustomizer> (0x000000008789df90) 
thrown [s\src\hotspot\share\classfile\systemDictionary.cpp, line 256]
Event: 24.552 Thread 0x000002a54250eee0 Exception <a 'java/lang/ClassNotFoundException'{0x00000000878dca58}: org/jetbrains/kotlin/gradle/targets/js/npm/DefaultPeerNpmDependencyExtensionBeanInfo> (0x00000000878dca58) 
thrown [s\src\hotspot\share\classfile\systemDictionary.cpp, line 256]
Event: 24.553 Thread 0x000002a54250eee0 Exception <a 'java/lang/ClassNotFoundException'{0x00000000878e8110}: org/jetbrains/kotlin/gradle/targets/js/npm/DefaultPeerNpmDependencyExtensionCustomizer> (0x00000000878e8110) 
thrown [s\src\hotspot\share\classfile\systemDictionary.cpp, line 256]
Event: 24.558 Thread 0x000002a54250eee0 Exception <a 'java/lang/ClassNotFoundException'{0x0000000087732e50}: org/jetbrains/kotlin/gradle/targets/js/npm/DefaultPeerNpmDependencyExtension$delegate$1BeanInfo> (0x0000000087732e50) 
thrown [s\src\hotspot\share\classfile\systemDictionary.cpp, line 256]
Event: 24.559 Thread 0x000002a54250eee0 Exception <a 'java/lang/ClassNotFoundException'{0x000000008773e6d0}: org/jetbrains/kotlin/gradle/targets/js/npm/DefaultPeerNpmDependencyExtension$delegate$1Customizer> (0x000000008773e6d0) 
thrown [s\src\hotspot\share\classfile\systemDictionary.cpp, line 256]

VM Operations (20 events):
Event: 22.910 Executing VM operation: Cleanup
Event: 22.911 Executing VM operation: Cleanup done
Event: 23.350 Executing VM operation: HandshakeAllThreads
Event: 23.350 Executing VM operation: HandshakeAllThreads done
Event: 23.738 Executing VM operation: G1CollectForAllocation
Event: 23.752 Executing VM operation: G1CollectForAllocation done
Event: 23.780 Executing VM operation: HandshakeAllThreads
Event: 23.780 Executing VM operation: HandshakeAllThreads done
Event: 24.782 Executing VM operation: Cleanup
Event: 24.783 Executing VM operation: Cleanup done
Event: 25.295 Executing VM operation: G1CollectForAllocation
Event: 25.342 Executing VM operation: G1CollectForAllocation done
Event: 26.353 Executing VM operation: Cleanup
Event: 26.354 Executing VM operation: Cleanup done
Event: 26.863 Executing VM operation: HandshakeAllThreads
Event: 26.863 Executing VM operation: HandshakeAllThreads done
Event: 26.965 Executing VM operation: ICBufferFull
Event: 26.966 Executing VM operation: ICBufferFull done
Event: 27.367 Executing VM operation: G1CollectForAllocation
Event: 27.386 Executing VM operation: G1CollectForAllocation done

Events (20 events):
Event: 23.475 loading class java/text/CharacterIterator
Event: 23.476 loading class java/text/CharacterIterator done
Event: 23.559 loading class java/time/format/DateTimeFormatterBuilder$WeekBasedFieldPrinterParser
Event: 23.560 loading class java/time/format/DateTimeFormatterBuilder$WeekBasedFieldPrinterParser done
Event: 23.578 loading class com/sun/jmx/mbeanserver/StandardMBeanSupport
Event: 23.578 loading class com/sun/jmx/mbeanserver/StandardMBeanSupport done
Event: 23.578 loading class com/sun/jmx/mbeanserver/StandardMBeanIntrospector
Event: 23.579 loading class com/sun/jmx/mbeanserver/StandardMBeanIntrospector done
Event: 25.597 loading class java/util/ArrayList$SubList$1
Event: 25.597 loading class java/util/ArrayList$SubList$1 done
Event: 26.584 loading class jdk/internal/loader/URLClassPath$FileLoader
Event: 26.584 loading class jdk/internal/loader/URLClassPath$FileLoader done
Event: 26.586 loading class jdk/internal/loader/URLClassPath$FileLoader$1
Event: 26.586 loading class jdk/internal/loader/URLClassPath$FileLoader$1 done
Event: 27.412 loading class sun/reflect/generics/repository/FieldRepository
Event: 27.412 loading class sun/reflect/generics/repository/FieldRepository done
Event: 27.427 loading class jdk/internal/vm/annotation/ForceInline
Event: 27.427 loading class jdk/internal/vm/annotation/ForceInline done
Event: 27.564 loading class java/util/regex/Pattern$Caret
Event: 27.564 loading class java/util/regex/Pattern$Caret done


Dynamic libraries:
0x00007ff733ff0000 - 0x00007ff733ffa000 	D:\Android\Android Studio\jbr\bin\java.exe
0x00007ff9248d0000 - 0x00007ff924ac8000 	C:\WINDOWS\SYSTEM32\ntdll.dll
0x00007ff9231a0000 - 0x00007ff92325d000 	C:\WINDOWS\System32\KERNEL32.DLL
0x00007ff922020000 - 0x00007ff922316000 	C:\WINDOWS\System32\KERNELBASE.dll
0x00007ff922350000 - 0x00007ff922450000 	C:\WINDOWS\System32\ucrtbase.dll
0x00007ff916950000 - 0x00007ff916967000 	D:\Android\Android Studio\jbr\bin\jli.dll
0x00007ff922fa0000 - 0x00007ff92313e000 	C:\WINDOWS\System32\USER32.dll
0x00007ff922320000 - 0x00007ff922342000 	C:\WINDOWS\System32\win32u.dll
0x00007ff9236e0000 - 0x00007ff92370c000 	C:\WINDOWS\System32\GDI32.dll
0x00007ff922810000 - 0x00007ff92292a000 	C:\WINDOWS\System32\gdi32full.dll
0x00007ff922770000 - 0x00007ff92280d000 	C:\WINDOWS\System32\msvcp_win.dll
0x00007ff90c8a0000 - 0x00007ff90cb3a000 	C:\WINDOWS\WinSxS\amd64_microsoft.windows.common-controls_6595b64144ccf1df_6.0.19041.1110_none_60b5254171f9507e\COMCTL32.dll
0x00007ff923f90000 - 0x00007ff92402e000 	C:\WINDOWS\System32\msvcrt.dll
0x00007ff916970000 - 0x00007ff91698b000 	D:\Android\Android Studio\jbr\bin\VCRUNTIME140.dll
0x00007ff923260000 - 0x00007ff923290000 	C:\WINDOWS\System32\IMM32.DLL
0x00007ff9169f0000 - 0x00007ff9169fc000 	D:\Android\Android Studio\jbr\bin\vcruntime140_1.dll
0x00007ff8f2180000 - 0x00007ff8f220d000 	D:\Android\Android Studio\jbr\bin\msvcp140.dll
0x00007ff8e6f20000 - 0x00007ff8e7b8e000 	D:\Android\Android Studio\jbr\bin\server\jvm.dll
0x00007ff924190000 - 0x00007ff92423e000 	C:\WINDOWS\System32\ADVAPI32.dll
0x00007ff924240000 - 0x00007ff9242dc000 	C:\WINDOWS\System32\sechost.dll
0x00007ff922930000 - 0x00007ff922a56000 	C:\WINDOWS\System32\RPCRT4.dll
0x00007ff91aa70000 - 0x00007ff91aa79000 	C:\WINDOWS\SYSTEM32\WSOCK32.dll
0x00007ff924390000 - 0x00007ff9243fb000 	C:\WINDOWS\System32\WS2_32.dll
0x00007ff9063b0000 - 0x00007ff9063d7000 	C:\WINDOWS\SYSTEM32\WINMM.dll
0x00007ff915f10000 - 0x00007ff915f1a000 	C:\WINDOWS\SYSTEM32\VERSION.dll
0x00007ff9207d0000 - 0x00007ff9207e2000 	C:\WINDOWS\SYSTEM32\kernel.appcore.dll
0x00007ff91aa00000 - 0x00007ff91aa0a000 	D:\Android\Android Studio\jbr\bin\jimage.dll
0x00007ff91cba0000 - 0x00007ff91cd84000 	C:\WINDOWS\SYSTEM32\DBGHELP.DLL
0x00007ff9062c0000 - 0x00007ff9062f4000 	C:\WINDOWS\SYSTEM32\dbgcore.DLL
0x00007ff922630000 - 0x00007ff9226b2000 	C:\WINDOWS\System32\bcryptPrimitives.dll
0x00007ff9167c0000 - 0x00007ff9167e5000 	D:\Android\Android Studio\jbr\bin\java.dll
0x00007ff9187d0000 - 0x00007ff9187e8000 	D:\Android\Android Studio\jbr\bin\zip.dll
0x00007ff923710000 - 0x00007ff923e55000 	C:\WINDOWS\System32\SHELL32.dll
0x00007ff920020000 - 0x00007ff9207bb000 	C:\WINDOWS\SYSTEM32\windows.storage.dll
0x00007ff924530000 - 0x00007ff924884000 	C:\WINDOWS\System32\combase.dll
0x00007ff921980000 - 0x00007ff9219ae000 	C:\WINDOWS\SYSTEM32\Wldp.dll
0x00007ff9242e0000 - 0x00007ff92438d000 	C:\WINDOWS\System32\SHCORE.dll
0x00007ff923420000 - 0x00007ff923475000 	C:\WINDOWS\System32\shlwapi.dll
0x00007ff921ee0000 - 0x00007ff921f05000 	C:\WINDOWS\SYSTEM32\profapi.dll
0x00007ff9184b0000 - 0x00007ff9184c9000 	D:\Android\Android Studio\jbr\bin\net.dll
0x00007ff90fe30000 - 0x00007ff90ff3a000 	C:\WINDOWS\SYSTEM32\WINHTTP.dll
0x00007ff9216e0000 - 0x00007ff92174a000 	C:\WINDOWS\system32\mswsock.dll
0x00007ff9169d0000 - 0x00007ff9169e6000 	D:\Android\Android Studio\jbr\bin\nio.dll
0x00007ff91a800000 - 0x00007ff91a810000 	D:\Android\Android Studio\jbr\bin\verify.dll
0x00007ff90d3e0000 - 0x00007ff90d407000 	D:\Android\gradle-8.3\native\68d5fa5c4cc2d200863cafc0d521ce42e7d3e7ee720ec0a83991735586a16f82\windows-amd64\native-platform.dll
0x00007ff8e8350000 - 0x00007ff8e8494000 	D:\Android\gradle-8.3\native\e376f236ea51e6404a007f0833ffe2c6e607c4080706a723a18a27aeea778392\windows-amd64\native-platform-file-events.dll
0x00007ff9187a0000 - 0x00007ff9187a9000 	D:\Android\Android Studio\jbr\bin\management.dll
0x00007ff9186d0000 - 0x00007ff9186db000 	D:\Android\Android Studio\jbr\bin\management_ext.dll
0x00007ff922f90000 - 0x00007ff922f98000 	C:\WINDOWS\System32\PSAPI.DLL
0x00007ff9218d0000 - 0x00007ff9218e8000 	C:\WINDOWS\SYSTEM32\CRYPTSP.dll
0x00007ff920ff0000 - 0x00007ff921024000 	C:\WINDOWS\system32\rsaenh.dll
0x00007ff922450000 - 0x00007ff922477000 	C:\WINDOWS\System32\bcrypt.dll
0x00007ff921e60000 - 0x00007ff921e8e000 	C:\WINDOWS\SYSTEM32\USERENV.dll
0x00007ff9218f0000 - 0x00007ff9218fc000 	C:\WINDOWS\SYSTEM32\CRYPTBASE.dll
0x00007ff9213d0000 - 0x00007ff92140b000 	C:\WINDOWS\SYSTEM32\IPHLPAPI.DLL
0x00007ff923f80000 - 0x00007ff923f88000 	C:\WINDOWS\System32\NSI.dll
0x00007ff9107d0000 - 0x00007ff9107e7000 	C:\WINDOWS\SYSTEM32\dhcpcsvc6.DLL
0x00007ff9107b0000 - 0x00007ff9107cd000 	C:\WINDOWS\SYSTEM32\dhcpcsvc.DLL
0x00007ff921410000 - 0x00007ff9214da000 	C:\WINDOWS\SYSTEM32\DNSAPI.dll
0x00007ff9183b0000 - 0x00007ff9183b7000 	C:\WINDOWS\system32\wshunix.dll

dbghelp: loaded successfully - version: 4.0.5 - missing functions: none
symbol engine: initialized successfully - sym options: 0x614 - pdb path: .;D:\Android\Android Studio\jbr\bin;C:\WINDOWS\SYSTEM32;C:\WINDOWS\WinSxS\amd64_microsoft.windows.common-controls_6595b64144ccf1df_6.0.19041.1110_none_60b5254171f9507e;D:\Android\Android Studio\jbr\bin\server;D:\Android\gradle-8.3\native\68d5fa5c4cc2d200863cafc0d521ce42e7d3e7ee720ec0a83991735586a16f82\windows-amd64;D:\Android\gradle-8.3\native\e376f236ea51e6404a007f0833ffe2c6e607c4080706a723a18a27aeea778392\windows-amd64

VM Arguments:
jvm_args: --add-opens=java.base/java.util=ALL-UNNAMED --add-opens=java.base/java.lang=ALL-UNNAMED --add-opens=java.base/java.lang.invoke=ALL-UNNAMED --add-opens=java.prefs/java.util.prefs=ALL-UNNAMED --add-opens=java.base/java.nio.charset=ALL-UNNAMED --add-opens=java.base/java.net=ALL-UNNAMED --add-opens=java.base/java.util.concurrent.atomic=ALL-UNNAMED -Xmx2048m -Dfile.encoding=UTF-8 -Duser.country=US -Duser.language=en -Duser.variant 
java_command: org.gradle.launcher.daemon.bootstrap.GradleDaemon 8.0
java_class_path (initial): D:\Android\gradle-8.3\wrapper\dists\gradle-8.0-bin\ca5e32bp14vu59qr306oxotwh\gradle-8.0\lib\gradle-launcher-8.0.jar
Launcher Type: SUN_STANDARD

[Global flags]
     intx CICompilerCount                          = 3                                         {product} {ergonomic}
     uint ConcGCThreads                            = 1                                         {product} {ergonomic}
     uint G1ConcRefinementThreads                  = 4                                         {product} {ergonomic}
   size_t G1HeapRegionSize                         = 1048576                                   {product} {ergonomic}
    uintx GCDrainStackTargetSize                   = 64                                        {product} {ergonomic}
   size_t InitialHeapSize                          = 134217728                                 {product} {ergonomic}
   size_t MarkStackSize                            = 4194304                                   {product} {ergonomic}
   size_t MaxHeapSize                              = 2147483648                                {product} {command line}
   size_t MaxNewSize                               = 1287651328                                {product} {ergonomic}
   size_t MinHeapDeltaBytes                        = 1048576                                   {product} {ergonomic}
   size_t MinHeapSize                              = 8388608                                   {product} {ergonomic}
    uintx NonNMethodCodeHeapSize                   = 5832780                                {pd product} {ergonomic}
    uintx NonProfiledCodeHeapSize                  = 122912730                              {pd product} {ergonomic}
    uintx ProfiledCodeHeapSize                     = 122912730                              {pd product} {ergonomic}
    uintx ReservedCodeCacheSize                    = 251658240                              {pd product} {ergonomic}
     bool SegmentedCodeCache                       = true                                      {product} {ergonomic}
   size_t SoftMaxHeapSize                          = 2147483648                             {manageable} {ergonomic}
     bool UseCompressedClassPointers               = true                           {product lp64_product} {ergonomic}
     bool UseCompressedOops                        = true                           {product lp64_product} {ergonomic}
     bool UseG1GC                                  = true                                      {product} {ergonomic}
     bool UseLargePagesIndividualAllocation        = false                                  {pd product} {ergonomic}

Logging:
Log output configuration:
 #0: stdout all=warning uptime,level,tags
 #1: stderr all=off uptime,level,tags

Environment Variables:
PATH=C:\Program Files (x86)\Common Files\Oracle\Java\javapath;D:\IntelSWTools\system_studio_2020\OpenCL\sdk\bin\x64;D:\IntelSWTools\system_studio_2020\OpenCL\sdk\bin\x86;D:\app\hP\product\11.2.0\dbhome_1\bin;C:\Program Files\Common Files\Oracle\Java\javapath;C:\ProgramData\Oracle\Java\javapath;C:\WINDOWS\system32;C:\WINDOWS;C:\WINDOWS\System32\Wbem;C:\WINDOWS\System32\WindowsPowerShell\v1.0\;C:\WINDOWS\System32\OpenSSH\;C:\MinGW\bin;D:\R2019b\runtime\win64;D:\R2019b\bin;D:\R2019b\polyspace\bin;D:\bin;C:\Program Files\Java\jdk-18.0.2.1;C:\Program Files\Microsoft SQL Server\150\Tools\Binn\;C:\Program Files\Cloudflare\Cloudflare WARP\;D:\nodejs\;C:\Program Files\MySQL\MySQL Shell 8.0\bin\;C:\Users\hP\AppData\Local\Programs\Python\Python310\Scripts\;C:\Users\hP\AppData\Local\Programs\Python\Python310\;C:\Users\hP\AppData\Local\Microsoft\WindowsApps;D:\_JetBrains_CLion_2020.2.1x64\CLion 2020.2.1\bin;;C:\Program Files\Azure Data Studio\bin;C:\Users\hP\AppData\Roaming\npm;D:\Microsoft VS Code\bin
USERNAME=hP
OS=Windows_NT
PROCESSOR_IDENTIFIER=Intel64 Family 6 Model 142 Stepping 9, GenuineIntel
TMP=C:\Users\hP\AppData\Local\Temp
TEMP=C:\Users\hP\AppData\Local\Temp


JNI global refs:
JNI global refs: 25, weak refs: 0

JNI global refs memory usage: 843, weak refs: 841


---------------  S Y S T E M  ---------------

OS:
 Windows 10 , 64 bit Build 19041 (10.0.19041.3393)
OS uptime: 0 days 23:24 hours

CPU: total 4 (initial active 4) (2 cores per cpu, 2 threads per core) family 6 model 142 stepping 9 microcode 0xb4, cx8, cmov, fxsr, ht, mmx, 3dnowpref, sse, sse2, sse3, ssse3, sse4.1, sse4.2, popcnt, lzcnt, tsc, tscinvbit, avx, avx2, aes, erms, clmul, bmi1, bmi2, adx, fma, vzeroupper, clflush, clflushopt

Memory: 4k page, system-wide physical 8089M (310M free)
TotalPageFile size 12185M (AvailPageFile size 93M)
current process WorkingSet (physical memory assigned to process): 345M, peak: 348M
current process commit charge ("private bytes"): 372M, peak: 376M

vm_info: OpenJDK 64-Bit Server VM (17.0.6+0-b2043.56-10027231) for windows-amd64 JRE (17.0.6+0-b2043.56-10027231), built on Apr 28 2023 00:43:19 by "androidbuild" with MS VC++ 16.10 / 16.11 (VS2019)

END.
