#
# There is insufficient memory for the Java Runtime Environment to continue.
# Native memory allocation (mmap) failed to map 33554432 bytes for G1 virtual space
# Possible reasons:
#   The system is out of physical RAM or swap space
#   The process is running with CompressedOops enabled, and the Java Heap may be blocking the growth of the native heap
# Possible solutions:
#   Reduce memory load on the system
#   Increase physical memory or swap space
#   Check if swap backing store is full
#   Decrease Java heap size (-Xmx/-Xms)
#   Decrease number of Java threads
#   Decrease Java thread stack sizes (-Xss)
#   Set larger code cache with -XX:ReservedCodeCacheSize=
#   JVM is running with Unscaled Compressed Oops mode in which the Java heap is
#     placed in the first 4GB address space. The Java Heap base address is the
#     maximum limit for the native heap growth. Please use -XX:HeapBaseMinAddress
#     to set the Java Heap base and to place the Java Heap above 4GB virtual address.
# This output file may be truncated or incomplete.
#
#  Out of Memory Error (os_windows.cpp:3769), pid=1760, tid=10584
#
# JRE version: OpenJDK Runtime Environment (17.0.6) (build 17.0.6+0-b2043.56-10027231)
# Java VM: OpenJDK 64-Bit Server VM (17.0.6+0-b2043.56-10027231, mixed mode, tiered, compressed oops, compressed class ptrs, g1 gc, windows-amd64)
# No core dump will be written. Minidumps are not enabled by default on client versions of Windows
#

---------------  S U M M A R Y ------------

Command Line: --add-opens=java.base/java.util=ALL-UNNAMED --add-opens=java.base/java.lang=ALL-UNNAMED --add-opens=java.base/java.lang.invoke=ALL-UNNAMED --add-opens=java.prefs/java.util.prefs=ALL-UNNAMED --add-opens=java.base/java.nio.charset=ALL-UNNAMED --add-opens=java.base/java.net=ALL-UNNAMED --add-opens=java.base/java.util.concurrent.atomic=ALL-UNNAMED -Xmx2048m -Dfile.encoding=UTF-8 -Duser.country=US -Duser.language=en -Duser.variant org.gradle.launcher.daemon.bootstrap.GradleDaemon 8.0

Host: Intel(R) Core(TM) i5-7200U CPU @ 2.50GHz, 4 cores, 7G,  Windows 10 , 64 bit Build 19041 (10.0.19041.3393)
Time: Wed Oct 11 09:50:01 2023 Pakistan Standard Time elapsed time: 18.565978 seconds (0d 0h 0m 18s)

---------------  T H R E A D  ---------------

Current thread (0x00000211988e88b0):  VMThread "VM Thread" [stack: 0x0000009792000000,0x0000009792100000] [id=10584]

Stack: [0x0000009792000000,0x0000009792100000]
Native frames: (J=compiled Java code, j=interpreted, Vv=VM code, C=native code)
V  [jvm.dll+0x683c9a]
V  [jvm.dll+0x8427a4]
V  [jvm.dll+0x843f9e]
V  [jvm.dll+0x844603]
V  [jvm.dll+0x249b75]
V  [jvm.dll+0x680b69]
V  [jvm.dll+0x67505a]
V  [jvm.dll+0x309acb]
V  [jvm.dll+0x310f86]
V  [jvm.dll+0x3608ee]
V  [jvm.dll+0x360b1f]
V  [jvm.dll+0x2dfbf8]
V  [jvm.dll+0x2ddec4]
V  [jvm.dll+0x2dd4cc]
V  [jvm.dll+0x321f3b]
V  [jvm.dll+0x848ccb]
V  [jvm.dll+0x849a04]
V  [jvm.dll+0x849f1d]
V  [jvm.dll+0x84a2f4]
V  [jvm.dll+0x84a3c0]
V  [jvm.dll+0x7f274a]
V  [jvm.dll+0x682ad5]
C  [ucrtbase.dll+0x21bb2]
C  [KERNEL32.DLL+0x17344]
C  [ntdll.dll+0x526b1]

VM_Operation (0x00000097937f92a0): G1CollectForAllocation, mode: safepoint, requested by thread 0x000002119a49d3c0


---------------  P R O C E S S  ---------------

Threads class SMR info:
_java_thread_list=0x0000021199c385e0, length=82, elements={
0x00000211ff31c7e0, 0x000002119890b610, 0x000002119890ddc0, 0x000002119892b020,
0x000002119892dcf0, 0x0000021199408070, 0x00000211994090d0, 0x000002119940d960,
0x000002119940f1a0, 0x000002119941a280, 0x000002119957a9d0, 0x0000021199579800,
0x000002119c25afd0, 0x000002119a49d890, 0x000002119a49ebd0, 0x000002119a49cef0,
0x000002119a49dd60, 0x000002119a49ca20, 0x000002119a49d3c0, 0x000002119a49e230,
0x000002119a49c550, 0x000002119a49e700, 0x000002119a49f0a0, 0x000002119a49f570,
0x000002119a49fa40, 0x000002119a49c080, 0x000002119bb7bd40, 0x000002119bb7cbb0,
0x000002119bb7b3a0, 0x000002119bb80f10, 0x000002119bb7a060, 0x000002119bb813e0,
0x000002119bb7def0, 0x000002119bb7e3c0, 0x000002119bb7f700, 0x000002119bb818b0,
0x000002119bb7f230, 0x000002119bb7c210, 0x000002119bb7aed0, 0x000002119bb7a530,
0x000002119bb7c6e0, 0x000002119bb80570, 0x000002119bb7d550, 0x000002119bb80a40,
0x000002119bb7e890, 0x000002119bb7ed60, 0x000002119c183700, 0x000002119c1806e0,
0x000002119c186720, 0x000002119c181ef0, 0x000002119c182890, 0x000002119c181080,
0x000002119c180bb0, 0x000002119c187590, 0x000002119c1840a0, 0x000002119c185d80,
0x000002119c1823c0, 0x000002119c182d60, 0x000002119c183230, 0x000002119c184570,
0x000002119c183bd0, 0x000002119c1858b0, 0x000002119c184a40, 0x000002119c184f10,
0x000002119c181550, 0x000002119c1853e0, 0x000002119c186250, 0x000002119c186bf0,
0x000002119c187a60, 0x000002119c181a20, 0x000002119c1870c0, 0x000002119c180210,
0x000002119e0f9fe0, 0x000002119e0f7490, 0x000002119e0f5c80, 0x000002119e0f9170,
0x000002119e0f7e30, 0x000002119e0f9b10, 0x000002119e0f9640, 0x000002119e0fa4b0,
0x000002119e0f7960, 0x000002119e0fc660
}

Java Threads: ( => current thread )
  0x00000211ff31c7e0 JavaThread "main" [_thread_blocked, id=6960, stack(0x0000009791a00000,0x0000009791b00000)]
  0x000002119890b610 JavaThread "Reference Handler" daemon [_thread_blocked, id=4128, stack(0x0000009792100000,0x0000009792200000)]
  0x000002119890ddc0 JavaThread "Finalizer" daemon [_thread_blocked, id=2500, stack(0x0000009792200000,0x0000009792300000)]
  0x000002119892b020 JavaThread "Signal Dispatcher" daemon [_thread_blocked, id=9684, stack(0x0000009792300000,0x0000009792400000)]
  0x000002119892dcf0 JavaThread "Attach Listener" daemon [_thread_blocked, id=13900, stack(0x0000009792400000,0x0000009792500000)]
  0x0000021199408070 JavaThread "Service Thread" daemon [_thread_blocked, id=2388, stack(0x0000009792500000,0x0000009792600000)]
  0x00000211994090d0 JavaThread "Monitor Deflation Thread" daemon [_thread_blocked, id=11332, stack(0x0000009792600000,0x0000009792700000)]
  0x000002119940d960 JavaThread "C2 CompilerThread0" daemon [_thread_in_native, id=12900, stack(0x0000009792700000,0x0000009792800000)]
  0x000002119940f1a0 JavaThread "C1 CompilerThread0" daemon [_thread_blocked, id=6560, stack(0x0000009792800000,0x0000009792900000)]
  0x000002119941a280 JavaThread "Sweeper thread" daemon [_thread_blocked, id=10740, stack(0x0000009792900000,0x0000009792a00000)]
  0x000002119957a9d0 JavaThread "Common-Cleaner" daemon [_thread_blocked, id=3132, stack(0x0000009792a00000,0x0000009792b00000)]
  0x0000021199579800 JavaThread "Notification Thread" daemon [_thread_blocked, id=7196, stack(0x0000009792b00000,0x0000009792c00000)]
  0x000002119c25afd0 JavaThread "Daemon health stats" [_thread_blocked, id=8700, stack(0x0000009793100000,0x0000009793200000)]
  0x000002119a49d890 JavaThread "Incoming local TCP Connector on port 63919" [_thread_in_native, id=7756, stack(0x0000009792d00000,0x0000009792e00000)]
  0x000002119a49ebd0 JavaThread "Daemon periodic checks" [_thread_blocked, id=3948, stack(0x0000009793200000,0x0000009793300000)]
  0x000002119a49cef0 JavaThread "Daemon" [_thread_blocked, id=8052, stack(0x0000009793400000,0x0000009793500000)]
  0x000002119a49dd60 JavaThread "Handler for socket connection from /127.0.0.1:63919 to /127.0.0.1:63920" [_thread_in_native, id=13552, stack(0x0000009793500000,0x0000009793600000)]
  0x000002119a49ca20 JavaThread "Cancel handler" [_thread_blocked, id=14068, stack(0x0000009793600000,0x0000009793700000)]
  0x000002119a49d3c0 JavaThread "Daemon worker" [_thread_blocked, id=12036, stack(0x0000009793700000,0x0000009793800000)]
  0x000002119a49e230 JavaThread "Asynchronous log dispatcher for DefaultDaemonConnection: socket connection from /127.0.0.1:63919 to /127.0.0.1:63920" [_thread_blocked, id=7928, stack(0x0000009793800000,0x0000009793900000)]
  0x000002119a49c550 JavaThread "Stdin handler" [_thread_blocked, id=10796, stack(0x0000009793900000,0x0000009793a00000)]
  0x000002119a49e700 JavaThread "Daemon client event forwarder" [_thread_blocked, id=9120, stack(0x0000009793a00000,0x0000009793b00000)]
  0x000002119a49f0a0 JavaThread "Cache worker for journal cache (D:\Android\gradle-8.3\caches\journal-1)" [_thread_blocked, id=576, stack(0x0000009793b00000,0x0000009793c00000)]
  0x000002119a49f570 JavaThread "File lock request listener" [_thread_in_native, id=11924, stack(0x0000009793c00000,0x0000009793d00000)]
  0x000002119a49fa40 JavaThread "Cache worker for file hash cache (D:\Android\gradle-8.3\caches\8.0\fileHashes)" [_thread_blocked, id=9796, stack(0x0000009793d00000,0x0000009793e00000)]
  0x000002119a49c080 JavaThread "File watcher server" daemon [_thread_in_native, id=8556, stack(0x0000009793e00000,0x0000009793f00000)]
  0x000002119bb7bd40 JavaThread "File watcher consumer" daemon [_thread_blocked, id=3492, stack(0x0000009793f00000,0x0000009794000000)]
  0x000002119bb7cbb0 JavaThread "Cache worker for checksums cache (D:\i200547\.gradle\8.0\checksums)" [_thread_blocked, id=612, stack(0x0000009794000000,0x0000009794100000)]
  0x000002119bb7b3a0 JavaThread "Cache worker for cache directory md-rule (D:\Android\gradle-8.3\caches\8.0\md-rule)" [_thread_blocked, id=10544, stack(0x0000009794100000,0x0000009794200000)]
  0x000002119bb80f10 JavaThread "Cache worker for file content cache (D:\Android\gradle-8.3\caches\8.0\fileContent)" [_thread_blocked, id=4912, stack(0x0000009793300000,0x0000009793400000)]
  0x000002119bb7a060 JavaThread "Cache worker for file hash cache (D:\i200547\.gradle\8.0\fileHashes)" [_thread_blocked, id=10132, stack(0x0000009794200000,0x0000009794300000)]
  0x000002119bb813e0 JavaThread "Cache worker for cache directory md-supplier (D:\Android\gradle-8.3\caches\8.0\md-supplier)" [_thread_blocked, id=12256, stack(0x0000009794300000,0x0000009794400000)]
  0x000002119bb7def0 JavaThread "Cache worker for execution history cache (D:\Android\gradle-8.3\caches\8.0\executionHistory)" [_thread_blocked, id=3828, stack(0x0000009794400000,0x0000009794500000)]
  0x000002119bb7e3c0 JavaThread "jar transforms" [_thread_blocked, id=4288, stack(0x0000009794500000,0x0000009794600000)]
  0x000002119bb7f700 JavaThread "jar transforms Thread 2" [_thread_blocked, id=10936, stack(0x0000009794600000,0x0000009794700000)]
  0x000002119bb818b0 JavaThread "Cache worker for kotlin-dsl (D:\Android\gradle-8.3\caches\8.0\kotlin-dsl)" [_thread_blocked, id=1372, stack(0x0000009794700000,0x0000009794800000)]
  0x000002119bb7f230 JavaThread "jar transforms Thread 3" [_thread_blocked, id=5072, stack(0x0000009794800000,0x0000009794900000)]
  0x000002119bb7c210 JavaThread "jar transforms Thread 4" [_thread_blocked, id=10972, stack(0x0000009794900000,0x0000009794a00000)]
  0x000002119bb7aed0 JavaThread "Cache worker for dependencies-accessors (D:\i200547\.gradle\8.0\dependencies-accessors)" [_thread_blocked, id=9048, stack(0x0000009794a00000,0x0000009794b00000)]
  0x000002119bb7a530 JavaThread "Cache worker for Build Output Cleanup Cache (D:\i200547\.gradle\buildOutputCleanup)" [_thread_blocked, id=5956, stack(0x0000009794b00000,0x0000009794c00000)]
  0x000002119bb7c6e0 JavaThread "Unconstrained build operations" [_thread_blocked, id=14044, stack(0x0000009794c00000,0x0000009794d00000)]
  0x000002119bb80570 JavaThread "Unconstrained build operations Thread 2" [_thread_blocked, id=2512, stack(0x0000009794d00000,0x0000009794e00000)]
  0x000002119bb7d550 JavaThread "Unconstrained build operations Thread 3" [_thread_blocked, id=3340, stack(0x0000009794e00000,0x0000009794f00000)]
  0x000002119bb80a40 JavaThread "Unconstrained build operations Thread 4" [_thread_blocked, id=4416, stack(0x0000009794f00000,0x0000009795000000)]
  0x000002119bb7e890 JavaThread "Unconstrained build operations Thread 5" [_thread_blocked, id=12052, stack(0x0000009795000000,0x0000009795100000)]
  0x000002119bb7ed60 JavaThread "Unconstrained build operations Thread 6" [_thread_blocked, id=7548, stack(0x0000009795100000,0x0000009795200000)]
  0x000002119c183700 JavaThread "Unconstrained build operations Thread 7" [_thread_blocked, id=8960, stack(0x0000009795200000,0x0000009795300000)]
  0x000002119c1806e0 JavaThread "Unconstrained build operations Thread 8" [_thread_blocked, id=11372, stack(0x0000009795300000,0x0000009795400000)]
  0x000002119c186720 JavaThread "Unconstrained build operations Thread 9" [_thread_blocked, id=13480, stack(0x0000009795400000,0x0000009795500000)]
  0x000002119c181ef0 JavaThread "Unconstrained build operations Thread 10" [_thread_blocked, id=3016, stack(0x0000009795500000,0x0000009795600000)]
  0x000002119c182890 JavaThread "Unconstrained build operations Thread 11" [_thread_blocked, id=4856, stack(0x0000009795600000,0x0000009795700000)]
  0x000002119c181080 JavaThread "Unconstrained build operations Thread 12" [_thread_blocked, id=10760, stack(0x0000009795700000,0x0000009795800000)]
  0x000002119c180bb0 JavaThread "Unconstrained build operations Thread 13" [_thread_blocked, id=8580, stack(0x0000009795800000,0x0000009795900000)]
  0x000002119c187590 JavaThread "Unconstrained build operations Thread 14" [_thread_blocked, id=13856, stack(0x0000009795900000,0x0000009795a00000)]
  0x000002119c1840a0 JavaThread "Unconstrained build operations Thread 15" [_thread_blocked, id=7188, stack(0x0000009795a00000,0x0000009795b00000)]
  0x000002119c185d80 JavaThread "Unconstrained build operations Thread 16" [_thread_blocked, id=8112, stack(0x0000009795b00000,0x0000009795c00000)]
  0x000002119c1823c0 JavaThread "Unconstrained build operations Thread 17" [_thread_blocked, id=3192, stack(0x0000009795c00000,0x0000009795d00000)]
  0x000002119c182d60 JavaThread "Unconstrained build operations Thread 18" [_thread_blocked, id=2212, stack(0x0000009795d00000,0x0000009795e00000)]
  0x000002119c183230 JavaThread "Unconstrained build operations Thread 19" [_thread_blocked, id=12204, stack(0x0000009795e00000,0x0000009795f00000)]
  0x000002119c184570 JavaThread "Unconstrained build operations Thread 20" [_thread_blocked, id=13084, stack(0x0000009795f00000,0x0000009796000000)]
  0x000002119c183bd0 JavaThread "Unconstrained build operations Thread 21" [_thread_blocked, id=8936, stack(0x0000009796000000,0x0000009796100000)]
  0x000002119c1858b0 JavaThread "Unconstrained build operations Thread 22" [_thread_blocked, id=8356, stack(0x0000009796100000,0x0000009796200000)]
  0x000002119c184a40 JavaThread "Unconstrained build operations Thread 23" [_thread_blocked, id=7040, stack(0x0000009796200000,0x0000009796300000)]
  0x000002119c184f10 JavaThread "Unconstrained build operations Thread 24" [_thread_blocked, id=13044, stack(0x0000009796300000,0x0000009796400000)]
  0x000002119c181550 JavaThread "Unconstrained build operations Thread 25" [_thread_blocked, id=8300, stack(0x0000009796400000,0x0000009796500000)]
  0x000002119c1853e0 JavaThread "Unconstrained build operations Thread 26" [_thread_blocked, id=756, stack(0x0000009796500000,0x0000009796600000)]
  0x000002119c186250 JavaThread "Unconstrained build operations Thread 27" [_thread_blocked, id=9064, stack(0x0000009796600000,0x0000009796700000)]
  0x000002119c186bf0 JavaThread "Unconstrained build operations Thread 28" [_thread_blocked, id=6256, stack(0x0000009796700000,0x0000009796800000)]
  0x000002119c187a60 JavaThread "Unconstrained build operations Thread 29" [_thread_blocked, id=13568, stack(0x0000009796800000,0x0000009796900000)]
  0x000002119c181a20 JavaThread "Unconstrained build operations Thread 30" [_thread_blocked, id=8716, stack(0x0000009796900000,0x0000009796a00000)]
  0x000002119c1870c0 JavaThread "Unconstrained build operations Thread 31" [_thread_blocked, id=7376, stack(0x0000009796a00000,0x0000009796b00000)]
  0x000002119c180210 JavaThread "Unconstrained build operations Thread 32" [_thread_blocked, id=12392, stack(0x0000009796b00000,0x0000009796c00000)]
  0x000002119e0f9fe0 JavaThread "Unconstrained build operations Thread 33" [_thread_blocked, id=2156, stack(0x0000009796c00000,0x0000009796d00000)]
  0x000002119e0f7490 JavaThread "Unconstrained build operations Thread 34" [_thread_blocked, id=8384, stack(0x0000009796d00000,0x0000009796e00000)]
  0x000002119e0f5c80 JavaThread "Unconstrained build operations Thread 35" [_thread_blocked, id=8860, stack(0x0000009796e00000,0x0000009796f00000)]
  0x000002119e0f9170 JavaThread "Unconstrained build operations Thread 36" [_thread_blocked, id=9584, stack(0x0000009796f00000,0x0000009797000000)]
  0x000002119e0f7e30 JavaThread "Unconstrained build operations Thread 37" [_thread_blocked, id=14016, stack(0x0000009797000000,0x0000009797100000)]
  0x000002119e0f9b10 JavaThread "Unconstrained build operations Thread 38" [_thread_blocked, id=1176, stack(0x0000009797100000,0x0000009797200000)]
  0x000002119e0f9640 JavaThread "Unconstrained build operations Thread 39" [_thread_blocked, id=14080, stack(0x0000009797200000,0x0000009797300000)]
  0x000002119e0fa4b0 JavaThread "Unconstrained build operations Thread 40" [_thread_blocked, id=10452, stack(0x0000009797300000,0x0000009797400000)]
  0x000002119e0f7960 JavaThread "build event listener" [_thread_blocked, id=652, stack(0x0000009797400000,0x0000009797500000)]
  0x000002119e0fc660 JavaThread "Memory manager" [_thread_blocked, id=10284, stack(0x0000009797500000,0x0000009797600000)]

Other Threads:
=>0x00000211988e88b0 VMThread "VM Thread" [stack: 0x0000009792000000,0x0000009792100000] [id=10584]
  0x000002119957b2b0 WatcherThread [stack: 0x0000009792c00000,0x0000009792d00000] [id=13304]
  0x00000211ff377380 GCTaskThread "GC Thread#0" [stack: 0x0000009791b00000,0x0000009791c00000] [id=2672]
  0x0000021199cd6930 GCTaskThread "GC Thread#1" [stack: 0x0000009792e00000,0x0000009792f00000] [id=5168]
  0x0000021199cd6be0 GCTaskThread "GC Thread#2" [stack: 0x0000009792f00000,0x0000009793000000] [id=1296]
  0x000002119a4467e0 GCTaskThread "GC Thread#3" [stack: 0x0000009793000000,0x0000009793100000] [id=9928]
  0x00000211ff3891e0 ConcurrentGCThread "G1 Main Marker" [stack: 0x0000009791c00000,0x0000009791d00000] [id=10512]
  0x00000211ff38a2a0 ConcurrentGCThread "G1 Conc#0" [stack: 0x0000009791d00000,0x0000009791e00000] [id=1948]
  0x00000211ff3eeaa0 ConcurrentGCThread "G1 Refine#0" [stack: 0x0000009791e00000,0x0000009791f00000] [id=9660]
  0x0000021198743600 ConcurrentGCThread "G1 Service" [stack: 0x0000009791f00000,0x0000009792000000] [id=6152]

Threads with active compile tasks:
C2 CompilerThread0    18605 8402       4       org.gradle.internal.instantiation.generator.AbstractClassGenerator::inspectType (560 bytes)

VM state: at safepoint (normal execution)

VM Mutex/Monitor currently owned by a thread:  ([mutex/lock_event])
[0x00000211ff316d40] Threads_lock - owner thread: 0x00000211988e88b0
[0x00000211ff3172e0] Heap_lock - owner thread: 0x000002119a49d3c0

Heap address: 0x0000000080000000, size: 2048 MB, Compressed Oops mode: 32-bit

CDS archive(s) not mapped
Compressed class space mapped at: 0x0000000100000000-0x0000000140000000, reserved size: 1073741824
Narrow klass base: 0x0000000000000000, Narrow klass shift: 3, Narrow klass range: 0x140000000

GC Precious Log:
 CPUs: 4 total, 4 available
 Memory: 8089M
 Large Page Support: Disabled
 NUMA Support: Disabled
 Compressed Oops: Enabled (32-bit)
 Heap Region Size: 1M
 Heap Min Capacity: 8M
 Heap Initial Capacity: 128M
 Heap Max Capacity: 2G
 Pre-touch: Disabled
 Parallel Workers: 4
 Concurrent Workers: 1
 Concurrent Refinement Workers: 4
 Periodic GC: Disabled

Heap:
 garbage-first heap   total 161792K, used 77320K [0x0000000080000000, 0x0000000100000000)
  region size 1024K, 5 young (5120K), 5 survivors (5120K)
 Metaspace       used 91978K, committed 92672K, reserved 1130496K
  class space    used 12536K, committed 12864K, reserved 1048576K

Heap Regions: E=young(eden), S=young(survivor), O=old, HS=humongous(starts), HC=humongous(continues), CS=collection set, F=free, OA=open archive, CA=closed archive, TAMS=top-at-mark-start (previous, next)
|   0|0x0000000080000000, 0x0000000080100000, 0x0000000080100000|100%| O|  |TAMS 0x0000000080100000, 0x0000000080000000| Untracked 
|   1|0x0000000080100000, 0x0000000080200000, 0x0000000080200000|100%| O|  |TAMS 0x0000000080200000, 0x0000000080100000| Untracked 
|   2|0x0000000080200000, 0x0000000080300000, 0x0000000080300000|100%|HS|  |TAMS 0x0000000080300000, 0x0000000080200000| Complete 
|   3|0x0000000080300000, 0x0000000080400000, 0x0000000080400000|100%|HC|  |TAMS 0x0000000080400000, 0x0000000080300000| Complete 
|   4|0x0000000080400000, 0x0000000080500000, 0x0000000080500000|100%|HC|  |TAMS 0x0000000080500000, 0x0000000080400000| Complete 
|   5|0x0000000080500000, 0x0000000080600000, 0x0000000080600000|100%|HC|  |TAMS 0x0000000080600000, 0x0000000080500000| Complete 
|   6|0x0000000080600000, 0x0000000080700000, 0x0000000080700000|100%| O|  |TAMS 0x0000000080700000, 0x0000000080600000| Untracked 
|   7|0x0000000080700000, 0x0000000080800000, 0x0000000080800000|100%| O|  |TAMS 0x0000000080800000, 0x0000000080700000| Untracked 
|   8|0x0000000080800000, 0x0000000080900000, 0x0000000080900000|100%| O|  |TAMS 0x0000000080900000, 0x0000000080800000| Untracked 
|   9|0x0000000080900000, 0x0000000080a00000, 0x0000000080a00000|100%| O|  |TAMS 0x0000000080a00000, 0x0000000080900000| Untracked 
|  10|0x0000000080a00000, 0x0000000080b00000, 0x0000000080b00000|100%| O|  |TAMS 0x0000000080b00000, 0x0000000080a00000| Untracked 
|  11|0x0000000080b00000, 0x0000000080c00000, 0x0000000080c00000|100%| O|  |TAMS 0x0000000080c00000, 0x0000000080b00000| Untracked 
|  12|0x0000000080c00000, 0x0000000080d00000, 0x0000000080d00000|100%| O|  |TAMS 0x0000000080d00000, 0x0000000080c00000| Untracked 
|  13|0x0000000080d00000, 0x0000000080e00000, 0x0000000080e00000|100%| O|  |TAMS 0x0000000080e00000, 0x0000000080d00000| Untracked 
|  14|0x0000000080e00000, 0x0000000080f00000, 0x0000000080f00000|100%| O|  |TAMS 0x0000000080f00000, 0x0000000080e00000| Untracked 
|  15|0x0000000080f00000, 0x0000000081000000, 0x0000000081000000|100%| O|  |TAMS 0x0000000081000000, 0x0000000080f00000| Untracked 
|  16|0x0000000081000000, 0x0000000081100000, 0x0000000081100000|100%| O|  |TAMS 0x0000000081100000, 0x0000000081000000| Untracked 
|  17|0x0000000081100000, 0x0000000081200000, 0x0000000081200000|100%| O|  |TAMS 0x0000000081200000, 0x0000000081100000| Untracked 
|  18|0x0000000081200000, 0x0000000081300000, 0x0000000081300000|100%| O|  |TAMS 0x0000000081300000, 0x0000000081200000| Untracked 
|  19|0x0000000081300000, 0x0000000081400000, 0x0000000081400000|100%| O|  |TAMS 0x0000000081400000, 0x0000000081300000| Untracked 
|  20|0x0000000081400000, 0x0000000081500000, 0x0000000081500000|100%| O|  |TAMS 0x0000000081500000, 0x0000000081400000| Untracked 
|  21|0x0000000081500000, 0x0000000081600000, 0x0000000081600000|100%| O|  |TAMS 0x0000000081600000, 0x0000000081500000| Untracked 
|  22|0x0000000081600000, 0x0000000081700000, 0x0000000081700000|100%| O|  |TAMS 0x0000000081700000, 0x0000000081600000| Untracked 
|  23|0x0000000081700000, 0x0000000081800000, 0x0000000081800000|100%| O|  |TAMS 0x0000000081800000, 0x0000000081700000| Untracked 
|  24|0x0000000081800000, 0x0000000081900000, 0x0000000081900000|100%| O|  |TAMS 0x0000000081900000, 0x0000000081800000| Untracked 
|  25|0x0000000081900000, 0x0000000081a00000, 0x0000000081a00000|100%| O|  |TAMS 0x0000000081a00000, 0x0000000081900000| Untracked 
|  26|0x0000000081a00000, 0x0000000081b00000, 0x0000000081b00000|100%|HS|  |TAMS 0x0000000081b00000, 0x0000000081a00000| Complete 
|  27|0x0000000081b00000, 0x0000000081c00000, 0x0000000081c00000|100%| O|  |TAMS 0x0000000081c00000, 0x0000000081b00000| Untracked 
|  28|0x0000000081c00000, 0x0000000081d00000, 0x0000000081d00000|100%| O|  |TAMS 0x0000000081d00000, 0x0000000081c00000| Untracked 
|  29|0x0000000081d00000, 0x0000000081e00000, 0x0000000081e00000|100%| O|  |TAMS 0x0000000081e00000, 0x0000000081d00000| Untracked 
|  30|0x0000000081e00000, 0x0000000081f00000, 0x0000000081f00000|100%|HS|  |TAMS 0x0000000081f00000, 0x0000000081e00000| Complete 
|  31|0x0000000081f00000, 0x0000000082000000, 0x0000000082000000|100%|HS|  |TAMS 0x0000000082000000, 0x0000000081f00000| Complete 
|  32|0x0000000082000000, 0x0000000082100000, 0x0000000082100000|100%|HC|  |TAMS 0x0000000082100000, 0x0000000082000000| Complete 
|  33|0x0000000082100000, 0x0000000082200000, 0x0000000082200000|100%|HS|  |TAMS 0x0000000082200000, 0x0000000082100000| Complete 
|  34|0x0000000082200000, 0x0000000082300000, 0x0000000082300000|100%|HS|  |TAMS 0x0000000082300000, 0x0000000082200000| Complete 
|  35|0x0000000082300000, 0x0000000082400000, 0x0000000082400000|100%|HC|  |TAMS 0x0000000082400000, 0x0000000082300000| Complete 
|  36|0x0000000082400000, 0x0000000082500000, 0x0000000082500000|100%|HC|  |TAMS 0x0000000082500000, 0x0000000082400000| Complete 
|  37|0x0000000082500000, 0x0000000082600000, 0x0000000082600000|100%|HC|  |TAMS 0x0000000082600000, 0x0000000082500000| Complete 
|  38|0x0000000082600000, 0x0000000082700000, 0x0000000082700000|100%| O|  |TAMS 0x0000000082700000, 0x0000000082600000| Untracked 
|  39|0x0000000082700000, 0x0000000082800000, 0x0000000082800000|100%| O|  |TAMS 0x0000000082800000, 0x0000000082700000| Untracked 
|  40|0x0000000082800000, 0x0000000082900000, 0x0000000082900000|100%| O|  |TAMS 0x0000000082900000, 0x0000000082800000| Untracked 
|  41|0x0000000082900000, 0x0000000082a00000, 0x0000000082a00000|100%| O|  |TAMS 0x0000000082a00000, 0x0000000082900000| Untracked 
|  42|0x0000000082a00000, 0x0000000082b00000, 0x0000000082b00000|100%| O|  |TAMS 0x0000000082b00000, 0x0000000082a00000| Untracked 
|  43|0x0000000082b00000, 0x0000000082c00000, 0x0000000082c00000|100%| O|  |TAMS 0x0000000082c00000, 0x0000000082b00000| Untracked 
|  44|0x0000000082c00000, 0x0000000082d00000, 0x0000000082d00000|100%| O|  |TAMS 0x0000000082d00000, 0x0000000082c00000| Untracked 
|  45|0x0000000082d00000, 0x0000000082e00000, 0x0000000082e00000|100%| O|  |TAMS 0x0000000082e00000, 0x0000000082d00000| Untracked 
|  46|0x0000000082e00000, 0x0000000082f00000, 0x0000000082f00000|100%| O|  |TAMS 0x0000000082f00000, 0x0000000082e00000| Untracked 
|  47|0x0000000082f00000, 0x0000000083000000, 0x0000000083000000|100%| O|  |TAMS 0x0000000083000000, 0x0000000082f00000| Untracked 
|  48|0x0000000083000000, 0x0000000083100000, 0x0000000083100000|100%| O|  |TAMS 0x0000000083100000, 0x0000000083000000| Untracked 
|  49|0x0000000083100000, 0x0000000083200000, 0x0000000083200000|100%| O|  |TAMS 0x0000000083200000, 0x0000000083100000| Untracked 
|  50|0x0000000083200000, 0x0000000083300000, 0x0000000083300000|100%| O|  |TAMS 0x0000000083200000, 0x0000000083200000| Untracked 
|  51|0x0000000083300000, 0x0000000083400000, 0x0000000083400000|100%| O|  |TAMS 0x0000000083300000, 0x0000000083300000| Untracked 
|  52|0x0000000083400000, 0x0000000083500000, 0x0000000083500000|100%| O|  |TAMS 0x0000000083400000, 0x0000000083400000| Untracked 
|  53|0x0000000083500000, 0x0000000083600000, 0x0000000083600000|100%| O|  |TAMS 0x0000000083500000, 0x0000000083500000| Untracked 
|  54|0x0000000083600000, 0x0000000083700000, 0x0000000083700000|100%| O|  |TAMS 0x0000000083600000, 0x0000000083600000| Untracked 
|  55|0x0000000083700000, 0x0000000083800000, 0x0000000083800000|100%| O|  |TAMS 0x0000000083700000, 0x0000000083700000| Untracked 
|  56|0x0000000083800000, 0x0000000083900000, 0x0000000083900000|100%| O|  |TAMS 0x0000000083800000, 0x0000000083800000| Untracked 
|  57|0x0000000083900000, 0x0000000083a00000, 0x0000000083a00000|100%| O|  |TAMS 0x000000008397cc00, 0x0000000083900000| Untracked 
|  58|0x0000000083a00000, 0x0000000083b00000, 0x0000000083b00000|100%| O|  |TAMS 0x0000000083a00000, 0x0000000083a00000| Untracked 
|  59|0x0000000083b00000, 0x0000000083c00000, 0x0000000083c00000|100%| O|  |TAMS 0x0000000083b00000, 0x0000000083b00000| Untracked 
|  60|0x0000000083c00000, 0x0000000083d00000, 0x0000000083d00000|100%| O|  |TAMS 0x0000000083c00000, 0x0000000083c00000| Untracked 
|  61|0x0000000083d00000, 0x0000000083e00000, 0x0000000083e00000|100%| O|  |TAMS 0x0000000083d00000, 0x0000000083d00000| Untracked 
|  62|0x0000000083e00000, 0x0000000083f00000, 0x0000000083f00000|100%| O|  |TAMS 0x0000000083e00000, 0x0000000083e00000| Untracked 
|  63|0x0000000083f00000, 0x0000000084000000, 0x0000000084000000|100%| O|  |TAMS 0x0000000083f00000, 0x0000000083f00000| Untracked 
|  64|0x0000000084000000, 0x0000000084100000, 0x0000000084100000|100%| O|  |TAMS 0x0000000084000000, 0x0000000084000000| Untracked 
|  65|0x0000000084100000, 0x0000000084200000, 0x0000000084200000|100%| O|  |TAMS 0x0000000084100000, 0x0000000084100000| Untracked 
|  66|0x0000000084200000, 0x0000000084300000, 0x0000000084300000|100%| O|  |TAMS 0x0000000084200000, 0x0000000084200000| Untracked 
|  67|0x0000000084300000, 0x0000000084400000, 0x0000000084400000|100%| O|  |TAMS 0x0000000084300000, 0x0000000084300000| Untracked 
|  68|0x0000000084400000, 0x0000000084500000, 0x0000000084500000|100%| O|  |TAMS 0x0000000084400000, 0x0000000084400000| Untracked 
|  69|0x0000000084500000, 0x00000000845dea00, 0x0000000084600000| 86%| O|  |TAMS 0x0000000084500000, 0x0000000084500000| Untracked 
|  70|0x0000000084600000, 0x0000000084600000, 0x0000000084700000|  0%| F|  |TAMS 0x0000000084600000, 0x0000000084600000| Untracked 
|  71|0x0000000084700000, 0x0000000084700000, 0x0000000084800000|  0%| F|  |TAMS 0x0000000084700000, 0x0000000084700000| Untracked 
|  72|0x0000000084800000, 0x0000000084800000, 0x0000000084900000|  0%| F|  |TAMS 0x0000000084800000, 0x0000000084800000| Untracked 
|  73|0x0000000084900000, 0x0000000084900000, 0x0000000084a00000|  0%| F|  |TAMS 0x0000000084900000, 0x0000000084900000| Untracked 
|  74|0x0000000084a00000, 0x0000000084a00000, 0x0000000084b00000|  0%| F|  |TAMS 0x0000000084a00000, 0x0000000084a00000| Untracked 
|  75|0x0000000084b00000, 0x0000000084b00000, 0x0000000084c00000|  0%| F|  |TAMS 0x0000000084b00000, 0x0000000084b00000| Untracked 
|  76|0x0000000084c00000, 0x0000000084c00000, 0x0000000084d00000|  0%| F|  |TAMS 0x0000000084c00000, 0x0000000084c00000| Untracked 
|  77|0x0000000084d00000, 0x0000000084d00000, 0x0000000084e00000|  0%| F|  |TAMS 0x0000000084d00000, 0x0000000084d00000| Untracked 
|  78|0x0000000084e00000, 0x0000000084e00000, 0x0000000084f00000|  0%| F|  |TAMS 0x0000000084e00000, 0x0000000084e00000| Untracked 
|  79|0x0000000084f00000, 0x0000000084f00000, 0x0000000085000000|  0%| F|  |TAMS 0x0000000084f00000, 0x0000000084f00000| Untracked 
|  80|0x0000000085000000, 0x0000000085000000, 0x0000000085100000|  0%| F|  |TAMS 0x0000000085000000, 0x0000000085000000| Untracked 
|  81|0x0000000085100000, 0x0000000085100000, 0x0000000085200000|  0%| F|  |TAMS 0x0000000085100000, 0x0000000085100000| Untracked 
|  82|0x0000000085200000, 0x0000000085200000, 0x0000000085300000|  0%| F|  |TAMS 0x0000000085200000, 0x0000000085200000| Untracked 
|  83|0x0000000085300000, 0x0000000085300000, 0x0000000085400000|  0%| F|  |TAMS 0x0000000085300000, 0x0000000085300000| Untracked 
|  84|0x0000000085400000, 0x0000000085400000, 0x0000000085500000|  0%| F|  |TAMS 0x0000000085400000, 0x0000000085400000| Untracked 
|  85|0x0000000085500000, 0x0000000085500000, 0x0000000085600000|  0%| F|  |TAMS 0x0000000085500000, 0x0000000085500000| Untracked 
|  86|0x0000000085600000, 0x0000000085600000, 0x0000000085700000|  0%| F|  |TAMS 0x0000000085600000, 0x0000000085600000| Untracked 
|  87|0x0000000085700000, 0x0000000085700000, 0x0000000085800000|  0%| F|  |TAMS 0x0000000085700000, 0x0000000085700000| Untracked 
|  88|0x0000000085800000, 0x0000000085800000, 0x0000000085900000|  0%| F|  |TAMS 0x0000000085800000, 0x0000000085800000| Untracked 
|  89|0x0000000085900000, 0x0000000085900000, 0x0000000085a00000|  0%| F|  |TAMS 0x0000000085900000, 0x0000000085900000| Untracked 
|  90|0x0000000085a00000, 0x0000000085a00000, 0x0000000085b00000|  0%| F|  |TAMS 0x0000000085a00000, 0x0000000085a00000| Untracked 
|  91|0x0000000085b00000, 0x0000000085ba3870, 0x0000000085c00000| 63%| S|CS|TAMS 0x0000000085b00000, 0x0000000085b00000| Complete 
|  92|0x0000000085c00000, 0x0000000085d00000, 0x0000000085d00000|100%| S|CS|TAMS 0x0000000085c00000, 0x0000000085c00000| Complete 
|  93|0x0000000085d00000, 0x0000000085e00000, 0x0000000085e00000|100%| S|CS|TAMS 0x0000000085d00000, 0x0000000085d00000| Complete 
|  94|0x0000000085e00000, 0x0000000085f00000, 0x0000000085f00000|100%| S|CS|TAMS 0x0000000085e00000, 0x0000000085e00000| Complete 
|  95|0x0000000085f00000, 0x0000000085f00000, 0x0000000086000000|  0%| F|  |TAMS 0x0000000085f00000, 0x0000000085f00000| Untracked 
|  96|0x0000000086000000, 0x0000000086000000, 0x0000000086100000|  0%| F|  |TAMS 0x0000000086000000, 0x0000000086000000| Untracked 
|  97|0x0000000086100000, 0x0000000086100000, 0x0000000086200000|  0%| F|  |TAMS 0x0000000086100000, 0x0000000086100000| Untracked 
|  98|0x0000000086200000, 0x0000000086200000, 0x0000000086300000|  0%| F|  |TAMS 0x0000000086200000, 0x0000000086200000| Untracked 
|  99|0x0000000086300000, 0x0000000086300000, 0x0000000086400000|  0%| F|  |TAMS 0x0000000086300000, 0x0000000086300000| Untracked 
| 100|0x0000000086400000, 0x0000000086400000, 0x0000000086500000|  0%| F|  |TAMS 0x0000000086400000, 0x0000000086400000| Untracked 
| 101|0x0000000086500000, 0x0000000086500000, 0x0000000086600000|  0%| F|  |TAMS 0x0000000086500000, 0x0000000086500000| Untracked 
| 102|0x0000000086600000, 0x0000000086600000, 0x0000000086700000|  0%| F|  |TAMS 0x0000000086600000, 0x0000000086600000| Untracked 
| 103|0x0000000086700000, 0x0000000086800000, 0x0000000086800000|100%| S|CS|TAMS 0x0000000086700000, 0x0000000086700000| Complete 
| 104|0x0000000086800000, 0x0000000086800000, 0x0000000086900000|  0%| F|  |TAMS 0x0000000086800000, 0x0000000086800000| Untracked 
| 105|0x0000000086900000, 0x0000000086900000, 0x0000000086a00000|  0%| F|  |TAMS 0x0000000086900000, 0x0000000086900000| Untracked 
| 106|0x0000000086a00000, 0x0000000086a00000, 0x0000000086b00000|  0%| F|  |TAMS 0x0000000086a00000, 0x0000000086a00000| Untracked 
| 107|0x0000000086b00000, 0x0000000086b00000, 0x0000000086c00000|  0%| F|  |TAMS 0x0000000086b00000, 0x0000000086b00000| Untracked 
| 108|0x0000000086c00000, 0x0000000086c00000, 0x0000000086d00000|  0%| F|  |TAMS 0x0000000086c00000, 0x0000000086c00000| Untracked 
| 109|0x0000000086d00000, 0x0000000086d00000, 0x0000000086e00000|  0%| F|  |TAMS 0x0000000086d00000, 0x0000000086d00000| Untracked 
| 110|0x0000000086e00000, 0x0000000086e00000, 0x0000000086f00000|  0%| F|  |TAMS 0x0000000086e00000, 0x0000000086e00000| Untracked 
| 111|0x0000000086f00000, 0x0000000086f00000, 0x0000000087000000|  0%| F|  |TAMS 0x0000000086f00000, 0x0000000086f00000| Untracked 
| 112|0x0000000087000000, 0x0000000087000000, 0x0000000087100000|  0%| F|  |TAMS 0x0000000087000000, 0x0000000087000000| Untracked 
| 113|0x0000000087100000, 0x0000000087100000, 0x0000000087200000|  0%| F|  |TAMS 0x0000000087100000, 0x0000000087100000| Untracked 
| 114|0x0000000087200000, 0x0000000087200000, 0x0000000087300000|  0%| F|  |TAMS 0x0000000087200000, 0x0000000087200000| Untracked 
| 115|0x0000000087300000, 0x0000000087300000, 0x0000000087400000|  0%| F|  |TAMS 0x0000000087300000, 0x0000000087300000| Untracked 
| 116|0x0000000087400000, 0x0000000087400000, 0x0000000087500000|  0%| F|  |TAMS 0x0000000087400000, 0x0000000087400000| Untracked 
| 117|0x0000000087500000, 0x0000000087500000, 0x0000000087600000|  0%| F|  |TAMS 0x0000000087500000, 0x0000000087500000| Untracked 
| 118|0x0000000087600000, 0x0000000087600000, 0x0000000087700000|  0%| F|  |TAMS 0x0000000087600000, 0x0000000087600000| Untracked 
| 119|0x0000000087700000, 0x0000000087700000, 0x0000000087800000|  0%| F|  |TAMS 0x0000000087700000, 0x0000000087700000| Untracked 
| 120|0x0000000087800000, 0x0000000087800000, 0x0000000087900000|  0%| F|  |TAMS 0x0000000087800000, 0x0000000087800000| Untracked 
| 121|0x0000000087900000, 0x0000000087900000, 0x0000000087a00000|  0%| F|  |TAMS 0x0000000087900000, 0x0000000087900000| Untracked 
| 122|0x0000000087a00000, 0x0000000087a00000, 0x0000000087b00000|  0%| F|  |TAMS 0x0000000087a00000, 0x0000000087a00000| Untracked 
| 123|0x0000000087b00000, 0x0000000087b00000, 0x0000000087c00000|  0%| F|  |TAMS 0x0000000087b00000, 0x0000000087b00000| Untracked 
| 124|0x0000000087c00000, 0x0000000087c00000, 0x0000000087d00000|  0%| F|  |TAMS 0x0000000087c00000, 0x0000000087c00000| Untracked 
| 125|0x0000000087d00000, 0x0000000087d00000, 0x0000000087e00000|  0%| F|  |TAMS 0x0000000087d00000, 0x0000000087d00000| Untracked 
| 126|0x0000000087e00000, 0x0000000087e00000, 0x0000000087f00000|  0%| F|  |TAMS 0x0000000087e00000, 0x0000000087e00000| Untracked 
| 127|0x0000000087f00000, 0x0000000087f00000, 0x0000000088000000|  0%| F|  |TAMS 0x0000000087f00000, 0x0000000087f00000| Untracked 
| 128|0x0000000088000000, 0x0000000088000000, 0x0000000088100000|  0%| F|  |TAMS 0x0000000088000000, 0x0000000088000000| Untracked 
| 129|0x0000000088100000, 0x0000000088100000, 0x0000000088200000|  0%| F|  |TAMS 0x0000000088100000, 0x0000000088100000| Untracked 
| 130|0x0000000088200000, 0x0000000088200000, 0x0000000088300000|  0%| F|  |TAMS 0x0000000088200000, 0x0000000088200000| Untracked 
| 131|0x0000000088300000, 0x0000000088300000, 0x0000000088400000|  0%| F|  |TAMS 0x0000000088300000, 0x0000000088300000| Untracked 
| 132|0x0000000088400000, 0x0000000088400000, 0x0000000088500000|  0%| F|  |TAMS 0x0000000088400000, 0x0000000088400000| Untracked 
| 133|0x0000000088500000, 0x0000000088500000, 0x0000000088600000|  0%| F|  |TAMS 0x0000000088500000, 0x0000000088500000| Untracked 
| 134|0x0000000088600000, 0x0000000088600000, 0x0000000088700000|  0%| F|  |TAMS 0x0000000088600000, 0x0000000088600000| Untracked 
| 135|0x0000000088700000, 0x0000000088700000, 0x0000000088800000|  0%| F|  |TAMS 0x0000000088700000, 0x0000000088700000| Untracked 
| 136|0x0000000088800000, 0x0000000088800000, 0x0000000088900000|  0%| F|  |TAMS 0x0000000088800000, 0x0000000088800000| Untracked 
| 137|0x0000000088900000, 0x0000000088900000, 0x0000000088a00000|  0%| F|  |TAMS 0x0000000088900000, 0x0000000088900000| Untracked 
| 138|0x0000000088a00000, 0x0000000088a00000, 0x0000000088b00000|  0%| F|  |TAMS 0x0000000088a00000, 0x0000000088a00000| Untracked 
| 139|0x0000000088b00000, 0x0000000088b00000, 0x0000000088c00000|  0%| F|  |TAMS 0x0000000088b00000, 0x0000000088b00000| Untracked 
| 140|0x0000000088c00000, 0x0000000088c00000, 0x0000000088d00000|  0%| F|  |TAMS 0x0000000088c00000, 0x0000000088c00000| Untracked 
| 141|0x0000000088d00000, 0x0000000088d00000, 0x0000000088e00000|  0%| F|  |TAMS 0x0000000088d00000, 0x0000000088d00000| Untracked 
| 142|0x0000000088e00000, 0x0000000088e00000, 0x0000000088f00000|  0%| F|  |TAMS 0x0000000088e00000, 0x0000000088e00000| Untracked 
| 143|0x0000000088f00000, 0x0000000088f00000, 0x0000000089000000|  0%| F|  |TAMS 0x0000000088f00000, 0x0000000088f00000| Untracked 
| 144|0x0000000089000000, 0x0000000089000000, 0x0000000089100000|  0%| F|  |TAMS 0x0000000089000000, 0x0000000089000000| Untracked 
| 145|0x0000000089100000, 0x0000000089100000, 0x0000000089200000|  0%| F|  |TAMS 0x0000000089100000, 0x0000000089100000| Untracked 
| 146|0x0000000089200000, 0x0000000089200000, 0x0000000089300000|  0%| F|  |TAMS 0x0000000089200000, 0x0000000089200000| Untracked 
| 147|0x0000000089300000, 0x0000000089300000, 0x0000000089400000|  0%| F|  |TAMS 0x0000000089300000, 0x0000000089300000| Untracked 
| 148|0x0000000089400000, 0x0000000089400000, 0x0000000089500000|  0%| F|  |TAMS 0x0000000089400000, 0x0000000089400000| Untracked 
| 149|0x0000000089500000, 0x0000000089500000, 0x0000000089600000|  0%| F|  |TAMS 0x0000000089500000, 0x0000000089500000| Untracked 
| 150|0x0000000089600000, 0x0000000089600000, 0x0000000089700000|  0%| F|  |TAMS 0x0000000089600000, 0x0000000089600000| Untracked 
| 151|0x0000000089700000, 0x0000000089700000, 0x0000000089800000|  0%| F|  |TAMS 0x0000000089700000, 0x0000000089700000| Untracked 
| 152|0x0000000089800000, 0x0000000089800000, 0x0000000089900000|  0%| F|  |TAMS 0x0000000089800000, 0x0000000089800000| Untracked 
| 153|0x0000000089900000, 0x0000000089900000, 0x0000000089a00000|  0%| F|  |TAMS 0x0000000089900000, 0x0000000089900000| Untracked 
| 154|0x0000000089a00000, 0x0000000089a00000, 0x0000000089b00000|  0%| F|  |TAMS 0x0000000089a00000, 0x0000000089a00000| Untracked 
| 155|0x0000000089b00000, 0x0000000089b00000, 0x0000000089c00000|  0%| F|  |TAMS 0x0000000089b00000, 0x0000000089b00000| Untracked 
| 156|0x0000000089c00000, 0x0000000089c00000, 0x0000000089d00000|  0%| F|  |TAMS 0x0000000089c00000, 0x0000000089c00000| Untracked 
|2047|0x00000000fff00000, 0x0000000100000000, 0x0000000100000000|100%| O|  |TAMS 0x0000000100000000, 0x00000000fff00000| Untracked 

Card table byte_map: [0x00000211ff7f0000,0x00000211ffbf0000] _byte_map_base: 0x00000211ff3f0000

Marking Bits (Prev, Next): (CMBitMap*) 0x00000211ff3778a0, (CMBitMap*) 0x00000211ff3778e0
 Prev Bits: [0x0000021192400000, 0x0000021194400000)
 Next Bits: [0x0000021194400000, 0x0000021196400000)

Polling page: 0x00000211fd1c0000

Metaspace:

Usage:
  Non-class:     77.58 MB used.
      Class:     12.24 MB used.
       Both:     89.82 MB used.

Virtual space:
  Non-class space:       80.00 MB reserved,      77.94 MB ( 97%) committed,  10 nodes.
      Class space:        1.00 GB reserved,      12.56 MB (  1%) committed,  1 nodes.
             Both:        1.08 GB reserved,      90.50 MB (  8%) committed. 

Chunk freelists:
   Non-Class:  1.41 MB
       Class:  3.42 MB
        Both:  4.83 MB

MaxMetaspaceSize: unlimited
CompressedClassSpaceSize: 1.00 GB
Initial GC threshold: 21.00 MB
Current GC threshold: 105.25 MB
CDS: off
MetaspaceReclaimPolicy: balanced
 - commit_granule_bytes: 65536.
 - commit_granule_words: 8192.
 - virtual_space_node_default_size: 1048576.
 - enlarge_chunks_in_place: 1.
 - new_chunks_are_fully_committed: 0.
 - uncommit_free_chunks: 1.
 - use_allocation_guard: 0.
 - handle_deallocations: 1.


Internal statistics:

num_allocs_failed_limit: 12.
num_arena_births: 880.
num_arena_deaths: 0.
num_vsnodes_births: 11.
num_vsnodes_deaths: 0.
num_space_committed: 1448.
num_space_uncommitted: 0.
num_chunks_returned_to_freelist: 12.
num_chunks_taken_from_freelist: 4190.
num_chunk_merges: 12.
num_chunk_splits: 2818.
num_chunks_enlarged: 1925.
num_purges: 0.
num_inconsistent_stats: 0.

CodeHeap 'non-profiled nmethods': size=120000Kb used=3112Kb max_used=3176Kb free=116887Kb
 bounds [0x000002118aed0000, 0x000002118b200000, 0x0000021192400000]
CodeHeap 'profiled nmethods': size=120000Kb used=14531Kb max_used=14531Kb free=105468Kb
 bounds [0x0000021183400000, 0x0000021184240000, 0x000002118a930000]
CodeHeap 'non-nmethods': size=5760Kb used=2379Kb max_used=2440Kb free=3380Kb
 bounds [0x000002118a930000, 0x000002118abb0000, 0x000002118aed0000]
 total_blobs=9105 nmethods=8190 adapters=827
 compilation: enabled
              stopped_count=0, restarted_count=0
 full_count=0

Compilation events (20 events):
Event: 18.506 Thread 0x000002119940f1a0 9094       2       java.lang.reflect.Constructor::getExceptionTypes (11 bytes)
Event: 18.507 Thread 0x000002119940f1a0 nmethod 9094 0x000002118422a510 code [0x000002118422a6c0, 0x000002118422a828]
Event: 18.510 Thread 0x000002119940f1a0 9095       2       java.util.HashMap$TreeNode::find (172 bytes)
Event: 18.511 Thread 0x000002119940f1a0 nmethod 9095 0x000002118422a910 code [0x000002118422ab00, 0x000002118422af58]
Event: 18.520 Thread 0x000002119940f1a0 9098       2       java.lang.invoke.InvokerBytecodeGenerator::<init> (12 bytes)
Event: 18.521 Thread 0x000002119940f1a0 nmethod 9098 0x000002118422b210 code [0x000002118422b3c0, 0x000002118422b538]
Event: 18.521 Thread 0x000002119940f1a0 9100       2       java.lang.invoke.MethodHandles$Lookup$ClassFile::newInstanceNoCheck (11 bytes)
Event: 18.521 Thread 0x000002119940f1a0 nmethod 9100 0x000002118422b690 code [0x000002118422b820, 0x000002118422ba18]
Event: 18.521 Thread 0x000002119940f1a0 9099       2       java.lang.invoke.InvokerBytecodeGenerator::generateCustomizedCodeBytes (44 bytes)
Event: 18.521 Thread 0x000002119940f1a0 nmethod 9099 0x000002118422ba90 code [0x000002118422bc80, 0x000002118422bed8]
Event: 18.521 Thread 0x000002119940f1a0 9101       2       java.lang.invoke.InvokerBytecodeGenerator::classDataValues (265 bytes)
Event: 18.522 Thread 0x000002119940f1a0 nmethod 9101 0x000002118422c090 code [0x000002118422c440, 0x000002118422d958]
Event: 18.522 Thread 0x000002119940f1a0 9102   !   2       java.lang.invoke.InvokerBytecodeGenerator::resolveInvokerMember (43 bytes)
Event: 18.522 Thread 0x000002119940f1a0 nmethod 9102 0x000002118422e210 code [0x000002118422e3e0, 0x000002118422e688]
Event: 18.527 Thread 0x000002119940f1a0 9103       2       java.util.HashMap$TreeNode::tieBreakOrder (49 bytes)
Event: 18.528 Thread 0x000002119940f1a0 nmethod 9103 0x000002118422e810 code [0x000002118422e9e0, 0x000002118422ec08]
Event: 18.533 Thread 0x000002119940f1a0 9104       2       org.apache.commons.io.FilenameUtils::getPrefixLength (343 bytes)
Event: 18.535 Thread 0x000002119940f1a0 nmethod 9104 0x000002118422ee10 code [0x000002118422f140, 0x000002118422ff08]
Event: 18.537 Thread 0x000002119940f1a0 9106       2       java.util.TimSort::mergeCollapse (134 bytes)
Event: 18.537 Thread 0x000002119940f1a0 nmethod 9106 0x0000021184230510 code [0x00000211842306e0, 0x0000021184230a68]

GC Heap History (20 events):
Event: 9.786 GC heap after
{Heap after GC invocations=14 (full 0):
 garbage-first heap   total 103424K, used 32101K [0x0000000080000000, 0x0000000100000000)
  region size 1024K, 5 young (5120K), 5 survivors (5120K)
 Metaspace       used 48546K, committed 49024K, reserved 1097728K
  class space    used 6450K, committed 6656K, reserved 1048576K
}
Event: 10.813 GC heap before
{Heap before GC invocations=14 (full 0):
 garbage-first heap   total 103424K, used 78181K [0x0000000080000000, 0x0000000100000000)
  region size 1024K, 51 young (52224K), 5 survivors (5120K)
 Metaspace       used 52991K, committed 53440K, reserved 1097728K
  class space    used 7079K, committed 7296K, reserved 1048576K
}
Event: 10.848 GC heap after
{Heap after GC invocations=15 (full 0):
 garbage-first heap   total 103424K, used 35379K [0x0000000080000000, 0x0000000100000000)
  region size 1024K, 6 young (6144K), 6 survivors (6144K)
 Metaspace       used 52991K, committed 53440K, reserved 1097728K
  class space    used 7079K, committed 7296K, reserved 1048576K
}
Event: 11.877 GC heap before
{Heap before GC invocations=15 (full 0):
 garbage-first heap   total 103424K, used 89651K [0x0000000080000000, 0x0000000100000000)
  region size 1024K, 50 young (51200K), 6 survivors (6144K)
 Metaspace       used 56073K, committed 56576K, reserved 1097728K
  class space    used 7485K, committed 7680K, reserved 1048576K
}
Event: 11.893 GC heap after
{Heap after GC invocations=16 (full 0):
 garbage-first heap   total 104448K, used 52064K [0x0000000080000000, 0x0000000100000000)
  region size 1024K, 7 young (7168K), 7 survivors (7168K)
 Metaspace       used 56073K, committed 56576K, reserved 1097728K
  class space    used 7485K, committed 7680K, reserved 1048576K
}
Event: 12.454 GC heap before
{Heap before GC invocations=16 (full 0):
 garbage-first heap   total 104448K, used 77664K [0x0000000080000000, 0x0000000100000000)
  region size 1024K, 34 young (34816K), 7 survivors (7168K)
 Metaspace       used 60192K, committed 60736K, reserved 1105920K
  class space    used 7986K, committed 8256K, reserved 1048576K
}
Event: 12.462 GC heap after
{Heap after GC invocations=17 (full 0):
 garbage-first heap   total 104448K, used 54216K [0x0000000080000000, 0x0000000100000000)
  region size 1024K, 2 young (2048K), 2 survivors (2048K)
 Metaspace       used 60192K, committed 60736K, reserved 1105920K
  class space    used 7986K, committed 8256K, reserved 1048576K
}
Event: 12.980 GC heap before
{Heap before GC invocations=18 (full 0):
 garbage-first heap   total 104448K, used 70600K [0x0000000080000000, 0x0000000100000000)
  region size 1024K, 20 young (20480K), 2 survivors (2048K)
 Metaspace       used 64023K, committed 64640K, reserved 1105920K
  class space    used 8503K, committed 8768K, reserved 1048576K
}
Event: 12.986 GC heap after
{Heap after GC invocations=19 (full 0):
 garbage-first heap   total 104448K, used 55994K [0x0000000080000000, 0x0000000100000000)
  region size 1024K, 4 young (4096K), 4 survivors (4096K)
 Metaspace       used 64023K, committed 64640K, reserved 1105920K
  class space    used 8503K, committed 8768K, reserved 1048576K
}
Event: 13.399 GC heap before
{Heap before GC invocations=20 (full 0):
 garbage-first heap   total 126976K, used 87738K [0x0000000080000000, 0x0000000100000000)
  region size 1024K, 29 young (29696K), 4 survivors (4096K)
 Metaspace       used 65672K, committed 66176K, reserved 1114112K
  class space    used 8719K, committed 8960K, reserved 1048576K
}
Event: 13.411 GC heap after
{Heap after GC invocations=21 (full 0):
 garbage-first heap   total 126976K, used 58604K [0x0000000080000000, 0x0000000100000000)
  region size 1024K, 4 young (4096K), 4 survivors (4096K)
 Metaspace       used 65672K, committed 66176K, reserved 1114112K
  class space    used 8719K, committed 8960K, reserved 1048576K
}
Event: 13.988 GC heap before
{Heap before GC invocations=21 (full 0):
 garbage-first heap   total 126976K, used 94444K [0x0000000080000000, 0x0000000100000000)
  region size 1024K, 39 young (39936K), 4 survivors (4096K)
 Metaspace       used 69145K, committed 69760K, reserved 1114112K
  class space    used 9175K, committed 9472K, reserved 1048576K
}
Event: 14.001 GC heap after
{Heap after GC invocations=22 (full 0):
 garbage-first heap   total 161792K, used 61137K [0x0000000080000000, 0x0000000100000000)
  region size 1024K, 3 young (3072K), 3 survivors (3072K)
 Metaspace       used 69145K, committed 69760K, reserved 1114112K
  class space    used 9175K, committed 9472K, reserved 1048576K
}
Event: 15.159 GC heap before
{Heap before GC invocations=22 (full 0):
 garbage-first heap   total 161792K, used 116433K [0x0000000080000000, 0x0000000100000000)
  region size 1024K, 57 young (58368K), 3 survivors (3072K)
 Metaspace       used 75375K, committed 75968K, reserved 1122304K
  class space    used 9994K, committed 10304K, reserved 1048576K
}
Event: 15.178 GC heap after
{Heap after GC invocations=23 (full 0):
 garbage-first heap   total 161792K, used 65296K [0x0000000080000000, 0x0000000100000000)
  region size 1024K, 7 young (7168K), 7 survivors (7168K)
 Metaspace       used 75375K, committed 75968K, reserved 1122304K
  class space    used 9994K, committed 10304K, reserved 1048576K
}
Event: 16.364 GC heap before
{Heap before GC invocations=23 (full 0):
 garbage-first heap   total 161792K, used 123664K [0x0000000080000000, 0x0000000100000000)
  region size 1024K, 63 young (64512K), 7 survivors (7168K)
 Metaspace       used 80377K, committed 80960K, reserved 1122304K
  class space    used 10862K, committed 11136K, reserved 1048576K
}
Event: 16.387 GC heap after
{Heap after GC invocations=24 (full 0):
 garbage-first heap   total 161792K, used 68985K [0x0000000080000000, 0x0000000100000000)
  region size 1024K, 4 young (4096K), 4 survivors (4096K)
 Metaspace       used 80377K, committed 80960K, reserved 1122304K
  class space    used 10862K, committed 11136K, reserved 1048576K
}
Event: 17.500 GC heap before
{Heap before GC invocations=24 (full 0):
 garbage-first heap   total 161792K, used 124281K [0x0000000080000000, 0x0000000100000000)
  region size 1024K, 58 young (59392K), 4 survivors (4096K)
 Metaspace       used 85855K, committed 86464K, reserved 1130496K
  class space    used 11651K, committed 11968K, reserved 1048576K
}
Event: 17.517 GC heap after
{Heap after GC invocations=25 (full 0):
 garbage-first heap   total 161792K, used 73020K [0x0000000080000000, 0x0000000100000000)
  region size 1024K, 8 young (8192K), 8 survivors (8192K)
 Metaspace       used 85855K, committed 86464K, reserved 1130496K
  class space    used 11651K, committed 11968K, reserved 1048576K
}
Event: 18.540 GC heap before
{Heap before GC invocations=25 (full 0):
 garbage-first heap   total 161792K, used 127292K [0x0000000080000000, 0x0000000100000000)
  region size 1024K, 61 young (62464K), 8 survivors (8192K)
 Metaspace       used 91978K, committed 92672K, reserved 1130496K
  class space    used 12536K, committed 12864K, reserved 1048576K
}

Dll operation events (2 events):
Event: 0.015 Loaded shared library D:\Android\Android Studio\jbr\bin\java.dll
Event: 0.518 Loaded shared library D:\Android\Android Studio\jbr\bin\verify.dll

Deoptimization events (20 events):
Event: 18.244 Thread 0x000002119a49d3c0 DEOPT PACKING pc=0x000002118b1c92c4 sp=0x00000097937f9180
Event: 18.244 Thread 0x000002119a49d3c0 DEOPT UNPACKING pc=0x000002118a9869a3 sp=0x00000097937f9130 mode 2
Event: 18.313 Thread 0x000002119a49d3c0 Uncommon trap: trap_request=0xffffffc6 fr.pc=0x000002118b06a628 relative=0x00000000000004a8
Event: 18.313 Thread 0x000002119a49d3c0 Uncommon trap: reason=bimorphic_or_optimized_type_check action=maybe_recompile pc=0x000002118b06a628 method=java.util.Spliterators$IteratorSpliterator.tryAdvance(Ljava/util/function/Consumer;)Z @ 50 c2
Event: 18.313 Thread 0x000002119a49d3c0 DEOPT PACKING pc=0x000002118b06a628 sp=0x00000097937fa380
Event: 18.313 Thread 0x000002119a49d3c0 DEOPT UNPACKING pc=0x000002118a9869a3 sp=0x00000097937fa320 mode 2
Event: 18.322 Thread 0x000002119a49d3c0 Uncommon trap: trap_request=0xffffff45 fr.pc=0x000002118af09ea4 relative=0x0000000000000664
Event: 18.322 Thread 0x000002119a49d3c0 Uncommon trap: reason=unstable_if action=reinterpret pc=0x000002118af09ea4 method=java.lang.AbstractStringBuilder.append(Ljava/lang/String;)Ljava/lang/AbstractStringBuilder; @ 1 c2
Event: 18.322 Thread 0x000002119a49d3c0 DEOPT PACKING pc=0x000002118af09ea4 sp=0x00000097937fa050
Event: 18.322 Thread 0x000002119a49d3c0 DEOPT UNPACKING pc=0x000002118a9869a3 sp=0x00000097937f9fd0 mode 2
Event: 18.497 Thread 0x000002119a49d3c0 Uncommon trap: trap_request=0xffffff45 fr.pc=0x000002118b1b51d4 relative=0x0000000000000774
Event: 18.497 Thread 0x000002119a49d3c0 Uncommon trap: reason=unstable_if action=reinterpret pc=0x000002118b1b51d4 method=java.util.HashMap.putVal(ILjava/lang/Object;Ljava/lang/Object;ZZ)Ljava/lang/Object; @ 109 c2
Event: 18.497 Thread 0x000002119a49d3c0 DEOPT PACKING pc=0x000002118b1b51d4 sp=0x00000097937f8e80
Event: 18.497 Thread 0x000002119a49d3c0 DEOPT UNPACKING pc=0x000002118a9869a3 sp=0x00000097937f8d98 mode 2
Event: 18.497 Thread 0x000002119a49d3c0 Uncommon trap: trap_request=0xffffff45 fr.pc=0x000002118b19af60 relative=0x0000000000000700
Event: 18.497 Thread 0x000002119a49d3c0 Uncommon trap: reason=unstable_if action=reinterpret pc=0x000002118b19af60 method=java.util.HashMap.putVal(ILjava/lang/Object;Ljava/lang/Object;ZZ)Ljava/lang/Object; @ 109 c2
Event: 18.497 Thread 0x000002119a49d3c0 DEOPT PACKING pc=0x000002118b19af60 sp=0x00000097937f8dd0
Event: 18.498 Thread 0x000002119a49d3c0 DEOPT UNPACKING pc=0x000002118a9869a3 sp=0x00000097937f8d88 mode 2
Event: 18.515 Thread 0x000002119a49d3c0 DEOPT PACKING pc=0x0000021183f53135 sp=0x00000097937f81f0
Event: 18.515 Thread 0x000002119a49d3c0 DEOPT UNPACKING pc=0x000002118a987143 sp=0x00000097937f7790 mode 0

Classes unloaded (0 events):
No events

Classes redefined (0 events):
No events

Internal exceptions (20 events):
Event: 14.357 Thread 0x000002119a49d3c0 Exception <a 'java/lang/ClassNotFoundException'{0x000000008890b7e8}: org/jetbrains/kotlin/gradle/targets/js/npm/DefaultPeerNpmDependencyExtension$delegate$1Customizer> (0x000000008890b7e8) 
thrown [s\src\hotspot\share\classfile\systemDictionary.cpp, line 256]
Event: 16.473 Thread 0x000002119a49d3c0 Exception <a 'java/lang/NoSuchMethodError'{0x0000000089ae2908}: 'int java.lang.invoke.DirectMethodHandle$Holder.invokeSpecialIFC(java.lang.Object, java.lang.Object, java.lang.Object, java.lang.Object, java.lang.Object)'> (0x0000000089ae2908) 
thrown [s\src\hotspot\share\interpreter\linkResolver.cpp, line 771]
Event: 16.753 Thread 0x000002119a49d3c0 Exception <a 'java/lang/ClassNotFoundException'{0x0000000088c41e50}: com/android/build/gradle/internal/api/ApkVariantOutputImpl_DecoratedBeanInfo> (0x0000000088c41e50) 
thrown [s\src\hotspot\share\classfile\systemDictionary.cpp, line 256]
Event: 16.753 Thread 0x000002119a49d3c0 Exception <a 'java/lang/ClassNotFoundException'{0x0000000088c4f540}: com/android/build/gradle/internal/api/ApkVariantOutputImplBeanInfo> (0x0000000088c4f540) 
thrown [s\src\hotspot\share\classfile\systemDictionary.cpp, line 256]
Event: 16.754 Thread 0x000002119a49d3c0 Exception <a 'java/lang/ClassNotFoundException'{0x0000000088c5cc40}: com/android/build/gradle/internal/api/BaseVariantOutputImplBeanInfo> (0x0000000088c5cc40) 
thrown [s\src\hotspot\share\classfile\systemDictionary.cpp, line 256]
Event: 16.755 Thread 0x000002119a49d3c0 Exception <a 'java/lang/ClassNotFoundException'{0x0000000088c6a5c0}: com/android/build/gradle/internal/api/BaseVariantOutputImplCustomizer> (0x0000000088c6a5c0) 
thrown [s\src\hotspot\share\classfile\systemDictionary.cpp, line 256]
Event: 16.757 Thread 0x000002119a49d3c0 Exception <a 'java/lang/ClassNotFoundException'{0x0000000088c8a898}: com/android/build/gradle/internal/api/ApkVariantOutputImplCustomizer> (0x0000000088c8a898) 
thrown [s\src\hotspot\share\classfile\systemDictionary.cpp, line 256]
Event: 16.759 Thread 0x000002119a49d3c0 Exception <a 'java/lang/ClassNotFoundException'{0x0000000088ca4c20}: com/android/build/gradle/internal/api/ApkVariantOutputImpl_DecoratedCustomizer> (0x0000000088ca4c20) 
thrown [s\src\hotspot\share\classfile\systemDictionary.cpp, line 256]
Event: 16.840 Thread 0x000002119a49d3c0 Exception <a 'java/lang/ClassNotFoundException'{0x000000008871ae00}: com/android/build/gradle/internal/api/ReadOnlyBuildTypeBeanInfo> (0x000000008871ae00) 
thrown [s\src\hotspot\share\classfile\systemDictionary.cpp, line 256]
Event: 16.841 Thread 0x000002119a49d3c0 Exception <a 'java/lang/ClassNotFoundException'{0x0000000088728740}: com/android/build/gradle/internal/api/ReadOnlyBaseConfigBeanInfo> (0x0000000088728740) 
thrown [s\src\hotspot\share\classfile\systemDictionary.cpp, line 256]
Event: 16.841 Thread 0x000002119a49d3c0 Exception <a 'java/lang/ClassNotFoundException'{0x00000000887360a0}: com/android/build/gradle/internal/api/ReadOnlyBaseConfigCustomizer> (0x00000000887360a0) 
thrown [s\src\hotspot\share\classfile\systemDictionary.cpp, line 256]
Event: 16.842 Thread 0x000002119a49d3c0 Exception <a 'java/lang/ClassNotFoundException'{0x00000000887545a8}: com/android/build/gradle/internal/api/ReadOnlyBuildTypeCustomizer> (0x00000000887545a8) 
thrown [s\src\hotspot\share\classfile\systemDictionary.cpp, line 256]
Event: 17.073 Thread 0x000002119a49d3c0 Implicit null exception at 0x000002118b09a7e0 to 0x000002118b09a86c
Event: 17.594 Thread 0x000002119a49d3c0 Exception <a 'sun/nio/fs/WindowsException'{0x00000000898eecb0}> (0x00000000898eecb0) 
thrown [s\src\hotspot\share\prims\jni.cpp, line 517]
Event: 17.748 Thread 0x000002119a49d3c0 Exception <a 'java/lang/NullPointerException'{0x0000000089096970}> (0x0000000089096970) 
thrown [s\src\hotspot\share\interpreter\linkResolver.cpp, line 1447]
Event: 18.082 Thread 0x000002119a49d3c0 Exception <a 'sun/nio/fs/WindowsException'{0x000000008813f610}> (0x000000008813f610) 
thrown [s\src\hotspot\share\prims\jni.cpp, line 517]
Event: 18.084 Thread 0x000002119a49d3c0 Exception <a 'sun/nio/fs/WindowsException'{0x0000000088140998}> (0x0000000088140998) 
thrown [s\src\hotspot\share\prims\jni.cpp, line 517]
Event: 18.084 Thread 0x000002119a49d3c0 Exception <a 'sun/nio/fs/WindowsException'{0x0000000088141d58}> (0x0000000088141d58) 
thrown [s\src\hotspot\share\prims\jni.cpp, line 517]
Event: 18.084 Thread 0x000002119a49d3c0 Exception <a 'sun/nio/fs/WindowsException'{0x0000000088143118}> (0x0000000088143118) 
thrown [s\src\hotspot\share\prims\jni.cpp, line 517]
Event: 18.322 Thread 0x000002119a49d3c0 Implicit null exception at 0x000002118af09872 to 0x000002118af09e8c

VM Operations (20 events):
Event: 17.013 Executing VM operation: HandshakeAllThreads done
Event: 17.162 Executing VM operation: ICBufferFull
Event: 17.163 Executing VM operation: ICBufferFull done
Event: 17.382 Executing VM operation: ICBufferFull
Event: 17.382 Executing VM operation: ICBufferFull done
Event: 17.500 Executing VM operation: G1CollectForAllocation
Event: 17.517 Executing VM operation: G1CollectForAllocation done
Event: 17.716 Executing VM operation: HandshakeAllThreads
Event: 17.716 Executing VM operation: HandshakeAllThreads done
Event: 18.029 Executing VM operation: HandshakeAllThreads
Event: 18.029 Executing VM operation: HandshakeAllThreads done
Event: 18.083 Executing VM operation: HandshakeAllThreads
Event: 18.083 Executing VM operation: HandshakeAllThreads done
Event: 18.103 Executing VM operation: HandshakeAllThreads
Event: 18.103 Executing VM operation: HandshakeAllThreads done
Event: 18.299 Executing VM operation: ICBufferFull
Event: 18.299 Executing VM operation: ICBufferFull done
Event: 18.418 Executing VM operation: HandshakeAllThreads
Event: 18.419 Executing VM operation: HandshakeAllThreads done
Event: 18.540 Executing VM operation: G1CollectForAllocation

Events (20 events):
Event: 18.099 loading class jdk/internal/reflect/UnsafeBooleanFieldAccessorImpl
Event: 18.099 loading class jdk/internal/reflect/UnsafeBooleanFieldAccessorImpl done
Event: 18.170 loading class java/util/concurrent/ConcurrentSkipListMap$KeySet
Event: 18.170 loading class java/util/concurrent/ConcurrentSkipListMap$KeySet done
Event: 18.170 loading class java/util/concurrent/ConcurrentSkipListMap$KeyIterator
Event: 18.171 loading class java/util/concurrent/ConcurrentSkipListMap$KeyIterator done
Event: 18.171 loading class java/net/InetAddress$NameServiceAddresses
Event: 18.171 loading class java/net/InetAddress$Addresses
Event: 18.171 loading class java/net/InetAddress$Addresses done
Event: 18.171 loading class java/net/InetAddress$NameServiceAddresses done
Event: 18.175 loading class sun/net/InetAddressCachePolicy
Event: 18.175 loading class sun/net/InetAddressCachePolicy done
Event: 18.176 loading class sun/net/InetAddressCachePolicy$1
Event: 18.176 loading class sun/net/InetAddressCachePolicy$1 done
Event: 18.176 loading class sun/net/InetAddressCachePolicy$2
Event: 18.176 loading class sun/net/InetAddressCachePolicy$2 done
Event: 18.176 loading class java/net/InetAddress$CachedAddresses
Event: 18.176 loading class java/net/InetAddress$CachedAddresses done
Event: 18.176 loading class java/net/InetAddress$CachedLocalHost
Event: 18.176 loading class java/net/InetAddress$CachedLocalHost done


Dynamic libraries:
0x00007ff67b3d0000 - 0x00007ff67b3da000 	D:\Android\Android Studio\jbr\bin\java.exe
0x00007ff9248d0000 - 0x00007ff924ac8000 	C:\WINDOWS\SYSTEM32\ntdll.dll
0x00007ff9231a0000 - 0x00007ff92325d000 	C:\WINDOWS\System32\KERNEL32.DLL
0x00007ff922020000 - 0x00007ff922316000 	C:\WINDOWS\System32\KERNELBASE.dll
0x00007ff922350000 - 0x00007ff922450000 	C:\WINDOWS\System32\ucrtbase.dll
0x00007ff916950000 - 0x00007ff916967000 	D:\Android\Android Studio\jbr\bin\jli.dll
0x00007ff90bda0000 - 0x00007ff90bdbb000 	D:\Android\Android Studio\jbr\bin\VCRUNTIME140.dll
0x00007ff922fa0000 - 0x00007ff92313e000 	C:\WINDOWS\System32\USER32.dll
0x00007ff922320000 - 0x00007ff922342000 	C:\WINDOWS\System32\win32u.dll
0x00007ff9236e0000 - 0x00007ff92370c000 	C:\WINDOWS\System32\GDI32.dll
0x00007ff922810000 - 0x00007ff92292a000 	C:\WINDOWS\System32\gdi32full.dll
0x00007ff922770000 - 0x00007ff92280d000 	C:\WINDOWS\System32\msvcp_win.dll
0x00007ff90c8a0000 - 0x00007ff90cb3a000 	C:\WINDOWS\WinSxS\amd64_microsoft.windows.common-controls_6595b64144ccf1df_6.0.19041.1110_none_60b5254171f9507e\COMCTL32.dll
0x00007ff923f90000 - 0x00007ff92402e000 	C:\WINDOWS\System32\msvcrt.dll
0x00007ff923260000 - 0x00007ff923290000 	C:\WINDOWS\System32\IMM32.DLL
0x00007ff9169f0000 - 0x00007ff9169fc000 	D:\Android\Android Studio\jbr\bin\vcruntime140_1.dll
0x00007ff8f2180000 - 0x00007ff8f220d000 	D:\Android\Android Studio\jbr\bin\msvcp140.dll
0x00007ff8e6f20000 - 0x00007ff8e7b8e000 	D:\Android\Android Studio\jbr\bin\server\jvm.dll
0x00007ff924190000 - 0x00007ff92423e000 	C:\WINDOWS\System32\ADVAPI32.dll
0x00007ff924240000 - 0x00007ff9242dc000 	C:\WINDOWS\System32\sechost.dll
0x00007ff922930000 - 0x00007ff922a56000 	C:\WINDOWS\System32\RPCRT4.dll
0x00007ff9063b0000 - 0x00007ff9063d7000 	C:\WINDOWS\SYSTEM32\WINMM.dll
0x00007ff91aa70000 - 0x00007ff91aa79000 	C:\WINDOWS\SYSTEM32\WSOCK32.dll
0x00007ff924390000 - 0x00007ff9243fb000 	C:\WINDOWS\System32\WS2_32.dll
0x00007ff915f10000 - 0x00007ff915f1a000 	C:\WINDOWS\SYSTEM32\VERSION.dll
0x00007ff9207d0000 - 0x00007ff9207e2000 	C:\WINDOWS\SYSTEM32\kernel.appcore.dll
0x00007ff91aa00000 - 0x00007ff91aa0a000 	D:\Android\Android Studio\jbr\bin\jimage.dll
0x00007ff91cba0000 - 0x00007ff91cd84000 	C:\WINDOWS\SYSTEM32\DBGHELP.DLL
0x00007ff9062c0000 - 0x00007ff9062f4000 	C:\WINDOWS\SYSTEM32\dbgcore.DLL
0x00007ff922630000 - 0x00007ff9226b2000 	C:\WINDOWS\System32\bcryptPrimitives.dll
0x00007ff9167c0000 - 0x00007ff9167e5000 	D:\Android\Android Studio\jbr\bin\java.dll
0x00007ff9187d0000 - 0x00007ff9187e8000 	D:\Android\Android Studio\jbr\bin\zip.dll
0x00007ff923710000 - 0x00007ff923e55000 	C:\WINDOWS\System32\SHELL32.dll
0x00007ff920020000 - 0x00007ff9207bb000 	C:\WINDOWS\SYSTEM32\windows.storage.dll
0x00007ff924530000 - 0x00007ff924884000 	C:\WINDOWS\System32\combase.dll
0x00007ff921980000 - 0x00007ff9219ae000 	C:\WINDOWS\SYSTEM32\Wldp.dll
0x00007ff9242e0000 - 0x00007ff92438d000 	C:\WINDOWS\System32\SHCORE.dll
0x00007ff923420000 - 0x00007ff923475000 	C:\WINDOWS\System32\shlwapi.dll
0x00007ff921ee0000 - 0x00007ff921f05000 	C:\WINDOWS\SYSTEM32\profapi.dll
0x00007ff9184b0000 - 0x00007ff9184c9000 	D:\Android\Android Studio\jbr\bin\net.dll
0x00007ff90fe30000 - 0x00007ff90ff3a000 	C:\WINDOWS\SYSTEM32\WINHTTP.dll
0x00007ff9216e0000 - 0x00007ff92174a000 	C:\WINDOWS\system32\mswsock.dll
0x00007ff9169d0000 - 0x00007ff9169e6000 	D:\Android\Android Studio\jbr\bin\nio.dll
0x00007ff91a800000 - 0x00007ff91a810000 	D:\Android\Android Studio\jbr\bin\verify.dll
0x00007ff90d3e0000 - 0x00007ff90d407000 	D:\Android\gradle-8.3\native\68d5fa5c4cc2d200863cafc0d521ce42e7d3e7ee720ec0a83991735586a16f82\windows-amd64\native-platform.dll
0x00007ff8e8350000 - 0x00007ff8e8494000 	D:\Android\gradle-8.3\native\e376f236ea51e6404a007f0833ffe2c6e607c4080706a723a18a27aeea778392\windows-amd64\native-platform-file-events.dll
0x00007ff9187a0000 - 0x00007ff9187a9000 	D:\Android\Android Studio\jbr\bin\management.dll
0x00007ff9186d0000 - 0x00007ff9186db000 	D:\Android\Android Studio\jbr\bin\management_ext.dll
0x00007ff922f90000 - 0x00007ff922f98000 	C:\WINDOWS\System32\PSAPI.DLL
0x00007ff9218d0000 - 0x00007ff9218e8000 	C:\WINDOWS\SYSTEM32\CRYPTSP.dll
0x00007ff920ff0000 - 0x00007ff921024000 	C:\WINDOWS\system32\rsaenh.dll
0x00007ff922450000 - 0x00007ff922477000 	C:\WINDOWS\System32\bcrypt.dll
0x00007ff921e60000 - 0x00007ff921e8e000 	C:\WINDOWS\SYSTEM32\USERENV.dll
0x00007ff9218f0000 - 0x00007ff9218fc000 	C:\WINDOWS\SYSTEM32\CRYPTBASE.dll
0x00007ff9213d0000 - 0x00007ff92140b000 	C:\WINDOWS\SYSTEM32\IPHLPAPI.DLL
0x00007ff923f80000 - 0x00007ff923f88000 	C:\WINDOWS\System32\NSI.dll
0x00007ff9107d0000 - 0x00007ff9107e7000 	C:\WINDOWS\SYSTEM32\dhcpcsvc6.DLL
0x00007ff9107b0000 - 0x00007ff9107cd000 	C:\WINDOWS\SYSTEM32\dhcpcsvc.DLL
0x00007ff921410000 - 0x00007ff9214da000 	C:\WINDOWS\SYSTEM32\DNSAPI.dll
0x00007ff9183b0000 - 0x00007ff9183b7000 	C:\WINDOWS\system32\wshunix.dll
0x00007ff8fb090000 - 0x00007ff8fb0a7000 	C:\WINDOWS\system32\napinsp.dll
0x00007ff8fb0b0000 - 0x00007ff8fb0cb000 	C:\WINDOWS\system32\pnrpnsp.dll
0x00007ff9199f0000 - 0x00007ff919a05000 	C:\WINDOWS\system32\wshbth.dll
0x00007ff91a480000 - 0x00007ff91a49d000 	C:\WINDOWS\system32\NLAapi.dll
0x00007ff8fb130000 - 0x00007ff8fb142000 	C:\WINDOWS\System32\winrnr.dll
0x00007ff90ce30000 - 0x00007ff90ce3a000 	C:\Windows\System32\rasadhlp.dll
0x00007ff90cce0000 - 0x00007ff90cd62000 	C:\WINDOWS\System32\fwpuclnt.dll

dbghelp: loaded successfully - version: 4.0.5 - missing functions: none
symbol engine: initialized successfully - sym options: 0x614 - pdb path: .;D:\Android\Android Studio\jbr\bin;C:\WINDOWS\SYSTEM32;C:\WINDOWS\WinSxS\amd64_microsoft.windows.common-controls_6595b64144ccf1df_6.0.19041.1110_none_60b5254171f9507e;D:\Android\Android Studio\jbr\bin\server;D:\Android\gradle-8.3\native\68d5fa5c4cc2d200863cafc0d521ce42e7d3e7ee720ec0a83991735586a16f82\windows-amd64;D:\Android\gradle-8.3\native\e376f236ea51e6404a007f0833ffe2c6e607c4080706a723a18a27aeea778392\windows-amd64

VM Arguments:
jvm_args: --add-opens=java.base/java.util=ALL-UNNAMED --add-opens=java.base/java.lang=ALL-UNNAMED --add-opens=java.base/java.lang.invoke=ALL-UNNAMED --add-opens=java.prefs/java.util.prefs=ALL-UNNAMED --add-opens=java.base/java.nio.charset=ALL-UNNAMED --add-opens=java.base/java.net=ALL-UNNAMED --add-opens=java.base/java.util.concurrent.atomic=ALL-UNNAMED -Xmx2048m -Dfile.encoding=UTF-8 -Duser.country=US -Duser.language=en -Duser.variant 
java_command: org.gradle.launcher.daemon.bootstrap.GradleDaemon 8.0
java_class_path (initial): D:\Android\gradle-8.3\wrapper\dists\gradle-8.0-bin\ca5e32bp14vu59qr306oxotwh\gradle-8.0\lib\gradle-launcher-8.0.jar
Launcher Type: SUN_STANDARD

[Global flags]
     intx CICompilerCount                          = 3                                         {product} {ergonomic}
     uint ConcGCThreads                            = 1                                         {product} {ergonomic}
     uint G1ConcRefinementThreads                  = 4                                         {product} {ergonomic}
   size_t G1HeapRegionSize                         = 1048576                                   {product} {ergonomic}
    uintx GCDrainStackTargetSize                   = 64                                        {product} {ergonomic}
   size_t InitialHeapSize                          = 134217728                                 {product} {ergonomic}
   size_t MarkStackSize                            = 4194304                                   {product} {ergonomic}
   size_t MaxHeapSize                              = 2147483648                                {product} {command line}
   size_t MaxNewSize                               = 1287651328                                {product} {ergonomic}
   size_t MinHeapDeltaBytes                        = 1048576                                   {product} {ergonomic}
   size_t MinHeapSize                              = 8388608                                   {product} {ergonomic}
    uintx NonNMethodCodeHeapSize                   = 5832780                                {pd product} {ergonomic}
    uintx NonProfiledCodeHeapSize                  = 122912730                              {pd product} {ergonomic}
    uintx ProfiledCodeHeapSize                     = 122912730                              {pd product} {ergonomic}
    uintx ReservedCodeCacheSize                    = 251658240                              {pd product} {ergonomic}
     bool SegmentedCodeCache                       = true                                      {product} {ergonomic}
   size_t SoftMaxHeapSize                          = 2147483648                             {manageable} {ergonomic}
     bool UseCompressedClassPointers               = true                           {product lp64_product} {ergonomic}
     bool UseCompressedOops                        = true                           {product lp64_product} {ergonomic}
     bool UseG1GC                                  = true                                      {product} {ergonomic}
     bool UseLargePagesIndividualAllocation        = false                                  {pd product} {ergonomic}

Logging:
Log output configuration:
 #0: stdout all=warning uptime,level,tags
 #1: stderr all=off uptime,level,tags

Environment Variables:
PATH=C:\Program Files (x86)\Common Files\Oracle\Java\javapath;D:\IntelSWTools\system_studio_2020\OpenCL\sdk\bin\x64;D:\IntelSWTools\system_studio_2020\OpenCL\sdk\bin\x86;D:\app\hP\product\11.2.0\dbhome_1\bin;C:\Program Files\Common Files\Oracle\Java\javapath;C:\ProgramData\Oracle\Java\javapath;C:\WINDOWS\system32;C:\WINDOWS;C:\WINDOWS\System32\Wbem;C:\WINDOWS\System32\WindowsPowerShell\v1.0\;C:\WINDOWS\System32\OpenSSH\;C:\MinGW\bin;D:\R2019b\runtime\win64;D:\R2019b\bin;D:\R2019b\polyspace\bin;D:\bin;C:\Program Files\Java\jdk-18.0.2.1;C:\Program Files\Microsoft SQL Server\150\Tools\Binn\;C:\Program Files\Cloudflare\Cloudflare WARP\;D:\nodejs\;C:\Program Files\MySQL\MySQL Shell 8.0\bin\;C:\Users\hP\AppData\Local\Programs\Python\Python310\Scripts\;C:\Users\hP\AppData\Local\Programs\Python\Python310\;C:\Users\hP\AppData\Local\Microsoft\WindowsApps;D:\_JetBrains_CLion_2020.2.1x64\CLion 2020.2.1\bin;;C:\Program Files\Azure Data Studio\bin;C:\Users\hP\AppData\Roaming\npm;D:\Microsoft VS Code\bin
USERNAME=hP
OS=Windows_NT
PROCESSOR_IDENTIFIER=Intel64 Family 6 Model 142 Stepping 9, GenuineIntel
TMP=C:\Users\hP\AppData\Local\Temp
TEMP=C:\Users\hP\AppData\Local\Temp


JNI global refs:
JNI global refs: 25, weak refs: 15

JNI global refs memory usage: 843, weak refs: 841


---------------  S Y S T E M  ---------------

OS:
 Windows 10 , 64 bit Build 19041 (10.0.19041.3393)
OS uptime: 0 days 23:24 hours

CPU: total 4 (initial active 4) (2 cores per cpu, 2 threads per core) family 6 model 142 stepping 9 microcode 0xb4, cx8, cmov, fxsr, ht, mmx, 3dnowpref, sse, sse2, sse3, ssse3, sse4.1, sse4.2, popcnt, lzcnt, tsc, tscinvbit, avx, avx2, aes, erms, clmul, bmi1, bmi2, adx, fma, vzeroupper, clflush, clflushopt

Memory: 4k page, system-wide physical 8089M (294M free)
TotalPageFile size 12185M (AvailPageFile size 24M)
current process WorkingSet (physical memory assigned to process): 389M, peak: 389M
current process commit charge ("private bytes"): 417M, peak: 449M

vm_info: OpenJDK 64-Bit Server VM (17.0.6+0-b2043.56-10027231) for windows-amd64 JRE (17.0.6+0-b2043.56-10027231), built on Apr 28 2023 00:43:19 by "androidbuild" with MS VC++ 16.10 / 16.11 (VS2019)

END.
