#
# There is insufficient memory for the Java Runtime Environment to continue.
# Native memory allocation (mmap) failed to map 295698432 bytes for G1 virtual space
# Possible reasons:
#   The system is out of physical RAM or swap space
#   The process is running with CompressedOops enabled, and the Java Heap may be blocking the growth of the native heap
# Possible solutions:
#   Reduce memory load on the system
#   Increase physical memory or swap space
#   Check if swap backing store is full
#   Decrease Java heap size (-Xmx/-Xms)
#   Decrease number of Java threads
#   Decrease Java thread stack sizes (-Xss)
#   Set larger code cache with -XX:ReservedCodeCacheSize=
#   JVM is running with Unscaled Compressed Oops mode in which the Java heap is
#     placed in the first 4GB address space. The Java Heap base address is the
#     maximum limit for the native heap growth. Please use -XX:HeapBaseMinAddress
#     to set the Java Heap base and to place the Java Heap above 4GB virtual address.
# This output file may be truncated or incomplete.
#
#  Out of Memory Error (os_windows.cpp:3769), pid=9416, tid=792
#
# JRE version: OpenJDK Runtime Environment (17.0.6) (build 17.0.6+0-b2043.56-10027231)
# Java VM: OpenJDK 64-Bit Server VM (17.0.6+0-b2043.56-10027231, mixed mode, tiered, compressed oops, compressed class ptrs, g1 gc, windows-amd64)
# No core dump will be written. Minidumps are not enabled by default on client versions of Windows
#

---------------  S U M M A R Y ------------

Command Line: --add-opens=java.base/java.util=ALL-UNNAMED --add-opens=java.base/java.lang=ALL-UNNAMED --add-opens=java.base/java.lang.invoke=ALL-UNNAMED --add-opens=java.prefs/java.util.prefs=ALL-UNNAMED --add-opens=java.base/java.nio.charset=ALL-UNNAMED --add-opens=java.base/java.net=ALL-UNNAMED --add-opens=java.base/java.util.concurrent.atomic=ALL-UNNAMED -Xmx2048m -Dfile.encoding=UTF-8 -Duser.country=US -Duser.language=en -Duser.variant org.gradle.launcher.daemon.bootstrap.GradleDaemon 8.0

Host: Intel(R) Core(TM) i5-7200U CPU @ 2.50GHz, 4 cores, 7G,  Windows 10 , 64 bit Build 19041 (10.0.19041.3393)
Time: Wed Oct 11 09:30:01 2023 Pakistan Standard Time elapsed time: 28.799165 seconds (0d 0h 0m 28s)

---------------  T H R E A D  ---------------

Current thread (0x000001c57ab5e880):  VMThread "VM Thread" [stack: 0x0000007475100000,0x0000007475200000] [id=792]

Stack: [0x0000007475100000,0x0000007475200000]
Native frames: (J=compiled Java code, j=interpreted, Vv=VM code, C=native code)
V  [jvm.dll+0x683c9a]
V  [jvm.dll+0x8427a4]
V  [jvm.dll+0x843f9e]
V  [jvm.dll+0x844603]
V  [jvm.dll+0x249b75]
V  [jvm.dll+0x680b69]
V  [jvm.dll+0x67505a]
V  [jvm.dll+0x309acb]
V  [jvm.dll+0x310f86]
V  [jvm.dll+0x3608ee]
V  [jvm.dll+0x360b1f]
V  [jvm.dll+0x2dfbf8]
V  [jvm.dll+0x2ddec4]
V  [jvm.dll+0x2dd4cc]
V  [jvm.dll+0x321f3b]
V  [jvm.dll+0x848ccb]
V  [jvm.dll+0x849a04]
V  [jvm.dll+0x849f1d]
V  [jvm.dll+0x84a2f4]
V  [jvm.dll+0x84a3c0]
V  [jvm.dll+0x7f274a]
V  [jvm.dll+0x682ad5]
C  [ucrtbase.dll+0x21bb2]
C  [KERNEL32.DLL+0x17344]
C  [ntdll.dll+0x526b1]

VM_Operation (0x00000074768f3880): G1CollectForAllocation, mode: safepoint, requested by thread 0x000001c57df5a6e0


---------------  P R O C E S S  ---------------

Threads class SMR info:
_java_thread_list=0x000001c51a6c1770, length=81, elements={
0x000001c56e62d560, 0x000001c57ab82620, 0x000001c57ab838a0, 0x000001c57b535750,
0x000001c57b52b790, 0x000001c57b52c050, 0x000001c57b52c910, 0x000001c57b52d1d0,
0x000001c57b530fd0, 0x000001c57b5118e0, 0x000001c57b69c040, 0x000001c57b69c920,
0x000001c57cdc1080, 0x000001c57c850780, 0x000001c57c852c80, 0x000001c57f23f8d0,
0x000001c57df5abb0, 0x000001c57e2a95a0, 0x000001c57df5a6e0, 0x000001c57c7ab3d0,
0x000001c57f14cec0, 0x000001c57f14bb80, 0x000001c57f14d860, 0x000001c57f14d390,
0x000001c57f14a840, 0x000001c57f14a370, 0x000001c57f14dd30, 0x000001c57f14c050,
0x000001c57f14c9f0, 0x000001c57f14b1e0, 0x000001c57f14b6b0, 0x000001c57f14ad10,
0x000001c57f14c520, 0x000001c57f3875e0, 0x000001c57f389c60, 0x000001c57f387ab0,
0x000001c57f388450, 0x000001c57f54ba70, 0x000001c57f54a260, 0x000001c57f54bf40,
0x000001c57f5446f0, 0x000001c57f544bc0, 0x000001c57f5468a0, 0x000001c57f548580,
0x000001c57f5493f0, 0x000001c57f54b0d0, 0x000001c57f548a50, 0x000001c57f547240,
0x000001c57f547be0, 0x000001c57f545090, 0x000001c57f545560, 0x000001c57f548f20,
0x000001c57f545a30, 0x000001c57f5498c0, 0x000001c57f549d90, 0x000001c57f545f00,
0x000001c57f5463d0, 0x000001c57f546d70, 0x000001c57f547710, 0x000001c57bc0b0a0,
0x000001c57bc0b570, 0x000001c57bc07bb0, 0x000001c57bc06d40, 0x000001c57bc076e0,
0x000001c57bc0ba40, 0x000001c57bc05060, 0x000001c57bc05ed0, 0x000001c57bc093c0,
0x000001c57bc0c3e0, 0x000001c57bc0abd0, 0x000001c57bc09890, 0x000001c57bc05530,
0x000001c57bc0bf10, 0x000001c57bc0a230, 0x000001c57bc063a0, 0x000001c57bc08550,
0x000001c57bc05a00, 0x000001c57bc08080, 0x000001c57bc0c8b0, 0x000001c57bc06870,
0x000001c57bc08ef0
}

Java Threads: ( => current thread )
  0x000001c56e62d560 JavaThread "main" [_thread_blocked, id=3188, stack(0x0000007474b00000,0x0000007474c00000)]
  0x000001c57ab82620 JavaThread "Reference Handler" daemon [_thread_blocked, id=13204, stack(0x0000007475200000,0x0000007475300000)]
  0x000001c57ab838a0 JavaThread "Finalizer" daemon [_thread_blocked, id=7188, stack(0x0000007475300000,0x0000007475400000)]
  0x000001c57b535750 JavaThread "Signal Dispatcher" daemon [_thread_blocked, id=13692, stack(0x0000007475400000,0x0000007475500000)]
  0x000001c57b52b790 JavaThread "Attach Listener" daemon [_thread_blocked, id=4880, stack(0x0000007475500000,0x0000007475600000)]
  0x000001c57b52c050 JavaThread "Service Thread" daemon [_thread_blocked, id=7808, stack(0x0000007475600000,0x0000007475700000)]
  0x000001c57b52c910 JavaThread "Monitor Deflation Thread" daemon [_thread_blocked, id=8484, stack(0x0000007475700000,0x0000007475800000)]
  0x000001c57b52d1d0 JavaThread "C2 CompilerThread0" daemon [_thread_blocked, id=8164, stack(0x0000007475800000,0x0000007475900000)]
  0x000001c57b530fd0 JavaThread "C1 CompilerThread0" daemon [_thread_blocked, id=1284, stack(0x0000007475900000,0x0000007475a00000)]
  0x000001c57b5118e0 JavaThread "Sweeper thread" daemon [_thread_blocked, id=752, stack(0x0000007475a00000,0x0000007475b00000)]
  0x000001c57b69c040 JavaThread "Common-Cleaner" daemon [_thread_blocked, id=5132, stack(0x0000007475b00000,0x0000007475c00000)]
  0x000001c57b69c920 JavaThread "Notification Thread" daemon [_thread_blocked, id=9868, stack(0x0000007475c00000,0x0000007475d00000)]
  0x000001c57cdc1080 JavaThread "Daemon health stats" [_thread_blocked, id=11684, stack(0x0000007476200000,0x0000007476300000)]
  0x000001c57c850780 JavaThread "Incoming local TCP Connector on port 52997" [_thread_in_native, id=7856, stack(0x0000007476300000,0x0000007476400000)]
  0x000001c57c852c80 JavaThread "Daemon periodic checks" [_thread_blocked, id=1872, stack(0x0000007476400000,0x0000007476500000)]
  0x000001c57f23f8d0 JavaThread "Daemon" [_thread_blocked, id=1380, stack(0x0000007476500000,0x0000007476600000)]
  0x000001c57df5abb0 JavaThread "Handler for socket connection from /127.0.0.1:52997 to /127.0.0.1:52998" [_thread_in_native, id=3328, stack(0x0000007476600000,0x0000007476700000)]
  0x000001c57e2a95a0 JavaThread "Cancel handler" [_thread_blocked, id=13680, stack(0x0000007476700000,0x0000007476800000)]
  0x000001c57df5a6e0 JavaThread "Daemon worker" [_thread_blocked, id=3308, stack(0x0000007476800000,0x0000007476900000)]
  0x000001c57c7ab3d0 JavaThread "Asynchronous log dispatcher for DefaultDaemonConnection: socket connection from /127.0.0.1:52997 to /127.0.0.1:52998" [_thread_blocked, id=10260, stack(0x0000007476900000,0x0000007476a00000)]
  0x000001c57f14cec0 JavaThread "Stdin handler" [_thread_blocked, id=11128, stack(0x0000007476a00000,0x0000007476b00000)]
  0x000001c57f14bb80 JavaThread "Daemon client event forwarder" [_thread_blocked, id=4912, stack(0x0000007476b00000,0x0000007476c00000)]
  0x000001c57f14d860 JavaThread "Cache worker for journal cache (D:\Android\gradle-8.3\caches\journal-1)" [_thread_blocked, id=9936, stack(0x0000007475e00000,0x0000007475f00000)]
  0x000001c57f14d390 JavaThread "File lock request listener" [_thread_in_native, id=1156, stack(0x0000007476c00000,0x0000007476d00000)]
  0x000001c57f14a840 JavaThread "Cache worker for file hash cache (D:\Android\gradle-8.3\caches\8.0\fileHashes)" [_thread_blocked, id=2300, stack(0x0000007476e00000,0x0000007476f00000)]
  0x000001c57f14a370 JavaThread "File watcher server" daemon [_thread_in_native, id=11288, stack(0x0000007476f00000,0x0000007477000000)]
  0x000001c57f14dd30 JavaThread "File watcher consumer" daemon [_thread_blocked, id=11884, stack(0x0000007477000000,0x0000007477100000)]
  0x000001c57f14c050 JavaThread "jar transforms" [_thread_blocked, id=5200, stack(0x0000007477100000,0x0000007477200000)]
  0x000001c57f14c9f0 JavaThread "jar transforms Thread 2" [_thread_blocked, id=11256, stack(0x0000007477200000,0x0000007477300000)]
  0x000001c57f14b1e0 JavaThread "jar transforms Thread 3" [_thread_blocked, id=13284, stack(0x0000007477300000,0x0000007477400000)]
  0x000001c57f14b6b0 JavaThread "jar transforms Thread 4" [_thread_blocked, id=7144, stack(0x0000007477400000,0x0000007477500000)]
  0x000001c57f14ad10 JavaThread "Cache worker for checksums cache (D:\i200547\.gradle\8.0\checksums)" [_thread_blocked, id=12376, stack(0x0000007477500000,0x0000007477600000)]
  0x000001c57f14c520 JavaThread "Cache worker for cache directory md-rule (D:\Android\gradle-8.3\caches\8.0\md-rule)" [_thread_blocked, id=11932, stack(0x0000007477600000,0x0000007477700000)]
  0x000001c57f3875e0 JavaThread "Cache worker for file content cache (D:\Android\gradle-8.3\caches\8.0\fileContent)" [_thread_blocked, id=9900, stack(0x0000007477700000,0x0000007477800000)]
  0x000001c57f389c60 JavaThread "Cache worker for file hash cache (D:\i200547\.gradle\8.0\fileHashes)" [_thread_blocked, id=2928, stack(0x0000007477800000,0x0000007477900000)]
  0x000001c57f387ab0 JavaThread "Cache worker for cache directory md-supplier (D:\Android\gradle-8.3\caches\8.0\md-supplier)" [_thread_blocked, id=9028, stack(0x0000007477900000,0x0000007477a00000)]
  0x000001c57f388450 JavaThread "Cache worker for execution history cache (D:\Android\gradle-8.3\caches\8.0\executionHistory)" [_thread_blocked, id=3268, stack(0x0000007477a00000,0x0000007477b00000)]
  0x000001c57f54ba70 JavaThread "Cache worker for kotlin-dsl (D:\Android\gradle-8.3\caches\8.0\kotlin-dsl)" [_thread_blocked, id=14008, stack(0x0000007477b00000,0x0000007477c00000)]
  0x000001c57f54a260 JavaThread "Cache worker for dependencies-accessors (D:\i200547\.gradle\8.0\dependencies-accessors)" [_thread_blocked, id=11208, stack(0x0000007477c00000,0x0000007477d00000)]
  0x000001c57f54bf40 JavaThread "Cache worker for Build Output Cleanup Cache (D:\i200547\.gradle\buildOutputCleanup)" [_thread_blocked, id=5340, stack(0x0000007477d00000,0x0000007477e00000)]
  0x000001c57f5446f0 JavaThread "Unconstrained build operations" [_thread_blocked, id=10748, stack(0x0000007477e00000,0x0000007477f00000)]
  0x000001c57f544bc0 JavaThread "Unconstrained build operations Thread 2" [_thread_blocked, id=9040, stack(0x0000007477f00000,0x0000007478000000)]
  0x000001c57f5468a0 JavaThread "Unconstrained build operations Thread 3" [_thread_blocked, id=3288, stack(0x0000007478000000,0x0000007478100000)]
  0x000001c57f548580 JavaThread "Unconstrained build operations Thread 4" [_thread_blocked, id=12080, stack(0x0000007478100000,0x0000007478200000)]
  0x000001c57f5493f0 JavaThread "Unconstrained build operations Thread 5" [_thread_blocked, id=7596, stack(0x0000007478200000,0x0000007478300000)]
  0x000001c57f54b0d0 JavaThread "Unconstrained build operations Thread 6" [_thread_blocked, id=6476, stack(0x0000007478300000,0x0000007478400000)]
  0x000001c57f548a50 JavaThread "Unconstrained build operations Thread 7" [_thread_blocked, id=4728, stack(0x0000007478400000,0x0000007478500000)]
  0x000001c57f547240 JavaThread "Unconstrained build operations Thread 8" [_thread_blocked, id=10976, stack(0x0000007478500000,0x0000007478600000)]
  0x000001c57f547be0 JavaThread "Unconstrained build operations Thread 9" [_thread_blocked, id=8968, stack(0x0000007478600000,0x0000007478700000)]
  0x000001c57f545090 JavaThread "Unconstrained build operations Thread 10" [_thread_blocked, id=12480, stack(0x0000007478700000,0x0000007478800000)]
  0x000001c57f545560 JavaThread "Unconstrained build operations Thread 11" [_thread_blocked, id=12236, stack(0x0000007478800000,0x0000007478900000)]
  0x000001c57f548f20 JavaThread "Unconstrained build operations Thread 12" [_thread_blocked, id=12772, stack(0x0000007478900000,0x0000007478a00000)]
  0x000001c57f545a30 JavaThread "Unconstrained build operations Thread 13" [_thread_blocked, id=5188, stack(0x0000007478a00000,0x0000007478b00000)]
  0x000001c57f5498c0 JavaThread "Unconstrained build operations Thread 14" [_thread_blocked, id=13980, stack(0x0000007478b00000,0x0000007478c00000)]
  0x000001c57f549d90 JavaThread "Unconstrained build operations Thread 15" [_thread_blocked, id=10660, stack(0x0000007478c00000,0x0000007478d00000)]
  0x000001c57f545f00 JavaThread "Unconstrained build operations Thread 16" [_thread_blocked, id=11072, stack(0x0000007478d00000,0x0000007478e00000)]
  0x000001c57f5463d0 JavaThread "Unconstrained build operations Thread 17" [_thread_blocked, id=3060, stack(0x0000007478e00000,0x0000007478f00000)]
  0x000001c57f546d70 JavaThread "Unconstrained build operations Thread 18" [_thread_blocked, id=2388, stack(0x0000007478f00000,0x0000007479000000)]
  0x000001c57f547710 JavaThread "Unconstrained build operations Thread 19" [_thread_blocked, id=2456, stack(0x0000007479000000,0x0000007479100000)]
  0x000001c57bc0b0a0 JavaThread "Unconstrained build operations Thread 20" [_thread_blocked, id=1092, stack(0x0000007479100000,0x0000007479200000)]
  0x000001c57bc0b570 JavaThread "Unconstrained build operations Thread 21" [_thread_blocked, id=8172, stack(0x0000007479200000,0x0000007479300000)]
  0x000001c57bc07bb0 JavaThread "Unconstrained build operations Thread 22" [_thread_blocked, id=13300, stack(0x0000007479300000,0x0000007479400000)]
  0x000001c57bc06d40 JavaThread "Unconstrained build operations Thread 23" [_thread_blocked, id=11364, stack(0x0000007479400000,0x0000007479500000)]
  0x000001c57bc076e0 JavaThread "Unconstrained build operations Thread 24" [_thread_blocked, id=7724, stack(0x0000007479500000,0x0000007479600000)]
  0x000001c57bc0ba40 JavaThread "Unconstrained build operations Thread 25" [_thread_blocked, id=12632, stack(0x0000007479600000,0x0000007479700000)]
  0x000001c57bc05060 JavaThread "Unconstrained build operations Thread 26" [_thread_blocked, id=13324, stack(0x0000007479700000,0x0000007479800000)]
  0x000001c57bc05ed0 JavaThread "Unconstrained build operations Thread 27" [_thread_blocked, id=10108, stack(0x0000007479800000,0x0000007479900000)]
  0x000001c57bc093c0 JavaThread "Unconstrained build operations Thread 28" [_thread_blocked, id=12740, stack(0x0000007479900000,0x0000007479a00000)]
  0x000001c57bc0c3e0 JavaThread "Unconstrained build operations Thread 29" [_thread_blocked, id=3924, stack(0x0000007479a00000,0x0000007479b00000)]
  0x000001c57bc0abd0 JavaThread "Unconstrained build operations Thread 30" [_thread_blocked, id=1252, stack(0x0000007479b00000,0x0000007479c00000)]
  0x000001c57bc09890 JavaThread "Unconstrained build operations Thread 31" [_thread_blocked, id=2416, stack(0x0000007479c00000,0x0000007479d00000)]
  0x000001c57bc05530 JavaThread "Unconstrained build operations Thread 32" [_thread_blocked, id=5816, stack(0x0000007479d00000,0x0000007479e00000)]
  0x000001c57bc0bf10 JavaThread "Unconstrained build operations Thread 33" [_thread_blocked, id=11180, stack(0x0000007479e00000,0x0000007479f00000)]
  0x000001c57bc0a230 JavaThread "Unconstrained build operations Thread 34" [_thread_blocked, id=12440, stack(0x0000007479f00000,0x000000747a000000)]
  0x000001c57bc063a0 JavaThread "Unconstrained build operations Thread 35" [_thread_blocked, id=932, stack(0x000000747a000000,0x000000747a100000)]
  0x000001c57bc08550 JavaThread "Unconstrained build operations Thread 36" [_thread_blocked, id=12448, stack(0x000000747a100000,0x000000747a200000)]
  0x000001c57bc05a00 JavaThread "Unconstrained build operations Thread 37" [_thread_blocked, id=5600, stack(0x000000747a200000,0x000000747a300000)]
  0x000001c57bc08080 JavaThread "Unconstrained build operations Thread 38" [_thread_blocked, id=13752, stack(0x000000747a300000,0x000000747a400000)]
  0x000001c57bc0c8b0 JavaThread "Unconstrained build operations Thread 39" [_thread_blocked, id=1400, stack(0x000000747a400000,0x000000747a500000)]
  0x000001c57bc06870 JavaThread "Unconstrained build operations Thread 40" [_thread_blocked, id=6404, stack(0x000000747a500000,0x000000747a600000)]
  0x000001c57bc08ef0 JavaThread "Memory manager" [_thread_blocked, id=8412, stack(0x000000747a600000,0x000000747a700000)]

Other Threads:
=>0x000001c57ab5e880 VMThread "VM Thread" [stack: 0x0000007475100000,0x0000007475200000] [id=792]
  0x000001c57b69ee00 WatcherThread [stack: 0x0000007475d00000,0x0000007475e00000] [id=6576]
  0x000001c56e689920 GCTaskThread "GC Thread#0" [stack: 0x0000007474c00000,0x0000007474d00000] [id=12864]
  0x000001c57bd54c50 GCTaskThread "GC Thread#1" [stack: 0x0000007475f00000,0x0000007476000000] [id=7220]
  0x000001c57bd76a20 GCTaskThread "GC Thread#2" [stack: 0x0000007476000000,0x0000007476100000] [id=1028]
  0x000001c57c186470 GCTaskThread "GC Thread#3" [stack: 0x0000007476100000,0x0000007476200000] [id=11944]
  0x000001c56e69a770 ConcurrentGCThread "G1 Main Marker" [stack: 0x0000007474d00000,0x0000007474e00000] [id=10584]
  0x000001c56e69b830 ConcurrentGCThread "G1 Conc#0" [stack: 0x0000007474e00000,0x0000007474f00000] [id=7248]
  0x000001c56e6fe730 ConcurrentGCThread "G1 Refine#0" [stack: 0x0000007474f00000,0x0000007475000000] [id=13832]
  0x000001c57f9b1640 ConcurrentGCThread "G1 Refine#1" [stack: 0x000000747a700000,0x000000747a800000] [id=11124]
  0x000001c57f9b1920 ConcurrentGCThread "G1 Refine#2" [stack: 0x000000747a800000,0x000000747a900000] [id=11028]
  0x000001c57f9b2a60 ConcurrentGCThread "G1 Refine#3" [stack: 0x000000747a900000,0x000000747aa00000] [id=10396]
  0x000001c57a9b4210 ConcurrentGCThread "G1 Service" [stack: 0x0000007475000000,0x0000007475100000] [id=13260]

Threads with active compile tasks:
C1 CompilerThread0    28839 12572       3       org.jetbrains.kotlin.ir.visitors.IrElementTransformerVoid::visitFieldAccess (16 bytes)

VM state: at safepoint (normal execution)

VM Mutex/Monitor currently owned by a thread:  ([mutex/lock_event])
[0x000001c56e628ee0] Threads_lock - owner thread: 0x000001c57ab5e880
[0x000001c56e629000] Heap_lock - owner thread: 0x000001c57df5a6e0

Heap address: 0x0000000080000000, size: 2048 MB, Compressed Oops mode: 32-bit

CDS archive(s) not mapped
Compressed class space mapped at: 0x0000000100000000-0x0000000140000000, reserved size: 1073741824
Narrow klass base: 0x0000000000000000, Narrow klass shift: 3, Narrow klass range: 0x140000000

GC Precious Log:
 CPUs: 4 total, 4 available
 Memory: 8089M
 Large Page Support: Disabled
 NUMA Support: Disabled
 Compressed Oops: Enabled (32-bit)
 Heap Region Size: 1M
 Heap Min Capacity: 8M
 Heap Initial Capacity: 128M
 Heap Max Capacity: 2G
 Pre-touch: Disabled
 Parallel Workers: 4
 Concurrent Workers: 1
 Concurrent Refinement Workers: 4
 Periodic GC: Disabled

Heap:
 garbage-first heap   total 288768K, used 171863K [0x0000000080000000, 0x0000000100000000)
  region size 1024K, 3 young (3072K), 3 survivors (3072K)
 Metaspace       used 130461K, committed 131200K, reserved 1163264K
  class space    used 16874K, committed 17216K, reserved 1048576K

Heap Regions: E=young(eden), S=young(survivor), O=old, HS=humongous(starts), HC=humongous(continues), CS=collection set, F=free, OA=open archive, CA=closed archive, TAMS=top-at-mark-start (previous, next)
|   0|0x0000000080000000, 0x0000000080100000, 0x0000000080100000|100%| O|  |TAMS 0x0000000080100000, 0x0000000080000000| Untracked 
|   1|0x0000000080100000, 0x0000000080200000, 0x0000000080200000|100%| O|  |TAMS 0x0000000080200000, 0x0000000080100000| Untracked 
|   2|0x0000000080200000, 0x0000000080300000, 0x0000000080300000|100%|HS|  |TAMS 0x0000000080300000, 0x0000000080200000| Complete 
|   3|0x0000000080300000, 0x0000000080400000, 0x0000000080400000|100%|HC|  |TAMS 0x0000000080400000, 0x0000000080300000| Complete 
|   4|0x0000000080400000, 0x0000000080500000, 0x0000000080500000|100%|HC|  |TAMS 0x0000000080500000, 0x0000000080400000| Complete 
|   5|0x0000000080500000, 0x0000000080600000, 0x0000000080600000|100%|HC|  |TAMS 0x0000000080600000, 0x0000000080500000| Complete 
|   6|0x0000000080600000, 0x0000000080700000, 0x0000000080700000|100%| O|  |TAMS 0x0000000080700000, 0x0000000080600000| Untracked 
|   7|0x0000000080700000, 0x0000000080800000, 0x0000000080800000|100%| O|  |TAMS 0x0000000080800000, 0x0000000080700000| Untracked 
|   8|0x0000000080800000, 0x0000000080900000, 0x0000000080900000|100%| O|  |TAMS 0x0000000080900000, 0x0000000080800000| Untracked 
|   9|0x0000000080900000, 0x0000000080a00000, 0x0000000080a00000|100%| O|  |TAMS 0x0000000080a00000, 0x0000000080900000| Untracked 
|  10|0x0000000080a00000, 0x0000000080b00000, 0x0000000080b00000|100%| O|  |TAMS 0x0000000080b00000, 0x0000000080a00000| Untracked 
|  11|0x0000000080b00000, 0x0000000080c00000, 0x0000000080c00000|100%| O|  |TAMS 0x0000000080c00000, 0x0000000080b00000| Untracked 
|  12|0x0000000080c00000, 0x0000000080d00000, 0x0000000080d00000|100%| O|  |TAMS 0x0000000080d00000, 0x0000000080c00000| Untracked 
|  13|0x0000000080d00000, 0x0000000080e00000, 0x0000000080e00000|100%| O|  |TAMS 0x0000000080e00000, 0x0000000080d00000| Untracked 
|  14|0x0000000080e00000, 0x0000000080f00000, 0x0000000080f00000|100%| O|  |TAMS 0x0000000080f00000, 0x0000000080e00000| Untracked 
|  15|0x0000000080f00000, 0x0000000081000000, 0x0000000081000000|100%| O|  |TAMS 0x0000000081000000, 0x0000000080f00000| Untracked 
|  16|0x0000000081000000, 0x0000000081100000, 0x0000000081100000|100%| O|  |TAMS 0x0000000081100000, 0x0000000081000000| Untracked 
|  17|0x0000000081100000, 0x0000000081200000, 0x0000000081200000|100%| O|  |TAMS 0x0000000081200000, 0x0000000081100000| Untracked 
|  18|0x0000000081200000, 0x0000000081300000, 0x0000000081300000|100%| O|  |TAMS 0x0000000081300000, 0x0000000081200000| Untracked 
|  19|0x0000000081300000, 0x0000000081400000, 0x0000000081400000|100%|HS|  |TAMS 0x0000000081400000, 0x0000000081300000| Complete 
|  20|0x0000000081400000, 0x0000000081500000, 0x0000000081500000|100%|HC|  |TAMS 0x0000000081500000, 0x0000000081400000| Complete 
|  21|0x0000000081500000, 0x0000000081600000, 0x0000000081600000|100%|HS|  |TAMS 0x0000000081600000, 0x0000000081500000| Complete 
|  22|0x0000000081600000, 0x0000000081700000, 0x0000000081700000|100%|HC|  |TAMS 0x0000000081700000, 0x0000000081600000| Complete 
|  23|0x0000000081700000, 0x0000000081800000, 0x0000000081800000|100%|HC|  |TAMS 0x0000000081800000, 0x0000000081700000| Complete 
|  24|0x0000000081800000, 0x0000000081900000, 0x0000000081900000|100%| O|  |TAMS 0x0000000081900000, 0x0000000081800000| Untracked 
|  25|0x0000000081900000, 0x0000000081a00000, 0x0000000081a00000|100%| O|  |TAMS 0x0000000081a00000, 0x0000000081900000| Untracked 
|  26|0x0000000081a00000, 0x0000000081b00000, 0x0000000081b00000|100%| O|  |TAMS 0x0000000081b00000, 0x0000000081a00000| Untracked 
|  27|0x0000000081b00000, 0x0000000081c00000, 0x0000000081c00000|100%| O|  |TAMS 0x0000000081c00000, 0x0000000081b00000| Untracked 
|  28|0x0000000081c00000, 0x0000000081d00000, 0x0000000081d00000|100%|HS|  |TAMS 0x0000000081d00000, 0x0000000081c00000| Complete 
|  29|0x0000000081d00000, 0x0000000081e00000, 0x0000000081e00000|100%|HC|  |TAMS 0x0000000081e00000, 0x0000000081d00000| Complete 
|  30|0x0000000081e00000, 0x0000000081f00000, 0x0000000081f00000|100%|HC|  |TAMS 0x0000000081f00000, 0x0000000081e00000| Complete 
|  31|0x0000000081f00000, 0x0000000082000000, 0x0000000082000000|100%| O|  |TAMS 0x0000000082000000, 0x0000000081f00000| Untracked 
|  32|0x0000000082000000, 0x0000000082100000, 0x0000000082100000|100%|HS|  |TAMS 0x0000000082100000, 0x0000000082000000| Complete 
|  33|0x0000000082100000, 0x0000000082200000, 0x0000000082200000|100%|HC|  |TAMS 0x0000000082200000, 0x0000000082100000| Complete 
|  34|0x0000000082200000, 0x0000000082300000, 0x0000000082300000|100%|HC|  |TAMS 0x0000000082300000, 0x0000000082200000| Complete 
|  35|0x0000000082300000, 0x0000000082400000, 0x0000000082400000|100%|HC|  |TAMS 0x0000000082400000, 0x0000000082300000| Complete 
|  36|0x0000000082400000, 0x0000000082500000, 0x0000000082500000|100%|HC|  |TAMS 0x0000000082500000, 0x0000000082400000| Complete 
|  37|0x0000000082500000, 0x0000000082600000, 0x0000000082600000|100%|HC|  |TAMS 0x0000000082600000, 0x0000000082500000| Complete 
|  38|0x0000000082600000, 0x0000000082700000, 0x0000000082700000|100%|HC|  |TAMS 0x0000000082700000, 0x0000000082600000| Complete 
|  39|0x0000000082700000, 0x0000000082800000, 0x0000000082800000|100%|HC|  |TAMS 0x0000000082800000, 0x0000000082700000| Complete 
|  40|0x0000000082800000, 0x0000000082900000, 0x0000000082900000|100%|HC|  |TAMS 0x0000000082900000, 0x0000000082800000| Complete 
|  41|0x0000000082900000, 0x0000000082a00000, 0x0000000082a00000|100%|HC|  |TAMS 0x0000000082a00000, 0x0000000082900000| Complete 
|  42|0x0000000082a00000, 0x0000000082b00000, 0x0000000082b00000|100%|HC|  |TAMS 0x0000000082b00000, 0x0000000082a00000| Complete 
|  43|0x0000000082b00000, 0x0000000082c00000, 0x0000000082c00000|100%|HC|  |TAMS 0x0000000082c00000, 0x0000000082b00000| Complete 
|  44|0x0000000082c00000, 0x0000000082d00000, 0x0000000082d00000|100%| O|  |TAMS 0x0000000082c00000, 0x0000000082c00000| Untracked 
|  45|0x0000000082d00000, 0x0000000082e00000, 0x0000000082e00000|100%|HS|  |TAMS 0x0000000082e00000, 0x0000000082d00000| Complete 
|  46|0x0000000082e00000, 0x0000000082f00000, 0x0000000082f00000|100%|HC|  |TAMS 0x0000000082f00000, 0x0000000082e00000| Complete 
|  47|0x0000000082f00000, 0x0000000083000000, 0x0000000083000000|100%| O|  |TAMS 0x0000000083000000, 0x0000000082f00000| Untracked 
|  48|0x0000000083000000, 0x0000000083100000, 0x0000000083100000|100%| O|  |TAMS 0x0000000083100000, 0x0000000083000000| Untracked 
|  49|0x0000000083100000, 0x0000000083200000, 0x0000000083200000|100%| O|  |TAMS 0x0000000083200000, 0x0000000083100000| Untracked 
|  50|0x0000000083200000, 0x0000000083300000, 0x0000000083300000|100%|HS|  |TAMS 0x0000000083300000, 0x0000000083200000| Complete 
|  51|0x0000000083300000, 0x0000000083400000, 0x0000000083400000|100%| O|  |TAMS 0x0000000083400000, 0x0000000083300000| Untracked 
|  52|0x0000000083400000, 0x0000000083500000, 0x0000000083500000|100%| O|  |TAMS 0x0000000083500000, 0x0000000083400000| Untracked 
|  53|0x0000000083500000, 0x0000000083600000, 0x0000000083600000|100%| O|  |TAMS 0x0000000083600000, 0x0000000083500000| Untracked 
|  54|0x0000000083600000, 0x0000000083700000, 0x0000000083700000|100%| O|  |TAMS 0x0000000083700000, 0x0000000083600000| Untracked 
|  55|0x0000000083700000, 0x0000000083800000, 0x0000000083800000|100%| O|  |TAMS 0x0000000083800000, 0x0000000083700000| Untracked 
|  56|0x0000000083800000, 0x0000000083900000, 0x0000000083900000|100%|HS|  |TAMS 0x0000000083900000, 0x0000000083800000| Complete 
|  57|0x0000000083900000, 0x0000000083a00000, 0x0000000083a00000|100%|HC|  |TAMS 0x0000000083a00000, 0x0000000083900000| Complete 
|  58|0x0000000083a00000, 0x0000000083b00000, 0x0000000083b00000|100%|HC|  |TAMS 0x0000000083b00000, 0x0000000083a00000| Complete 
|  59|0x0000000083b00000, 0x0000000083c00000, 0x0000000083c00000|100%|HS|  |TAMS 0x0000000083c00000, 0x0000000083b00000| Complete 
|  60|0x0000000083c00000, 0x0000000083d00000, 0x0000000083d00000|100%|HC|  |TAMS 0x0000000083d00000, 0x0000000083c00000| Complete 
|  61|0x0000000083d00000, 0x0000000083e00000, 0x0000000083e00000|100%|HC|  |TAMS 0x0000000083e00000, 0x0000000083d00000| Complete 
|  62|0x0000000083e00000, 0x0000000083f00000, 0x0000000083f00000|100%| O|  |TAMS 0x0000000083f00000, 0x0000000083e00000| Untracked 
|  63|0x0000000083f00000, 0x0000000084000000, 0x0000000084000000|100%| O|  |TAMS 0x0000000084000000, 0x0000000083f00000| Untracked 
|  64|0x0000000084000000, 0x0000000084100000, 0x0000000084100000|100%| O|  |TAMS 0x0000000084100000, 0x0000000084000000| Untracked 
|  65|0x0000000084100000, 0x0000000084200000, 0x0000000084200000|100%| O|  |TAMS 0x0000000084200000, 0x0000000084100000| Untracked 
|  66|0x0000000084200000, 0x0000000084300000, 0x0000000084300000|100%| O|  |TAMS 0x0000000084300000, 0x0000000084200000| Untracked 
|  67|0x0000000084300000, 0x0000000084400000, 0x0000000084400000|100%| O|  |TAMS 0x0000000084400000, 0x0000000084300000| Untracked 
|  68|0x0000000084400000, 0x0000000084500000, 0x0000000084500000|100%| O|  |TAMS 0x0000000084500000, 0x0000000084400000| Untracked 
|  69|0x0000000084500000, 0x0000000084600000, 0x0000000084600000|100%| O|  |TAMS 0x0000000084600000, 0x0000000084500000| Untracked 
|  70|0x0000000084600000, 0x0000000084700000, 0x0000000084700000|100%| O|  |TAMS 0x0000000084700000, 0x0000000084600000| Untracked 
|  71|0x0000000084700000, 0x0000000084800000, 0x0000000084800000|100%| O|  |TAMS 0x0000000084800000, 0x0000000084700000| Untracked 
|  72|0x0000000084800000, 0x0000000084900000, 0x0000000084900000|100%|HS|  |TAMS 0x0000000084900000, 0x0000000084800000| Complete 
|  73|0x0000000084900000, 0x0000000084a00000, 0x0000000084a00000|100%|HS|  |TAMS 0x0000000084a00000, 0x0000000084900000| Complete 
|  74|0x0000000084a00000, 0x0000000084b00000, 0x0000000084b00000|100%|HC|  |TAMS 0x0000000084b00000, 0x0000000084a00000| Complete 
|  75|0x0000000084b00000, 0x0000000084c00000, 0x0000000084c00000|100%|HS|  |TAMS 0x0000000084c00000, 0x0000000084b00000| Complete 
|  76|0x0000000084c00000, 0x0000000084d00000, 0x0000000084d00000|100%|HS|  |TAMS 0x0000000084d00000, 0x0000000084c00000| Complete 
|  77|0x0000000084d00000, 0x0000000084e00000, 0x0000000084e00000|100%|HC|  |TAMS 0x0000000084e00000, 0x0000000084d00000| Complete 
|  78|0x0000000084e00000, 0x0000000084f00000, 0x0000000084f00000|100%|HC|  |TAMS 0x0000000084f00000, 0x0000000084e00000| Complete 
|  79|0x0000000084f00000, 0x0000000085000000, 0x0000000085000000|100%|HC|  |TAMS 0x0000000085000000, 0x0000000084f00000| Complete 
|  80|0x0000000085000000, 0x0000000085100000, 0x0000000085100000|100%| O|  |TAMS 0x0000000085100000, 0x0000000085000000| Untracked 
|  81|0x0000000085100000, 0x0000000085200000, 0x0000000085200000|100%| O|  |TAMS 0x0000000085200000, 0x0000000085100000| Untracked 
|  82|0x0000000085200000, 0x0000000085300000, 0x0000000085300000|100%| O|  |TAMS 0x0000000085300000, 0x0000000085200000| Untracked 
|  83|0x0000000085300000, 0x0000000085400000, 0x0000000085400000|100%| O|  |TAMS 0x0000000085300000, 0x0000000085300000| Untracked 
|  84|0x0000000085400000, 0x0000000085500000, 0x0000000085500000|100%| O|  |TAMS 0x0000000085500000, 0x0000000085400000| Untracked 
|  85|0x0000000085500000, 0x0000000085600000, 0x0000000085600000|100%| O|  |TAMS 0x0000000085600000, 0x0000000085500000| Untracked 
|  86|0x0000000085600000, 0x0000000085700000, 0x0000000085700000|100%| O|  |TAMS 0x0000000085700000, 0x0000000085600000| Untracked 
|  87|0x0000000085700000, 0x0000000085800000, 0x0000000085800000|100%| O|  |TAMS 0x0000000085800000, 0x0000000085700000| Untracked 
|  88|0x0000000085800000, 0x0000000085900000, 0x0000000085900000|100%| O|  |TAMS 0x0000000085900000, 0x0000000085800000| Untracked 
|  89|0x0000000085900000, 0x0000000085a00000, 0x0000000085a00000|100%| O|  |TAMS 0x0000000085a00000, 0x0000000085900000| Untracked 
|  90|0x0000000085a00000, 0x0000000085b00000, 0x0000000085b00000|100%| O|  |TAMS 0x0000000085b00000, 0x0000000085a00000| Untracked 
|  91|0x0000000085b00000, 0x0000000085c00000, 0x0000000085c00000|100%| O|  |TAMS 0x0000000085c00000, 0x0000000085b00000| Untracked 
|  92|0x0000000085c00000, 0x0000000085d00000, 0x0000000085d00000|100%| O|  |TAMS 0x0000000085d00000, 0x0000000085c00000| Untracked 
|  93|0x0000000085d00000, 0x0000000085e00000, 0x0000000085e00000|100%| O|  |TAMS 0x0000000085e00000, 0x0000000085d00000| Untracked 
|  94|0x0000000085e00000, 0x0000000085f00000, 0x0000000085f00000|100%| O|  |TAMS 0x0000000085f00000, 0x0000000085e00000| Untracked 
|  95|0x0000000085f00000, 0x0000000086000000, 0x0000000086000000|100%| O|  |TAMS 0x0000000086000000, 0x0000000085f00000| Untracked 
|  96|0x0000000086000000, 0x0000000086100000, 0x0000000086100000|100%| O|  |TAMS 0x0000000086100000, 0x0000000086000000| Untracked 
|  97|0x0000000086100000, 0x0000000086200000, 0x0000000086200000|100%| O|  |TAMS 0x0000000086200000, 0x0000000086100000| Untracked 
|  98|0x0000000086200000, 0x0000000086300000, 0x0000000086300000|100%| O|  |TAMS 0x0000000086300000, 0x0000000086200000| Untracked 
|  99|0x0000000086300000, 0x0000000086400000, 0x0000000086400000|100%|HS|  |TAMS 0x0000000086400000, 0x0000000086300000| Complete 
| 100|0x0000000086400000, 0x0000000086500000, 0x0000000086500000|100%|HC|  |TAMS 0x0000000086500000, 0x0000000086400000| Complete 
| 101|0x0000000086500000, 0x0000000086600000, 0x0000000086600000|100%|HC|  |TAMS 0x0000000086600000, 0x0000000086500000| Complete 
| 102|0x0000000086600000, 0x0000000086700000, 0x0000000086700000|100%|HC|  |TAMS 0x0000000086700000, 0x0000000086600000| Complete 
| 103|0x0000000086700000, 0x0000000086800000, 0x0000000086800000|100%| O|  |TAMS 0x0000000086800000, 0x0000000086700000| Untracked 
| 104|0x0000000086800000, 0x0000000086900000, 0x0000000086900000|100%| O|  |TAMS 0x0000000086900000, 0x0000000086800000| Untracked 
| 105|0x0000000086900000, 0x0000000086a00000, 0x0000000086a00000|100%| O|  |TAMS 0x0000000086a00000, 0x0000000086900000| Untracked 
| 106|0x0000000086a00000, 0x0000000086b00000, 0x0000000086b00000|100%| O|  |TAMS 0x0000000086b00000, 0x0000000086a00000| Untracked 
| 107|0x0000000086b00000, 0x0000000086c00000, 0x0000000086c00000|100%| O|  |TAMS 0x0000000086c00000, 0x0000000086b00000| Untracked 
| 108|0x0000000086c00000, 0x0000000086d00000, 0x0000000086d00000|100%| O|  |TAMS 0x0000000086d00000, 0x0000000086c00000| Untracked 
| 109|0x0000000086d00000, 0x0000000086e00000, 0x0000000086e00000|100%| O|  |TAMS 0x0000000086e00000, 0x0000000086d00000| Untracked 
| 110|0x0000000086e00000, 0x0000000086f00000, 0x0000000086f00000|100%| O|  |TAMS 0x0000000086f00000, 0x0000000086e00000| Untracked 
| 111|0x0000000086f00000, 0x0000000087000000, 0x0000000087000000|100%| O|  |TAMS 0x0000000087000000, 0x0000000086f00000| Untracked 
| 112|0x0000000087000000, 0x0000000087100000, 0x0000000087100000|100%| O|  |TAMS 0x0000000087100000, 0x0000000087000000| Untracked 
| 113|0x0000000087100000, 0x0000000087200000, 0x0000000087200000|100%| O|  |TAMS 0x0000000087200000, 0x0000000087100000| Untracked 
| 114|0x0000000087200000, 0x0000000087300000, 0x0000000087300000|100%| O|  |TAMS 0x0000000087300000, 0x0000000087200000| Untracked 
| 115|0x0000000087300000, 0x0000000087400000, 0x0000000087400000|100%| O|  |TAMS 0x0000000087400000, 0x0000000087300000| Untracked 
| 116|0x0000000087400000, 0x0000000087500000, 0x0000000087500000|100%| O|  |TAMS 0x0000000087500000, 0x0000000087400000| Untracked 
| 117|0x0000000087500000, 0x0000000087600000, 0x0000000087600000|100%| O|  |TAMS 0x0000000087600000, 0x0000000087500000| Untracked 
| 118|0x0000000087600000, 0x0000000087700000, 0x0000000087700000|100%| O|  |TAMS 0x0000000087700000, 0x0000000087600000| Untracked 
| 119|0x0000000087700000, 0x0000000087800000, 0x0000000087800000|100%| O|  |TAMS 0x0000000087800000, 0x0000000087700000| Untracked 
| 120|0x0000000087800000, 0x0000000087900000, 0x0000000087900000|100%| O|  |TAMS 0x0000000087900000, 0x0000000087800000| Untracked 
| 121|0x0000000087900000, 0x0000000087a00000, 0x0000000087a00000|100%| O|  |TAMS 0x0000000087a00000, 0x0000000087900000| Untracked 
| 122|0x0000000087a00000, 0x0000000087b00000, 0x0000000087b00000|100%| O|  |TAMS 0x0000000087b00000, 0x0000000087a00000| Untracked 
| 123|0x0000000087b00000, 0x0000000087c00000, 0x0000000087c00000|100%| O|  |TAMS 0x0000000087c00000, 0x0000000087b00000| Untracked 
| 124|0x0000000087c00000, 0x0000000087d00000, 0x0000000087d00000|100%| O|  |TAMS 0x0000000087d00000, 0x0000000087c00000| Untracked 
| 125|0x0000000087d00000, 0x0000000087e00000, 0x0000000087e00000|100%| O|  |TAMS 0x0000000087e00000, 0x0000000087d00000| Untracked 
| 126|0x0000000087e00000, 0x0000000087f00000, 0x0000000087f00000|100%| O|  |TAMS 0x0000000087f00000, 0x0000000087e00000| Untracked 
| 127|0x0000000087f00000, 0x0000000088000000, 0x0000000088000000|100%| O|  |TAMS 0x0000000088000000, 0x0000000087f00000| Untracked 
| 128|0x0000000088000000, 0x0000000088100000, 0x0000000088100000|100%| O|  |TAMS 0x0000000088100000, 0x0000000088000000| Untracked 
| 129|0x0000000088100000, 0x0000000088200000, 0x0000000088200000|100%| O|  |TAMS 0x0000000088200000, 0x0000000088100000| Untracked 
| 130|0x0000000088200000, 0x0000000088300000, 0x0000000088300000|100%| O|  |TAMS 0x0000000088300000, 0x0000000088200000| Untracked 
| 131|0x0000000088300000, 0x0000000088400000, 0x0000000088400000|100%| O|  |TAMS 0x0000000088400000, 0x0000000088300000| Untracked 
| 132|0x0000000088400000, 0x0000000088500000, 0x0000000088500000|100%| O|  |TAMS 0x0000000088500000, 0x0000000088400000| Untracked 
| 133|0x0000000088500000, 0x0000000088600000, 0x0000000088600000|100%|HS|  |TAMS 0x0000000088600000, 0x0000000088500000| Complete 
| 134|0x0000000088600000, 0x0000000088700000, 0x0000000088700000|100%|HC|  |TAMS 0x0000000088700000, 0x0000000088600000| Complete 
| 135|0x0000000088700000, 0x0000000088800000, 0x0000000088800000|100%|HC|  |TAMS 0x0000000088800000, 0x0000000088700000| Complete 
| 136|0x0000000088800000, 0x0000000088900000, 0x0000000088900000|100%|HC|  |TAMS 0x0000000088900000, 0x0000000088800000| Complete 
| 137|0x0000000088900000, 0x0000000088a00000, 0x0000000088a00000|100%|HC|  |TAMS 0x0000000088a00000, 0x0000000088900000| Complete 
| 138|0x0000000088a00000, 0x0000000088b00000, 0x0000000088b00000|100%|HC|  |TAMS 0x0000000088b00000, 0x0000000088a00000| Complete 
| 139|0x0000000088b00000, 0x0000000088b00000, 0x0000000088c00000|  0%| F|  |TAMS 0x0000000088b00000, 0x0000000088b00000| Untracked 
| 140|0x0000000088c00000, 0x0000000088d00000, 0x0000000088d00000|100%| O|  |TAMS 0x0000000088d00000, 0x0000000088c00000| Untracked 
| 141|0x0000000088d00000, 0x0000000088e00000, 0x0000000088e00000|100%| O|  |TAMS 0x0000000088e00000, 0x0000000088d00000| Untracked 
| 142|0x0000000088e00000, 0x0000000088f00000, 0x0000000088f00000|100%| O|  |TAMS 0x0000000088f00000, 0x0000000088e00000| Untracked 
| 143|0x0000000088f00000, 0x0000000089000000, 0x0000000089000000|100%| O|  |TAMS 0x0000000089000000, 0x0000000088f00000| Untracked 
| 144|0x0000000089000000, 0x0000000089100000, 0x0000000089100000|100%| O|  |TAMS 0x0000000089100000, 0x0000000089000000| Untracked 
| 145|0x0000000089100000, 0x0000000089200000, 0x0000000089200000|100%| O|  |TAMS 0x0000000089200000, 0x0000000089100000| Untracked 
| 146|0x0000000089200000, 0x0000000089300000, 0x0000000089300000|100%| O|  |TAMS 0x0000000089300000, 0x0000000089200000| Untracked 
| 147|0x0000000089300000, 0x0000000089400000, 0x0000000089400000|100%| O|  |TAMS 0x0000000089400000, 0x0000000089300000| Untracked 
| 148|0x0000000089400000, 0x0000000089500000, 0x0000000089500000|100%| O|  |TAMS 0x0000000089500000, 0x0000000089400000| Untracked 
| 149|0x0000000089500000, 0x0000000089600000, 0x0000000089600000|100%| O|  |TAMS 0x0000000089600000, 0x0000000089500000| Untracked 
| 150|0x0000000089600000, 0x0000000089600000, 0x0000000089700000|  0%| F|  |TAMS 0x0000000089600000, 0x0000000089600000| Untracked 
| 151|0x0000000089700000, 0x0000000089800000, 0x0000000089800000|100%| O|  |TAMS 0x0000000089700000, 0x0000000089700000| Untracked 
| 152|0x0000000089800000, 0x0000000089900000, 0x0000000089900000|100%| O|  |TAMS 0x0000000089800000, 0x0000000089800000| Untracked 
| 153|0x0000000089900000, 0x0000000089a00000, 0x0000000089a00000|100%| O|  |TAMS 0x0000000089900000, 0x0000000089900000| Untracked 
| 154|0x0000000089a00000, 0x0000000089b00000, 0x0000000089b00000|100%| O|  |TAMS 0x0000000089a00000, 0x0000000089a00000| Untracked 
| 155|0x0000000089b00000, 0x0000000089c00000, 0x0000000089c00000|100%| O|  |TAMS 0x0000000089b00000, 0x0000000089b00000| Untracked 
| 156|0x0000000089c00000, 0x0000000089d00000, 0x0000000089d00000|100%| O|  |TAMS 0x0000000089c00000, 0x0000000089c00000| Untracked 
| 157|0x0000000089d00000, 0x0000000089e00000, 0x0000000089e00000|100%| O|  |TAMS 0x0000000089d00000, 0x0000000089d00000| Untracked 
| 158|0x0000000089e00000, 0x0000000089f00000, 0x0000000089f00000|100%| O|  |TAMS 0x0000000089e00000, 0x0000000089e00000| Untracked 
| 159|0x0000000089f00000, 0x000000008a000000, 0x000000008a000000|100%| O|  |TAMS 0x0000000089f00000, 0x0000000089f00000| Untracked 
| 160|0x000000008a000000, 0x000000008a100000, 0x000000008a100000|100%| O|  |TAMS 0x000000008a000000, 0x000000008a000000| Untracked 
| 161|0x000000008a100000, 0x000000008a200000, 0x000000008a200000|100%| O|  |TAMS 0x000000008a100000, 0x000000008a100000| Untracked 
| 162|0x000000008a200000, 0x000000008a300000, 0x000000008a300000|100%| O|  |TAMS 0x000000008a200000, 0x000000008a200000| Untracked 
| 163|0x000000008a300000, 0x000000008a400000, 0x000000008a400000|100%| O|  |TAMS 0x000000008a300000, 0x000000008a300000| Untracked 
| 164|0x000000008a400000, 0x000000008a500000, 0x000000008a500000|100%| O|  |TAMS 0x000000008a400000, 0x000000008a400000| Untracked 
| 165|0x000000008a500000, 0x000000008a600000, 0x000000008a600000|100%| O|  |TAMS 0x000000008a500000, 0x000000008a500000| Untracked 
| 166|0x000000008a600000, 0x000000008a6fac00, 0x000000008a700000| 97%| O|  |TAMS 0x000000008a600000, 0x000000008a600000| Untracked 
| 167|0x000000008a700000, 0x000000008a700000, 0x000000008a800000|  0%| F|  |TAMS 0x000000008a700000, 0x000000008a700000| Untracked 
| 168|0x000000008a800000, 0x000000008a800000, 0x000000008a900000|  0%| F|  |TAMS 0x000000008a800000, 0x000000008a800000| Untracked 
| 169|0x000000008a900000, 0x000000008a900000, 0x000000008aa00000|  0%| F|  |TAMS 0x000000008a900000, 0x000000008a900000| Untracked 
| 170|0x000000008aa00000, 0x000000008aa00000, 0x000000008ab00000|  0%| F|  |TAMS 0x000000008aa00000, 0x000000008aa00000| Untracked 
| 171|0x000000008ab00000, 0x000000008ab00000, 0x000000008ac00000|  0%| F|  |TAMS 0x000000008ab00000, 0x000000008ab00000| Untracked 
| 172|0x000000008ac00000, 0x000000008ac00000, 0x000000008ad00000|  0%| F|  |TAMS 0x000000008ac00000, 0x000000008ac00000| Untracked 
| 173|0x000000008ad00000, 0x000000008ad00000, 0x000000008ae00000|  0%| F|  |TAMS 0x000000008ad00000, 0x000000008ad00000| Untracked 
| 174|0x000000008ae00000, 0x000000008ae00000, 0x000000008af00000|  0%| F|  |TAMS 0x000000008ae00000, 0x000000008ae00000| Untracked 
| 175|0x000000008af00000, 0x000000008af00000, 0x000000008b000000|  0%| F|  |TAMS 0x000000008af00000, 0x000000008af00000| Untracked 
| 176|0x000000008b000000, 0x000000008b000000, 0x000000008b100000|  0%| F|  |TAMS 0x000000008b000000, 0x000000008b000000| Untracked 
| 177|0x000000008b100000, 0x000000008b100000, 0x000000008b200000|  0%| F|  |TAMS 0x000000008b100000, 0x000000008b100000| Untracked 
| 178|0x000000008b200000, 0x000000008b200000, 0x000000008b300000|  0%| F|  |TAMS 0x000000008b200000, 0x000000008b200000| Untracked 
| 179|0x000000008b300000, 0x000000008b300000, 0x000000008b400000|  0%| F|  |TAMS 0x000000008b300000, 0x000000008b300000| Untracked 
| 180|0x000000008b400000, 0x000000008b400000, 0x000000008b500000|  0%| F|  |TAMS 0x000000008b400000, 0x000000008b400000| Untracked 
| 181|0x000000008b500000, 0x000000008b500000, 0x000000008b600000|  0%| F|  |TAMS 0x000000008b500000, 0x000000008b500000| Untracked 
| 182|0x000000008b600000, 0x000000008b600000, 0x000000008b700000|  0%| F|  |TAMS 0x000000008b600000, 0x000000008b600000| Untracked 
| 183|0x000000008b700000, 0x000000008b700000, 0x000000008b800000|  0%| F|  |TAMS 0x000000008b700000, 0x000000008b700000| Untracked 
| 184|0x000000008b800000, 0x000000008b800000, 0x000000008b900000|  0%| F|  |TAMS 0x000000008b800000, 0x000000008b800000| Untracked 
| 185|0x000000008b900000, 0x000000008b900000, 0x000000008ba00000|  0%| F|  |TAMS 0x000000008b900000, 0x000000008b900000| Untracked 
| 186|0x000000008ba00000, 0x000000008ba00000, 0x000000008bb00000|  0%| F|  |TAMS 0x000000008ba00000, 0x000000008ba00000| Untracked 
| 187|0x000000008bb00000, 0x000000008bb00000, 0x000000008bc00000|  0%| F|  |TAMS 0x000000008bb00000, 0x000000008bb00000| Untracked 
| 188|0x000000008bc00000, 0x000000008bc00000, 0x000000008bd00000|  0%| F|  |TAMS 0x000000008bc00000, 0x000000008bc00000| Untracked 
| 189|0x000000008bd00000, 0x000000008bd00000, 0x000000008be00000|  0%| F|  |TAMS 0x000000008bd00000, 0x000000008bd00000| Untracked 
| 190|0x000000008be00000, 0x000000008be00000, 0x000000008bf00000|  0%| F|  |TAMS 0x000000008be00000, 0x000000008be00000| Untracked 
| 191|0x000000008bf00000, 0x000000008bf00000, 0x000000008c000000|  0%| F|  |TAMS 0x000000008bf00000, 0x000000008bf00000| Untracked 
| 192|0x000000008c000000, 0x000000008c000000, 0x000000008c100000|  0%| F|  |TAMS 0x000000008c000000, 0x000000008c000000| Untracked 
| 193|0x000000008c100000, 0x000000008c100000, 0x000000008c200000|  0%| F|  |TAMS 0x000000008c100000, 0x000000008c100000| Untracked 
| 194|0x000000008c200000, 0x000000008c200000, 0x000000008c300000|  0%| F|  |TAMS 0x000000008c200000, 0x000000008c200000| Untracked 
| 195|0x000000008c300000, 0x000000008c300000, 0x000000008c400000|  0%| F|  |TAMS 0x000000008c300000, 0x000000008c300000| Untracked 
| 196|0x000000008c400000, 0x000000008c400000, 0x000000008c500000|  0%| F|  |TAMS 0x000000008c400000, 0x000000008c400000| Untracked 
| 197|0x000000008c500000, 0x000000008c500000, 0x000000008c600000|  0%| F|  |TAMS 0x000000008c500000, 0x000000008c500000| Untracked 
| 198|0x000000008c600000, 0x000000008c600000, 0x000000008c700000|  0%| F|  |TAMS 0x000000008c600000, 0x000000008c600000| Untracked 
| 199|0x000000008c700000, 0x000000008c700000, 0x000000008c800000|  0%| F|  |TAMS 0x000000008c700000, 0x000000008c700000| Untracked 
| 200|0x000000008c800000, 0x000000008c800000, 0x000000008c900000|  0%| F|  |TAMS 0x000000008c800000, 0x000000008c800000| Untracked 
| 201|0x000000008c900000, 0x000000008c900000, 0x000000008ca00000|  0%| F|  |TAMS 0x000000008c900000, 0x000000008c900000| Untracked 
| 202|0x000000008ca00000, 0x000000008ca00000, 0x000000008cb00000|  0%| F|  |TAMS 0x000000008ca00000, 0x000000008ca00000| Untracked 
| 203|0x000000008cb00000, 0x000000008cb00000, 0x000000008cc00000|  0%| F|  |TAMS 0x000000008cb00000, 0x000000008cb00000| Untracked 
| 204|0x000000008cc00000, 0x000000008cc00000, 0x000000008cd00000|  0%| F|  |TAMS 0x000000008cc00000, 0x000000008cc00000| Untracked 
| 205|0x000000008cd00000, 0x000000008cd00000, 0x000000008ce00000|  0%| F|  |TAMS 0x000000008cd00000, 0x000000008cd00000| Untracked 
| 206|0x000000008ce00000, 0x000000008ce00000, 0x000000008cf00000|  0%| F|  |TAMS 0x000000008ce00000, 0x000000008ce00000| Untracked 
| 207|0x000000008cf00000, 0x000000008cf00000, 0x000000008d000000|  0%| F|  |TAMS 0x000000008cf00000, 0x000000008cf00000| Untracked 
| 208|0x000000008d000000, 0x000000008d000000, 0x000000008d100000|  0%| F|  |TAMS 0x000000008d000000, 0x000000008d000000| Untracked 
| 209|0x000000008d100000, 0x000000008d100000, 0x000000008d200000|  0%| F|  |TAMS 0x000000008d100000, 0x000000008d100000| Untracked 
| 210|0x000000008d200000, 0x000000008d200000, 0x000000008d300000|  0%| F|  |TAMS 0x000000008d200000, 0x000000008d200000| Untracked 
| 211|0x000000008d300000, 0x000000008d300000, 0x000000008d400000|  0%| F|  |TAMS 0x000000008d300000, 0x000000008d300000| Untracked 
| 212|0x000000008d400000, 0x000000008d400000, 0x000000008d500000|  0%| F|  |TAMS 0x000000008d400000, 0x000000008d400000| Untracked 
| 213|0x000000008d500000, 0x000000008d500000, 0x000000008d600000|  0%| F|  |TAMS 0x000000008d500000, 0x000000008d500000| Untracked 
| 214|0x000000008d600000, 0x000000008d6db0e0, 0x000000008d700000| 85%| S|CS|TAMS 0x000000008d600000, 0x000000008d600000| Complete 
| 215|0x000000008d700000, 0x000000008d800000, 0x000000008d800000|100%| S|CS|TAMS 0x000000008d700000, 0x000000008d700000| Complete 
| 216|0x000000008d800000, 0x000000008d900000, 0x000000008d900000|100%| S|CS|TAMS 0x000000008d800000, 0x000000008d800000| Complete 
| 217|0x000000008d900000, 0x000000008d900000, 0x000000008da00000|  0%| F|  |TAMS 0x000000008d900000, 0x000000008d900000| Untracked 
| 218|0x000000008da00000, 0x000000008da00000, 0x000000008db00000|  0%| F|  |TAMS 0x000000008da00000, 0x000000008da00000| Untracked 
| 219|0x000000008db00000, 0x000000008db00000, 0x000000008dc00000|  0%| F|  |TAMS 0x000000008db00000, 0x000000008db00000| Untracked 
| 220|0x000000008dc00000, 0x000000008dc00000, 0x000000008dd00000|  0%| F|  |TAMS 0x000000008dc00000, 0x000000008dc00000| Untracked 
| 221|0x000000008dd00000, 0x000000008dd00000, 0x000000008de00000|  0%| F|  |TAMS 0x000000008dd00000, 0x000000008dd00000| Untracked 
| 222|0x000000008de00000, 0x000000008de00000, 0x000000008df00000|  0%| F|  |TAMS 0x000000008de00000, 0x000000008de00000| Untracked 
| 223|0x000000008df00000, 0x000000008df00000, 0x000000008e000000|  0%| F|  |TAMS 0x000000008df00000, 0x000000008df00000| Untracked 
| 224|0x000000008e000000, 0x000000008e000000, 0x000000008e100000|  0%| F|  |TAMS 0x000000008e000000, 0x000000008e000000| Untracked 
| 225|0x000000008e100000, 0x000000008e100000, 0x000000008e200000|  0%| F|  |TAMS 0x000000008e100000, 0x000000008e100000| Untracked 
| 226|0x000000008e200000, 0x000000008e200000, 0x000000008e300000|  0%| F|  |TAMS 0x000000008e200000, 0x000000008e200000| Untracked 
| 227|0x000000008e300000, 0x000000008e300000, 0x000000008e400000|  0%| F|  |TAMS 0x000000008e300000, 0x000000008e300000| Untracked 
| 228|0x000000008e400000, 0x000000008e400000, 0x000000008e500000|  0%| F|  |TAMS 0x000000008e400000, 0x000000008e400000| Untracked 
| 229|0x000000008e500000, 0x000000008e500000, 0x000000008e600000|  0%| F|  |TAMS 0x000000008e500000, 0x000000008e500000| Untracked 
| 230|0x000000008e600000, 0x000000008e600000, 0x000000008e700000|  0%| F|  |TAMS 0x000000008e600000, 0x000000008e600000| Untracked 
| 231|0x000000008e700000, 0x000000008e700000, 0x000000008e800000|  0%| F|  |TAMS 0x000000008e700000, 0x000000008e700000| Untracked 
| 232|0x000000008e800000, 0x000000008e800000, 0x000000008e900000|  0%| F|  |TAMS 0x000000008e800000, 0x000000008e800000| Untracked 
| 233|0x000000008e900000, 0x000000008e900000, 0x000000008ea00000|  0%| F|  |TAMS 0x000000008e900000, 0x000000008e900000| Untracked 
| 234|0x000000008ea00000, 0x000000008ea00000, 0x000000008eb00000|  0%| F|  |TAMS 0x000000008ea00000, 0x000000008ea00000| Untracked 
| 235|0x000000008eb00000, 0x000000008eb00000, 0x000000008ec00000|  0%| F|  |TAMS 0x000000008eb00000, 0x000000008eb00000| Untracked 
| 236|0x000000008ec00000, 0x000000008ec00000, 0x000000008ed00000|  0%| F|  |TAMS 0x000000008ec00000, 0x000000008ec00000| Untracked 
| 237|0x000000008ed00000, 0x000000008ed00000, 0x000000008ee00000|  0%| F|  |TAMS 0x000000008ed00000, 0x000000008ed00000| Untracked 
| 238|0x000000008ee00000, 0x000000008ee00000, 0x000000008ef00000|  0%| F|  |TAMS 0x000000008ee00000, 0x000000008ee00000| Untracked 
| 239|0x000000008ef00000, 0x000000008ef00000, 0x000000008f000000|  0%| F|  |TAMS 0x000000008ef00000, 0x000000008ef00000| Untracked 
| 240|0x000000008f000000, 0x000000008f000000, 0x000000008f100000|  0%| F|  |TAMS 0x000000008f000000, 0x000000008f000000| Untracked 
| 241|0x000000008f100000, 0x000000008f100000, 0x000000008f200000|  0%| F|  |TAMS 0x000000008f100000, 0x000000008f100000| Untracked 
| 242|0x000000008f200000, 0x000000008f200000, 0x000000008f300000|  0%| F|  |TAMS 0x000000008f200000, 0x000000008f200000| Untracked 
| 243|0x000000008f300000, 0x000000008f300000, 0x000000008f400000|  0%| F|  |TAMS 0x000000008f300000, 0x000000008f300000| Untracked 
| 244|0x000000008f400000, 0x000000008f400000, 0x000000008f500000|  0%| F|  |TAMS 0x000000008f400000, 0x000000008f400000| Untracked 
| 245|0x000000008f500000, 0x000000008f500000, 0x000000008f600000|  0%| F|  |TAMS 0x000000008f500000, 0x000000008f500000| Untracked 
| 246|0x000000008f600000, 0x000000008f600000, 0x000000008f700000|  0%| F|  |TAMS 0x000000008f600000, 0x000000008f600000| Untracked 
| 247|0x000000008f700000, 0x000000008f700000, 0x000000008f800000|  0%| F|  |TAMS 0x000000008f700000, 0x000000008f700000| Untracked 
| 248|0x000000008f800000, 0x000000008f800000, 0x000000008f900000|  0%| F|  |TAMS 0x000000008f800000, 0x000000008f800000| Untracked 
| 249|0x000000008f900000, 0x000000008f900000, 0x000000008fa00000|  0%| F|  |TAMS 0x000000008f900000, 0x000000008f900000| Untracked 
| 250|0x000000008fa00000, 0x000000008fa00000, 0x000000008fb00000|  0%| F|  |TAMS 0x000000008fa00000, 0x000000008fa00000| Untracked 
| 251|0x000000008fb00000, 0x000000008fb00000, 0x000000008fc00000|  0%| F|  |TAMS 0x000000008fb00000, 0x000000008fb00000| Untracked 
| 252|0x000000008fc00000, 0x000000008fc00000, 0x000000008fd00000|  0%| F|  |TAMS 0x000000008fc00000, 0x000000008fc00000| Untracked 
| 253|0x000000008fd00000, 0x000000008fd00000, 0x000000008fe00000|  0%| F|  |TAMS 0x000000008fd00000, 0x000000008fd00000| Untracked 
| 254|0x000000008fe00000, 0x000000008fe00000, 0x000000008ff00000|  0%| F|  |TAMS 0x000000008fe00000, 0x000000008fe00000| Untracked 
| 255|0x000000008ff00000, 0x000000008ff00000, 0x0000000090000000|  0%| F|  |TAMS 0x000000008ff00000, 0x000000008ff00000| Untracked 
| 256|0x0000000090000000, 0x0000000090000000, 0x0000000090100000|  0%| F|  |TAMS 0x0000000090000000, 0x0000000090000000| Untracked 
| 257|0x0000000090100000, 0x0000000090100000, 0x0000000090200000|  0%| F|  |TAMS 0x0000000090100000, 0x0000000090100000| Untracked 
| 258|0x0000000090200000, 0x0000000090200000, 0x0000000090300000|  0%| F|  |TAMS 0x0000000090200000, 0x0000000090200000| Untracked 
| 259|0x0000000090300000, 0x0000000090300000, 0x0000000090400000|  0%| F|  |TAMS 0x0000000090300000, 0x0000000090300000| Untracked 
| 260|0x0000000090400000, 0x0000000090400000, 0x0000000090500000|  0%| F|  |TAMS 0x0000000090400000, 0x0000000090400000| Untracked 
| 261|0x0000000090500000, 0x0000000090500000, 0x0000000090600000|  0%| F|  |TAMS 0x0000000090500000, 0x0000000090500000| Untracked 
| 262|0x0000000090600000, 0x0000000090600000, 0x0000000090700000|  0%| F|  |TAMS 0x0000000090600000, 0x0000000090600000| Untracked 
| 263|0x0000000090700000, 0x0000000090700000, 0x0000000090800000|  0%| F|  |TAMS 0x0000000090700000, 0x0000000090700000| Untracked 
| 264|0x0000000090800000, 0x0000000090800000, 0x0000000090900000|  0%| F|  |TAMS 0x0000000090800000, 0x0000000090800000| Untracked 
| 265|0x0000000090900000, 0x0000000090900000, 0x0000000090a00000|  0%| F|  |TAMS 0x0000000090900000, 0x0000000090900000| Untracked 
| 266|0x0000000090a00000, 0x0000000090a00000, 0x0000000090b00000|  0%| F|  |TAMS 0x0000000090a00000, 0x0000000090a00000| Untracked 
| 267|0x0000000090b00000, 0x0000000090b00000, 0x0000000090c00000|  0%| F|  |TAMS 0x0000000090b00000, 0x0000000090b00000| Untracked 
| 268|0x0000000090c00000, 0x0000000090c00000, 0x0000000090d00000|  0%| F|  |TAMS 0x0000000090c00000, 0x0000000090c00000| Untracked 
| 269|0x0000000090d00000, 0x0000000090d00000, 0x0000000090e00000|  0%| F|  |TAMS 0x0000000090d00000, 0x0000000090d00000| Untracked 
| 270|0x0000000090e00000, 0x0000000090e00000, 0x0000000090f00000|  0%| F|  |TAMS 0x0000000090e00000, 0x0000000090e00000| Untracked 
| 271|0x0000000090f00000, 0x0000000090f00000, 0x0000000091000000|  0%| F|  |TAMS 0x0000000090f00000, 0x0000000090f00000| Untracked 
| 272|0x0000000091000000, 0x0000000091000000, 0x0000000091100000|  0%| F|  |TAMS 0x0000000091000000, 0x0000000091000000| Untracked 
| 273|0x0000000091100000, 0x0000000091100000, 0x0000000091200000|  0%| F|  |TAMS 0x0000000091100000, 0x0000000091100000| Untracked 
| 274|0x0000000091200000, 0x0000000091200000, 0x0000000091300000|  0%| F|  |TAMS 0x0000000091200000, 0x0000000091200000| Untracked 
| 275|0x0000000091300000, 0x0000000091300000, 0x0000000091400000|  0%| F|  |TAMS 0x0000000091300000, 0x0000000091300000| Untracked 
| 276|0x0000000091400000, 0x0000000091400000, 0x0000000091500000|  0%| F|  |TAMS 0x0000000091400000, 0x0000000091400000| Untracked 
| 277|0x0000000091500000, 0x0000000091500000, 0x0000000091600000|  0%| F|  |TAMS 0x0000000091500000, 0x0000000091500000| Untracked 
| 278|0x0000000091600000, 0x0000000091600000, 0x0000000091700000|  0%| F|  |TAMS 0x0000000091600000, 0x0000000091600000| Untracked 
| 279|0x0000000091700000, 0x0000000091700000, 0x0000000091800000|  0%| F|  |TAMS 0x0000000091700000, 0x0000000091700000| Untracked 
| 280|0x0000000091800000, 0x0000000091800000, 0x0000000091900000|  0%| F|  |TAMS 0x0000000091800000, 0x0000000091800000| Untracked 
| 281|0x0000000091900000, 0x0000000091900000, 0x0000000091a00000|  0%| F|  |TAMS 0x0000000091900000, 0x0000000091900000| Untracked 

Card table byte_map: [0x000001c573d10000,0x000001c574110000] _byte_map_base: 0x000001c573910000

Marking Bits (Prev, Next): (CMBitMap*) 0x000001c56e689e80, (CMBitMap*) 0x000001c56e689e40
 Prev Bits: [0x000001c576510000, 0x000001c578510000)
 Next Bits: [0x000001c574510000, 0x000001c576510000)

Polling page: 0x000001c56e700000

Metaspace:

Usage:
  Non-class:    110.92 MB used.
      Class:     16.48 MB used.
       Both:    127.40 MB used.

Virtual space:
  Non-class space:      112.00 MB reserved,     111.31 MB (>99%) committed,  14 nodes.
      Class space:        1.00 GB reserved,      16.81 MB (  2%) committed,  1 nodes.
             Both:        1.11 GB reserved,     128.12 MB ( 11%) committed. 

Chunk freelists:
   Non-Class:  48.00 KB
       Class:  3.23 MB
        Both:  3.28 MB

MaxMetaspaceSize: unlimited
CompressedClassSpaceSize: 1.00 GB
Initial GC threshold: 21.00 MB
Current GC threshold: 188.56 MB
CDS: off
MetaspaceReclaimPolicy: balanced
 - commit_granule_bytes: 65536.
 - commit_granule_words: 8192.
 - virtual_space_node_default_size: 1048576.
 - enlarge_chunks_in_place: 1.
 - new_chunks_are_fully_committed: 0.
 - uncommit_free_chunks: 1.
 - use_allocation_guard: 0.
 - handle_deallocations: 1.


Internal statistics:

num_allocs_failed_limit: 3.
num_arena_births: 972.
num_arena_deaths: 0.
num_vsnodes_births: 15.
num_vsnodes_deaths: 0.
num_space_committed: 2048.
num_space_uncommitted: 0.
num_chunks_returned_to_freelist: 3.
num_chunks_taken_from_freelist: 5461.
num_chunk_merges: 3.
num_chunk_splits: 4071.
num_chunks_enlarged: 3207.
num_purges: 0.
num_inconsistent_stats: 0.

CodeHeap 'non-profiled nmethods': size=120000Kb used=6080Kb max_used=6080Kb free=113919Kb
 bounds [0x000001c507ad0000, 0x000001c5080d0000, 0x000001c50f000000]
CodeHeap 'profiled nmethods': size=120000Kb used=23603Kb max_used=23603Kb free=96397Kb
 bounds [0x000001c500000000, 0x000001c501710000, 0x000001c507530000]
CodeHeap 'non-nmethods': size=5760Kb used=2520Kb max_used=2606Kb free=3239Kb
 bounds [0x000001c507530000, 0x000001c5077d0000, 0x000001c507ad0000]
 total_blobs=12054 nmethods=10977 adapters=986
 compilation: enabled
              stopped_count=0, restarted_count=0
 full_count=0

Compilation events (20 events):
Event: 28.765 Thread 0x000001c57b530fd0 nmethod 12561 0x000001c501705490 code [0x000001c5017056a0, 0x000001c501705ce8]
Event: 28.765 Thread 0x000001c57b530fd0 12562       3       org.jetbrains.kotlin.ir.visitors.IrElementTransformer$DefaultImpls::visitValueParameter (18 bytes)
Event: 28.766 Thread 0x000001c57b530fd0 nmethod 12562 0x000001c501705f90 code [0x000001c5017061a0, 0x000001c5017067e8]
Event: 28.766 Thread 0x000001c57b530fd0 12565       3       org.jetbrains.kotlin.ir.visitors.IrElementTransformer$DefaultImpls::visitCall (18 bytes)
Event: 28.767 Thread 0x000001c57b530fd0 nmethod 12565 0x000001c501706a90 code [0x000001c501706ca0, 0x000001c5017072e8]
Event: 28.767 Thread 0x000001c57b530fd0 12563       3       org.jetbrains.kotlin.backend.jvm.lower.UpdateFunctionCallSites::visitExpression (10 bytes)
Event: 28.768 Thread 0x000001c57b530fd0 nmethod 12563 0x000001c501707590 code [0x000001c5017077c0, 0x000001c501708008]
Event: 28.768 Thread 0x000001c57b530fd0 12564       3       org.jetbrains.kotlin.backend.jvm.lower.UpdateFunctionCallSites::visitExpression (7 bytes)
Event: 28.769 Thread 0x000001c57b530fd0 nmethod 12564 0x000001c501708310 code [0x000001c501708540, 0x000001c501708c28]
Event: 28.769 Thread 0x000001c57b52d1d0 12566       4       org.jetbrains.kotlin.backend.common.ClassLoweringVisitor::visitElement (15 bytes)
Event: 28.771 Thread 0x000001c57b52d1d0 nmethod 12566 0x000001c5080bfe90 code [0x000001c5080c0000, 0x000001c5080c00b8]
Event: 28.772 Thread 0x000001c57b530fd0 12567       3       org.jetbrains.kotlin.backend.common.ClassLoweringVisitor::visitSimpleFunction (13 bytes)
Event: 28.774 Thread 0x000001c57b530fd0 nmethod 12567 0x000001c501708f10 code [0x000001c501709200, 0x000001c501709fd8]
Event: 28.774 Thread 0x000001c57b530fd0 12571       3       org.jetbrains.kotlin.ir.expressions.IrComposite::accept (15 bytes)
Event: 28.775 Thread 0x000001c57b530fd0 nmethod 12571 0x000001c50170a510 code [0x000001c50170a720, 0x000001c50170ada8]
Event: 28.775 Thread 0x000001c57b530fd0 12570       3       org.jetbrains.kotlin.ir.visitors.IrElementVisitorVoid$DefaultImpls::visitFieldAccess (17 bytes)
Event: 28.776 Thread 0x000001c57b530fd0 nmethod 12570 0x000001c50170b010 code [0x000001c50170b220, 0x000001c50170b868]
Event: 28.776 Thread 0x000001c57b530fd0 12568       3       org.jetbrains.kotlin.backend.common.ClassLoweringVisitor::visitSimpleFunction (7 bytes)
Event: 28.778 Thread 0x000001c57b530fd0 nmethod 12568 0x000001c50170bb10 code [0x000001c50170bde0, 0x000001c50170ca78]
Event: 28.778 Thread 0x000001c57b530fd0 12572       3       org.jetbrains.kotlin.ir.visitors.IrElementTransformerVoid::visitFieldAccess (16 bytes)

GC Heap History (20 events):
Event: 19.746 GC heap after
{Heap after GC invocations=36 (full 0):
 garbage-first heap   total 248832K, used 111408K [0x0000000080000000, 0x0000000100000000)
  region size 1024K, 2 young (2048K), 2 survivors (2048K)
 Metaspace       used 91111K, committed 91840K, reserved 1130496K
  class space    used 12531K, committed 12864K, reserved 1048576K
}
Event: 20.421 GC heap before
{Heap before GC invocations=36 (full 0):
 garbage-first heap   total 248832K, used 196400K [0x0000000080000000, 0x0000000100000000)
  region size 1024K, 80 young (81920K), 2 survivors (2048K)
 Metaspace       used 91371K, committed 92096K, reserved 1130496K
  class space    used 12542K, committed 12864K, reserved 1048576K
}
Event: 20.470 GC heap after
{Heap after GC invocations=37 (full 0):
 garbage-first heap   total 248832K, used 135343K [0x0000000080000000, 0x0000000100000000)
  region size 1024K, 10 young (10240K), 10 survivors (10240K)
 Metaspace       used 91371K, committed 92096K, reserved 1130496K
  class space    used 12542K, committed 12864K, reserved 1048576K
}
Event: 21.278 GC heap before
{Heap before GC invocations=37 (full 0):
 garbage-first heap   total 248832K, used 176303K [0x0000000080000000, 0x0000000100000000)
  region size 1024K, 51 young (52224K), 10 survivors (10240K)
 Metaspace       used 95673K, committed 96384K, reserved 1138688K
  class space    used 13045K, committed 13376K, reserved 1048576K
}
Event: 21.305 GC heap after
{Heap after GC invocations=38 (full 0):
 garbage-first heap   total 248832K, used 139476K [0x0000000080000000, 0x0000000100000000)
  region size 1024K, 4 young (4096K), 4 survivors (4096K)
 Metaspace       used 95673K, committed 96384K, reserved 1138688K
  class space    used 13045K, committed 13376K, reserved 1048576K
}
Event: 22.407 GC heap before
{Heap before GC invocations=39 (full 0):
 garbage-first heap   total 263168K, used 201940K [0x0000000080000000, 0x0000000100000000)
  region size 1024K, 59 young (60416K), 4 survivors (4096K)
 Metaspace       used 101401K, committed 102080K, reserved 1138688K
  class space    used 13564K, committed 13888K, reserved 1048576K
}
Event: 22.424 GC heap after
{Heap after GC invocations=40 (full 0):
 garbage-first heap   total 263168K, used 153088K [0x0000000080000000, 0x0000000100000000)
  region size 1024K, 8 young (8192K), 8 survivors (8192K)
 Metaspace       used 101401K, committed 102080K, reserved 1138688K
  class space    used 13564K, committed 13888K, reserved 1048576K
}
Event: 22.495 GC heap before
{Heap before GC invocations=40 (full 0):
 garbage-first heap   total 263168K, used 157184K [0x0000000080000000, 0x0000000100000000)
  region size 1024K, 12 young (12288K), 8 survivors (8192K)
 Metaspace       used 101926K, committed 102656K, reserved 1138688K
  class space    used 13631K, committed 13952K, reserved 1048576K
}
Event: 22.518 GC heap after
{Heap after GC invocations=41 (full 0):
 garbage-first heap   total 263168K, used 153180K [0x0000000080000000, 0x0000000100000000)
  region size 1024K, 1 young (1024K), 1 survivors (1024K)
 Metaspace       used 101926K, committed 102656K, reserved 1138688K
  class space    used 13631K, committed 13952K, reserved 1048576K
}
Event: 23.699 GC heap before
{Heap before GC invocations=41 (full 0):
 garbage-first heap   total 263168K, used 211548K [0x0000000080000000, 0x0000000100000000)
  region size 1024K, 57 young (58368K), 1 survivors (1024K)
 Metaspace       used 109628K, committed 110336K, reserved 1146880K
  class space    used 14597K, committed 14912K, reserved 1048576K
}
Event: 23.717 GC heap after
{Heap after GC invocations=42 (full 0):
 garbage-first heap   total 263168K, used 156015K [0x0000000080000000, 0x0000000100000000)
  region size 1024K, 4 young (4096K), 4 survivors (4096K)
 Metaspace       used 109628K, committed 110336K, reserved 1146880K
  class space    used 14597K, committed 14912K, reserved 1048576K
}
Event: 24.474 GC heap before
{Heap before GC invocations=42 (full 0):
 garbage-first heap   total 263168K, used 213359K [0x0000000080000000, 0x0000000100000000)
  region size 1024K, 60 young (61440K), 4 survivors (4096K)
 Metaspace       used 112074K, committed 112768K, reserved 1146880K
  class space    used 14865K, committed 15168K, reserved 1048576K
}
Event: 24.488 GC heap after
{Heap after GC invocations=43 (full 0):
 garbage-first heap   total 263168K, used 159482K [0x0000000080000000, 0x0000000100000000)
  region size 1024K, 8 young (8192K), 8 survivors (8192K)
 Metaspace       used 112074K, committed 112768K, reserved 1146880K
  class space    used 14865K, committed 15168K, reserved 1048576K
}
Event: 25.274 GC heap before
{Heap before GC invocations=43 (full 0):
 garbage-first heap   total 263168K, used 215802K [0x0000000080000000, 0x0000000100000000)
  region size 1024K, 63 young (64512K), 8 survivors (8192K)
 Metaspace       used 114365K, committed 115072K, reserved 1155072K
  class space    used 15116K, committed 15424K, reserved 1048576K
}
Event: 25.297 GC heap after
{Heap after GC invocations=44 (full 0):
 garbage-first heap   total 263168K, used 164114K [0x0000000080000000, 0x0000000100000000)
  region size 1024K, 8 young (8192K), 8 survivors (8192K)
 Metaspace       used 114365K, committed 115072K, reserved 1155072K
  class space    used 15116K, committed 15424K, reserved 1048576K
}
Event: 27.068 GC heap before
{Heap before GC invocations=45 (full 0):
 garbage-first heap   total 288768K, used 218386K [0x0000000080000000, 0x0000000100000000)
  region size 1024K, 61 young (62464K), 8 survivors (8192K)
 Metaspace       used 118805K, committed 119488K, reserved 1155072K
  class space    used 15547K, committed 15872K, reserved 1048576K
}
Event: 27.090 GC heap after
{Heap after GC invocations=46 (full 0):
 garbage-first heap   total 288768K, used 170126K [0x0000000080000000, 0x0000000100000000)
  region size 1024K, 6 young (6144K), 6 survivors (6144K)
 Metaspace       used 118805K, committed 119488K, reserved 1155072K
  class space    used 15547K, committed 15872K, reserved 1048576K
}
Event: 27.280 GC heap before
{Heap before GC invocations=46 (full 0):
 garbage-first heap   total 288768K, used 177294K [0x0000000080000000, 0x0000000100000000)
  region size 1024K, 14 young (14336K), 6 survivors (6144K)
 Metaspace       used 120125K, committed 120832K, reserved 1155072K
  class space    used 15670K, committed 16000K, reserved 1048576K
}
Event: 27.297 GC heap after
{Heap after GC invocations=47 (full 0):
 garbage-first heap   total 288768K, used 169963K [0x0000000080000000, 0x0000000100000000)
  region size 1024K, 1 young (1024K), 1 survivors (1024K)
 Metaspace       used 120125K, committed 120832K, reserved 1155072K
  class space    used 15670K, committed 16000K, reserved 1048576K
}
Event: 28.779 GC heap before
{Heap before GC invocations=47 (full 0):
 garbage-first heap   total 288768K, used 235499K [0x0000000080000000, 0x0000000100000000)
  region size 1024K, 65 young (66560K), 1 survivors (1024K)
 Metaspace       used 130461K, committed 131200K, reserved 1163264K
  class space    used 16874K, committed 17216K, reserved 1048576K
}

Dll operation events (2 events):
Event: 0.006 Loaded shared library D:\Android\Android Studio\jbr\bin\java.dll
Event: 0.572 Loaded shared library D:\Android\Android Studio\jbr\bin\verify.dll

Deoptimization events (20 events):
Event: 27.856 Thread 0x000001c57df5a6e0 DEOPT PACKING pc=0x000001c501579074 sp=0x00000074768f4bd0
Event: 27.856 Thread 0x000001c57df5a6e0 DEOPT UNPACKING pc=0x000001c507587143 sp=0x00000074768f4250 mode 0
Event: 27.856 Thread 0x000001c57df5a6e0 DEOPT PACKING pc=0x000001c50157ae3c sp=0x00000074768f4f20
Event: 27.856 Thread 0x000001c57df5a6e0 DEOPT UNPACKING pc=0x000001c507587143 sp=0x00000074768f45a0 mode 0
Event: 28.166 Thread 0x000001c57df5a6e0 Uncommon trap: trap_request=0xffffffde fr.pc=0x000001c507fe753c relative=0x000000000000171c
Event: 28.166 Thread 0x000001c57df5a6e0 Uncommon trap: reason=class_check action=maybe_recompile pc=0x000001c507fe753c method=org.jetbrains.kotlin.serialization.deserialization.descriptors.DeserializedMemberScope$OptimizedImplementation.getContributedVariables(Lorg/jetbrains/kotlin/name/Name;Lo
Event: 28.166 Thread 0x000001c57df5a6e0 DEOPT PACKING pc=0x000001c507fe753c sp=0x00000074768ef8e0
Event: 28.166 Thread 0x000001c57df5a6e0 DEOPT UNPACKING pc=0x000001c5075869a3 sp=0x00000074768ef8d0 mode 2
Event: 28.166 Thread 0x000001c57df5a6e0 Uncommon trap: trap_request=0xffffffde fr.pc=0x000001c507fe753c relative=0x000000000000171c
Event: 28.166 Thread 0x000001c57df5a6e0 Uncommon trap: reason=class_check action=maybe_recompile pc=0x000001c507fe753c method=org.jetbrains.kotlin.serialization.deserialization.descriptors.DeserializedMemberScope$OptimizedImplementation.getContributedVariables(Lorg/jetbrains/kotlin/name/Name;Lo
Event: 28.166 Thread 0x000001c57df5a6e0 DEOPT PACKING pc=0x000001c507fe753c sp=0x00000074768ef8e0
Event: 28.166 Thread 0x000001c57df5a6e0 DEOPT UNPACKING pc=0x000001c5075869a3 sp=0x00000074768ef8d0 mode 2
Event: 28.166 Thread 0x000001c57df5a6e0 Uncommon trap: trap_request=0xffffffde fr.pc=0x000001c507fe753c relative=0x000000000000171c
Event: 28.166 Thread 0x000001c57df5a6e0 Uncommon trap: reason=class_check action=maybe_recompile pc=0x000001c507fe753c method=org.jetbrains.kotlin.serialization.deserialization.descriptors.DeserializedMemberScope$OptimizedImplementation.getContributedVariables(Lorg/jetbrains/kotlin/name/Name;Lo
Event: 28.166 Thread 0x000001c57df5a6e0 DEOPT PACKING pc=0x000001c507fe753c sp=0x00000074768ef8e0
Event: 28.166 Thread 0x000001c57df5a6e0 DEOPT UNPACKING pc=0x000001c5075869a3 sp=0x00000074768ef8d0 mode 2
Event: 28.166 Thread 0x000001c57df5a6e0 Uncommon trap: trap_request=0xffffffde fr.pc=0x000001c507fe753c relative=0x000000000000171c
Event: 28.166 Thread 0x000001c57df5a6e0 Uncommon trap: reason=class_check action=maybe_recompile pc=0x000001c507fe753c method=org.jetbrains.kotlin.serialization.deserialization.descriptors.DeserializedMemberScope$OptimizedImplementation.getContributedVariables(Lorg/jetbrains/kotlin/name/Name;Lo
Event: 28.166 Thread 0x000001c57df5a6e0 DEOPT PACKING pc=0x000001c507fe753c sp=0x00000074768ef8e0
Event: 28.166 Thread 0x000001c57df5a6e0 DEOPT UNPACKING pc=0x000001c5075869a3 sp=0x00000074768ef8d0 mode 2

Classes unloaded (0 events):
No events

Classes redefined (0 events):
No events

Internal exceptions (20 events):
Event: 18.146 Thread 0x000001c57df5a6e0 Exception <a 'java/lang/NoSuchMethodError'{0x000000008b3f3810}: 'int java.lang.invoke.DelegatingMethodHandle$Holder.reinvoke_L(java.lang.Object, java.lang.Object, java.lang.Object, long, int, int)'> (0x000000008b3f3810) 
thrown [s\src\hotspot\share\interpreter\linkResolver.cpp, line 771]
Event: 18.146 Thread 0x000001c57df5a6e0 Exception <a 'java/lang/NoSuchMethodError'{0x000000008b203ce8}: 'int java.lang.invoke.DelegatingMethodHandle$Holder.reinvoke_L(java.lang.Object, java.lang.Object, java.lang.Object, long, long, long)'> (0x000000008b203ce8) 
thrown [s\src\hotspot\share\interpreter\linkResolver.cpp, line 771]
Event: 18.147 Thread 0x000001c57df5a6e0 Exception <a 'java/lang/NoSuchMethodError'{0x000000008b213e68}: 'int java.lang.invoke.DelegatingMethodHandle$Holder.reinvoke_L(java.lang.Object, java.lang.Object, java.lang.Object, long, java.lang.Object, java.lang.Object)'> (0x000000008b213e68) 
thrown [s\src\hotspot\share\interpreter\linkResolver.cpp, line 771]
Event: 18.148 Thread 0x000001c57df5a6e0 Exception <a 'java/lang/NoSuchMethodError'{0x000000008b223e30}: 'void java.lang.invoke.DelegatingMethodHandle$Holder.reinvoke_L(java.lang.Object, java.lang.Object, java.lang.Object, long, java.lang.Object)'> (0x000000008b223e30) 
thrown [s\src\hotspot\share\interpreter\linkResolver.cpp, line 771]
Event: 18.149 Thread 0x000001c57df5a6e0 Exception <a 'java/lang/NoSuchMethodError'{0x000000008b22c760}: 'java.lang.Object java.lang.invoke.DirectMethodHandle$Holder.invokeSpecial(java.lang.Object, java.lang.Object, java.lang.Object, java.lang.Object, long)'> (0x000000008b22c760) 
thrown [s\src\hotspot\share\interpreter\linkResolver.cpp, line 771]
Event: 18.152 Thread 0x000001c57df5a6e0 Exception <a 'java/lang/NoSuchMethodError'{0x000000008b2516d0}: 'long java.lang.invoke.Invokers$Holder.invoke_MT(java.lang.Object, java.lang.Object, java.lang.Object, java.lang.Object)'> (0x000000008b2516d0) 
thrown [s\src\hotspot\share\interpreter\linkResolver.cpp, line 771]
Event: 18.153 Thread 0x000001c57df5a6e0 Exception <a 'java/lang/NoSuchMethodError'{0x000000008b25a7d0}: 'int java.lang.invoke.Invokers$Holder.invoke_MT(java.lang.Object, java.lang.Object, java.lang.Object, java.lang.Object)'> (0x000000008b25a7d0) 
thrown [s\src\hotspot\share\interpreter\linkResolver.cpp, line 771]
Event: 18.156 Thread 0x000001c57df5a6e0 Exception <a 'java/lang/NoSuchMethodError'{0x000000008b26bbf0}: 'int java.lang.invoke.DelegatingMethodHandle$Holder.reinvoke_L(java.lang.Object, java.lang.Object, java.lang.Object, long, int)'> (0x000000008b26bbf0) 
thrown [s\src\hotspot\share\interpreter\linkResolver.cpp, line 771]
Event: 18.158 Thread 0x000001c57df5a6e0 Exception <a 'java/lang/NoSuchMethodError'{0x000000008b27f1a0}: 'java.lang.Object java.lang.invoke.Invokers$Holder.invokeExact_MT(java.lang.Object, java.lang.Object, long, java.lang.Object)'> (0x000000008b27f1a0) 
thrown [s\src\hotspot\share\interpreter\linkResolver.cpp, line 771]
Event: 18.339 Thread 0x000001c57df5a6e0 Exception <a 'java/lang/NoSuchMethodError'{0x000000008aa8d308}: 'java.lang.Object java.lang.invoke.DirectMethodHandle$Holder.invokeStaticInit(java.lang.Object, int)'> (0x000000008aa8d308) 
thrown [s\src\hotspot\share\interpreter\linkResolver.cpp, line 771]
Event: 18.396 Thread 0x000001c57df5a6e0 Exception <a 'java/lang/NoSuchMethodError'{0x000000008a76c420}: 'long java.lang.invoke.DirectMethodHandle$Holder.invokeStatic(java.lang.Object)'> (0x000000008a76c420) 
thrown [s\src\hotspot\share\interpreter\linkResolver.cpp, line 771]
Event: 18.396 Thread 0x000001c57df5a6e0 Exception <a 'java/lang/NoSuchMethodError'{0x000000008a771008}: 'long java.lang.invoke.DirectMethodHandle$Holder.invokeStaticInit(java.lang.Object)'> (0x000000008a771008) 
thrown [s\src\hotspot\share\interpreter\linkResolver.cpp, line 771]
Event: 19.706 Thread 0x000001c57df5a6e0 Exception <a 'java/lang/NoSuchMethodError'{0x000000008ab0f980}: 'java.lang.Object java.lang.invoke.Invokers$Holder.invoke_MT(java.lang.Object, java.lang.Object, java.lang.Object)'> (0x000000008ab0f980) 
thrown [s\src\hotspot\share\interpreter\linkResolver.cpp, line 771]
Event: 20.032 Thread 0x000001c57df5a6e0 Implicit null exception at 0x000001c507f06a2f to 0x000001c507f08078
Event: 20.039 Thread 0x000001c57df5a6e0 Implicit null exception at 0x000001c507f0b778 to 0x000001c507f0d8d8
Event: 20.069 Thread 0x000001c57df5a6e0 Implicit null exception at 0x000001c507f0ed56 to 0x000001c507f10e68
Event: 23.381 Thread 0x000001c57df5a6e0 Exception <a 'java/lang/NoSuchMethodError'{0x000000008d4778b8}: 'java.lang.Object java.lang.invoke.DirectMethodHandle$Holder.invokeStatic(java.lang.Object, java.lang.Object, java.lang.Object, java.lang.Object, int)'> (0x000000008d4778b8) 
thrown [s\src\hotspot\share\interpreter\linkResolver.cpp, line 771]
Event: 25.237 Thread 0x000001c57df5a6e0 Exception <a 'java/lang/IncompatibleClassChangeError'{0x000000008cb93bc0}: Found class java.lang.Object, but interface was expected> (0x000000008cb93bc0) 
thrown [s\src\hotspot\share\interpreter\linkResolver.cpp, line 838]
Event: 25.251 Thread 0x000001c57df5a6e0 Exception <a 'java/lang/NoSuchMethodError'{0x000000008ca14240}: 'int java.lang.invoke.DirectMethodHandle$Holder.invokeStaticInit(java.lang.Object, int)'> (0x000000008ca14240) 
thrown [s\src\hotspot\share\interpreter\linkResolver.cpp, line 771]
Event: 27.363 Thread 0x000001c57df5a6e0 Exception <a 'java/lang/NoSuchMethodError'{0x000000009166d628}: 'java.lang.Object java.lang.invoke.DirectMethodHandle$Holder.newInvokeSpecial(java.lang.Object, java.lang.Object, java.lang.Object, int, int, java.lang.Object, java.lang.Object)'> (0x000000009166d628) 
thrown [s\src\hotspot\share\interpreter\linkResolver.cpp, line 771]

VM Operations (20 events):
Event: 27.914 Executing VM operation: ICBufferFull done
Event: 28.152 Executing VM operation: HandshakeAllThreads
Event: 28.153 Executing VM operation: HandshakeAllThreads done
Event: 28.175 Executing VM operation: HandshakeAllThreads
Event: 28.175 Executing VM operation: HandshakeAllThreads done
Event: 28.360 Executing VM operation: ICBufferFull
Event: 28.360 Executing VM operation: ICBufferFull done
Event: 28.403 Executing VM operation: HandshakeAllThreads
Event: 28.404 Executing VM operation: HandshakeAllThreads done
Event: 28.423 Executing VM operation: HandshakeAllThreads
Event: 28.423 Executing VM operation: HandshakeAllThreads done
Event: 28.497 Executing VM operation: HandshakeAllThreads
Event: 28.497 Executing VM operation: HandshakeAllThreads done
Event: 28.515 Executing VM operation: HandshakeAllThreads
Event: 28.515 Executing VM operation: HandshakeAllThreads done
Event: 28.694 Executing VM operation: ICBufferFull
Event: 28.694 Executing VM operation: ICBufferFull done
Event: 28.726 Executing VM operation: HandshakeAllThreads
Event: 28.726 Executing VM operation: HandshakeAllThreads done
Event: 28.779 Executing VM operation: G1CollectForAllocation

Events (20 events):
Event: 23.447 Thread 0x000001c57b5118e0 flushing nmethod 0x000001c500ed1390
Event: 23.447 Thread 0x000001c57b5118e0 flushing nmethod 0x000001c500ed4310
Event: 23.447 Thread 0x000001c57b5118e0 flushing nmethod 0x000001c500edda10
Event: 23.447 Thread 0x000001c57b5118e0 flushing nmethod 0x000001c500f87a10
Event: 23.448 Thread 0x000001c57b5118e0 flushing nmethod 0x000001c500fc0110
Event: 23.448 Thread 0x000001c57b5118e0 flushing nmethod 0x000001c500fc5690
Event: 24.958 loading class java/util/AbstractList$RandomAccessSubList
Event: 24.958 loading class java/util/AbstractList$RandomAccessSubList done
Event: 27.456 Thread 0x000001c57b5118e0 flushing nmethod 0x000001c50015a290
Event: 27.468 Thread 0x000001c57b5118e0 flushing nmethod 0x000001c500e00f10
Event: 27.468 Thread 0x000001c57b5118e0 flushing nmethod 0x000001c500e24910
Event: 27.468 Thread 0x000001c57b5118e0 flushing nmethod 0x000001c500e6c790
Event: 27.468 Thread 0x000001c57b5118e0 flushing nmethod 0x000001c500e70310
Event: 27.468 Thread 0x000001c57b5118e0 flushing nmethod 0x000001c500e72410
Event: 27.469 Thread 0x000001c57b5118e0 flushing nmethod 0x000001c500ec9190
Event: 27.469 Thread 0x000001c57b5118e0 flushing nmethod 0x000001c500f1b510
Event: 27.470 Thread 0x000001c57b5118e0 flushing nmethod 0x000001c500ff1b10
Event: 27.470 Thread 0x000001c57b5118e0 flushing nmethod 0x000001c501024a10
Event: 27.470 Thread 0x000001c57b5118e0 flushing nmethod 0x000001c501025590
Event: 28.334 Thread 0x000001c57d07f9b0 Thread exited: 0x000001c57d07f9b0


Dynamic libraries:
0x00007ff733ff0000 - 0x00007ff733ffa000 	D:\Android\Android Studio\jbr\bin\java.exe
0x00007ff9248d0000 - 0x00007ff924ac8000 	C:\WINDOWS\SYSTEM32\ntdll.dll
0x00007ff9231a0000 - 0x00007ff92325d000 	C:\WINDOWS\System32\KERNEL32.DLL
0x00007ff922020000 - 0x00007ff922316000 	C:\WINDOWS\System32\KERNELBASE.dll
0x00007ff922350000 - 0x00007ff922450000 	C:\WINDOWS\System32\ucrtbase.dll
0x00007ff90bda0000 - 0x00007ff90bdb7000 	D:\Android\Android Studio\jbr\bin\jli.dll
0x00007ff9187d0000 - 0x00007ff9187eb000 	D:\Android\Android Studio\jbr\bin\VCRUNTIME140.dll
0x00007ff922fa0000 - 0x00007ff92313e000 	C:\WINDOWS\System32\USER32.dll
0x00007ff922320000 - 0x00007ff922342000 	C:\WINDOWS\System32\win32u.dll
0x00007ff90c8a0000 - 0x00007ff90cb3a000 	C:\WINDOWS\WinSxS\amd64_microsoft.windows.common-controls_6595b64144ccf1df_6.0.19041.1110_none_60b5254171f9507e\COMCTL32.dll
0x00007ff9236e0000 - 0x00007ff92370c000 	C:\WINDOWS\System32\GDI32.dll
0x00007ff923f90000 - 0x00007ff92402e000 	C:\WINDOWS\System32\msvcrt.dll
0x00007ff922810000 - 0x00007ff92292a000 	C:\WINDOWS\System32\gdi32full.dll
0x00007ff922770000 - 0x00007ff92280d000 	C:\WINDOWS\System32\msvcp_win.dll
0x00007ff923260000 - 0x00007ff923290000 	C:\WINDOWS\System32\IMM32.DLL
0x00007ff91aa70000 - 0x00007ff91aa7c000 	D:\Android\Android Studio\jbr\bin\vcruntime140_1.dll
0x00007ff910650000 - 0x00007ff9106dd000 	D:\Android\Android Studio\jbr\bin\msvcp140.dll
0x00007ff8b6230000 - 0x00007ff8b6e9e000 	D:\Android\Android Studio\jbr\bin\server\jvm.dll
0x00007ff924190000 - 0x00007ff92423e000 	C:\WINDOWS\System32\ADVAPI32.dll
0x00007ff924240000 - 0x00007ff9242dc000 	C:\WINDOWS\System32\sechost.dll
0x00007ff922930000 - 0x00007ff922a56000 	C:\WINDOWS\System32\RPCRT4.dll
0x00007ff91aa00000 - 0x00007ff91aa09000 	C:\WINDOWS\SYSTEM32\WSOCK32.dll
0x00007ff9063b0000 - 0x00007ff9063d7000 	C:\WINDOWS\SYSTEM32\WINMM.dll
0x00007ff924390000 - 0x00007ff9243fb000 	C:\WINDOWS\System32\WS2_32.dll
0x00007ff915f10000 - 0x00007ff915f1a000 	C:\WINDOWS\SYSTEM32\VERSION.dll
0x00007ff9207d0000 - 0x00007ff9207e2000 	C:\WINDOWS\SYSTEM32\kernel.appcore.dll
0x00007ff9187a0000 - 0x00007ff9187aa000 	D:\Android\Android Studio\jbr\bin\jimage.dll
0x00007ff91cba0000 - 0x00007ff91cd84000 	C:\WINDOWS\SYSTEM32\DBGHELP.DLL
0x00007ff9062c0000 - 0x00007ff9062f4000 	C:\WINDOWS\SYSTEM32\dbgcore.DLL
0x00007ff922630000 - 0x00007ff9226b2000 	C:\WINDOWS\System32\bcryptPrimitives.dll
0x00007ff90b350000 - 0x00007ff90b375000 	D:\Android\Android Studio\jbr\bin\java.dll
0x00007ff9169d0000 - 0x00007ff9169e8000 	D:\Android\Android Studio\jbr\bin\zip.dll
0x00007ff923710000 - 0x00007ff923e55000 	C:\WINDOWS\System32\SHELL32.dll
0x00007ff920020000 - 0x00007ff9207bb000 	C:\WINDOWS\SYSTEM32\windows.storage.dll
0x00007ff924530000 - 0x00007ff924884000 	C:\WINDOWS\System32\combase.dll
0x00007ff921980000 - 0x00007ff9219ae000 	C:\WINDOWS\SYSTEM32\Wldp.dll
0x00007ff9242e0000 - 0x00007ff92438d000 	C:\WINDOWS\System32\SHCORE.dll
0x00007ff923420000 - 0x00007ff923475000 	C:\WINDOWS\System32\shlwapi.dll
0x00007ff921ee0000 - 0x00007ff921f05000 	C:\WINDOWS\SYSTEM32\profapi.dll
0x00007ff916950000 - 0x00007ff916969000 	D:\Android\Android Studio\jbr\bin\net.dll
0x00007ff90fe30000 - 0x00007ff90ff3a000 	C:\WINDOWS\SYSTEM32\WINHTTP.dll
0x00007ff9216e0000 - 0x00007ff92174a000 	C:\WINDOWS\system32\mswsock.dll
0x00007ff90be10000 - 0x00007ff90be26000 	D:\Android\Android Studio\jbr\bin\nio.dll
0x00007ff9186d0000 - 0x00007ff9186e0000 	D:\Android\Android Studio\jbr\bin\verify.dll
0x00007ff9098b0000 - 0x00007ff9098d7000 	D:\Android\gradle-8.3\native\68d5fa5c4cc2d200863cafc0d521ce42e7d3e7ee720ec0a83991735586a16f82\windows-amd64\native-platform.dll
0x00007ff8f4a20000 - 0x00007ff8f4b64000 	D:\Android\gradle-8.3\native\e376f236ea51e6404a007f0833ffe2c6e607c4080706a723a18a27aeea778392\windows-amd64\native-platform-file-events.dll
0x00007ff916990000 - 0x00007ff916999000 	D:\Android\Android Studio\jbr\bin\management.dll
0x00007ff916080000 - 0x00007ff91608b000 	D:\Android\Android Studio\jbr\bin\management_ext.dll
0x00007ff922f90000 - 0x00007ff922f98000 	C:\WINDOWS\System32\PSAPI.DLL
0x00007ff9218d0000 - 0x00007ff9218e8000 	C:\WINDOWS\SYSTEM32\CRYPTSP.dll
0x00007ff920ff0000 - 0x00007ff921024000 	C:\WINDOWS\system32\rsaenh.dll
0x00007ff922450000 - 0x00007ff922477000 	C:\WINDOWS\System32\bcrypt.dll
0x00007ff921e60000 - 0x00007ff921e8e000 	C:\WINDOWS\SYSTEM32\USERENV.dll
0x00007ff9218f0000 - 0x00007ff9218fc000 	C:\WINDOWS\SYSTEM32\CRYPTBASE.dll
0x00007ff9213d0000 - 0x00007ff92140b000 	C:\WINDOWS\SYSTEM32\IPHLPAPI.DLL
0x00007ff923f80000 - 0x00007ff923f88000 	C:\WINDOWS\System32\NSI.dll
0x00007ff9107d0000 - 0x00007ff9107e7000 	C:\WINDOWS\SYSTEM32\dhcpcsvc6.DLL
0x00007ff9107b0000 - 0x00007ff9107cd000 	C:\WINDOWS\SYSTEM32\dhcpcsvc.DLL
0x00007ff921410000 - 0x00007ff9214da000 	C:\WINDOWS\SYSTEM32\DNSAPI.dll
0x00007ff916030000 - 0x00007ff916037000 	C:\WINDOWS\system32\wshunix.dll

dbghelp: loaded successfully - version: 4.0.5 - missing functions: none
symbol engine: initialized successfully - sym options: 0x614 - pdb path: .;D:\Android\Android Studio\jbr\bin;C:\WINDOWS\SYSTEM32;C:\WINDOWS\WinSxS\amd64_microsoft.windows.common-controls_6595b64144ccf1df_6.0.19041.1110_none_60b5254171f9507e;D:\Android\Android Studio\jbr\bin\server;D:\Android\gradle-8.3\native\68d5fa5c4cc2d200863cafc0d521ce42e7d3e7ee720ec0a83991735586a16f82\windows-amd64;D:\Android\gradle-8.3\native\e376f236ea51e6404a007f0833ffe2c6e607c4080706a723a18a27aeea778392\windows-amd64

VM Arguments:
jvm_args: --add-opens=java.base/java.util=ALL-UNNAMED --add-opens=java.base/java.lang=ALL-UNNAMED --add-opens=java.base/java.lang.invoke=ALL-UNNAMED --add-opens=java.prefs/java.util.prefs=ALL-UNNAMED --add-opens=java.base/java.nio.charset=ALL-UNNAMED --add-opens=java.base/java.net=ALL-UNNAMED --add-opens=java.base/java.util.concurrent.atomic=ALL-UNNAMED -Xmx2048m -Dfile.encoding=UTF-8 -Duser.country=US -Duser.language=en -Duser.variant 
java_command: org.gradle.launcher.daemon.bootstrap.GradleDaemon 8.0
java_class_path (initial): D:\Android\gradle-8.3\wrapper\dists\gradle-8.0-bin\ca5e32bp14vu59qr306oxotwh\gradle-8.0\lib\gradle-launcher-8.0.jar
Launcher Type: SUN_STANDARD

[Global flags]
     intx CICompilerCount                          = 3                                         {product} {ergonomic}
     uint ConcGCThreads                            = 1                                         {product} {ergonomic}
     uint G1ConcRefinementThreads                  = 4                                         {product} {ergonomic}
   size_t G1HeapRegionSize                         = 1048576                                   {product} {ergonomic}
    uintx GCDrainStackTargetSize                   = 64                                        {product} {ergonomic}
   size_t InitialHeapSize                          = 134217728                                 {product} {ergonomic}
   size_t MarkStackSize                            = 4194304                                   {product} {ergonomic}
   size_t MaxHeapSize                              = 2147483648                                {product} {command line}
   size_t MaxNewSize                               = 1287651328                                {product} {ergonomic}
   size_t MinHeapDeltaBytes                        = 1048576                                   {product} {ergonomic}
   size_t MinHeapSize                              = 8388608                                   {product} {ergonomic}
    uintx NonNMethodCodeHeapSize                   = 5832780                                {pd product} {ergonomic}
    uintx NonProfiledCodeHeapSize                  = 122912730                              {pd product} {ergonomic}
    uintx ProfiledCodeHeapSize                     = 122912730                              {pd product} {ergonomic}
    uintx ReservedCodeCacheSize                    = 251658240                              {pd product} {ergonomic}
     bool SegmentedCodeCache                       = true                                      {product} {ergonomic}
   size_t SoftMaxHeapSize                          = 2147483648                             {manageable} {ergonomic}
     bool UseCompressedClassPointers               = true                           {product lp64_product} {ergonomic}
     bool UseCompressedOops                        = true                           {product lp64_product} {ergonomic}
     bool UseG1GC                                  = true                                      {product} {ergonomic}
     bool UseLargePagesIndividualAllocation        = false                                  {pd product} {ergonomic}

Logging:
Log output configuration:
 #0: stdout all=warning uptime,level,tags
 #1: stderr all=off uptime,level,tags

Environment Variables:
PATH=C:\Program Files (x86)\Common Files\Oracle\Java\javapath;D:\IntelSWTools\system_studio_2020\OpenCL\sdk\bin\x64;D:\IntelSWTools\system_studio_2020\OpenCL\sdk\bin\x86;D:\app\hP\product\11.2.0\dbhome_1\bin;C:\Program Files\Common Files\Oracle\Java\javapath;C:\ProgramData\Oracle\Java\javapath;C:\WINDOWS\system32;C:\WINDOWS;C:\WINDOWS\System32\Wbem;C:\WINDOWS\System32\WindowsPowerShell\v1.0\;C:\WINDOWS\System32\OpenSSH\;C:\MinGW\bin;D:\R2019b\runtime\win64;D:\R2019b\bin;D:\R2019b\polyspace\bin;D:\bin;C:\Program Files\Java\jdk-18.0.2.1;C:\Program Files\Microsoft SQL Server\150\Tools\Binn\;C:\Program Files\Cloudflare\Cloudflare WARP\;D:\nodejs\;C:\Program Files\MySQL\MySQL Shell 8.0\bin\;C:\Users\hP\AppData\Local\Programs\Python\Python310\Scripts\;C:\Users\hP\AppData\Local\Programs\Python\Python310\;C:\Users\hP\AppData\Local\Microsoft\WindowsApps;D:\_JetBrains_CLion_2020.2.1x64\CLion 2020.2.1\bin;;C:\Program Files\Azure Data Studio\bin;C:\Users\hP\AppData\Roaming\npm;D:\Microsoft VS Code\bin
USERNAME=hP
OS=Windows_NT
PROCESSOR_IDENTIFIER=Intel64 Family 6 Model 142 Stepping 9, GenuineIntel
TMP=C:\Users\hP\AppData\Local\Temp
TEMP=C:\Users\hP\AppData\Local\Temp


JNI global refs:
JNI global refs: 24, weak refs: 1

JNI global refs memory usage: 843, weak refs: 841


---------------  S Y S T E M  ---------------

OS:
 Windows 10 , 64 bit Build 19041 (10.0.19041.3393)
OS uptime: 0 days 23:04 hours

CPU: total 4 (initial active 4) (2 cores per cpu, 2 threads per core) family 6 model 142 stepping 9 microcode 0xb4, cx8, cmov, fxsr, ht, mmx, 3dnowpref, sse, sse2, sse3, ssse3, sse4.1, sse4.2, popcnt, lzcnt, tsc, tscinvbit, avx, avx2, aes, erms, clmul, bmi1, bmi2, adx, fma, vzeroupper, clflush, clflushopt

Memory: 4k page, system-wide physical 8089M (329M free)
TotalPageFile size 12185M (AvailPageFile size 177M)
current process WorkingSet (physical memory assigned to process): 596M, peak: 603M
current process commit charge ("private bytes"): 624M, peak: 906M

vm_info: OpenJDK 64-Bit Server VM (17.0.6+0-b2043.56-10027231) for windows-amd64 JRE (17.0.6+0-b2043.56-10027231), built on Apr 28 2023 00:43:19 by "androidbuild" with MS VC++ 16.10 / 16.11 (VS2019)

END.
