#
# There is insufficient memory for the Java Runtime Environment to continue.
# Native memory allocation (mmap) failed to map 513802240 bytes for G1 virtual space
# Possible reasons:
#   The system is out of physical RAM or swap space
#   The process is running with CompressedOops enabled, and the Java Heap may be blocking the growth of the native heap
# Possible solutions:
#   Reduce memory load on the system
#   Increase physical memory or swap space
#   Check if swap backing store is full
#   Decrease Java heap size (-Xmx/-Xms)
#   Decrease number of Java threads
#   Decrease Java thread stack sizes (-Xss)
#   Set larger code cache with -XX:ReservedCodeCacheSize=
#   JVM is running with Unscaled Compressed Oops mode in which the Java heap is
#     placed in the first 4GB address space. The Java Heap base address is the
#     maximum limit for the native heap growth. Please use -XX:HeapBaseMinAddress
#     to set the Java Heap base and to place the Java Heap above 4GB virtual address.
# This output file may be truncated or incomplete.
#
#  Out of Memory Error (os_windows.cpp:3769), pid=14304, tid=12184
#
# JRE version: OpenJDK Runtime Environment (17.0.6) (build 17.0.6+0-b2043.56-10027231)
# Java VM: OpenJDK 64-Bit Server VM (17.0.6+0-b2043.56-10027231, mixed mode, tiered, compressed oops, compressed class ptrs, g1 gc, windows-amd64)
# No core dump will be written. Minidumps are not enabled by default on client versions of Windows
#

---------------  S U M M A R Y ------------

Command Line: --add-opens=java.base/java.util=ALL-UNNAMED --add-opens=java.base/java.lang=ALL-UNNAMED --add-opens=java.base/java.lang.invoke=ALL-UNNAMED --add-opens=java.prefs/java.util.prefs=ALL-UNNAMED --add-opens=java.base/java.nio.charset=ALL-UNNAMED --add-opens=java.base/java.net=ALL-UNNAMED --add-opens=java.base/java.util.concurrent.atomic=ALL-UNNAMED -Xmx2048m -Dfile.encoding=UTF-8 -Duser.country=US -Duser.language=en -Duser.variant org.gradle.launcher.daemon.bootstrap.GradleDaemon 8.0

Host: Intel(R) Core(TM) i5-7200U CPU @ 2.50GHz, 4 cores, 7G,  Windows 10 , 64 bit Build 19041 (10.0.19041.3393)
Time: Wed Oct 11 09:51:17 2023 Pakistan Standard Time elapsed time: 24.480716 seconds (0d 0h 0m 24s)

---------------  T H R E A D  ---------------

Current thread (0x000001eba3b58430):  VMThread "VM Thread" [stack: 0x000000d542900000,0x000000d542a00000] [id=12184]

Stack: [0x000000d542900000,0x000000d542a00000]
Native frames: (J=compiled Java code, j=interpreted, Vv=VM code, C=native code)
V  [jvm.dll+0x683c9a]
V  [jvm.dll+0x8427a4]
V  [jvm.dll+0x843f9e]
V  [jvm.dll+0x844603]
V  [jvm.dll+0x249b75]
V  [jvm.dll+0x680b69]
V  [jvm.dll+0x67505a]
V  [jvm.dll+0x309acb]
V  [jvm.dll+0x310f86]
V  [jvm.dll+0x3608ee]
V  [jvm.dll+0x360b1f]
V  [jvm.dll+0x2dfbf8]
V  [jvm.dll+0x2ddec4]
V  [jvm.dll+0x2dd4cc]
V  [jvm.dll+0x321f3b]
V  [jvm.dll+0x848ccb]
V  [jvm.dll+0x849a04]
V  [jvm.dll+0x849f1d]
V  [jvm.dll+0x84a2f4]
V  [jvm.dll+0x84a3c0]
V  [jvm.dll+0x7f274a]
V  [jvm.dll+0x682ad5]
C  [ucrtbase.dll+0x21bb2]
C  [KERNEL32.DLL+0x17344]
C  [ntdll.dll+0x526b1]

VM_Operation (0x000000d5484f57d0): G1CollectForAllocation, mode: safepoint, requested by thread 0x000001ebac8c50e0


---------------  P R O C E S S  ---------------

Threads class SMR info:
_java_thread_list=0x000001eba8adf3b0, length=89, elements={
0x000001eb8a59bd30, 0x000001eba3b5d380, 0x000001eba3b5e9e0, 0x000001eba3b9a3c0,
0x000001eba3b9d090, 0x000001eba3b9e0f0, 0x000001eba4508a60, 0x000001eba450d2f0,
0x000001eba4511890, 0x000001eba4514940, 0x000001eba450ac10, 0x000001eba450ba80,
0x000001eba4509da0, 0x000001eba45080c0, 0x000001eba450b0e0, 0x000001eba4508f30,
0x000001eba4508590, 0x000001eba45098d0, 0x000001eba450a270, 0x000001eba450a740,
0x000001eba450b5b0, 0x000001eba6cd56c0, 0x000001eba6cd6060, 0x000001eba6cd9080,
0x000001eba6cd86e0, 0x000001eba6cd5b90, 0x000001eba6cd8bb0, 0x000001eba6cd3510,
0x000001eba6cd4d20, 0x000001eba6cd4380, 0x000001eba6cd4850, 0x000001eba6cd9550,
0x000001eba6cd6a00, 0x000001eba6cd9a20, 0x000001eba6cd6ed0, 0x000001eba6cd39e0,
0x000001eba6cd7870, 0x000001eba6cd3eb0, 0x000001eba6cd51f0, 0x000001eba7466700,
0x000001eba7465890, 0x000001eba7462d40, 0x000001eba7463210, 0x000001eba7464ef0,
0x000001eba7464550, 0x000001eba74688b0, 0x000001eba7467a40, 0x000001eba74683e0,
0x000001eba7464080, 0x000001eba7462870, 0x000001eba74670a0, 0x000001eba7461060,
0x000001eba7467570, 0x000001eba7467f10, 0x000001eba74653c0, 0x000001eba7461530,
0x000001eba7461a00, 0x000001eba7465d60, 0x000001eba7466230, 0x000001eba7461ed0,
0x000001eba74636e0, 0x000001eba74623a0, 0x000001eba7463bb0, 0x000001eba7464a20,
0x000001eba8b83e40, 0x000001eba8b812f0, 0x000001eba8b7cac0, 0x000001eba8b81c90,
0x000001eba8b7ffb0, 0x000001eba8b7e2d0, 0x000001eba8b82fd0, 0x000001eba8b80480,
0x000001eba8b7e7a0, 0x000001eba8b82b00, 0x000001eba8b817c0, 0x000001eba8b834a0,
0x000001eba8b7de00, 0x000001eba8b82160, 0x000001eba8b83970, 0x000001eba8b84310,
0x000001eba8b7d460, 0x000001eba8b82630, 0x000001eba847acf0, 0x000001ebac8c3da0,
0x000001ebac8c2590, 0x000001ebac8c50e0, 0x000001ebac8c2f30, 0x000001ebac8c5f50,
0x000001ebac8c38d0
}

Java Threads: ( => current thread )
  0x000001eb8a59bd30 JavaThread "main" [_thread_blocked, id=4576, stack(0x000000d542300000,0x000000d542400000)]
  0x000001eba3b5d380 JavaThread "Reference Handler" daemon [_thread_blocked, id=392, stack(0x000000d542a00000,0x000000d542b00000)]
  0x000001eba3b5e9e0 JavaThread "Finalizer" daemon [_thread_blocked, id=6904, stack(0x000000d542b00000,0x000000d542c00000)]
  0x000001eba3b9a3c0 JavaThread "Signal Dispatcher" daemon [_thread_blocked, id=5748, stack(0x000000d542c00000,0x000000d542d00000)]
  0x000001eba3b9d090 JavaThread "Attach Listener" daemon [_thread_blocked, id=4780, stack(0x000000d542d00000,0x000000d542e00000)]
  0x000001eba3b9e0f0 JavaThread "Service Thread" daemon [_thread_blocked, id=11324, stack(0x000000d542e00000,0x000000d542f00000)]
  0x000001eba4508a60 JavaThread "Monitor Deflation Thread" daemon [_thread_blocked, id=4344, stack(0x000000d542f00000,0x000000d543000000)]
  0x000001eba450d2f0 JavaThread "C2 CompilerThread0" daemon [_thread_blocked, id=4872, stack(0x000000d543000000,0x000000d543100000)]
  0x000001eba4511890 JavaThread "C1 CompilerThread0" daemon [_thread_blocked, id=4040, stack(0x000000d543100000,0x000000d543200000)]
  0x000001eba4514940 JavaThread "Sweeper thread" daemon [_thread_blocked, id=10772, stack(0x000000d543200000,0x000000d543300000)]
  0x000001eba450ac10 JavaThread "Common-Cleaner" daemon [_thread_blocked, id=8524, stack(0x000000d543300000,0x000000d543400000)]
  0x000001eba450ba80 JavaThread "Notification Thread" daemon [_thread_blocked, id=13216, stack(0x000000d543400000,0x000000d543500000)]
  0x000001eba4509da0 JavaThread "Daemon health stats" [_thread_blocked, id=12896, stack(0x000000d543a00000,0x000000d543b00000)]
  0x000001eba45080c0 JavaThread "Incoming local TCP Connector on port 63938" [_thread_in_native, id=6632, stack(0x000000d543b00000,0x000000d543c00000)]
  0x000001eba450b0e0 JavaThread "Daemon periodic checks" [_thread_blocked, id=1784, stack(0x000000d543c00000,0x000000d543d00000)]
  0x000001eba4508f30 JavaThread "Daemon" [_thread_blocked, id=9080, stack(0x000000d543d00000,0x000000d543e00000)]
  0x000001eba4508590 JavaThread "Handler for socket connection from /127.0.0.1:63938 to /127.0.0.1:63939" [_thread_in_native, id=11412, stack(0x000000d543e00000,0x000000d543f00000)]
  0x000001eba45098d0 JavaThread "Cancel handler" [_thread_blocked, id=9808, stack(0x000000d543f00000,0x000000d544000000)]
  0x000001eba450a270 JavaThread "Daemon worker" [_thread_blocked, id=9332, stack(0x000000d544000000,0x000000d544100000)]
  0x000001eba450a740 JavaThread "Asynchronous log dispatcher for DefaultDaemonConnection: socket connection from /127.0.0.1:63938 to /127.0.0.1:63939" [_thread_blocked, id=2028, stack(0x000000d544100000,0x000000d544200000)]
  0x000001eba450b5b0 JavaThread "Stdin handler" [_thread_blocked, id=10556, stack(0x000000d544200000,0x000000d544300000)]
  0x000001eba6cd56c0 JavaThread "Daemon client event forwarder" [_thread_blocked, id=9520, stack(0x000000d544300000,0x000000d544400000)]
  0x000001eba6cd6060 JavaThread "Cache worker for journal cache (D:\Android\gradle-8.3\caches\journal-1)" [_thread_blocked, id=2176, stack(0x000000d544400000,0x000000d544500000)]
  0x000001eba6cd9080 JavaThread "File lock request listener" [_thread_in_native, id=7500, stack(0x000000d544500000,0x000000d544600000)]
  0x000001eba6cd86e0 JavaThread "Cache worker for file hash cache (D:\Android\gradle-8.3\caches\8.0\fileHashes)" [_thread_blocked, id=8596, stack(0x000000d544600000,0x000000d544700000)]
  0x000001eba6cd5b90 JavaThread "File watcher server" daemon [_thread_blocked, id=2988, stack(0x000000d544700000,0x000000d544800000)]
  0x000001eba6cd8bb0 JavaThread "File watcher consumer" daemon [_thread_blocked, id=2288, stack(0x000000d544800000,0x000000d544900000)]
  0x000001eba6cd3510 JavaThread "Cache worker for checksums cache (D:\i200547\.gradle\8.0\checksums)" [_thread_blocked, id=14208, stack(0x000000d544900000,0x000000d544a00000)]
  0x000001eba6cd4d20 JavaThread "Cache worker for cache directory md-rule (D:\Android\gradle-8.3\caches\8.0\md-rule)" [_thread_blocked, id=4280, stack(0x000000d544a00000,0x000000d544b00000)]
  0x000001eba6cd4380 JavaThread "Cache worker for file content cache (D:\Android\gradle-8.3\caches\8.0\fileContent)" [_thread_blocked, id=13012, stack(0x000000d544b00000,0x000000d544c00000)]
  0x000001eba6cd4850 JavaThread "Cache worker for file hash cache (D:\i200547\.gradle\8.0\fileHashes)" [_thread_blocked, id=7584, stack(0x000000d544c00000,0x000000d544d00000)]
  0x000001eba6cd9550 JavaThread "Cache worker for cache directory md-supplier (D:\Android\gradle-8.3\caches\8.0\md-supplier)" [_thread_blocked, id=11400, stack(0x000000d544d00000,0x000000d544e00000)]
  0x000001eba6cd6a00 JavaThread "Cache worker for execution history cache (D:\Android\gradle-8.3\caches\8.0\executionHistory)" [_thread_blocked, id=9924, stack(0x000000d544e00000,0x000000d544f00000)]
  0x000001eba6cd9a20 JavaThread "jar transforms" [_thread_blocked, id=13092, stack(0x000000d544f00000,0x000000d545000000)]
  0x000001eba6cd6ed0 JavaThread "jar transforms Thread 2" [_thread_blocked, id=1468, stack(0x000000d545000000,0x000000d545100000)]
  0x000001eba6cd39e0 JavaThread "Cache worker for kotlin-dsl (D:\Android\gradle-8.3\caches\8.0\kotlin-dsl)" [_thread_blocked, id=4572, stack(0x000000d545200000,0x000000d545300000)]
  0x000001eba6cd7870 JavaThread "jar transforms Thread 3" [_thread_blocked, id=11588, stack(0x000000d545300000,0x000000d545400000)]
  0x000001eba6cd3eb0 JavaThread "jar transforms Thread 4" [_thread_blocked, id=4236, stack(0x000000d545400000,0x000000d545500000)]
  0x000001eba6cd51f0 JavaThread "Cache worker for dependencies-accessors (D:\i200547\.gradle\8.0\dependencies-accessors)" [_thread_blocked, id=11640, stack(0x000000d545500000,0x000000d545600000)]
  0x000001eba7466700 JavaThread "Cache worker for Build Output Cleanup Cache (D:\i200547\.gradle\buildOutputCleanup)" [_thread_blocked, id=6536, stack(0x000000d545600000,0x000000d545700000)]
  0x000001eba7465890 JavaThread "Unconstrained build operations" [_thread_blocked, id=11444, stack(0x000000d545700000,0x000000d545800000)]
  0x000001eba7462d40 JavaThread "Unconstrained build operations Thread 2" [_thread_blocked, id=1896, stack(0x000000d545800000,0x000000d545900000)]
  0x000001eba7463210 JavaThread "Unconstrained build operations Thread 3" [_thread_blocked, id=32, stack(0x000000d545900000,0x000000d545a00000)]
  0x000001eba7464ef0 JavaThread "Unconstrained build operations Thread 4" [_thread_blocked, id=12668, stack(0x000000d545a00000,0x000000d545b00000)]
  0x000001eba7464550 JavaThread "Unconstrained build operations Thread 5" [_thread_blocked, id=7320, stack(0x000000d545b00000,0x000000d545c00000)]
  0x000001eba74688b0 JavaThread "Unconstrained build operations Thread 6" [_thread_blocked, id=904, stack(0x000000d545c00000,0x000000d545d00000)]
  0x000001eba7467a40 JavaThread "Unconstrained build operations Thread 7" [_thread_blocked, id=5972, stack(0x000000d545d00000,0x000000d545e00000)]
  0x000001eba74683e0 JavaThread "Unconstrained build operations Thread 8" [_thread_blocked, id=9652, stack(0x000000d545e00000,0x000000d545f00000)]
  0x000001eba7464080 JavaThread "Unconstrained build operations Thread 9" [_thread_blocked, id=13840, stack(0x000000d545f00000,0x000000d546000000)]
  0x000001eba7462870 JavaThread "Unconstrained build operations Thread 10" [_thread_blocked, id=7412, stack(0x000000d546000000,0x000000d546100000)]
  0x000001eba74670a0 JavaThread "Unconstrained build operations Thread 11" [_thread_blocked, id=13160, stack(0x000000d546100000,0x000000d546200000)]
  0x000001eba7461060 JavaThread "Unconstrained build operations Thread 12" [_thread_blocked, id=13652, stack(0x000000d546200000,0x000000d546300000)]
  0x000001eba7467570 JavaThread "Unconstrained build operations Thread 13" [_thread_blocked, id=11964, stack(0x000000d546300000,0x000000d546400000)]
  0x000001eba7467f10 JavaThread "Unconstrained build operations Thread 14" [_thread_blocked, id=8988, stack(0x000000d546400000,0x000000d546500000)]
  0x000001eba74653c0 JavaThread "Unconstrained build operations Thread 15" [_thread_blocked, id=8824, stack(0x000000d546500000,0x000000d546600000)]
  0x000001eba7461530 JavaThread "Unconstrained build operations Thread 16" [_thread_blocked, id=5456, stack(0x000000d546600000,0x000000d546700000)]
  0x000001eba7461a00 JavaThread "Unconstrained build operations Thread 17" [_thread_blocked, id=9072, stack(0x000000d546700000,0x000000d546800000)]
  0x000001eba7465d60 JavaThread "Unconstrained build operations Thread 18" [_thread_blocked, id=5628, stack(0x000000d546800000,0x000000d546900000)]
  0x000001eba7466230 JavaThread "Unconstrained build operations Thread 19" [_thread_blocked, id=5100, stack(0x000000d546900000,0x000000d546a00000)]
  0x000001eba7461ed0 JavaThread "Unconstrained build operations Thread 20" [_thread_blocked, id=9364, stack(0x000000d546a00000,0x000000d546b00000)]
  0x000001eba74636e0 JavaThread "Unconstrained build operations Thread 21" [_thread_blocked, id=12084, stack(0x000000d546b00000,0x000000d546c00000)]
  0x000001eba74623a0 JavaThread "Unconstrained build operations Thread 22" [_thread_blocked, id=8880, stack(0x000000d546c00000,0x000000d546d00000)]
  0x000001eba7463bb0 JavaThread "Unconstrained build operations Thread 23" [_thread_blocked, id=12228, stack(0x000000d546d00000,0x000000d546e00000)]
  0x000001eba7464a20 JavaThread "Unconstrained build operations Thread 24" [_thread_blocked, id=4596, stack(0x000000d546e00000,0x000000d546f00000)]
  0x000001eba8b83e40 JavaThread "Unconstrained build operations Thread 25" [_thread_blocked, id=10384, stack(0x000000d546f00000,0x000000d547000000)]
  0x000001eba8b812f0 JavaThread "Unconstrained build operations Thread 26" [_thread_blocked, id=6568, stack(0x000000d547000000,0x000000d547100000)]
  0x000001eba8b7cac0 JavaThread "Unconstrained build operations Thread 27" [_thread_blocked, id=11984, stack(0x000000d547100000,0x000000d547200000)]
  0x000001eba8b81c90 JavaThread "Unconstrained build operations Thread 28" [_thread_blocked, id=4860, stack(0x000000d547200000,0x000000d547300000)]
  0x000001eba8b7ffb0 JavaThread "Unconstrained build operations Thread 29" [_thread_blocked, id=3280, stack(0x000000d547300000,0x000000d547400000)]
  0x000001eba8b7e2d0 JavaThread "Unconstrained build operations Thread 30" [_thread_blocked, id=9564, stack(0x000000d547400000,0x000000d547500000)]
  0x000001eba8b82fd0 JavaThread "Unconstrained build operations Thread 31" [_thread_blocked, id=10840, stack(0x000000d547500000,0x000000d547600000)]
  0x000001eba8b80480 JavaThread "Unconstrained build operations Thread 32" [_thread_blocked, id=12756, stack(0x000000d547600000,0x000000d547700000)]
  0x000001eba8b7e7a0 JavaThread "Unconstrained build operations Thread 33" [_thread_blocked, id=12972, stack(0x000000d547700000,0x000000d547800000)]
  0x000001eba8b82b00 JavaThread "Unconstrained build operations Thread 34" [_thread_blocked, id=5140, stack(0x000000d547800000,0x000000d547900000)]
  0x000001eba8b817c0 JavaThread "Unconstrained build operations Thread 35" [_thread_blocked, id=784, stack(0x000000d547900000,0x000000d547a00000)]
  0x000001eba8b834a0 JavaThread "Unconstrained build operations Thread 36" [_thread_blocked, id=6456, stack(0x000000d547a00000,0x000000d547b00000)]
  0x000001eba8b7de00 JavaThread "Unconstrained build operations Thread 37" [_thread_blocked, id=4488, stack(0x000000d547b00000,0x000000d547c00000)]
  0x000001eba8b82160 JavaThread "Unconstrained build operations Thread 38" [_thread_blocked, id=11084, stack(0x000000d547c00000,0x000000d547d00000)]
  0x000001eba8b83970 JavaThread "Unconstrained build operations Thread 39" [_thread_blocked, id=6888, stack(0x000000d547d00000,0x000000d547e00000)]
  0x000001eba8b84310 JavaThread "Unconstrained build operations Thread 40" [_thread_blocked, id=7796, stack(0x000000d547e00000,0x000000d547f00000)]
  0x000001eba8b7d460 JavaThread "build event listener" [_thread_blocked, id=5536, stack(0x000000d547f00000,0x000000d548000000)]
  0x000001eba8b82630 JavaThread "Memory manager" [_thread_blocked, id=13064, stack(0x000000d548000000,0x000000d548100000)]
  0x000001eba847acf0 JavaThread "C2 CompilerThread1" daemon [_thread_in_native, id=13500, stack(0x000000d543600000,0x000000d543700000)]
  0x000001ebac8c3da0 JavaThread "included builds" [_thread_blocked, id=4900, stack(0x000000d548200000,0x000000d548300000)]
  0x000001ebac8c2590 JavaThread "Execution worker" [_thread_blocked, id=12632, stack(0x000000d548300000,0x000000d548400000)]
  0x000001ebac8c50e0 JavaThread "Execution worker Thread 2" [_thread_blocked, id=11980, stack(0x000000d548400000,0x000000d548500000)]
  0x000001ebac8c2f30 JavaThread "Execution worker Thread 3" [_thread_blocked, id=1192, stack(0x000000d548500000,0x000000d548600000)]
  0x000001ebac8c5f50 JavaThread "Cache worker for execution history cache (D:\i200547\.gradle\8.0\executionHistory)" [_thread_blocked, id=2296, stack(0x000000d548600000,0x000000d548700000)]
  0x000001ebac8c38d0 JavaThread "WorkerExecutor Queue" [_thread_blocked, id=11360, stack(0x000000d548700000,0x000000d548800000)]

Other Threads:
=>0x000001eba3b58430 VMThread "VM Thread" [stack: 0x000000d542900000,0x000000d542a00000] [id=12184]
  0x000001eba46bbcd0 WatcherThread [stack: 0x000000d543500000,0x000000d543600000] [id=7660]
  0x000001eb8a5f8380 GCTaskThread "GC Thread#0" [stack: 0x000000d542400000,0x000000d542500000] [id=2984]
  0x000001eba49e70b0 GCTaskThread "GC Thread#1" [stack: 0x000000d543700000,0x000000d543800000] [id=10360]
  0x000001eba4ac3870 GCTaskThread "GC Thread#2" [stack: 0x000000d543800000,0x000000d543900000] [id=1416]
  0x000001eba53d0c50 GCTaskThread "GC Thread#3" [stack: 0x000000d543900000,0x000000d543a00000] [id=3316]
  0x000001eb8a6091d0 ConcurrentGCThread "G1 Main Marker" [stack: 0x000000d542500000,0x000000d542600000] [id=6540]
  0x000001eb8a60a290 ConcurrentGCThread "G1 Conc#0" [stack: 0x000000d542600000,0x000000d542700000] [id=10616]
  0x000001eb8a66e0b0 ConcurrentGCThread "G1 Refine#0" [stack: 0x000000d542700000,0x000000d542800000] [id=5896]
  0x000001eba7b15d20 ConcurrentGCThread "G1 Refine#1" [stack: 0x000000d545100000,0x000000d545200000] [id=11912]
  0x000001ebaac99580 ConcurrentGCThread "G1 Refine#2" [stack: 0x000000d548100000,0x000000d548200000] [id=13352]
  0x000001ebaac99860 ConcurrentGCThread "G1 Refine#3" [stack: 0x000000d548800000,0x000000d548900000] [id=11960]
  0x000001eb8a66e9e0 ConcurrentGCThread "G1 Service" [stack: 0x000000d542800000,0x000000d542900000] [id=12996]

Threads with active compile tasks:
C2 CompilerThread0    24524 12770       4       com.android.tools.r8.graph.M3::b (25 bytes)
C1 CompilerThread0    24524 13056       2       com.android.tools.r8.internal.pY::a (160 bytes)
C2 CompilerThread1    24524 12775       4       com.android.tools.r8.internal.Ia::a (4479 bytes)

VM state: at safepoint (normal execution)

VM Mutex/Monitor currently owned by a thread:  ([mutex/lock_event])
[0x000001eb8a597350] Threads_lock - owner thread: 0x000001eba3b58430
[0x000001eb8a5973e0] Heap_lock - owner thread: 0x000001ebac8c50e0

Heap address: 0x0000000080000000, size: 2048 MB, Compressed Oops mode: 32-bit

CDS archive(s) not mapped
Compressed class space mapped at: 0x0000000100000000-0x0000000140000000, reserved size: 1073741824
Narrow klass base: 0x0000000000000000, Narrow klass shift: 3, Narrow klass range: 0x140000000

GC Precious Log:
 CPUs: 4 total, 4 available
 Memory: 8089M
 Large Page Support: Disabled
 NUMA Support: Disabled
 Compressed Oops: Enabled (32-bit)
 Heap Region Size: 1M
 Heap Min Capacity: 8M
 Heap Initial Capacity: 128M
 Heap Max Capacity: 2G
 Pre-touch: Disabled
 Parallel Workers: 4
 Concurrent Workers: 1
 Concurrent Refinement Workers: 4
 Periodic GC: Disabled

Heap:
 garbage-first heap   total 250880K, used 132477K [0x0000000080000000, 0x0000000100000000)
  region size 1024K, 2 young (2048K), 2 survivors (2048K)
 Metaspace       used 107522K, committed 108224K, reserved 1146880K
  class space    used 14578K, committed 14912K, reserved 1048576K

Heap Regions: E=young(eden), S=young(survivor), O=old, HS=humongous(starts), HC=humongous(continues), CS=collection set, F=free, OA=open archive, CA=closed archive, TAMS=top-at-mark-start (previous, next)
|   0|0x0000000080000000, 0x0000000080100000, 0x0000000080100000|100%| O|  |TAMS 0x0000000080100000, 0x0000000080000000| Untracked 
|   1|0x0000000080100000, 0x0000000080200000, 0x0000000080200000|100%| O|  |TAMS 0x0000000080200000, 0x0000000080100000| Untracked 
|   2|0x0000000080200000, 0x0000000080300000, 0x0000000080300000|100%|HS|  |TAMS 0x0000000080300000, 0x0000000080200000| Complete 
|   3|0x0000000080300000, 0x0000000080400000, 0x0000000080400000|100%|HC|  |TAMS 0x0000000080400000, 0x0000000080300000| Complete 
|   4|0x0000000080400000, 0x0000000080500000, 0x0000000080500000|100%|HC|  |TAMS 0x0000000080500000, 0x0000000080400000| Complete 
|   5|0x0000000080500000, 0x0000000080600000, 0x0000000080600000|100%|HC|  |TAMS 0x0000000080600000, 0x0000000080500000| Complete 
|   6|0x0000000080600000, 0x0000000080700000, 0x0000000080700000|100%| O|  |TAMS 0x0000000080700000, 0x0000000080600000| Untracked 
|   7|0x0000000080700000, 0x0000000080800000, 0x0000000080800000|100%| O|  |TAMS 0x0000000080800000, 0x0000000080700000| Untracked 
|   8|0x0000000080800000, 0x0000000080900000, 0x0000000080900000|100%| O|  |TAMS 0x0000000080900000, 0x0000000080800000| Untracked 
|   9|0x0000000080900000, 0x0000000080a00000, 0x0000000080a00000|100%| O|  |TAMS 0x0000000080a00000, 0x0000000080900000| Untracked 
|  10|0x0000000080a00000, 0x0000000080b00000, 0x0000000080b00000|100%| O|  |TAMS 0x0000000080b00000, 0x0000000080a00000| Untracked 
|  11|0x0000000080b00000, 0x0000000080c00000, 0x0000000080c00000|100%| O|  |TAMS 0x0000000080c00000, 0x0000000080b00000| Untracked 
|  12|0x0000000080c00000, 0x0000000080d00000, 0x0000000080d00000|100%| O|  |TAMS 0x0000000080d00000, 0x0000000080c00000| Untracked 
|  13|0x0000000080d00000, 0x0000000080e00000, 0x0000000080e00000|100%| O|  |TAMS 0x0000000080e00000, 0x0000000080d00000| Untracked 
|  14|0x0000000080e00000, 0x0000000080f00000, 0x0000000080f00000|100%| O|  |TAMS 0x0000000080f00000, 0x0000000080e00000| Untracked 
|  15|0x0000000080f00000, 0x0000000081000000, 0x0000000081000000|100%| O|  |TAMS 0x0000000081000000, 0x0000000080f00000| Untracked 
|  16|0x0000000081000000, 0x0000000081100000, 0x0000000081100000|100%| O|  |TAMS 0x0000000081100000, 0x0000000081000000| Untracked 
|  17|0x0000000081100000, 0x0000000081200000, 0x0000000081200000|100%| O|  |TAMS 0x0000000081200000, 0x0000000081100000| Untracked 
|  18|0x0000000081200000, 0x0000000081300000, 0x0000000081300000|100%| O|  |TAMS 0x0000000081300000, 0x0000000081200000| Untracked 
|  19|0x0000000081300000, 0x0000000081400000, 0x0000000081400000|100%| O|  |TAMS 0x0000000081400000, 0x0000000081300000| Untracked 
|  20|0x0000000081400000, 0x0000000081500000, 0x0000000081500000|100%| O|  |TAMS 0x0000000081500000, 0x0000000081400000| Untracked 
|  21|0x0000000081500000, 0x0000000081600000, 0x0000000081600000|100%| O|  |TAMS 0x0000000081600000, 0x0000000081500000| Untracked 
|  22|0x0000000081600000, 0x0000000081600000, 0x0000000081700000|  0%| F|  |TAMS 0x0000000081600000, 0x0000000081600000| Untracked 
|  23|0x0000000081700000, 0x0000000081800000, 0x0000000081800000|100%| O|  |TAMS 0x0000000081800000, 0x0000000081700000| Untracked 
|  24|0x0000000081800000, 0x0000000081900000, 0x0000000081900000|100%| O|  |TAMS 0x0000000081900000, 0x0000000081800000| Untracked 
|  25|0x0000000081900000, 0x0000000081a00000, 0x0000000081a00000|100%| O|  |TAMS 0x0000000081a00000, 0x0000000081900000| Untracked 
|  26|0x0000000081a00000, 0x0000000081b00000, 0x0000000081b00000|100%|HS|  |TAMS 0x0000000081b00000, 0x0000000081a00000| Complete 
|  27|0x0000000081b00000, 0x0000000081c00000, 0x0000000081c00000|100%|HS|  |TAMS 0x0000000081c00000, 0x0000000081b00000| Complete 
|  28|0x0000000081c00000, 0x0000000081d00000, 0x0000000081d00000|100%| O|  |TAMS 0x0000000081d00000, 0x0000000081c00000| Untracked 
|  29|0x0000000081d00000, 0x0000000081e00000, 0x0000000081e00000|100%| O|  |TAMS 0x0000000081e00000, 0x0000000081d00000| Untracked 
|  30|0x0000000081e00000, 0x0000000081f00000, 0x0000000081f00000|100%| O|  |TAMS 0x0000000081f00000, 0x0000000081e00000| Untracked 
|  31|0x0000000081f00000, 0x0000000082000000, 0x0000000082000000|100%| O|  |TAMS 0x0000000082000000, 0x0000000081f00000| Untracked 
|  32|0x0000000082000000, 0x0000000082100000, 0x0000000082100000|100%| O|  |TAMS 0x0000000082100000, 0x0000000082000000| Untracked 
|  33|0x0000000082100000, 0x0000000082200000, 0x0000000082200000|100%|HS|  |TAMS 0x0000000082200000, 0x0000000082100000| Complete 
|  34|0x0000000082200000, 0x0000000082300000, 0x0000000082300000|100%|HC|  |TAMS 0x0000000082300000, 0x0000000082200000| Complete 
|  35|0x0000000082300000, 0x0000000082400000, 0x0000000082400000|100%|HS|  |TAMS 0x0000000082400000, 0x0000000082300000| Complete 
|  36|0x0000000082400000, 0x0000000082500000, 0x0000000082500000|100%|HS|  |TAMS 0x0000000082500000, 0x0000000082400000| Complete 
|  37|0x0000000082500000, 0x0000000082600000, 0x0000000082600000|100%|HC|  |TAMS 0x0000000082600000, 0x0000000082500000| Complete 
|  38|0x0000000082600000, 0x0000000082700000, 0x0000000082700000|100%|HC|  |TAMS 0x0000000082700000, 0x0000000082600000| Complete 
|  39|0x0000000082700000, 0x0000000082800000, 0x0000000082800000|100%|HC|  |TAMS 0x0000000082800000, 0x0000000082700000| Complete 
|  40|0x0000000082800000, 0x0000000082900000, 0x0000000082900000|100%| O|  |TAMS 0x0000000082900000, 0x0000000082800000| Untracked 
|  41|0x0000000082900000, 0x0000000082a00000, 0x0000000082a00000|100%| O|  |TAMS 0x0000000082a00000, 0x0000000082900000| Untracked 
|  42|0x0000000082a00000, 0x0000000082b00000, 0x0000000082b00000|100%| O|  |TAMS 0x0000000082b00000, 0x0000000082a00000| Untracked 
|  43|0x0000000082b00000, 0x0000000082c00000, 0x0000000082c00000|100%| O|  |TAMS 0x0000000082c00000, 0x0000000082b00000| Untracked 
|  44|0x0000000082c00000, 0x0000000082c00000, 0x0000000082d00000|  0%| F|  |TAMS 0x0000000082c00000, 0x0000000082c00000| Untracked 
|  45|0x0000000082d00000, 0x0000000082e00000, 0x0000000082e00000|100%| O|  |TAMS 0x0000000082e00000, 0x0000000082d00000| Untracked 
|  46|0x0000000082e00000, 0x0000000082f00000, 0x0000000082f00000|100%| O|  |TAMS 0x0000000082f00000, 0x0000000082e00000| Untracked 
|  47|0x0000000082f00000, 0x0000000083000000, 0x0000000083000000|100%| O|  |TAMS 0x0000000083000000, 0x0000000082f00000| Untracked 
|  48|0x0000000083000000, 0x0000000083100000, 0x0000000083100000|100%| O|  |TAMS 0x0000000083100000, 0x0000000083000000| Untracked 
|  49|0x0000000083100000, 0x0000000083200000, 0x0000000083200000|100%| O|  |TAMS 0x0000000083200000, 0x0000000083100000| Untracked 
|  50|0x0000000083200000, 0x0000000083300000, 0x0000000083300000|100%| O|  |TAMS 0x0000000083300000, 0x0000000083200000| Untracked 
|  51|0x0000000083300000, 0x0000000083400000, 0x0000000083400000|100%| O|  |TAMS 0x0000000083400000, 0x0000000083300000| Untracked 
|  52|0x0000000083400000, 0x0000000083500000, 0x0000000083500000|100%| O|  |TAMS 0x0000000083500000, 0x0000000083400000| Untracked 
|  53|0x0000000083500000, 0x0000000083600000, 0x0000000083600000|100%| O|  |TAMS 0x0000000083600000, 0x0000000083500000| Untracked 
|  54|0x0000000083600000, 0x0000000083700000, 0x0000000083700000|100%| O|  |TAMS 0x0000000083700000, 0x0000000083600000| Untracked 
|  55|0x0000000083700000, 0x0000000083800000, 0x0000000083800000|100%| O|  |TAMS 0x0000000083800000, 0x0000000083700000| Untracked 
|  56|0x0000000083800000, 0x0000000083900000, 0x0000000083900000|100%| O|  |TAMS 0x0000000083900000, 0x0000000083800000| Untracked 
|  57|0x0000000083900000, 0x0000000083a00000, 0x0000000083a00000|100%| O|  |TAMS 0x0000000083a00000, 0x0000000083900000| Untracked 
|  58|0x0000000083a00000, 0x0000000083b00000, 0x0000000083b00000|100%| O|  |TAMS 0x0000000083b00000, 0x0000000083a00000| Untracked 
|  59|0x0000000083b00000, 0x0000000083c00000, 0x0000000083c00000|100%| O|  |TAMS 0x0000000083c00000, 0x0000000083b00000| Untracked 
|  60|0x0000000083c00000, 0x0000000083d00000, 0x0000000083d00000|100%| O|  |TAMS 0x0000000083d00000, 0x0000000083c00000| Untracked 
|  61|0x0000000083d00000, 0x0000000083e00000, 0x0000000083e00000|100%| O|  |TAMS 0x0000000083e00000, 0x0000000083d00000| Untracked 
|  62|0x0000000083e00000, 0x0000000083f00000, 0x0000000083f00000|100%| O|  |TAMS 0x0000000083f00000, 0x0000000083e00000| Untracked 
|  63|0x0000000083f00000, 0x0000000084000000, 0x0000000084000000|100%| O|  |TAMS 0x0000000084000000, 0x0000000083f00000| Untracked 
|  64|0x0000000084000000, 0x0000000084100000, 0x0000000084100000|100%| O|  |TAMS 0x0000000084100000, 0x0000000084000000| Untracked 
|  65|0x0000000084100000, 0x0000000084200000, 0x0000000084200000|100%| O|  |TAMS 0x0000000084200000, 0x0000000084100000| Untracked 
|  66|0x0000000084200000, 0x0000000084300000, 0x0000000084300000|100%| O|  |TAMS 0x0000000084300000, 0x0000000084200000| Untracked 
|  67|0x0000000084300000, 0x0000000084400000, 0x0000000084400000|100%| O|  |TAMS 0x0000000084400000, 0x0000000084300000| Untracked 
|  68|0x0000000084400000, 0x0000000084500000, 0x0000000084500000|100%| O|  |TAMS 0x0000000084500000, 0x0000000084400000| Untracked 
|  69|0x0000000084500000, 0x0000000084600000, 0x0000000084600000|100%| O|  |TAMS 0x0000000084600000, 0x0000000084500000| Untracked 
|  70|0x0000000084600000, 0x0000000084700000, 0x0000000084700000|100%| O|  |TAMS 0x0000000084600000, 0x0000000084600000| Untracked 
|  71|0x0000000084700000, 0x0000000084800000, 0x0000000084800000|100%| O|  |TAMS 0x0000000084800000, 0x0000000084700000| Untracked 
|  72|0x0000000084800000, 0x0000000084900000, 0x0000000084900000|100%| O|  |TAMS 0x0000000084900000, 0x0000000084800000| Untracked 
|  73|0x0000000084900000, 0x0000000084a00000, 0x0000000084a00000|100%| O|  |TAMS 0x0000000084a00000, 0x0000000084900000| Untracked 
|  74|0x0000000084a00000, 0x0000000084b00000, 0x0000000084b00000|100%| O|  |TAMS 0x0000000084b00000, 0x0000000084a00000| Untracked 
|  75|0x0000000084b00000, 0x0000000084c00000, 0x0000000084c00000|100%| O|  |TAMS 0x0000000084c00000, 0x0000000084b00000| Untracked 
|  76|0x0000000084c00000, 0x0000000084d00000, 0x0000000084d00000|100%| O|  |TAMS 0x0000000084d00000, 0x0000000084c00000| Untracked 
|  77|0x0000000084d00000, 0x0000000084e00000, 0x0000000084e00000|100%| O|  |TAMS 0x0000000084e00000, 0x0000000084d00000| Untracked 
|  78|0x0000000084e00000, 0x0000000084f00000, 0x0000000084f00000|100%| O|  |TAMS 0x0000000084f00000, 0x0000000084e00000| Untracked 
|  79|0x0000000084f00000, 0x0000000085000000, 0x0000000085000000|100%| O|  |TAMS 0x0000000085000000, 0x0000000084f00000| Untracked 
|  80|0x0000000085000000, 0x0000000085100000, 0x0000000085100000|100%| O|  |TAMS 0x0000000085100000, 0x0000000085000000| Untracked 
|  81|0x0000000085100000, 0x0000000085200000, 0x0000000085200000|100%| O|  |TAMS 0x0000000085200000, 0x0000000085100000| Untracked 
|  82|0x0000000085200000, 0x0000000085300000, 0x0000000085300000|100%| O|  |TAMS 0x0000000085300000, 0x0000000085200000| Untracked 
|  83|0x0000000085300000, 0x0000000085400000, 0x0000000085400000|100%| O|  |TAMS 0x0000000085400000, 0x0000000085300000| Untracked 
|  84|0x0000000085400000, 0x0000000085500000, 0x0000000085500000|100%| O|  |TAMS 0x0000000085500000, 0x0000000085400000| Untracked 
|  85|0x0000000085500000, 0x0000000085600000, 0x0000000085600000|100%| O|  |TAMS 0x0000000085600000, 0x0000000085500000| Untracked 
|  86|0x0000000085600000, 0x0000000085700000, 0x0000000085700000|100%| O|  |TAMS 0x0000000085700000, 0x0000000085600000| Untracked 
|  87|0x0000000085700000, 0x0000000085800000, 0x0000000085800000|100%| O|  |TAMS 0x0000000085800000, 0x0000000085700000| Untracked 
|  88|0x0000000085800000, 0x0000000085900000, 0x0000000085900000|100%| O|  |TAMS 0x0000000085900000, 0x0000000085800000| Untracked 
|  89|0x0000000085900000, 0x0000000085a00000, 0x0000000085a00000|100%| O|  |TAMS 0x0000000085a00000, 0x0000000085900000| Untracked 
|  90|0x0000000085a00000, 0x0000000085b00000, 0x0000000085b00000|100%| O|  |TAMS 0x0000000085b00000, 0x0000000085a00000| Untracked 
|  91|0x0000000085b00000, 0x0000000085c00000, 0x0000000085c00000|100%| O|  |TAMS 0x0000000085c00000, 0x0000000085b00000| Untracked 
|  92|0x0000000085c00000, 0x0000000085d00000, 0x0000000085d00000|100%| O|  |TAMS 0x0000000085d00000, 0x0000000085c00000| Untracked 
|  93|0x0000000085d00000, 0x0000000085e00000, 0x0000000085e00000|100%| O|  |TAMS 0x0000000085e00000, 0x0000000085d00000| Untracked 
|  94|0x0000000085e00000, 0x0000000085f00000, 0x0000000085f00000|100%| O|  |TAMS 0x0000000085f00000, 0x0000000085e00000| Untracked 
|  95|0x0000000085f00000, 0x0000000086000000, 0x0000000086000000|100%| O|  |TAMS 0x0000000085f00000, 0x0000000085f00000| Untracked 
|  96|0x0000000086000000, 0x0000000086100000, 0x0000000086100000|100%| O|  |TAMS 0x0000000086100000, 0x0000000086000000| Untracked 
|  97|0x0000000086100000, 0x0000000086200000, 0x0000000086200000|100%| O|  |TAMS 0x0000000086200000, 0x0000000086100000| Untracked 
|  98|0x0000000086200000, 0x0000000086300000, 0x0000000086300000|100%| O|  |TAMS 0x0000000086300000, 0x0000000086200000| Untracked 
|  99|0x0000000086300000, 0x0000000086400000, 0x0000000086400000|100%| O|  |TAMS 0x0000000086400000, 0x0000000086300000| Untracked 
| 100|0x0000000086400000, 0x0000000086500000, 0x0000000086500000|100%| O|  |TAMS 0x0000000086500000, 0x0000000086400000| Untracked 
| 101|0x0000000086500000, 0x0000000086600000, 0x0000000086600000|100%| O|  |TAMS 0x0000000086600000, 0x0000000086500000| Untracked 
| 102|0x0000000086600000, 0x0000000086700000, 0x0000000086700000|100%| O|  |TAMS 0x0000000086700000, 0x0000000086600000| Untracked 
| 103|0x0000000086700000, 0x0000000086800000, 0x0000000086800000|100%| O|  |TAMS 0x0000000086800000, 0x0000000086700000| Untracked 
| 104|0x0000000086800000, 0x0000000086900000, 0x0000000086900000|100%| O|  |TAMS 0x0000000086900000, 0x0000000086800000| Untracked 
| 105|0x0000000086900000, 0x0000000086a00000, 0x0000000086a00000|100%| O|  |TAMS 0x0000000086a00000, 0x0000000086900000| Untracked 
| 106|0x0000000086a00000, 0x0000000086b00000, 0x0000000086b00000|100%| O|  |TAMS 0x0000000086b00000, 0x0000000086a00000| Untracked 
| 107|0x0000000086b00000, 0x0000000086c00000, 0x0000000086c00000|100%| O|  |TAMS 0x0000000086c00000, 0x0000000086b00000| Untracked 
| 108|0x0000000086c00000, 0x0000000086d00000, 0x0000000086d00000|100%| O|  |TAMS 0x0000000086ceac00, 0x0000000086c00000| Untracked 
| 109|0x0000000086d00000, 0x0000000086e00000, 0x0000000086e00000|100%| O|  |TAMS 0x0000000086d00000, 0x0000000086d00000| Untracked 
| 110|0x0000000086e00000, 0x0000000086f00000, 0x0000000086f00000|100%| O|  |TAMS 0x0000000086e00000, 0x0000000086e00000| Untracked 
| 111|0x0000000086f00000, 0x0000000087000000, 0x0000000087000000|100%| O|  |TAMS 0x0000000086f00000, 0x0000000086f00000| Untracked 
| 112|0x0000000087000000, 0x0000000087100000, 0x0000000087100000|100%| O|  |TAMS 0x0000000087000000, 0x0000000087000000| Untracked 
| 113|0x0000000087100000, 0x0000000087200000, 0x0000000087200000|100%| O|  |TAMS 0x0000000087100000, 0x0000000087100000| Untracked 
| 114|0x0000000087200000, 0x0000000087300000, 0x0000000087300000|100%| O|  |TAMS 0x0000000087200000, 0x0000000087200000| Untracked 
| 115|0x0000000087300000, 0x0000000087400000, 0x0000000087400000|100%| O|  |TAMS 0x0000000087300000, 0x0000000087300000| Untracked 
| 116|0x0000000087400000, 0x0000000087500000, 0x0000000087500000|100%| O|  |TAMS 0x0000000087400000, 0x0000000087400000| Untracked 
| 117|0x0000000087500000, 0x0000000087600000, 0x0000000087600000|100%| O|  |TAMS 0x0000000087500000, 0x0000000087500000| Untracked 
| 118|0x0000000087600000, 0x0000000087700000, 0x0000000087700000|100%| O|  |TAMS 0x0000000087600000, 0x0000000087600000| Untracked 
| 119|0x0000000087700000, 0x0000000087800000, 0x0000000087800000|100%| O|  |TAMS 0x0000000087700000, 0x0000000087700000| Untracked 
| 120|0x0000000087800000, 0x0000000087900000, 0x0000000087900000|100%| O|  |TAMS 0x0000000087800000, 0x0000000087800000| Untracked 
| 121|0x0000000087900000, 0x0000000087a00000, 0x0000000087a00000|100%| O|  |TAMS 0x0000000087900000, 0x0000000087900000| Untracked 
| 122|0x0000000087a00000, 0x0000000087b00000, 0x0000000087b00000|100%| O|  |TAMS 0x0000000087a00000, 0x0000000087a00000| Untracked 
| 123|0x0000000087b00000, 0x0000000087c00000, 0x0000000087c00000|100%| O|  |TAMS 0x0000000087b00000, 0x0000000087b00000| Untracked 
| 124|0x0000000087c00000, 0x0000000087d00000, 0x0000000087d00000|100%| O|  |TAMS 0x0000000087c00000, 0x0000000087c00000| Untracked 
| 125|0x0000000087d00000, 0x0000000087e00000, 0x0000000087e00000|100%| O|  |TAMS 0x0000000087d00000, 0x0000000087d00000| Untracked 
| 126|0x0000000087e00000, 0x0000000087f00000, 0x0000000087f00000|100%| O|  |TAMS 0x0000000087e00000, 0x0000000087e00000| Untracked 
| 127|0x0000000087f00000, 0x0000000088000000, 0x0000000088000000|100%| O|  |TAMS 0x0000000087f00000, 0x0000000087f00000| Untracked 
| 128|0x0000000088000000, 0x0000000088100000, 0x0000000088100000|100%| O|  |TAMS 0x0000000088000000, 0x0000000088000000| Untracked 
| 129|0x0000000088100000, 0x0000000088200000, 0x0000000088200000|100%| O|  |TAMS 0x0000000088100000, 0x0000000088100000| Untracked 
| 130|0x0000000088200000, 0x0000000088200000, 0x0000000088300000|  0%| F|  |TAMS 0x0000000088200000, 0x0000000088200000| Untracked 
| 131|0x0000000088300000, 0x0000000088300000, 0x0000000088400000|  0%| F|  |TAMS 0x0000000088300000, 0x0000000088300000| Untracked 
| 132|0x0000000088400000, 0x0000000088400000, 0x0000000088500000|  0%| F|  |TAMS 0x0000000088400000, 0x0000000088400000| Untracked 
| 133|0x0000000088500000, 0x0000000088500000, 0x0000000088600000|  0%| F|  |TAMS 0x0000000088500000, 0x0000000088500000| Untracked 
| 134|0x0000000088600000, 0x0000000088600000, 0x0000000088700000|  0%| F|  |TAMS 0x0000000088600000, 0x0000000088600000| Untracked 
| 135|0x0000000088700000, 0x0000000088700000, 0x0000000088800000|  0%| F|  |TAMS 0x0000000088700000, 0x0000000088700000| Untracked 
| 136|0x0000000088800000, 0x0000000088800000, 0x0000000088900000|  0%| F|  |TAMS 0x0000000088800000, 0x0000000088800000| Untracked 
| 137|0x0000000088900000, 0x0000000088900000, 0x0000000088a00000|  0%| F|  |TAMS 0x0000000088900000, 0x0000000088900000| Untracked 
| 138|0x0000000088a00000, 0x0000000088a00000, 0x0000000088b00000|  0%| F|  |TAMS 0x0000000088a00000, 0x0000000088a00000| Untracked 
| 139|0x0000000088b00000, 0x0000000088b00000, 0x0000000088c00000|  0%| F|  |TAMS 0x0000000088b00000, 0x0000000088b00000| Untracked 
| 140|0x0000000088c00000, 0x0000000088c00000, 0x0000000088d00000|  0%| F|  |TAMS 0x0000000088c00000, 0x0000000088c00000| Untracked 
| 141|0x0000000088d00000, 0x0000000088d00000, 0x0000000088e00000|  0%| F|  |TAMS 0x0000000088d00000, 0x0000000088d00000| Untracked 
| 142|0x0000000088e00000, 0x0000000088e00000, 0x0000000088f00000|  0%| F|  |TAMS 0x0000000088e00000, 0x0000000088e00000| Untracked 
| 143|0x0000000088f00000, 0x0000000088f00000, 0x0000000089000000|  0%| F|  |TAMS 0x0000000088f00000, 0x0000000088f00000| Untracked 
| 144|0x0000000089000000, 0x0000000089000000, 0x0000000089100000|  0%| F|  |TAMS 0x0000000089000000, 0x0000000089000000| Untracked 
| 145|0x0000000089100000, 0x0000000089100000, 0x0000000089200000|  0%| F|  |TAMS 0x0000000089100000, 0x0000000089100000| Untracked 
| 146|0x0000000089200000, 0x0000000089200000, 0x0000000089300000|  0%| F|  |TAMS 0x0000000089200000, 0x0000000089200000| Untracked 
| 147|0x0000000089300000, 0x0000000089300000, 0x0000000089400000|  0%| F|  |TAMS 0x0000000089300000, 0x0000000089300000| Untracked 
| 148|0x0000000089400000, 0x0000000089400000, 0x0000000089500000|  0%| F|  |TAMS 0x0000000089400000, 0x0000000089400000| Untracked 
| 149|0x0000000089500000, 0x0000000089500000, 0x0000000089600000|  0%| F|  |TAMS 0x0000000089500000, 0x0000000089500000| Untracked 
| 150|0x0000000089600000, 0x0000000089600000, 0x0000000089700000|  0%| F|  |TAMS 0x0000000089600000, 0x0000000089600000| Untracked 
| 151|0x0000000089700000, 0x0000000089700000, 0x0000000089800000|  0%| F|  |TAMS 0x0000000089700000, 0x0000000089700000| Untracked 
| 152|0x0000000089800000, 0x0000000089800000, 0x0000000089900000|  0%| F|  |TAMS 0x0000000089800000, 0x0000000089800000| Untracked 
| 153|0x0000000089900000, 0x0000000089900000, 0x0000000089a00000|  0%| F|  |TAMS 0x0000000089900000, 0x0000000089900000| Untracked 
| 154|0x0000000089a00000, 0x0000000089a00000, 0x0000000089b00000|  0%| F|  |TAMS 0x0000000089a00000, 0x0000000089a00000| Untracked 
| 155|0x0000000089b00000, 0x0000000089b00000, 0x0000000089c00000|  0%| F|  |TAMS 0x0000000089b00000, 0x0000000089b00000| Untracked 
| 156|0x0000000089c00000, 0x0000000089c00000, 0x0000000089d00000|  0%| F|  |TAMS 0x0000000089c00000, 0x0000000089c00000| Untracked 
| 157|0x0000000089d00000, 0x0000000089d00000, 0x0000000089e00000|  0%| F|  |TAMS 0x0000000089d00000, 0x0000000089d00000| Untracked 
| 158|0x0000000089e00000, 0x0000000089e00000, 0x0000000089f00000|  0%| F|  |TAMS 0x0000000089e00000, 0x0000000089e00000| Untracked 
| 159|0x0000000089f00000, 0x0000000089f00000, 0x000000008a000000|  0%| F|  |TAMS 0x0000000089f00000, 0x0000000089f00000| Untracked 
| 160|0x000000008a000000, 0x000000008a000000, 0x000000008a100000|  0%| F|  |TAMS 0x000000008a000000, 0x000000008a000000| Untracked 
| 161|0x000000008a100000, 0x000000008a100000, 0x000000008a200000|  0%| F|  |TAMS 0x000000008a100000, 0x000000008a100000| Untracked 
| 162|0x000000008a200000, 0x000000008a200000, 0x000000008a300000|  0%| F|  |TAMS 0x000000008a200000, 0x000000008a200000| Untracked 
| 163|0x000000008a300000, 0x000000008a300000, 0x000000008a400000|  0%| F|  |TAMS 0x000000008a300000, 0x000000008a300000| Untracked 
| 164|0x000000008a400000, 0x000000008a400000, 0x000000008a500000|  0%| F|  |TAMS 0x000000008a400000, 0x000000008a400000| Untracked 
| 165|0x000000008a500000, 0x000000008a500000, 0x000000008a600000|  0%| F|  |TAMS 0x000000008a500000, 0x000000008a500000| Untracked 
| 166|0x000000008a600000, 0x000000008a600000, 0x000000008a700000|  0%| F|  |TAMS 0x000000008a600000, 0x000000008a600000| Untracked 
| 167|0x000000008a700000, 0x000000008a700000, 0x000000008a800000|  0%| F|  |TAMS 0x000000008a700000, 0x000000008a700000| Untracked 
| 168|0x000000008a800000, 0x000000008a800000, 0x000000008a900000|  0%| F|  |TAMS 0x000000008a800000, 0x000000008a800000| Untracked 
| 169|0x000000008a900000, 0x000000008a900000, 0x000000008aa00000|  0%| F|  |TAMS 0x000000008a900000, 0x000000008a900000| Untracked 
| 170|0x000000008aa00000, 0x000000008aa00000, 0x000000008ab00000|  0%| F|  |TAMS 0x000000008aa00000, 0x000000008aa00000| Untracked 
| 171|0x000000008ab00000, 0x000000008ab00000, 0x000000008ac00000|  0%| F|  |TAMS 0x000000008ab00000, 0x000000008ab00000| Untracked 
| 172|0x000000008ac00000, 0x000000008ac00000, 0x000000008ad00000|  0%| F|  |TAMS 0x000000008ac00000, 0x000000008ac00000| Untracked 
| 173|0x000000008ad00000, 0x000000008ad00000, 0x000000008ae00000|  0%| F|  |TAMS 0x000000008ad00000, 0x000000008ad00000| Untracked 
| 174|0x000000008ae00000, 0x000000008ae00000, 0x000000008af00000|  0%| F|  |TAMS 0x000000008ae00000, 0x000000008ae00000| Untracked 
| 175|0x000000008af00000, 0x000000008af00000, 0x000000008b000000|  0%| F|  |TAMS 0x000000008af00000, 0x000000008af00000| Untracked 
| 176|0x000000008b000000, 0x000000008b000000, 0x000000008b100000|  0%| F|  |TAMS 0x000000008b000000, 0x000000008b000000| Untracked 
| 177|0x000000008b100000, 0x000000008b100000, 0x000000008b200000|  0%| F|  |TAMS 0x000000008b100000, 0x000000008b100000| Untracked 
| 178|0x000000008b200000, 0x000000008b200000, 0x000000008b300000|  0%| F|  |TAMS 0x000000008b200000, 0x000000008b200000| Untracked 
| 179|0x000000008b300000, 0x000000008b300000, 0x000000008b400000|  0%| F|  |TAMS 0x000000008b300000, 0x000000008b300000| Untracked 
| 180|0x000000008b400000, 0x000000008b400000, 0x000000008b500000|  0%| F|  |TAMS 0x000000008b400000, 0x000000008b400000| Untracked 
| 181|0x000000008b500000, 0x000000008b500000, 0x000000008b600000|  0%| F|  |TAMS 0x000000008b500000, 0x000000008b500000| Untracked 
| 182|0x000000008b600000, 0x000000008b600000, 0x000000008b700000|  0%| F|  |TAMS 0x000000008b600000, 0x000000008b600000| Untracked 
| 183|0x000000008b700000, 0x000000008b700000, 0x000000008b800000|  0%| F|  |TAMS 0x000000008b700000, 0x000000008b700000| Untracked 
| 184|0x000000008b800000, 0x000000008b800000, 0x000000008b900000|  0%| F|  |TAMS 0x000000008b800000, 0x000000008b800000| Untracked 
| 185|0x000000008b900000, 0x000000008b900000, 0x000000008ba00000|  0%| F|  |TAMS 0x000000008b900000, 0x000000008b900000| Untracked 
| 186|0x000000008ba00000, 0x000000008ba00000, 0x000000008bb00000|  0%| F|  |TAMS 0x000000008ba00000, 0x000000008ba00000| Untracked 
| 187|0x000000008bb00000, 0x000000008bb00000, 0x000000008bc00000|  0%| F|  |TAMS 0x000000008bb00000, 0x000000008bb00000| Untracked 
| 188|0x000000008bc00000, 0x000000008bc00000, 0x000000008bd00000|  0%| F|  |TAMS 0x000000008bc00000, 0x000000008bc00000| Untracked 
| 189|0x000000008bd00000, 0x000000008bd00000, 0x000000008be00000|  0%| F|  |TAMS 0x000000008bd00000, 0x000000008bd00000| Untracked 
| 190|0x000000008be00000, 0x000000008be00000, 0x000000008bf00000|  0%| F|  |TAMS 0x000000008be00000, 0x000000008be00000| Untracked 
| 191|0x000000008bf00000, 0x000000008bf00000, 0x000000008c000000|  0%| F|  |TAMS 0x000000008bf00000, 0x000000008bf00000| Untracked 
| 192|0x000000008c000000, 0x000000008c000000, 0x000000008c100000|  0%| F|  |TAMS 0x000000008c000000, 0x000000008c000000| Untracked 
| 193|0x000000008c100000, 0x000000008c100000, 0x000000008c200000|  0%| F|  |TAMS 0x000000008c100000, 0x000000008c100000| Untracked 
| 194|0x000000008c200000, 0x000000008c200000, 0x000000008c300000|  0%| F|  |TAMS 0x000000008c200000, 0x000000008c200000| Untracked 
| 195|0x000000008c300000, 0x000000008c300000, 0x000000008c400000|  0%| F|  |TAMS 0x000000008c300000, 0x000000008c300000| Untracked 
| 196|0x000000008c400000, 0x000000008c400000, 0x000000008c500000|  0%| F|  |TAMS 0x000000008c400000, 0x000000008c400000| Untracked 
| 197|0x000000008c500000, 0x000000008c500000, 0x000000008c600000|  0%| F|  |TAMS 0x000000008c500000, 0x000000008c500000| Untracked 
| 198|0x000000008c600000, 0x000000008c600000, 0x000000008c700000|  0%| F|  |TAMS 0x000000008c600000, 0x000000008c600000| Untracked 
| 199|0x000000008c700000, 0x000000008c700000, 0x000000008c800000|  0%| F|  |TAMS 0x000000008c700000, 0x000000008c700000| Untracked 
| 200|0x000000008c800000, 0x000000008c800000, 0x000000008c900000|  0%| F|  |TAMS 0x000000008c800000, 0x000000008c800000| Untracked 
| 201|0x000000008c900000, 0x000000008c900000, 0x000000008ca00000|  0%| F|  |TAMS 0x000000008c900000, 0x000000008c900000| Untracked 
| 202|0x000000008ca00000, 0x000000008ca00000, 0x000000008cb00000|  0%| F|  |TAMS 0x000000008ca00000, 0x000000008ca00000| Untracked 
| 203|0x000000008cb00000, 0x000000008cb00000, 0x000000008cc00000|  0%| F|  |TAMS 0x000000008cb00000, 0x000000008cb00000| Untracked 
| 204|0x000000008cc00000, 0x000000008cc00000, 0x000000008cd00000|  0%| F|  |TAMS 0x000000008cc00000, 0x000000008cc00000| Untracked 
| 205|0x000000008cd00000, 0x000000008cd00000, 0x000000008ce00000|  0%| F|  |TAMS 0x000000008cd00000, 0x000000008cd00000| Untracked 
| 206|0x000000008ce00000, 0x000000008ce00000, 0x000000008cf00000|  0%| F|  |TAMS 0x000000008ce00000, 0x000000008ce00000| Untracked 
| 207|0x000000008cf00000, 0x000000008cf00000, 0x000000008d000000|  0%| F|  |TAMS 0x000000008cf00000, 0x000000008cf00000| Untracked 
| 208|0x000000008d000000, 0x000000008d000000, 0x000000008d100000|  0%| F|  |TAMS 0x000000008d000000, 0x000000008d000000| Untracked 
| 209|0x000000008d100000, 0x000000008d100000, 0x000000008d200000|  0%| F|  |TAMS 0x000000008d100000, 0x000000008d100000| Untracked 
| 210|0x000000008d200000, 0x000000008d200000, 0x000000008d300000|  0%| F|  |TAMS 0x000000008d200000, 0x000000008d200000| Untracked 
| 211|0x000000008d300000, 0x000000008d300000, 0x000000008d400000|  0%| F|  |TAMS 0x000000008d300000, 0x000000008d300000| Untracked 
| 212|0x000000008d400000, 0x000000008d400000, 0x000000008d500000|  0%| F|  |TAMS 0x000000008d400000, 0x000000008d400000| Untracked 
| 213|0x000000008d500000, 0x000000008d500000, 0x000000008d600000|  0%| F|  |TAMS 0x000000008d500000, 0x000000008d500000| Untracked 
| 214|0x000000008d600000, 0x000000008d600000, 0x000000008d700000|  0%| F|  |TAMS 0x000000008d600000, 0x000000008d600000| Untracked 
| 215|0x000000008d700000, 0x000000008d700000, 0x000000008d800000|  0%| F|  |TAMS 0x000000008d700000, 0x000000008d700000| Untracked 
| 216|0x000000008d800000, 0x000000008d800000, 0x000000008d900000|  0%| F|  |TAMS 0x000000008d800000, 0x000000008d800000| Untracked 
| 217|0x000000008d900000, 0x000000008d900000, 0x000000008da00000|  0%| F|  |TAMS 0x000000008d900000, 0x000000008d900000| Untracked 
| 218|0x000000008da00000, 0x000000008da00000, 0x000000008db00000|  0%| F|  |TAMS 0x000000008da00000, 0x000000008da00000| Untracked 
| 219|0x000000008db00000, 0x000000008db00000, 0x000000008dc00000|  0%| F|  |TAMS 0x000000008db00000, 0x000000008db00000| Untracked 
| 220|0x000000008dc00000, 0x000000008dc00000, 0x000000008dd00000|  0%| F|  |TAMS 0x000000008dc00000, 0x000000008dc00000| Untracked 
| 221|0x000000008dd00000, 0x000000008dd00000, 0x000000008de00000|  0%| F|  |TAMS 0x000000008dd00000, 0x000000008dd00000| Untracked 
| 222|0x000000008de00000, 0x000000008de00000, 0x000000008df00000|  0%| F|  |TAMS 0x000000008de00000, 0x000000008de00000| Untracked 
| 223|0x000000008df00000, 0x000000008df00000, 0x000000008e000000|  0%| F|  |TAMS 0x000000008df00000, 0x000000008df00000| Untracked 
| 224|0x000000008e000000, 0x000000008e000000, 0x000000008e100000|  0%| F|  |TAMS 0x000000008e000000, 0x000000008e000000| Untracked 
| 225|0x000000008e100000, 0x000000008e100000, 0x000000008e200000|  0%| F|  |TAMS 0x000000008e100000, 0x000000008e100000| Untracked 
| 226|0x000000008e200000, 0x000000008e200000, 0x000000008e300000|  0%| F|  |TAMS 0x000000008e200000, 0x000000008e200000| Untracked 
| 227|0x000000008e300000, 0x000000008e300000, 0x000000008e400000|  0%| F|  |TAMS 0x000000008e300000, 0x000000008e300000| Untracked 
| 228|0x000000008e400000, 0x000000008e400000, 0x000000008e500000|  0%| F|  |TAMS 0x000000008e400000, 0x000000008e400000| Untracked 
| 229|0x000000008e500000, 0x000000008e500000, 0x000000008e600000|  0%| F|  |TAMS 0x000000008e500000, 0x000000008e500000| Untracked 
| 230|0x000000008e600000, 0x000000008e600000, 0x000000008e700000|  0%| F|  |TAMS 0x000000008e600000, 0x000000008e600000| Untracked 
| 231|0x000000008e700000, 0x000000008e700000, 0x000000008e800000|  0%| F|  |TAMS 0x000000008e700000, 0x000000008e700000| Untracked 
| 232|0x000000008e800000, 0x000000008e800000, 0x000000008e900000|  0%| F|  |TAMS 0x000000008e800000, 0x000000008e800000| Untracked 
| 233|0x000000008e900000, 0x000000008e900000, 0x000000008ea00000|  0%| F|  |TAMS 0x000000008e900000, 0x000000008e900000| Untracked 
| 234|0x000000008ea00000, 0x000000008ea00000, 0x000000008eb00000|  0%| F|  |TAMS 0x000000008ea00000, 0x000000008ea00000| Untracked 
| 235|0x000000008eb00000, 0x000000008eb00000, 0x000000008ec00000|  0%| F|  |TAMS 0x000000008eb00000, 0x000000008eb00000| Untracked 
| 236|0x000000008ec00000, 0x000000008ec00000, 0x000000008ed00000|  0%| F|  |TAMS 0x000000008ec00000, 0x000000008ec00000| Untracked 
| 237|0x000000008ed00000, 0x000000008ed00000, 0x000000008ee00000|  0%| F|  |TAMS 0x000000008ed00000, 0x000000008ed00000| Untracked 
| 238|0x000000008ee00000, 0x000000008ee00000, 0x000000008ef00000|  0%| F|  |TAMS 0x000000008ee00000, 0x000000008ee00000| Untracked 
| 239|0x000000008ef00000, 0x000000008ef5f7f8, 0x000000008f000000| 37%| S|CS|TAMS 0x000000008ef00000, 0x000000008ef00000| Complete 
| 240|0x000000008f000000, 0x000000008f100000, 0x000000008f100000|100%| S|CS|TAMS 0x000000008f000000, 0x000000008f000000| Complete 
| 241|0x000000008f100000, 0x000000008f100000, 0x000000008f200000|  0%| F|  |TAMS 0x000000008f100000, 0x000000008f100000| Untracked 
| 242|0x000000008f200000, 0x000000008f200000, 0x000000008f300000|  0%| F|  |TAMS 0x000000008f200000, 0x000000008f200000| Untracked 
| 243|0x000000008f300000, 0x000000008f300000, 0x000000008f400000|  0%| F|  |TAMS 0x000000008f300000, 0x000000008f300000| Untracked 
| 244|0x000000008f400000, 0x000000008f400000, 0x000000008f500000|  0%| F|  |TAMS 0x000000008f400000, 0x000000008f400000| Untracked 

Card table byte_map: [0x000001eb9ce70000,0x000001eb9d270000] _byte_map_base: 0x000001eb9ca70000

Marking Bits (Prev, Next): (CMBitMap*) 0x000001eb8a5f88e0, (CMBitMap*) 0x000001eb8a5f88a0
 Prev Bits: [0x000001eb9f670000, 0x000001eba1670000)
 Next Bits: [0x000001eb9d670000, 0x000001eb9f670000)

Polling page: 0x000001eb884d0000

Metaspace:

Usage:
  Non-class:     90.76 MB used.
      Class:     14.24 MB used.
       Both:    105.00 MB used.

Virtual space:
  Non-class space:       96.00 MB reserved,      91.12 MB ( 95%) committed,  12 nodes.
      Class space:        1.00 GB reserved,      14.56 MB (  1%) committed,  1 nodes.
             Both:        1.09 GB reserved,     105.69 MB (  9%) committed. 

Chunk freelists:
   Non-Class:  864.00 KB
       Class:  1.45 MB
        Both:  2.30 MB

MaxMetaspaceSize: unlimited
CompressedClassSpaceSize: 1.00 GB
Initial GC threshold: 21.00 MB
Current GC threshold: 174.00 MB
CDS: off
MetaspaceReclaimPolicy: balanced
 - commit_granule_bytes: 65536.
 - commit_granule_words: 8192.
 - virtual_space_node_default_size: 1048576.
 - enlarge_chunks_in_place: 1.
 - new_chunks_are_fully_committed: 0.
 - uncommit_free_chunks: 1.
 - use_allocation_guard: 0.
 - handle_deallocations: 1.


Internal statistics:

num_allocs_failed_limit: 6.
num_arena_births: 1030.
num_arena_deaths: 8.
num_vsnodes_births: 13.
num_vsnodes_deaths: 0.
num_space_committed: 1690.
num_space_uncommitted: 0.
num_chunks_returned_to_freelist: 16.
num_chunks_taken_from_freelist: 5011.
num_chunk_merges: 9.
num_chunk_splits: 3361.
num_chunks_enlarged: 2342.
num_purges: 4.
num_inconsistent_stats: 0.

CodeHeap 'non-profiled nmethods': size=120000Kb used=5896Kb max_used=5896Kb free=114103Kb
 bounds [0x000001eb95540000, 0x000001eb95b10000, 0x000001eb9ca70000]
CodeHeap 'profiled nmethods': size=120000Kb used=22830Kb max_used=22830Kb free=97170Kb
 bounds [0x000001eb8da70000, 0x000001eb8f0c0000, 0x000001eb94fa0000]
CodeHeap 'non-nmethods': size=5760Kb used=2432Kb max_used=2480Kb free=3327Kb
 bounds [0x000001eb94fa0000, 0x000001eb95220000, 0x000001eb95540000]
 total_blobs=12269 nmethods=11330 adapters=849
 compilation: enabled
              stopped_count=0, restarted_count=0
 full_count=0

Compilation events (20 events):
Event: 24.428 Thread 0x000001eba4511890 nmethod 13046 0x000001eb8f0b5910 code [0x000001eb8f0b5ac0, 0x000001eb8f0b5c28]
Event: 24.428 Thread 0x000001eba4511890 13047       2       com.android.tools.r8.graph.j2::b (51 bytes)
Event: 24.428 Thread 0x000001eba4511890 nmethod 13047 0x000001eb8f0b5d10 code [0x000001eb8f0b5ea0, 0x000001eb8f0b5ff8]
Event: 24.432 Thread 0x000001eba4511890 13048       2       com.android.tools.r8.graph.q0::e (9 bytes)
Event: 24.433 Thread 0x000001eba4511890 nmethod 13048 0x000001eb8f0b6110 code [0x000001eb8f0b62a0, 0x000001eb8f0b63c8]
Event: 24.433 Thread 0x000001eba4511890 13050       2       com.android.tools.r8.graph.v4::c (243 bytes)
Event: 24.434 Thread 0x000001eba4511890 nmethod 13050 0x000001eb8f0b6490 code [0x000001eb8f0b6700, 0x000001eb8f0b70d8]
Event: 24.434 Thread 0x000001eba4511890 13049       2       com.android.tools.r8.graph.w4::d (75 bytes)
Event: 24.434 Thread 0x000001eba4511890 nmethod 13049 0x000001eb8f0b7690 code [0x000001eb8f0b7840, 0x000001eb8f0b7aa8]
Event: 24.434 Thread 0x000001eba4511890 13051       2       com.android.tools.r8.graph.v4$$Lambda$1541/0x0000000100e85ba8::<init> (10 bytes)
Event: 24.434 Thread 0x000001eba4511890 nmethod 13051 0x000001eb8f0b7c10 code [0x000001eb8f0b7da0, 0x000001eb8f0b7ef8]
Event: 24.434 Thread 0x000001eba4511890 13052       2       com.android.tools.r8.graph.v4$$Lambda$1542/0x0000000100e85e00::<init> (10 bytes)
Event: 24.434 Thread 0x000001eba4511890 nmethod 13052 0x000001eb8f0b7f90 code [0x000001eb8f0b8120, 0x000001eb8f0b8278]
Event: 24.443 Thread 0x000001eba4511890 13053       2       com.android.tools.r8.internal.X9::a (871 bytes)
Event: 24.447 Thread 0x000001eba4511890 nmethod 13053 0x000001eb8f0b8310 code [0x000001eb8f0b8820, 0x000001eb8f0b9fc8]
Event: 24.447 Thread 0x000001eba4511890 13054       2       com.android.tools.r8.internal.Ef::T (4 bytes)
Event: 24.447 Thread 0x000001eba4511890 nmethod 13054 0x000001eb8f0baf90 code [0x000001eb8f0bb120, 0x000001eb8f0bb238]
Event: 24.449 Thread 0x000001eba4511890 13055       2       com.android.tools.r8.graph.v2::c1 (8 bytes)
Event: 24.449 Thread 0x000001eba4511890 nmethod 13055 0x000001eb8f0bb310 code [0x000001eb8f0bb4c0, 0x000001eb8f0bb6b8]
Event: 24.451 Thread 0x000001eba4511890 13056       2       com.android.tools.r8.internal.pY::a (160 bytes)

GC Heap History (20 events):
Event: 17.334 GC heap after
{Heap after GC invocations=27 (full 0):
 garbage-first heap   total 183296K, used 84445K [0x0000000080000000, 0x0000000100000000)
  region size 1024K, 9 young (9216K), 9 survivors (9216K)
 Metaspace       used 92876K, committed 93504K, reserved 1130496K
  class space    used 12642K, committed 12928K, reserved 1048576K
}
Event: 18.581 GC heap before
{Heap before GC invocations=27 (full 0):
 garbage-first heap   total 183296K, used 142813K [0x0000000080000000, 0x0000000100000000)
  region size 1024K, 67 young (68608K), 9 survivors (9216K)
 Metaspace       used 94786K, committed 95424K, reserved 1138688K
  class space    used 12959K, committed 13248K, reserved 1048576K
}
Event: 18.612 GC heap after
{Heap after GC invocations=28 (full 0):
 garbage-first heap   total 183296K, used 92492K [0x0000000080000000, 0x0000000100000000)
  region size 1024K, 8 young (8192K), 8 survivors (8192K)
 Metaspace       used 94786K, committed 95424K, reserved 1138688K
  class space    used 12959K, committed 13248K, reserved 1048576K
}
Event: 19.810 GC heap before
{Heap before GC invocations=28 (full 0):
 garbage-first heap   total 183296K, used 144716K [0x0000000080000000, 0x0000000100000000)
  region size 1024K, 60 young (61440K), 8 survivors (8192K)
 Metaspace       used 95399K, committed 96128K, reserved 1138688K
  class space    used 12997K, committed 13312K, reserved 1048576K
}
Event: 19.833 GC heap after
{Heap after GC invocations=29 (full 0):
 garbage-first heap   total 183296K, used 96899K [0x0000000080000000, 0x0000000100000000)
  region size 1024K, 6 young (6144K), 6 survivors (6144K)
 Metaspace       used 95399K, committed 96128K, reserved 1138688K
  class space    used 12997K, committed 13312K, reserved 1048576K
}
Event: 21.238 GC heap before
{Heap before GC invocations=30 (full 0):
 garbage-first heap   total 184320K, used 148099K [0x0000000080000000, 0x0000000100000000)
  region size 1024K, 56 young (57344K), 6 survivors (6144K)
 Metaspace       used 98433K, committed 99072K, reserved 1138688K
  class space    used 13348K, committed 13632K, reserved 1048576K
}
Event: 21.258 GC heap after
{Heap after GC invocations=31 (full 0):
 garbage-first heap   total 184320K, used 101615K [0x0000000080000000, 0x0000000100000000)
  region size 1024K, 5 young (5120K), 5 survivors (5120K)
 Metaspace       used 98433K, committed 99072K, reserved 1138688K
  class space    used 13348K, committed 13632K, reserved 1048576K
}
Event: 21.326 GC heap before
{Heap before GC invocations=31 (full 0):
 garbage-first heap   total 184320K, used 104687K [0x0000000080000000, 0x0000000100000000)
  region size 1024K, 9 young (9216K), 5 survivors (5120K)
 Metaspace       used 98771K, committed 99520K, reserved 1138688K
  class space    used 13385K, committed 13760K, reserved 1048576K
}
Event: 21.344 GC heap after
{Heap after GC invocations=32 (full 0):
 garbage-first heap   total 221184K, used 101575K [0x0000000080000000, 0x0000000100000000)
  region size 1024K, 1 young (1024K), 1 survivors (1024K)
 Metaspace       used 98771K, committed 99520K, reserved 1138688K
  class space    used 13385K, committed 13760K, reserved 1048576K
}
Event: 21.805 GC heap before
{Heap before GC invocations=32 (full 0):
 garbage-first heap   total 221184K, used 175303K [0x0000000080000000, 0x0000000100000000)
  region size 1024K, 74 young (75776K), 1 survivors (1024K)
 Metaspace       used 98929K, committed 99648K, reserved 1138688K
  class space    used 13394K, committed 13760K, reserved 1048576K
}
Event: 21.818 GC heap after
{Heap after GC invocations=33 (full 0):
 garbage-first heap   total 221184K, used 101994K [0x0000000080000000, 0x0000000100000000)
  region size 1024K, 2 young (2048K), 2 survivors (2048K)
 Metaspace       used 98929K, committed 99648K, reserved 1138688K
  class space    used 13394K, committed 13760K, reserved 1048576K
}
Event: 22.906 GC heap before
{Heap before GC invocations=34 (full 0):
 garbage-first heap   total 221184K, used 177770K [0x0000000080000000, 0x0000000100000000)
  region size 1024K, 77 young (78848K), 2 survivors (2048K)
 Metaspace       used 102620K, committed 103360K, reserved 1138688K
  class space    used 13929K, committed 14272K, reserved 1048576K
}
Event: 22.919 GC heap after
{Heap after GC invocations=35 (full 0):
 garbage-first heap   total 221184K, used 110843K [0x0000000080000000, 0x0000000100000000)
  region size 1024K, 10 young (10240K), 10 survivors (10240K)
 Metaspace       used 102620K, committed 103360K, reserved 1138688K
  class space    used 13929K, committed 14272K, reserved 1048576K
}
Event: 22.935 GC heap before
{Heap before GC invocations=35 (full 0):
 garbage-first heap   total 221184K, used 111867K [0x0000000080000000, 0x0000000100000000)
  region size 1024K, 11 young (11264K), 10 survivors (10240K)
 Metaspace       used 102823K, committed 103552K, reserved 1138688K
  class space    used 13950K, committed 14272K, reserved 1048576K
}
Event: 22.952 GC heap after
{Heap after GC invocations=36 (full 0):
 garbage-first heap   total 221184K, used 110432K [0x0000000080000000, 0x0000000100000000)
  region size 1024K, 1 young (1024K), 1 survivors (1024K)
 Metaspace       used 102823K, committed 103552K, reserved 1138688K
  class space    used 13950K, committed 14272K, reserved 1048576K
}
Event: 23.689 GC heap before
{Heap before GC invocations=36 (full 0):
 garbage-first heap   total 221184K, used 179040K [0x0000000080000000, 0x0000000100000000)
  region size 1024K, 68 young (69632K), 1 survivors (1024K)
 Metaspace       used 105668K, committed 106368K, reserved 1146880K
  class space    used 14349K, committed 14720K, reserved 1048576K
}
Event: 23.717 GC heap after
{Heap after GC invocations=37 (full 0):
 garbage-first heap   total 221184K, used 123803K [0x0000000080000000, 0x0000000100000000)
  region size 1024K, 9 young (9216K), 9 survivors (9216K)
 Metaspace       used 105668K, committed 106368K, reserved 1146880K
  class space    used 14349K, committed 14720K, reserved 1048576K
}
Event: 24.385 GC heap before
{Heap before GC invocations=38 (full 0):
 garbage-first heap   total 250880K, used 175003K [0x0000000080000000, 0x0000000100000000)
  region size 1024K, 59 young (60416K), 9 survivors (9216K)
 Metaspace       used 107389K, committed 108096K, reserved 1146880K
  class space    used 14560K, committed 14912K, reserved 1048576K
}
Event: 24.425 GC heap after
{Heap after GC invocations=39 (full 0):
 garbage-first heap   total 250880K, used 131758K [0x0000000080000000, 0x0000000100000000)
  region size 1024K, 8 young (8192K), 8 survivors (8192K)
 Metaspace       used 107389K, committed 108096K, reserved 1146880K
  class space    used 14560K, committed 14912K, reserved 1048576K
}
Event: 24.452 GC heap before
{Heap before GC invocations=39 (full 0):
 garbage-first heap   total 250880K, used 135854K [0x0000000080000000, 0x0000000100000000)
  region size 1024K, 12 young (12288K), 8 survivors (8192K)
 Metaspace       used 107522K, committed 108224K, reserved 1146880K
  class space    used 14578K, committed 14912K, reserved 1048576K
}

Dll operation events (2 events):
Event: 0.006 Loaded shared library D:\Android\Android Studio\jbr\bin\java.dll
Event: 0.455 Loaded shared library D:\Android\Android Studio\jbr\bin\verify.dll

Deoptimization events (20 events):
Event: 23.884 Thread 0x000001eba8b7de00 DEOPT PACKING pc=0x000001eb8efc13a0 sp=0x000000d547bf97c0
Event: 23.884 Thread 0x000001eba8b7de00 DEOPT UNPACKING pc=0x000001eb94ff7143 sp=0x000000d547bf8ce8 mode 0
Event: 23.886 Thread 0x000001eba8b7de00 DEOPT PACKING pc=0x000001eb8efc13a0 sp=0x000000d547bf9790
Event: 23.886 Thread 0x000001eba8b7de00 DEOPT UNPACKING pc=0x000001eb94ff7143 sp=0x000000d547bf8cb8 mode 0
Event: 23.949 Thread 0x000001eba8b7de00 Uncommon trap: trap_request=0xffffff45 fr.pc=0x000001eb95ae8c38 relative=0x00000000000043b8
Event: 23.949 Thread 0x000001eba8b7de00 Uncommon trap: reason=unstable_if action=reinterpret pc=0x000001eb95ae8c38 method=com.android.tools.r8.utils.u0.e(Ljava/lang/String;)[Ljava/lang/String; @ 149 c2
Event: 23.949 Thread 0x000001eba8b7de00 DEOPT PACKING pc=0x000001eb95ae8c38 sp=0x000000d547bf9750
Event: 23.949 Thread 0x000001eba8b7de00 DEOPT UNPACKING pc=0x000001eb94ff69a3 sp=0x000000d547bf96b8 mode 2
Event: 24.019 Thread 0x000001eba8b7de00 DEOPT PACKING pc=0x000001eb8effa042 sp=0x000000d547bf9c60
Event: 24.019 Thread 0x000001eba8b7de00 DEOPT UNPACKING pc=0x000001eb94ff7143 sp=0x000000d547bf93e8 mode 0
Event: 24.271 Thread 0x000001ebac8c50e0 DEOPT PACKING pc=0x000001eb8f07649f sp=0x000000d5484f6c80
Event: 24.271 Thread 0x000001ebac8c50e0 DEOPT UNPACKING pc=0x000001eb94ff7143 sp=0x000000d5484f6200 mode 0
Event: 24.271 Thread 0x000001ebac8c50e0 Uncommon trap: trap_request=0xffffff45 fr.pc=0x000001eb95aef050 relative=0x0000000000001250
Event: 24.271 Thread 0x000001ebac8c50e0 Uncommon trap: reason=unstable_if action=reinterpret pc=0x000001eb95aef050 method=java.util.HashMap.computeIfAbsent(Ljava/lang/Object;Ljava/util/function/Function;)Ljava/lang/Object; @ 145 c2
Event: 24.271 Thread 0x000001ebac8c50e0 DEOPT PACKING pc=0x000001eb95aef050 sp=0x000000d5484f6dc0
Event: 24.271 Thread 0x000001ebac8c50e0 DEOPT UNPACKING pc=0x000001eb94ff69a3 sp=0x000000d5484f6d78 mode 2
Event: 24.321 Thread 0x000001eba7467a40 Uncommon trap: trap_request=0xffffff45 fr.pc=0x000001eb95ac4c48 relative=0x00000000000000a8
Event: 24.321 Thread 0x000001eba7467a40 Uncommon trap: reason=unstable_if action=reinterpret pc=0x000001eb95ac4c48 method=com.android.tools.r8.utils.structural.s.a(Lcom/android/tools/r8/utils/structural/s;)Z @ 7 c2
Event: 24.321 Thread 0x000001eba7467a40 DEOPT PACKING pc=0x000001eb95ac4c48 sp=0x000000d545dfaaf0
Event: 24.321 Thread 0x000001eba7467a40 DEOPT UNPACKING pc=0x000001eb94ff69a3 sp=0x000000d545dfaa28 mode 2

Classes unloaded (4 events):
Event: 22.146 Thread 0x000001eba3b58430 Unloading class 0x0000000100cf8800 'java/lang/invoke/LambdaForm$DMH+0x0000000100cf8800'
Event: 22.146 Thread 0x000001eba3b58430 Unloading class 0x0000000100cf8c00 'java/lang/invoke/LambdaForm$DMH+0x0000000100cf8c00'
Event: 22.146 Thread 0x000001eba3b58430 Unloading class 0x0000000100cf8000 'java/lang/invoke/LambdaForm$DMH+0x0000000100cf8000'
Event: 24.092 Thread 0x000001eba3b58430 Unloading class 0x0000000100de0400 'java/lang/invoke/LambdaForm$DMH+0x0000000100de0400'

Classes redefined (0 events):
No events

Internal exceptions (20 events):
Event: 22.076 Thread 0x000001eba8b817c0 Exception <a 'sun/nio/fs/WindowsException'{0x000000008c7f0850}> (0x000000008c7f0850) 
thrown [s\src\hotspot\share\prims\jni.cpp, line 517]
Event: 22.082 Thread 0x000001eba7465890 Exception <a 'sun/nio/fs/WindowsException'{0x000000008c710ad0}> (0x000000008c710ad0) 
thrown [s\src\hotspot\share\prims\jni.cpp, line 517]
Event: 22.088 Thread 0x000001eba7462870 Exception <a 'sun/nio/fs/WindowsException'{0x000000008c6647a8}> (0x000000008c6647a8) 
thrown [s\src\hotspot\share\prims\jni.cpp, line 517]
Event: 22.088 Thread 0x000001eba7462870 Exception <a 'sun/nio/fs/WindowsException'{0x000000008c664848}> (0x000000008c664848) 
thrown [s\src\hotspot\share\prims\jni.cpp, line 517]
Event: 22.088 Thread 0x000001eba7462870 Exception <a 'sun/nio/fs/WindowsException'{0x000000008c664c38}> (0x000000008c664c38) 
thrown [s\src\hotspot\share\prims\jni.cpp, line 517]
Event: 22.246 Thread 0x000001eba8b83e40 Exception <a 'sun/nio/fs/WindowsException'{0x000000008c53b0a0}> (0x000000008c53b0a0) 
thrown [s\src\hotspot\share\prims\jni.cpp, line 517]
Event: 22.246 Thread 0x000001eba7462870 Exception <a 'sun/nio/fs/WindowsException'{0x000000008c49be38}> (0x000000008c49be38) 
thrown [s\src\hotspot\share\prims\jni.cpp, line 517]
Event: 22.533 Thread 0x000001eba8b7de00 Exception <a 'sun/nio/fs/WindowsException'{0x000000008a302e80}> (0x000000008a302e80) 
thrown [s\src\hotspot\share\prims\jni.cpp, line 517]
Event: 22.533 Thread 0x000001eba7467a40 Exception <a 'sun/nio/fs/WindowsException'{0x000000008a6623f0}> (0x000000008a6623f0) 
thrown [s\src\hotspot\share\prims\jni.cpp, line 517]
Event: 22.533 Thread 0x000001eba7464a20 Exception <a 'sun/nio/fs/WindowsException'{0x000000008a594990}> (0x000000008a594990) 
thrown [s\src\hotspot\share\prims\jni.cpp, line 517]
Event: 22.555 Thread 0x000001ebac8c50e0 Exception <a 'sun/nio/fs/WindowsException'{0x0000000089a426e8}> (0x0000000089a426e8) 
thrown [s\src\hotspot\share\prims\jni.cpp, line 517]
Event: 22.831 Thread 0x000001eba7464a20 Exception <a 'java/lang/NoSuchMethodError'{0x000000008905bbe8}: 'java.lang.Object java.lang.invoke.DirectMethodHandle$Holder.invokeStaticInit(java.lang.Object, java.lang.Object, java.lang.Object, java.lang.Object, java.lang.Object, java.lang.Object, java.lang.Object, java.lang.Object, java.lang.Object, java.lang.Object, java.lang.Object, java.lang.Object, java.lang.Object, java.lang.Object, java.lang.Object, java.lang.Object, java.lang.Object, java.lang.Object, java.lang.Object, java.lang.Object, int, java
Event: 22.874 Thread 0x000001eba7467a40 Exception <a 'java/lang/IncompatibleClassChangeError'{0x00000000890d6d50}: Found class java.lang.Object, but interface was expected> (0x00000000890d6d50) 
thrown [s\src\hotspot\share\interpreter\linkResolver.cpp, line 838]
Event: 22.874 Thread 0x000001ebac8c50e0 Exception <a 'java/lang/IncompatibleClassChangeError'{0x000000008910f400}: Found class java.lang.Object, but interface was expected> (0x000000008910f400) 
thrown [s\src\hotspot\share\interpreter\linkResolver.cpp, line 838]
Event: 22.958 Thread 0x000001eba8b7de00 Exception <a 'java/lang/NoSuchMethodError'{0x000000008d71dbe0}: 'java.lang.Object java.lang.invoke.DirectMethodHandle$Holder.newInvokeSpecial(java.lang.Object, long)'> (0x000000008d71dbe0) 
thrown [s\src\hotspot\share\interpreter\linkResolver.cpp, line 771]
Event: 23.401 Thread 0x000001eba7464a20 Exception <a 'java/lang/NoSuchMethodError'{0x000000008b1649c8}: 'void java.lang.invoke.DirectMethodHandle$Holder.invokeStatic(java.lang.Object, java.lang.Object, java.lang.Object, int)'> (0x000000008b1649c8) 
thrown [s\src\hotspot\share\interpreter\linkResolver.cpp, line 771]
Event: 23.403 Thread 0x000001eba7464a20 Exception <a 'java/lang/IncompatibleClassChangeError'{0x000000008b1736f8}: Found class java.lang.Object, but interface was expected> (0x000000008b1736f8) 
thrown [s\src\hotspot\share\interpreter\linkResolver.cpp, line 838]
Event: 23.404 Thread 0x000001eba7464a20 Exception <a 'java/lang/NoSuchMethodError'{0x000000008b17b970}: 'void java.lang.invoke.DirectMethodHandle$Holder.invokeInterface(java.lang.Object, java.lang.Object, java.lang.Object, int)'> (0x000000008b17b970) 
thrown [s\src\hotspot\share\interpreter\linkResolver.cpp, line 771]
Event: 24.286 Thread 0x000001eba7464a20 Exception <a 'java/lang/NoSuchMethodError'{0x000000008e502de8}: 'java.lang.Object java.lang.invoke.DirectMethodHandle$Holder.invokeStatic(java.lang.Object, int, java.lang.Object, java.lang.Object)'> (0x000000008e502de8) 
thrown [s\src\hotspot\share\interpreter\linkResolver.cpp, line 771]
Event: 24.300 Thread 0x000001eba7464a20 Exception <a 'java/lang/NoSuchMethodError'{0x000000008e57cf20}: 'java.lang.Object java.lang.invoke.DirectMethodHandle$Holder.invokeStatic(java.lang.Object, java.lang.Object, int, java.lang.Object, java.lang.Object)'> (0x000000008e57cf20) 
thrown [s\src\hotspot\share\interpreter\linkResolver.cpp, line 771]

VM Operations (20 events):
Event: 23.530 Executing VM operation: HandshakeAllThreads done
Event: 23.549 Executing VM operation: HandshakeAllThreads
Event: 23.550 Executing VM operation: HandshakeAllThreads done
Event: 23.551 Executing VM operation: HandshakeAllThreads
Event: 23.552 Executing VM operation: HandshakeAllThreads done
Event: 23.558 Executing VM operation: HandshakeAllThreads
Event: 23.559 Executing VM operation: HandshakeAllThreads done
Event: 23.624 Executing VM operation: HandshakeAllThreads
Event: 23.632 Executing VM operation: HandshakeAllThreads done
Event: 23.689 Executing VM operation: G1CollectForAllocation
Event: 23.731 Executing VM operation: G1CollectForAllocation done
Event: 24.040 Executing VM operation: HandshakeAllThreads
Event: 24.052 Executing VM operation: HandshakeAllThreads done
Event: 24.091 Executing VM operation: G1Concurrent
Event: 24.108 Executing VM operation: G1Concurrent done
Event: 24.336 Executing VM operation: G1Concurrent
Event: 24.337 Executing VM operation: G1Concurrent done
Event: 24.385 Executing VM operation: G1CollectForAllocation
Event: 24.426 Executing VM operation: G1CollectForAllocation done
Event: 24.452 Executing VM operation: G1CollectForAllocation

Events (20 events):
Event: 22.415 loading class java/util/regex/Pattern$SliceU
Event: 22.415 loading class java/util/regex/Pattern$SliceU done
Event: 22.416 loading class sun/nio/fs/WindowsFileSystem$2
Event: 22.416 loading class java/nio/file/PathMatcher
Event: 22.416 loading class java/nio/file/PathMatcher done
Event: 22.416 loading class sun/nio/fs/WindowsFileSystem$2 done
Event: 22.585 loading class java/io/UTFDataFormatException
Event: 22.585 loading class java/io/UTFDataFormatException done
Event: 22.726 loading class java/util/concurrent/RejectedExecutionException
Event: 22.726 loading class java/util/concurrent/RejectedExecutionException done
Event: 22.847 Thread 0x000001eba4514940 flushing nmethod 0x000001eb95a77110
Event: 22.857 Thread 0x000001eba4514940 flushing nmethod 0x000001eb8e430310
Event: 22.857 Thread 0x000001eba4514940 flushing nmethod 0x000001eb8e4cc310
Event: 22.864 Thread 0x000001eba4514940 flushing nmethod 0x000001eb8eb4c810
Event: 22.864 Thread 0x000001eba4514940 flushing nmethod 0x000001eb8eb5dc90
Event: 22.865 Thread 0x000001eba4514940 flushing nmethod 0x000001eb8ec23d10
Event: 22.869 loading class java/lang/reflect/GenericSignatureFormatError
Event: 22.869 loading class java/lang/reflect/GenericSignatureFormatError done
Event: 23.077 loading class java/util/concurrent/ConcurrentLinkedQueue$Itr
Event: 23.077 loading class java/util/concurrent/ConcurrentLinkedQueue$Itr done


Dynamic libraries:
0x00007ff67b3d0000 - 0x00007ff67b3da000 	D:\Android\Android Studio\jbr\bin\java.exe
0x00007ff9248d0000 - 0x00007ff924ac8000 	C:\WINDOWS\SYSTEM32\ntdll.dll
0x00007ff9231a0000 - 0x00007ff92325d000 	C:\WINDOWS\System32\KERNEL32.DLL
0x00007ff922020000 - 0x00007ff922316000 	C:\WINDOWS\System32\KERNELBASE.dll
0x00007ff922350000 - 0x00007ff922450000 	C:\WINDOWS\System32\ucrtbase.dll
0x00007ff916950000 - 0x00007ff916967000 	D:\Android\Android Studio\jbr\bin\jli.dll
0x00007ff90bda0000 - 0x00007ff90bdbb000 	D:\Android\Android Studio\jbr\bin\VCRUNTIME140.dll
0x00007ff922fa0000 - 0x00007ff92313e000 	C:\WINDOWS\System32\USER32.dll
0x00007ff90c8a0000 - 0x00007ff90cb3a000 	C:\WINDOWS\WinSxS\amd64_microsoft.windows.common-controls_6595b64144ccf1df_6.0.19041.1110_none_60b5254171f9507e\COMCTL32.dll
0x00007ff922320000 - 0x00007ff922342000 	C:\WINDOWS\System32\win32u.dll
0x00007ff923f90000 - 0x00007ff92402e000 	C:\WINDOWS\System32\msvcrt.dll
0x00007ff9236e0000 - 0x00007ff92370c000 	C:\WINDOWS\System32\GDI32.dll
0x00007ff922810000 - 0x00007ff92292a000 	C:\WINDOWS\System32\gdi32full.dll
0x00007ff922770000 - 0x00007ff92280d000 	C:\WINDOWS\System32\msvcp_win.dll
0x00007ff923260000 - 0x00007ff923290000 	C:\WINDOWS\System32\IMM32.DLL
0x00007ff9169f0000 - 0x00007ff9169fc000 	D:\Android\Android Studio\jbr\bin\vcruntime140_1.dll
0x00007ff8f2180000 - 0x00007ff8f220d000 	D:\Android\Android Studio\jbr\bin\msvcp140.dll
0x00007ff8e6f20000 - 0x00007ff8e7b8e000 	D:\Android\Android Studio\jbr\bin\server\jvm.dll
0x00007ff924190000 - 0x00007ff92423e000 	C:\WINDOWS\System32\ADVAPI32.dll
0x00007ff924240000 - 0x00007ff9242dc000 	C:\WINDOWS\System32\sechost.dll
0x00007ff922930000 - 0x00007ff922a56000 	C:\WINDOWS\System32\RPCRT4.dll
0x00007ff91aa70000 - 0x00007ff91aa79000 	C:\WINDOWS\SYSTEM32\WSOCK32.dll
0x00007ff924390000 - 0x00007ff9243fb000 	C:\WINDOWS\System32\WS2_32.dll
0x00007ff915f10000 - 0x00007ff915f1a000 	C:\WINDOWS\SYSTEM32\VERSION.dll
0x00007ff9063b0000 - 0x00007ff9063d7000 	C:\WINDOWS\SYSTEM32\WINMM.dll
0x00007ff9207d0000 - 0x00007ff9207e2000 	C:\WINDOWS\SYSTEM32\kernel.appcore.dll
0x00007ff91aa00000 - 0x00007ff91aa0a000 	D:\Android\Android Studio\jbr\bin\jimage.dll
0x00007ff91cba0000 - 0x00007ff91cd84000 	C:\WINDOWS\SYSTEM32\DBGHELP.DLL
0x00007ff9062c0000 - 0x00007ff9062f4000 	C:\WINDOWS\SYSTEM32\dbgcore.DLL
0x00007ff922630000 - 0x00007ff9226b2000 	C:\WINDOWS\System32\bcryptPrimitives.dll
0x00007ff9167c0000 - 0x00007ff9167e5000 	D:\Android\Android Studio\jbr\bin\java.dll
0x00007ff9187d0000 - 0x00007ff9187e8000 	D:\Android\Android Studio\jbr\bin\zip.dll
0x00007ff923710000 - 0x00007ff923e55000 	C:\WINDOWS\System32\SHELL32.dll
0x00007ff920020000 - 0x00007ff9207bb000 	C:\WINDOWS\SYSTEM32\windows.storage.dll
0x00007ff924530000 - 0x00007ff924884000 	C:\WINDOWS\System32\combase.dll
0x00007ff921980000 - 0x00007ff9219ae000 	C:\WINDOWS\SYSTEM32\Wldp.dll
0x00007ff9242e0000 - 0x00007ff92438d000 	C:\WINDOWS\System32\SHCORE.dll
0x00007ff923420000 - 0x00007ff923475000 	C:\WINDOWS\System32\shlwapi.dll
0x00007ff921ee0000 - 0x00007ff921f05000 	C:\WINDOWS\SYSTEM32\profapi.dll
0x00007ff9184b0000 - 0x00007ff9184c9000 	D:\Android\Android Studio\jbr\bin\net.dll
0x00007ff90fe30000 - 0x00007ff90ff3a000 	C:\WINDOWS\SYSTEM32\WINHTTP.dll
0x00007ff9216e0000 - 0x00007ff92174a000 	C:\WINDOWS\system32\mswsock.dll
0x00007ff9169d0000 - 0x00007ff9169e6000 	D:\Android\Android Studio\jbr\bin\nio.dll
0x00007ff91a800000 - 0x00007ff91a810000 	D:\Android\Android Studio\jbr\bin\verify.dll
0x00007ff90d3e0000 - 0x00007ff90d407000 	D:\Android\gradle-8.3\native\68d5fa5c4cc2d200863cafc0d521ce42e7d3e7ee720ec0a83991735586a16f82\windows-amd64\native-platform.dll
0x00007ff8e8350000 - 0x00007ff8e8494000 	D:\Android\gradle-8.3\native\e376f236ea51e6404a007f0833ffe2c6e607c4080706a723a18a27aeea778392\windows-amd64\native-platform-file-events.dll
0x00007ff9187a0000 - 0x00007ff9187a9000 	D:\Android\Android Studio\jbr\bin\management.dll
0x00007ff9186d0000 - 0x00007ff9186db000 	D:\Android\Android Studio\jbr\bin\management_ext.dll
0x00007ff922f90000 - 0x00007ff922f98000 	C:\WINDOWS\System32\PSAPI.DLL
0x00007ff9218d0000 - 0x00007ff9218e8000 	C:\WINDOWS\SYSTEM32\CRYPTSP.dll
0x00007ff920ff0000 - 0x00007ff921024000 	C:\WINDOWS\system32\rsaenh.dll
0x00007ff922450000 - 0x00007ff922477000 	C:\WINDOWS\System32\bcrypt.dll
0x00007ff921e60000 - 0x00007ff921e8e000 	C:\WINDOWS\SYSTEM32\USERENV.dll
0x00007ff9218f0000 - 0x00007ff9218fc000 	C:\WINDOWS\SYSTEM32\CRYPTBASE.dll
0x00007ff9213d0000 - 0x00007ff92140b000 	C:\WINDOWS\SYSTEM32\IPHLPAPI.DLL
0x00007ff923f80000 - 0x00007ff923f88000 	C:\WINDOWS\System32\NSI.dll
0x00007ff9107d0000 - 0x00007ff9107e7000 	C:\WINDOWS\SYSTEM32\dhcpcsvc6.DLL
0x00007ff9107b0000 - 0x00007ff9107cd000 	C:\WINDOWS\SYSTEM32\dhcpcsvc.DLL
0x00007ff921410000 - 0x00007ff9214da000 	C:\WINDOWS\SYSTEM32\DNSAPI.dll
0x00007ff9183b0000 - 0x00007ff9183b7000 	C:\WINDOWS\system32\wshunix.dll
0x00007ff8fb090000 - 0x00007ff8fb0a7000 	C:\WINDOWS\system32\napinsp.dll
0x00007ff8fb0b0000 - 0x00007ff8fb0cb000 	C:\WINDOWS\system32\pnrpnsp.dll
0x00007ff9199f0000 - 0x00007ff919a05000 	C:\WINDOWS\system32\wshbth.dll
0x00007ff91a480000 - 0x00007ff91a49d000 	C:\WINDOWS\system32\NLAapi.dll
0x00007ff8fb130000 - 0x00007ff8fb142000 	C:\WINDOWS\System32\winrnr.dll
0x00007ff90ce30000 - 0x00007ff90ce3a000 	C:\Windows\System32\rasadhlp.dll
0x00007ff90cce0000 - 0x00007ff90cd62000 	C:\WINDOWS\System32\fwpuclnt.dll

dbghelp: loaded successfully - version: 4.0.5 - missing functions: none
symbol engine: initialized successfully - sym options: 0x614 - pdb path: .;D:\Android\Android Studio\jbr\bin;C:\WINDOWS\SYSTEM32;C:\WINDOWS\WinSxS\amd64_microsoft.windows.common-controls_6595b64144ccf1df_6.0.19041.1110_none_60b5254171f9507e;D:\Android\Android Studio\jbr\bin\server;D:\Android\gradle-8.3\native\68d5fa5c4cc2d200863cafc0d521ce42e7d3e7ee720ec0a83991735586a16f82\windows-amd64;D:\Android\gradle-8.3\native\e376f236ea51e6404a007f0833ffe2c6e607c4080706a723a18a27aeea778392\windows-amd64

VM Arguments:
jvm_args: --add-opens=java.base/java.util=ALL-UNNAMED --add-opens=java.base/java.lang=ALL-UNNAMED --add-opens=java.base/java.lang.invoke=ALL-UNNAMED --add-opens=java.prefs/java.util.prefs=ALL-UNNAMED --add-opens=java.base/java.nio.charset=ALL-UNNAMED --add-opens=java.base/java.net=ALL-UNNAMED --add-opens=java.base/java.util.concurrent.atomic=ALL-UNNAMED -Xmx2048m -Dfile.encoding=UTF-8 -Duser.country=US -Duser.language=en -Duser.variant 
java_command: org.gradle.launcher.daemon.bootstrap.GradleDaemon 8.0
java_class_path (initial): D:\Android\gradle-8.3\wrapper\dists\gradle-8.0-bin\ca5e32bp14vu59qr306oxotwh\gradle-8.0\lib\gradle-launcher-8.0.jar
Launcher Type: SUN_STANDARD

[Global flags]
     intx CICompilerCount                          = 3                                         {product} {ergonomic}
     uint ConcGCThreads                            = 1                                         {product} {ergonomic}
     uint G1ConcRefinementThreads                  = 4                                         {product} {ergonomic}
   size_t G1HeapRegionSize                         = 1048576                                   {product} {ergonomic}
    uintx GCDrainStackTargetSize                   = 64                                        {product} {ergonomic}
   size_t InitialHeapSize                          = 134217728                                 {product} {ergonomic}
   size_t MarkStackSize                            = 4194304                                   {product} {ergonomic}
   size_t MaxHeapSize                              = 2147483648                                {product} {command line}
   size_t MaxNewSize                               = 1287651328                                {product} {ergonomic}
   size_t MinHeapDeltaBytes                        = 1048576                                   {product} {ergonomic}
   size_t MinHeapSize                              = 8388608                                   {product} {ergonomic}
    uintx NonNMethodCodeHeapSize                   = 5832780                                {pd product} {ergonomic}
    uintx NonProfiledCodeHeapSize                  = 122912730                              {pd product} {ergonomic}
    uintx ProfiledCodeHeapSize                     = 122912730                              {pd product} {ergonomic}
    uintx ReservedCodeCacheSize                    = 251658240                              {pd product} {ergonomic}
     bool SegmentedCodeCache                       = true                                      {product} {ergonomic}
   size_t SoftMaxHeapSize                          = 2147483648                             {manageable} {ergonomic}
     bool UseCompressedClassPointers               = true                           {product lp64_product} {ergonomic}
     bool UseCompressedOops                        = true                           {product lp64_product} {ergonomic}
     bool UseG1GC                                  = true                                      {product} {ergonomic}
     bool UseLargePagesIndividualAllocation        = false                                  {pd product} {ergonomic}

Logging:
Log output configuration:
 #0: stdout all=warning uptime,level,tags
 #1: stderr all=off uptime,level,tags

Environment Variables:
PATH=C:\Program Files (x86)\Common Files\Oracle\Java\javapath;D:\IntelSWTools\system_studio_2020\OpenCL\sdk\bin\x64;D:\IntelSWTools\system_studio_2020\OpenCL\sdk\bin\x86;D:\app\hP\product\11.2.0\dbhome_1\bin;C:\Program Files\Common Files\Oracle\Java\javapath;C:\ProgramData\Oracle\Java\javapath;C:\WINDOWS\system32;C:\WINDOWS;C:\WINDOWS\System32\Wbem;C:\WINDOWS\System32\WindowsPowerShell\v1.0\;C:\WINDOWS\System32\OpenSSH\;C:\MinGW\bin;D:\R2019b\runtime\win64;D:\R2019b\bin;D:\R2019b\polyspace\bin;D:\bin;C:\Program Files\Java\jdk-18.0.2.1;C:\Program Files\Microsoft SQL Server\150\Tools\Binn\;C:\Program Files\Cloudflare\Cloudflare WARP\;D:\nodejs\;C:\Program Files\MySQL\MySQL Shell 8.0\bin\;C:\Users\hP\AppData\Local\Programs\Python\Python310\Scripts\;C:\Users\hP\AppData\Local\Programs\Python\Python310\;C:\Users\hP\AppData\Local\Microsoft\WindowsApps;D:\_JetBrains_CLion_2020.2.1x64\CLion 2020.2.1\bin;;C:\Program Files\Azure Data Studio\bin;C:\Users\hP\AppData\Roaming\npm;D:\Microsoft VS Code\bin
USERNAME=hP
OS=Windows_NT
PROCESSOR_IDENTIFIER=Intel64 Family 6 Model 142 Stepping 9, GenuineIntel
TMP=C:\Users\hP\AppData\Local\Temp
TEMP=C:\Users\hP\AppData\Local\Temp


JNI global refs:
JNI global refs: 27, weak refs: 18

JNI global refs memory usage: 843, weak refs: 841


---------------  S Y S T E M  ---------------

OS:
 Windows 10 , 64 bit Build 19041 (10.0.19041.3393)
OS uptime: 0 days 23:26 hours

CPU: total 4 (initial active 4) (2 cores per cpu, 2 threads per core) family 6 model 142 stepping 9 microcode 0xb4, cx8, cmov, fxsr, ht, mmx, 3dnowpref, sse, sse2, sse3, ssse3, sse4.1, sse4.2, popcnt, lzcnt, tsc, tscinvbit, avx, avx2, aes, erms, clmul, bmi1, bmi2, adx, fma, vzeroupper, clflush, clflushopt

Memory: 4k page, system-wide physical 8089M (381M free)
TotalPageFile size 12185M (AvailPageFile size 31M)
current process WorkingSet (physical memory assigned to process): 528M, peak: 528M
current process commit charge ("private bytes"): 554M, peak: 1044M

vm_info: OpenJDK 64-Bit Server VM (17.0.6+0-b2043.56-10027231) for windows-amd64 JRE (17.0.6+0-b2043.56-10027231), built on Apr 28 2023 00:43:19 by "androidbuild" with MS VC++ 16.10 / 16.11 (VS2019)

END.
