#
# There is insufficient memory for the Java Runtime Environment to continue.
# Native memory allocation (mmap) failed to map 319815680 bytes for G1 virtual space
# Possible reasons:
#   The system is out of physical RAM or swap space
#   The process is running with CompressedOops enabled, and the Java Heap may be blocking the growth of the native heap
# Possible solutions:
#   Reduce memory load on the system
#   Increase physical memory or swap space
#   Check if swap backing store is full
#   Decrease Java heap size (-Xmx/-Xms)
#   Decrease number of Java threads
#   Decrease Java thread stack sizes (-Xss)
#   Set larger code cache with -XX:ReservedCodeCacheSize=
#   JVM is running with Unscaled Compressed Oops mode in which the Java heap is
#     placed in the first 4GB address space. The Java Heap base address is the
#     maximum limit for the native heap growth. Please use -XX:HeapBaseMinAddress
#     to set the Java Heap base and to place the Java Heap above 4GB virtual address.
# This output file may be truncated or incomplete.
#
#  Out of Memory Error (os_windows.cpp:3769), pid=7608, tid=3340
#
# JRE version: OpenJDK Runtime Environment (17.0.6) (build 17.0.6+0-b2043.56-10027231)
# Java VM: OpenJDK 64-Bit Server VM (17.0.6+0-b2043.56-10027231, mixed mode, tiered, compressed oops, compressed class ptrs, g1 gc, windows-amd64)
# No core dump will be written. Minidumps are not enabled by default on client versions of Windows
#

---------------  S U M M A R Y ------------

Command Line: --add-opens=java.base/java.util=ALL-UNNAMED --add-opens=java.base/java.lang=ALL-UNNAMED --add-opens=java.base/java.lang.invoke=ALL-UNNAMED --add-opens=java.prefs/java.util.prefs=ALL-UNNAMED --add-opens=java.base/java.nio.charset=ALL-UNNAMED --add-opens=java.base/java.net=ALL-UNNAMED --add-opens=java.base/java.util.concurrent.atomic=ALL-UNNAMED -Xmx2048m -Dfile.encoding=UTF-8 -Duser.country=US -Duser.language=en -Duser.variant org.gradle.launcher.daemon.bootstrap.GradleDaemon 8.0

Host: Intel(R) Core(TM) i5-7200U CPU @ 2.50GHz, 4 cores, 7G,  Windows 10 , 64 bit Build 19041 (10.0.19041.3393)
Time: Wed Oct 11 09:26:58 2023 Pakistan Standard Time elapsed time: 36.484755 seconds (0d 0h 0m 36s)

---------------  T H R E A D  ---------------

Current thread (0x0000010ce6de7110):  VMThread "VM Thread" [stack: 0x00000001d4b00000,0x00000001d4c00000] [id=3340]

Stack: [0x00000001d4b00000,0x00000001d4c00000]
Native frames: (J=compiled Java code, j=interpreted, Vv=VM code, C=native code)
V  [jvm.dll+0x683c9a]
V  [jvm.dll+0x8427a4]
V  [jvm.dll+0x843f9e]
V  [jvm.dll+0x844603]
V  [jvm.dll+0x249b75]
V  [jvm.dll+0x680b69]
V  [jvm.dll+0x67505a]
V  [jvm.dll+0x309acb]
V  [jvm.dll+0x310f86]
V  [jvm.dll+0x3608ee]
V  [jvm.dll+0x360b1f]
V  [jvm.dll+0x2dfbf8]
V  [jvm.dll+0x2ddec4]
V  [jvm.dll+0x2dd4cc]
V  [jvm.dll+0x321f3b]
V  [jvm.dll+0x848ccb]
V  [jvm.dll+0x849a04]
V  [jvm.dll+0x849f1d]
V  [jvm.dll+0x84a2f4]
V  [jvm.dll+0x84a3c0]
V  [jvm.dll+0x7f274a]
V  [jvm.dll+0x682ad5]
C  [ucrtbase.dll+0x21bb2]
C  [KERNEL32.DLL+0x17344]
C  [ntdll.dll+0x526b1]

VM_Operation (0x00000001d61f38d0): G1CollectForAllocation, mode: safepoint, requested by thread 0x0000010ce8f3c790


---------------  P R O C E S S  ---------------

Threads class SMR info:
_java_thread_list=0x0000010cf026dbd0, length=83, elements={
0x0000010ccb8caff0, 0x0000010ce6e0e620, 0x0000010ce6e0fdc0, 0x0000010ce6e2d140,
0x0000010ce6e2da00, 0x0000010ce6e2e2c0, 0x0000010ce780a820, 0x0000010ce780b410,
0x0000010ce78109e0, 0x0000010ce7834990, 0x0000010ce797ff50, 0x0000010ce7982840,
0x0000010cea13a860, 0x0000010cea0f7d60, 0x0000010ce8dc0790, 0x0000010ce9324530,
0x0000010ce9324a00, 0x0000010cea1382b0, 0x0000010ce8f3c790, 0x0000010ce9c4f0a0,
0x0000010ce9049970, 0x0000010ce9047c90, 0x0000010ce90472f0, 0x0000010ce9049e40,
0x0000010ce90477c0, 0x0000010ce9048630, 0x0000010ce904a310, 0x0000010ce9046950,
0x0000010ce9046e20, 0x0000010ce9048b00, 0x0000010ce9048fd0, 0x0000010ce90494a0,
0x0000010ceae8e490, 0x0000010ceae8f300, 0x0000010ceae93660, 0x0000010ceae927f0,
0x0000010ceae94e70, 0x0000010ceae8dfc0, 0x0000010ce9f25d10, 0x0000010ceae95810,
0x0000010cefc2da20, 0x0000010cefc2b3a0, 0x0000010cefc2a060, 0x0000010cefc2a530,
0x0000010cefc2bd40, 0x0000010cefc2c210, 0x0000010cefc2aed0, 0x0000010cefc2d080,
0x0000010cefc2c6e0, 0x0000010cefc2cbb0, 0x0000010cefff1f20, 0x0000010cefff40d0,
0x0000010cefff3730, 0x0000010cefff23f0, 0x0000010cefff3c00, 0x0000010cf1906530,
0x0000010cf1906a00, 0x0000010cf1906ed0, 0x0000010cf19073a0, 0x0000010ced7916b0,
0x0000010ced7929f0, 0x0000010ce9f261e0, 0x0000010ce9f24ea0, 0x0000010ced4bd540,
0x0000010ced4bda10, 0x0000010cefff45a0, 0x0000010cefff1580, 0x0000010cefff3260,
0x0000010cefff4a70, 0x0000010cefff2d90, 0x0000010cefff28c0, 0x0000010cefff10b0,
0x0000010cefff1a50, 0x0000010ced8f98b0, 0x0000010ced8f8f10, 0x0000010ced8fa250,
0x0000010ced8f7230, 0x0000010ceae90b10, 0x0000010ced792050, 0x0000010ced78f500,
0x0000010ced792520, 0x0000010ceae90fe0, 0x0000010cf17dd420
}

Java Threads: ( => current thread )
  0x0000010ccb8caff0 JavaThread "main" [_thread_blocked, id=11816, stack(0x00000001d4400000,0x00000001d4500000)]
  0x0000010ce6e0e620 JavaThread "Reference Handler" daemon [_thread_blocked, id=10572, stack(0x00000001d4c00000,0x00000001d4d00000)]
  0x0000010ce6e0fdc0 JavaThread "Finalizer" daemon [_thread_blocked, id=12096, stack(0x00000001d4d00000,0x00000001d4e00000)]
  0x0000010ce6e2d140 JavaThread "Signal Dispatcher" daemon [_thread_blocked, id=12152, stack(0x00000001d4e00000,0x00000001d4f00000)]
  0x0000010ce6e2da00 JavaThread "Attach Listener" daemon [_thread_blocked, id=12780, stack(0x00000001d4f00000,0x00000001d5000000)]
  0x0000010ce6e2e2c0 JavaThread "Service Thread" daemon [_thread_blocked, id=12336, stack(0x00000001d5000000,0x00000001d5100000)]
  0x0000010ce780a820 JavaThread "Monitor Deflation Thread" daemon [_thread_blocked, id=9048, stack(0x00000001d5100000,0x00000001d5200000)]
  0x0000010ce780b410 JavaThread "C2 CompilerThread0" daemon [_thread_blocked, id=872, stack(0x00000001d5200000,0x00000001d5300000)]
  0x0000010ce78109e0 JavaThread "C1 CompilerThread0" daemon [_thread_blocked, id=8872, stack(0x00000001d5300000,0x00000001d5400000)]
  0x0000010ce7834990 JavaThread "Sweeper thread" daemon [_thread_blocked, id=8540, stack(0x00000001d5400000,0x00000001d5500000)]
  0x0000010ce797ff50 JavaThread "Common-Cleaner" daemon [_thread_blocked, id=6196, stack(0x00000001d5500000,0x00000001d5600000)]
  0x0000010ce7982840 JavaThread "Notification Thread" daemon [_thread_blocked, id=10420, stack(0x00000001d5600000,0x00000001d5700000)]
  0x0000010cea13a860 JavaThread "Daemon health stats" [_thread_blocked, id=9120, stack(0x00000001d5c00000,0x00000001d5d00000)]
  0x0000010cea0f7d60 JavaThread "Incoming local TCP Connector on port 52935" [_thread_in_native, id=8948, stack(0x00000001d5b00000,0x00000001d5c00000)]
  0x0000010ce8dc0790 JavaThread "Daemon periodic checks" [_thread_blocked, id=6896, stack(0x00000001d5d00000,0x00000001d5e00000)]
  0x0000010ce9324530 JavaThread "Daemon" [_thread_blocked, id=10832, stack(0x00000001d5e00000,0x00000001d5f00000)]
  0x0000010ce9324a00 JavaThread "Handler for socket connection from /127.0.0.1:52935 to /127.0.0.1:52936" [_thread_in_native, id=4688, stack(0x00000001d5f00000,0x00000001d6000000)]
  0x0000010cea1382b0 JavaThread "Cancel handler" [_thread_blocked, id=14096, stack(0x00000001d6000000,0x00000001d6100000)]
  0x0000010ce8f3c790 JavaThread "Daemon worker" [_thread_blocked, id=13740, stack(0x00000001d6100000,0x00000001d6200000)]
  0x0000010ce9c4f0a0 JavaThread "Asynchronous log dispatcher for DefaultDaemonConnection: socket connection from /127.0.0.1:52935 to /127.0.0.1:52936" [_thread_blocked, id=12948, stack(0x00000001d6200000,0x00000001d6300000)]
  0x0000010ce9049970 JavaThread "Stdin handler" [_thread_blocked, id=4792, stack(0x00000001d6300000,0x00000001d6400000)]
  0x0000010ce9047c90 JavaThread "Daemon client event forwarder" [_thread_blocked, id=8628, stack(0x00000001d6400000,0x00000001d6500000)]
  0x0000010ce90472f0 JavaThread "Cache worker for journal cache (D:\Android\gradle-8.3\caches\journal-1)" [_thread_blocked, id=9472, stack(0x00000001d6500000,0x00000001d6600000)]
  0x0000010ce9049e40 JavaThread "File lock request listener" [_thread_in_native, id=4856, stack(0x00000001d6600000,0x00000001d6700000)]
  0x0000010ce90477c0 JavaThread "Cache worker for file hash cache (D:\Android\gradle-8.3\caches\8.0\fileHashes)" [_thread_blocked, id=552, stack(0x00000001d6800000,0x00000001d6900000)]
  0x0000010ce9048630 JavaThread "File watcher server" daemon [_thread_in_native, id=10944, stack(0x00000001d6900000,0x00000001d6a00000)]
  0x0000010ce904a310 JavaThread "File watcher consumer" daemon [_thread_blocked, id=12660, stack(0x00000001d6a00000,0x00000001d6b00000)]
  0x0000010ce9046950 JavaThread "jar transforms" [_thread_blocked, id=13428, stack(0x00000001d6b00000,0x00000001d6c00000)]
  0x0000010ce9046e20 JavaThread "jar transforms Thread 2" [_thread_blocked, id=2020, stack(0x00000001d6c00000,0x00000001d6d00000)]
  0x0000010ce9048b00 JavaThread "jar transforms Thread 3" [_thread_blocked, id=6444, stack(0x00000001d6d00000,0x00000001d6e00000)]
  0x0000010ce9048fd0 JavaThread "jar transforms Thread 4" [_thread_blocked, id=3656, stack(0x00000001d6e00000,0x00000001d6f00000)]
  0x0000010ce90494a0 JavaThread "Cache worker for checksums cache (D:\i200547\.gradle\8.0\checksums)" [_thread_blocked, id=3244, stack(0x00000001d6f00000,0x00000001d7000000)]
  0x0000010ceae8e490 JavaThread "Cache worker for cache directory md-rule (D:\Android\gradle-8.3\caches\8.0\md-rule)" [_thread_blocked, id=12104, stack(0x00000001d7000000,0x00000001d7100000)]
  0x0000010ceae8f300 JavaThread "Cache worker for file content cache (D:\Android\gradle-8.3\caches\8.0\fileContent)" [_thread_blocked, id=8940, stack(0x00000001d7100000,0x00000001d7200000)]
  0x0000010ceae93660 JavaThread "Cache worker for file hash cache (D:\i200547\.gradle\8.0\fileHashes)" [_thread_blocked, id=1520, stack(0x00000001d7200000,0x00000001d7300000)]
  0x0000010ceae927f0 JavaThread "Cache worker for cache directory md-supplier (D:\Android\gradle-8.3\caches\8.0\md-supplier)" [_thread_blocked, id=2252, stack(0x00000001d7300000,0x00000001d7400000)]
  0x0000010ceae94e70 JavaThread "Cache worker for execution history cache (D:\Android\gradle-8.3\caches\8.0\executionHistory)" [_thread_blocked, id=10456, stack(0x00000001d7400000,0x00000001d7500000)]
  0x0000010ceae8dfc0 JavaThread "Cache worker for kotlin-dsl (D:\Android\gradle-8.3\caches\8.0\kotlin-dsl)" [_thread_blocked, id=7896, stack(0x00000001d7500000,0x00000001d7600000)]
  0x0000010ce9f25d10 JavaThread "Cache worker for dependencies-accessors (D:\i200547\.gradle\8.0\dependencies-accessors)" [_thread_blocked, id=6980, stack(0x00000001d7600000,0x00000001d7700000)]
  0x0000010ceae95810 JavaThread "Cache worker for Build Output Cleanup Cache (D:\i200547\.gradle\buildOutputCleanup)" [_thread_blocked, id=11436, stack(0x00000001d7700000,0x00000001d7800000)]
  0x0000010cefc2da20 JavaThread "Unconstrained build operations" [_thread_blocked, id=10084, stack(0x00000001d7800000,0x00000001d7900000)]
  0x0000010cefc2b3a0 JavaThread "Unconstrained build operations Thread 2" [_thread_blocked, id=13248, stack(0x00000001d7900000,0x00000001d7a00000)]
  0x0000010cefc2a060 JavaThread "Unconstrained build operations Thread 3" [_thread_blocked, id=5568, stack(0x00000001d7a00000,0x00000001d7b00000)]
  0x0000010cefc2a530 JavaThread "Unconstrained build operations Thread 4" [_thread_blocked, id=9424, stack(0x00000001d7b00000,0x00000001d7c00000)]
  0x0000010cefc2bd40 JavaThread "Unconstrained build operations Thread 5" [_thread_blocked, id=2996, stack(0x00000001d7c00000,0x00000001d7d00000)]
  0x0000010cefc2c210 JavaThread "Unconstrained build operations Thread 6" [_thread_blocked, id=12696, stack(0x00000001d7d00000,0x00000001d7e00000)]
  0x0000010cefc2aed0 JavaThread "Unconstrained build operations Thread 7" [_thread_blocked, id=13412, stack(0x00000001d7e00000,0x00000001d7f00000)]
  0x0000010cefc2d080 JavaThread "Unconstrained build operations Thread 8" [_thread_blocked, id=12368, stack(0x00000001d7f00000,0x00000001d8000000)]
  0x0000010cefc2c6e0 JavaThread "Unconstrained build operations Thread 9" [_thread_blocked, id=1948, stack(0x00000001d8000000,0x00000001d8100000)]
  0x0000010cefc2cbb0 JavaThread "Unconstrained build operations Thread 10" [_thread_blocked, id=8152, stack(0x00000001d8100000,0x00000001d8200000)]
  0x0000010cefff1f20 JavaThread "Unconstrained build operations Thread 11" [_thread_blocked, id=6168, stack(0x00000001d8200000,0x00000001d8300000)]
  0x0000010cefff40d0 JavaThread "Unconstrained build operations Thread 12" [_thread_blocked, id=7756, stack(0x00000001d8300000,0x00000001d8400000)]
  0x0000010cefff3730 JavaThread "Unconstrained build operations Thread 13" [_thread_blocked, id=7068, stack(0x00000001d8400000,0x00000001d8500000)]
  0x0000010cefff23f0 JavaThread "Unconstrained build operations Thread 14" [_thread_blocked, id=14276, stack(0x00000001d8500000,0x00000001d8600000)]
  0x0000010cefff3c00 JavaThread "Unconstrained build operations Thread 15" [_thread_blocked, id=11324, stack(0x00000001d8600000,0x00000001d8700000)]
  0x0000010cf1906530 JavaThread "Unconstrained build operations Thread 16" [_thread_blocked, id=13720, stack(0x00000001d8700000,0x00000001d8800000)]
  0x0000010cf1906a00 JavaThread "Unconstrained build operations Thread 17" [_thread_blocked, id=1564, stack(0x00000001d8800000,0x00000001d8900000)]
  0x0000010cf1906ed0 JavaThread "Unconstrained build operations Thread 18" [_thread_blocked, id=904, stack(0x00000001d8900000,0x00000001d8a00000)]
  0x0000010cf19073a0 JavaThread "Unconstrained build operations Thread 19" [_thread_blocked, id=5196, stack(0x00000001d8a00000,0x00000001d8b00000)]
  0x0000010ced7916b0 JavaThread "Unconstrained build operations Thread 20" [_thread_blocked, id=5828, stack(0x00000001d8b00000,0x00000001d8c00000)]
  0x0000010ced7929f0 JavaThread "Unconstrained build operations Thread 21" [_thread_blocked, id=8168, stack(0x00000001d8c00000,0x00000001d8d00000)]
  0x0000010ce9f261e0 JavaThread "Unconstrained build operations Thread 22" [_thread_blocked, id=7216, stack(0x00000001d8d00000,0x00000001d8e00000)]
  0x0000010ce9f24ea0 JavaThread "Unconstrained build operations Thread 23" [_thread_blocked, id=308, stack(0x00000001d8e00000,0x00000001d8f00000)]
  0x0000010ced4bd540 JavaThread "Unconstrained build operations Thread 24" [_thread_blocked, id=11164, stack(0x00000001d8f00000,0x00000001d9000000)]
  0x0000010ced4bda10 JavaThread "Unconstrained build operations Thread 25" [_thread_blocked, id=10544, stack(0x00000001d9000000,0x00000001d9100000)]
  0x0000010cefff45a0 JavaThread "Unconstrained build operations Thread 26" [_thread_blocked, id=8584, stack(0x00000001d9100000,0x00000001d9200000)]
  0x0000010cefff1580 JavaThread "Unconstrained build operations Thread 27" [_thread_blocked, id=1852, stack(0x00000001d9200000,0x00000001d9300000)]
  0x0000010cefff3260 JavaThread "Unconstrained build operations Thread 28" [_thread_blocked, id=5608, stack(0x00000001d9300000,0x00000001d9400000)]
  0x0000010cefff4a70 JavaThread "Unconstrained build operations Thread 29" [_thread_blocked, id=820, stack(0x00000001d9400000,0x00000001d9500000)]
  0x0000010cefff2d90 JavaThread "Unconstrained build operations Thread 30" [_thread_blocked, id=11792, stack(0x00000001d9500000,0x00000001d9600000)]
  0x0000010cefff28c0 JavaThread "Unconstrained build operations Thread 31" [_thread_blocked, id=1648, stack(0x00000001d9600000,0x00000001d9700000)]
  0x0000010cefff10b0 JavaThread "Unconstrained build operations Thread 32" [_thread_blocked, id=10896, stack(0x00000001d9700000,0x00000001d9800000)]
  0x0000010cefff1a50 JavaThread "Unconstrained build operations Thread 33" [_thread_blocked, id=11592, stack(0x00000001d9800000,0x00000001d9900000)]
  0x0000010ced8f98b0 JavaThread "Unconstrained build operations Thread 34" [_thread_blocked, id=6808, stack(0x00000001d9900000,0x00000001d9a00000)]
  0x0000010ced8f8f10 JavaThread "Unconstrained build operations Thread 35" [_thread_blocked, id=3012, stack(0x00000001d9a00000,0x00000001d9b00000)]
  0x0000010ced8fa250 JavaThread "Unconstrained build operations Thread 36" [_thread_blocked, id=7040, stack(0x00000001d9b00000,0x00000001d9c00000)]
  0x0000010ced8f7230 JavaThread "Unconstrained build operations Thread 37" [_thread_blocked, id=240, stack(0x00000001d9c00000,0x00000001d9d00000)]
  0x0000010ceae90b10 JavaThread "Unconstrained build operations Thread 38" [_thread_blocked, id=7096, stack(0x00000001d9d00000,0x00000001d9e00000)]
  0x0000010ced792050 JavaThread "Unconstrained build operations Thread 39" [_thread_blocked, id=13524, stack(0x00000001d9e00000,0x00000001d9f00000)]
  0x0000010ced78f500 JavaThread "Unconstrained build operations Thread 40" [_thread_blocked, id=10156, stack(0x00000001d9f00000,0x00000001da000000)]
  0x0000010ced792520 JavaThread "Memory manager" [_thread_blocked, id=6076, stack(0x00000001da000000,0x00000001da100000)]
  0x0000010ceae90fe0 JavaThread "Kotlin DSL Writer" [_thread_blocked, id=6424, stack(0x00000001da100000,0x00000001da200000)]
  0x0000010cf17dd420 JavaThread "C2 CompilerThread1" daemon [_thread_blocked, id=13060, stack(0x00000001d6700000,0x00000001d6800000)]

Other Threads:
=>0x0000010ce6de7110 VMThread "VM Thread" [stack: 0x00000001d4b00000,0x00000001d4c00000] [id=3340]
  0x0000010ce7982d10 WatcherThread [stack: 0x00000001d5700000,0x00000001d5800000] [id=5848]
  0x0000010ccb9273d0 GCTaskThread "GC Thread#0" [stack: 0x00000001d4600000,0x00000001d4700000] [id=11056]
  0x0000010ce7f43e50 GCTaskThread "GC Thread#1" [stack: 0x00000001d5800000,0x00000001d5900000] [id=11284]
  0x0000010ce7f27090 GCTaskThread "GC Thread#2" [stack: 0x00000001d5900000,0x00000001d5a00000] [id=1012]
  0x0000010ce85ea2d0 GCTaskThread "GC Thread#3" [stack: 0x00000001d5a00000,0x00000001d5b00000] [id=4392]
  0x0000010ccb938220 ConcurrentGCThread "G1 Main Marker" [stack: 0x00000001d4700000,0x00000001d4800000] [id=10724]
  0x0000010ccb938b40 ConcurrentGCThread "G1 Conc#0" [stack: 0x00000001d4800000,0x00000001d4900000] [id=12892]
  0x0000010ccb99e9e0 ConcurrentGCThread "G1 Refine#0" [stack: 0x00000001d4900000,0x00000001d4a00000] [id=13456]
  0x0000010ce6c40480 ConcurrentGCThread "G1 Service" [stack: 0x00000001d4a00000,0x00000001d4b00000] [id=13376]

Threads with active compile tasks:
C2 CompilerThread1    36510 12955 %     4       org.jetbrains.kotlin.com.intellij.openapi.vfs.impl.jar.CoreJarHandler::<init> @ 64 (236 bytes)

VM state: at safepoint (normal execution)

VM Mutex/Monitor currently owned by a thread:  ([mutex/lock_event])
[0x0000010ccb8c6fa0] Threads_lock - owner thread: 0x0000010ce6de7110
[0x0000010ccb8c62b0] Heap_lock - owner thread: 0x0000010ce8f3c790

Heap address: 0x0000000080000000, size: 2048 MB, Compressed Oops mode: 32-bit

CDS archive(s) not mapped
Compressed class space mapped at: 0x0000000100000000-0x0000000140000000, reserved size: 1073741824
Narrow klass base: 0x0000000000000000, Narrow klass shift: 3, Narrow klass range: 0x140000000

GC Precious Log:
 CPUs: 4 total, 4 available
 Memory: 8089M
 Large Page Support: Disabled
 NUMA Support: Disabled
 Compressed Oops: Enabled (32-bit)
 Heap Region Size: 1M
 Heap Min Capacity: 8M
 Heap Initial Capacity: 128M
 Heap Max Capacity: 2G
 Pre-touch: Disabled
 Parallel Workers: 4
 Concurrent Workers: 1
 Concurrent Refinement Workers: 4
 Periodic GC: Disabled

Heap:
 garbage-first heap   total 262144K, used 153975K [0x0000000080000000, 0x0000000100000000)
  region size 1024K, 9 young (9216K), 9 survivors (9216K)
 Metaspace       used 136215K, committed 136896K, reserved 1171456K
  class space    used 17497K, committed 17792K, reserved 1048576K

Heap Regions: E=young(eden), S=young(survivor), O=old, HS=humongous(starts), HC=humongous(continues), CS=collection set, F=free, OA=open archive, CA=closed archive, TAMS=top-at-mark-start (previous, next)
|   0|0x0000000080000000, 0x0000000080100000, 0x0000000080100000|100%| O|  |TAMS 0x0000000080100000, 0x0000000080000000| Untracked 
|   1|0x0000000080100000, 0x0000000080200000, 0x0000000080200000|100%| O|  |TAMS 0x0000000080200000, 0x0000000080100000| Untracked 
|   2|0x0000000080200000, 0x0000000080300000, 0x0000000080300000|100%|HS|  |TAMS 0x0000000080300000, 0x0000000080200000| Complete 
|   3|0x0000000080300000, 0x0000000080400000, 0x0000000080400000|100%|HC|  |TAMS 0x0000000080400000, 0x0000000080300000| Complete 
|   4|0x0000000080400000, 0x0000000080500000, 0x0000000080500000|100%|HC|  |TAMS 0x0000000080500000, 0x0000000080400000| Complete 
|   5|0x0000000080500000, 0x0000000080600000, 0x0000000080600000|100%|HC|  |TAMS 0x0000000080600000, 0x0000000080500000| Complete 
|   6|0x0000000080600000, 0x0000000080700000, 0x0000000080700000|100%| O|  |TAMS 0x0000000080700000, 0x0000000080600000| Untracked 
|   7|0x0000000080700000, 0x0000000080800000, 0x0000000080800000|100%| O|  |TAMS 0x0000000080800000, 0x0000000080700000| Untracked 
|   8|0x0000000080800000, 0x0000000080900000, 0x0000000080900000|100%| O|  |TAMS 0x0000000080900000, 0x0000000080800000| Untracked 
|   9|0x0000000080900000, 0x0000000080a00000, 0x0000000080a00000|100%| O|  |TAMS 0x0000000080a00000, 0x0000000080900000| Untracked 
|  10|0x0000000080a00000, 0x0000000080b00000, 0x0000000080b00000|100%| O|  |TAMS 0x0000000080b00000, 0x0000000080a00000| Untracked 
|  11|0x0000000080b00000, 0x0000000080c00000, 0x0000000080c00000|100%| O|  |TAMS 0x0000000080c00000, 0x0000000080b00000| Untracked 
|  12|0x0000000080c00000, 0x0000000080d00000, 0x0000000080d00000|100%| O|  |TAMS 0x0000000080d00000, 0x0000000080c00000| Untracked 
|  13|0x0000000080d00000, 0x0000000080e00000, 0x0000000080e00000|100%| O|  |TAMS 0x0000000080e00000, 0x0000000080d00000| Untracked 
|  14|0x0000000080e00000, 0x0000000080f00000, 0x0000000080f00000|100%| O|  |TAMS 0x0000000080f00000, 0x0000000080e00000| Untracked 
|  15|0x0000000080f00000, 0x0000000081000000, 0x0000000081000000|100%| O|  |TAMS 0x0000000081000000, 0x0000000080f00000| Untracked 
|  16|0x0000000081000000, 0x0000000081100000, 0x0000000081100000|100%| O|  |TAMS 0x0000000081100000, 0x0000000081000000| Untracked 
|  17|0x0000000081100000, 0x0000000081200000, 0x0000000081200000|100%| O|  |TAMS 0x0000000081200000, 0x0000000081100000| Untracked 
|  18|0x0000000081200000, 0x0000000081300000, 0x0000000081300000|100%| O|  |TAMS 0x0000000081300000, 0x0000000081200000| Untracked 
|  19|0x0000000081300000, 0x0000000081400000, 0x0000000081400000|100%|HS|  |TAMS 0x0000000081400000, 0x0000000081300000| Complete 
|  20|0x0000000081400000, 0x0000000081500000, 0x0000000081500000|100%|HC|  |TAMS 0x0000000081500000, 0x0000000081400000| Complete 
|  21|0x0000000081500000, 0x0000000081600000, 0x0000000081600000|100%|HS|  |TAMS 0x0000000081600000, 0x0000000081500000| Complete 
|  22|0x0000000081600000, 0x0000000081700000, 0x0000000081700000|100%|HC|  |TAMS 0x0000000081700000, 0x0000000081600000| Complete 
|  23|0x0000000081700000, 0x0000000081800000, 0x0000000081800000|100%|HC|  |TAMS 0x0000000081800000, 0x0000000081700000| Complete 
|  24|0x0000000081800000, 0x0000000081900000, 0x0000000081900000|100%| O|  |TAMS 0x0000000081900000, 0x0000000081800000| Untracked 
|  25|0x0000000081900000, 0x0000000081a00000, 0x0000000081a00000|100%| O|  |TAMS 0x0000000081a00000, 0x0000000081900000| Untracked 
|  26|0x0000000081a00000, 0x0000000081b00000, 0x0000000081b00000|100%| O|  |TAMS 0x0000000081b00000, 0x0000000081a00000| Untracked 
|  27|0x0000000081b00000, 0x0000000081c00000, 0x0000000081c00000|100%|HS|  |TAMS 0x0000000081c00000, 0x0000000081b00000| Complete 
|  28|0x0000000081c00000, 0x0000000081d00000, 0x0000000081d00000|100%|HC|  |TAMS 0x0000000081d00000, 0x0000000081c00000| Complete 
|  29|0x0000000081d00000, 0x0000000081e00000, 0x0000000081e00000|100%|HC|  |TAMS 0x0000000081e00000, 0x0000000081d00000| Complete 
|  30|0x0000000081e00000, 0x0000000081f00000, 0x0000000081f00000|100%| O|  |TAMS 0x0000000081f00000, 0x0000000081e00000| Untracked 
|  31|0x0000000081f00000, 0x0000000082000000, 0x0000000082000000|100%|HS|  |TAMS 0x0000000082000000, 0x0000000081f00000| Complete 
|  32|0x0000000082000000, 0x0000000082100000, 0x0000000082100000|100%| O|  |TAMS 0x0000000082100000, 0x0000000082000000| Untracked 
|  33|0x0000000082100000, 0x0000000082200000, 0x0000000082200000|100%|HS|  |TAMS 0x0000000082200000, 0x0000000082100000| Complete 
|  34|0x0000000082200000, 0x0000000082300000, 0x0000000082300000|100%|HC|  |TAMS 0x0000000082300000, 0x0000000082200000| Complete 
|  35|0x0000000082300000, 0x0000000082400000, 0x0000000082400000|100%| O|  |TAMS 0x0000000082400000, 0x0000000082300000| Untracked 
|  36|0x0000000082400000, 0x0000000082500000, 0x0000000082500000|100%| O|  |TAMS 0x0000000082500000, 0x0000000082400000| Untracked 
|  37|0x0000000082500000, 0x0000000082600000, 0x0000000082600000|100%| O|  |TAMS 0x0000000082600000, 0x0000000082500000| Untracked 
|  38|0x0000000082600000, 0x0000000082700000, 0x0000000082700000|100%| O|  |TAMS 0x0000000082700000, 0x0000000082600000| Untracked 
|  39|0x0000000082700000, 0x0000000082800000, 0x0000000082800000|100%| O|  |TAMS 0x0000000082800000, 0x0000000082700000| Untracked 
|  40|0x0000000082800000, 0x0000000082900000, 0x0000000082900000|100%| O|  |TAMS 0x0000000082900000, 0x0000000082800000| Untracked 
|  41|0x0000000082900000, 0x0000000082a00000, 0x0000000082a00000|100%| O|  |TAMS 0x0000000082a00000, 0x0000000082900000| Untracked 
|  42|0x0000000082a00000, 0x0000000082b00000, 0x0000000082b00000|100%|HS|  |TAMS 0x0000000082b00000, 0x0000000082a00000| Complete 
|  43|0x0000000082b00000, 0x0000000082c00000, 0x0000000082c00000|100%|HC|  |TAMS 0x0000000082c00000, 0x0000000082b00000| Complete 
|  44|0x0000000082c00000, 0x0000000082d00000, 0x0000000082d00000|100%|HC|  |TAMS 0x0000000082d00000, 0x0000000082c00000| Complete 
|  45|0x0000000082d00000, 0x0000000082e00000, 0x0000000082e00000|100%|HS|  |TAMS 0x0000000082e00000, 0x0000000082d00000| Complete 
|  46|0x0000000082e00000, 0x0000000082f00000, 0x0000000082f00000|100%|HC|  |TAMS 0x0000000082f00000, 0x0000000082e00000| Complete 
|  47|0x0000000082f00000, 0x0000000083000000, 0x0000000083000000|100%|HC|  |TAMS 0x0000000083000000, 0x0000000082f00000| Complete 
|  48|0x0000000083000000, 0x0000000083100000, 0x0000000083100000|100%|HC|  |TAMS 0x0000000083100000, 0x0000000083000000| Complete 
|  49|0x0000000083100000, 0x0000000083200000, 0x0000000083200000|100%|HC|  |TAMS 0x0000000083200000, 0x0000000083100000| Complete 
|  50|0x0000000083200000, 0x0000000083300000, 0x0000000083300000|100%|HC|  |TAMS 0x0000000083300000, 0x0000000083200000| Complete 
|  51|0x0000000083300000, 0x0000000083400000, 0x0000000083400000|100%|HC|  |TAMS 0x0000000083400000, 0x0000000083300000| Complete 
|  52|0x0000000083400000, 0x0000000083500000, 0x0000000083500000|100%|HC|  |TAMS 0x0000000083500000, 0x0000000083400000| Complete 
|  53|0x0000000083500000, 0x0000000083600000, 0x0000000083600000|100%|HC|  |TAMS 0x0000000083600000, 0x0000000083500000| Complete 
|  54|0x0000000083600000, 0x0000000083700000, 0x0000000083700000|100%|HC|  |TAMS 0x0000000083700000, 0x0000000083600000| Complete 
|  55|0x0000000083700000, 0x0000000083800000, 0x0000000083800000|100%|HC|  |TAMS 0x0000000083800000, 0x0000000083700000| Complete 
|  56|0x0000000083800000, 0x0000000083900000, 0x0000000083900000|100%|HC|  |TAMS 0x0000000083900000, 0x0000000083800000| Complete 
|  57|0x0000000083900000, 0x0000000083a00000, 0x0000000083a00000|100%| O|  |TAMS 0x0000000083a00000, 0x0000000083900000| Untracked 
|  58|0x0000000083a00000, 0x0000000083b00000, 0x0000000083b00000|100%| O|  |TAMS 0x0000000083b00000, 0x0000000083a00000| Untracked 
|  59|0x0000000083b00000, 0x0000000083c00000, 0x0000000083c00000|100%|HS|  |TAMS 0x0000000083c00000, 0x0000000083b00000| Complete 
|  60|0x0000000083c00000, 0x0000000083d00000, 0x0000000083d00000|100%|HC|  |TAMS 0x0000000083d00000, 0x0000000083c00000| Complete 
|  61|0x0000000083d00000, 0x0000000083e00000, 0x0000000083e00000|100%|HC|  |TAMS 0x0000000083e00000, 0x0000000083d00000| Complete 
|  62|0x0000000083e00000, 0x0000000083f00000, 0x0000000083f00000|100%| O|  |TAMS 0x0000000083f00000, 0x0000000083e00000| Untracked 
|  63|0x0000000083f00000, 0x0000000084000000, 0x0000000084000000|100%| O|  |TAMS 0x0000000084000000, 0x0000000083f00000| Untracked 
|  64|0x0000000084000000, 0x0000000084100000, 0x0000000084100000|100%| O|  |TAMS 0x0000000084100000, 0x0000000084000000| Untracked 
|  65|0x0000000084100000, 0x0000000084200000, 0x0000000084200000|100%| O|  |TAMS 0x0000000084200000, 0x0000000084100000| Untracked 
|  66|0x0000000084200000, 0x0000000084300000, 0x0000000084300000|100%| O|  |TAMS 0x0000000084300000, 0x0000000084200000| Untracked 
|  67|0x0000000084300000, 0x0000000084400000, 0x0000000084400000|100%| O|  |TAMS 0x0000000084400000, 0x0000000084300000| Untracked 
|  68|0x0000000084400000, 0x0000000084500000, 0x0000000084500000|100%| O|  |TAMS 0x0000000084500000, 0x0000000084400000| Untracked 
|  69|0x0000000084500000, 0x0000000084600000, 0x0000000084600000|100%| O|  |TAMS 0x0000000084600000, 0x0000000084500000| Untracked 
|  70|0x0000000084600000, 0x0000000084700000, 0x0000000084700000|100%| O|  |TAMS 0x0000000084700000, 0x0000000084600000| Untracked 
|  71|0x0000000084700000, 0x0000000084800000, 0x0000000084800000|100%|HS|  |TAMS 0x0000000084800000, 0x0000000084700000| Complete 
|  72|0x0000000084800000, 0x0000000084900000, 0x0000000084900000|100%|HC|  |TAMS 0x0000000084900000, 0x0000000084800000| Complete 
|  73|0x0000000084900000, 0x0000000084a00000, 0x0000000084a00000|100%|HC|  |TAMS 0x0000000084a00000, 0x0000000084900000| Complete 
|  74|0x0000000084a00000, 0x0000000084b00000, 0x0000000084b00000|100%|HC|  |TAMS 0x0000000084b00000, 0x0000000084a00000| Complete 
|  75|0x0000000084b00000, 0x0000000084c00000, 0x0000000084c00000|100%| O|  |TAMS 0x0000000084c00000, 0x0000000084b00000| Untracked 
|  76|0x0000000084c00000, 0x0000000084d00000, 0x0000000084d00000|100%| O|  |TAMS 0x0000000084d00000, 0x0000000084c00000| Untracked 
|  77|0x0000000084d00000, 0x0000000084e00000, 0x0000000084e00000|100%| O|  |TAMS 0x0000000084e00000, 0x0000000084d00000| Untracked 
|  78|0x0000000084e00000, 0x0000000084f00000, 0x0000000084f00000|100%| O|  |TAMS 0x0000000084f00000, 0x0000000084e00000| Untracked 
|  79|0x0000000084f00000, 0x0000000085000000, 0x0000000085000000|100%| O|  |TAMS 0x0000000085000000, 0x0000000084f00000| Untracked 
|  80|0x0000000085000000, 0x0000000085100000, 0x0000000085100000|100%| O|  |TAMS 0x0000000085100000, 0x0000000085000000| Untracked 
|  81|0x0000000085100000, 0x0000000085200000, 0x0000000085200000|100%|HS|  |TAMS 0x0000000085200000, 0x0000000085100000| Complete 
|  82|0x0000000085200000, 0x0000000085300000, 0x0000000085300000|100%|HC|  |TAMS 0x0000000085300000, 0x0000000085200000| Complete 
|  83|0x0000000085300000, 0x0000000085400000, 0x0000000085400000|100%|HC|  |TAMS 0x0000000085400000, 0x0000000085300000| Complete 
|  84|0x0000000085400000, 0x0000000085500000, 0x0000000085500000|100%|HC|  |TAMS 0x0000000085500000, 0x0000000085400000| Complete 
|  85|0x0000000085500000, 0x0000000085600000, 0x0000000085600000|100%|HC|  |TAMS 0x0000000085600000, 0x0000000085500000| Complete 
|  86|0x0000000085600000, 0x0000000085700000, 0x0000000085700000|100%|HC|  |TAMS 0x0000000085700000, 0x0000000085600000| Complete 
|  87|0x0000000085700000, 0x0000000085800000, 0x0000000085800000|100%| O|  |TAMS 0x0000000085800000, 0x0000000085700000| Untracked 
|  88|0x0000000085800000, 0x0000000085900000, 0x0000000085900000|100%| O|  |TAMS 0x0000000085900000, 0x0000000085800000| Untracked 
|  89|0x0000000085900000, 0x0000000085a00000, 0x0000000085a00000|100%| O|  |TAMS 0x0000000085a00000, 0x0000000085900000| Untracked 
|  90|0x0000000085a00000, 0x0000000085b00000, 0x0000000085b00000|100%| O|  |TAMS 0x0000000085b00000, 0x0000000085a00000| Untracked 
|  91|0x0000000085b00000, 0x0000000085c00000, 0x0000000085c00000|100%| O|  |TAMS 0x0000000085c00000, 0x0000000085b00000| Untracked 
|  92|0x0000000085c00000, 0x0000000085d00000, 0x0000000085d00000|100%| O|  |TAMS 0x0000000085d00000, 0x0000000085c00000| Untracked 
|  93|0x0000000085d00000, 0x0000000085e00000, 0x0000000085e00000|100%| O|  |TAMS 0x0000000085e00000, 0x0000000085d00000| Untracked 
|  94|0x0000000085e00000, 0x0000000085f00000, 0x0000000085f00000|100%| O|  |TAMS 0x0000000085f00000, 0x0000000085e00000| Untracked 
|  95|0x0000000085f00000, 0x0000000086000000, 0x0000000086000000|100%| O|  |TAMS 0x0000000086000000, 0x0000000085f00000| Untracked 
|  96|0x0000000086000000, 0x0000000086100000, 0x0000000086100000|100%| O|  |TAMS 0x0000000086100000, 0x0000000086000000| Untracked 
|  97|0x0000000086100000, 0x0000000086200000, 0x0000000086200000|100%| O|  |TAMS 0x0000000086200000, 0x0000000086100000| Untracked 
|  98|0x0000000086200000, 0x0000000086300000, 0x0000000086300000|100%| O|  |TAMS 0x0000000086300000, 0x0000000086200000| Untracked 
|  99|0x0000000086300000, 0x0000000086400000, 0x0000000086400000|100%| O|  |TAMS 0x0000000086300000, 0x0000000086300000| Untracked 
| 100|0x0000000086400000, 0x0000000086500000, 0x0000000086500000|100%|HS|  |TAMS 0x0000000086500000, 0x0000000086400000| Complete 
| 101|0x0000000086500000, 0x0000000086600000, 0x0000000086600000|100%| O|  |TAMS 0x0000000086500000, 0x0000000086500000| Untracked 
| 102|0x0000000086600000, 0x0000000086700000, 0x0000000086700000|100%| O|  |TAMS 0x0000000086600000, 0x0000000086600000| Untracked 
| 103|0x0000000086700000, 0x0000000086800000, 0x0000000086800000|100%| O|  |TAMS 0x0000000086800000, 0x0000000086700000| Untracked 
| 104|0x0000000086800000, 0x0000000086900000, 0x0000000086900000|100%| O|  |TAMS 0x0000000086900000, 0x0000000086800000| Untracked 
| 105|0x0000000086900000, 0x0000000086a00000, 0x0000000086a00000|100%| O|  |TAMS 0x0000000086a00000, 0x0000000086900000| Untracked 
| 106|0x0000000086a00000, 0x0000000086b00000, 0x0000000086b00000|100%| O|  |TAMS 0x0000000086b00000, 0x0000000086a00000| Untracked 
| 107|0x0000000086b00000, 0x0000000086c00000, 0x0000000086c00000|100%| O|  |TAMS 0x0000000086c00000, 0x0000000086b00000| Untracked 
| 108|0x0000000086c00000, 0x0000000086d00000, 0x0000000086d00000|100%| O|  |TAMS 0x0000000086d00000, 0x0000000086c00000| Untracked 
| 109|0x0000000086d00000, 0x0000000086e00000, 0x0000000086e00000|100%| O|  |TAMS 0x0000000086e00000, 0x0000000086d00000| Untracked 
| 110|0x0000000086e00000, 0x0000000086f00000, 0x0000000086f00000|100%| O|  |TAMS 0x0000000086f00000, 0x0000000086e00000| Untracked 
| 111|0x0000000086f00000, 0x0000000087000000, 0x0000000087000000|100%|HS|  |TAMS 0x0000000087000000, 0x0000000086f00000| Complete 
| 112|0x0000000087000000, 0x0000000087100000, 0x0000000087100000|100%|HC|  |TAMS 0x0000000087100000, 0x0000000087000000| Complete 
| 113|0x0000000087100000, 0x0000000087200000, 0x0000000087200000|100%|HS|  |TAMS 0x0000000087200000, 0x0000000087100000| Complete 
| 114|0x0000000087200000, 0x0000000087300000, 0x0000000087300000|100%|HS|  |TAMS 0x0000000087300000, 0x0000000087200000| Complete 
| 115|0x0000000087300000, 0x0000000087400000, 0x0000000087400000|100%|HC|  |TAMS 0x0000000087400000, 0x0000000087300000| Complete 
| 116|0x0000000087400000, 0x0000000087500000, 0x0000000087500000|100%|HC|  |TAMS 0x0000000087500000, 0x0000000087400000| Complete 
| 117|0x0000000087500000, 0x0000000087600000, 0x0000000087600000|100%|HC|  |TAMS 0x0000000087600000, 0x0000000087500000| Complete 
| 118|0x0000000087600000, 0x0000000087700000, 0x0000000087700000|100%| O|  |TAMS 0x0000000087700000, 0x0000000087600000| Untracked 
| 119|0x0000000087700000, 0x0000000087800000, 0x0000000087800000|100%| O|  |TAMS 0x0000000087800000, 0x0000000087700000| Untracked 
| 120|0x0000000087800000, 0x0000000087900000, 0x0000000087900000|100%| O|  |TAMS 0x0000000087900000, 0x0000000087800000| Untracked 
| 121|0x0000000087900000, 0x000000008795dc00, 0x0000000087a00000| 36%| O|  |TAMS 0x0000000087900000, 0x0000000087900000| Untracked 
| 122|0x0000000087a00000, 0x0000000087a00000, 0x0000000087b00000|  0%| F|  |TAMS 0x0000000087a00000, 0x0000000087a00000| Untracked 
| 123|0x0000000087b00000, 0x0000000087c00000, 0x0000000087c00000|100%| O|  |TAMS 0x0000000087b00000, 0x0000000087b00000| Untracked 
| 124|0x0000000087c00000, 0x0000000087d00000, 0x0000000087d00000|100%| O|  |TAMS 0x0000000087c00000, 0x0000000087c00000| Untracked 
| 125|0x0000000087d00000, 0x0000000087d00000, 0x0000000087e00000|  0%| F|  |TAMS 0x0000000087d00000, 0x0000000087d00000| Untracked 
| 126|0x0000000087e00000, 0x0000000087f00000, 0x0000000087f00000|100%| O|  |TAMS 0x0000000087e00000, 0x0000000087e00000| Untracked 
| 127|0x0000000087f00000, 0x0000000088000000, 0x0000000088000000|100%| O|  |TAMS 0x0000000087f00000, 0x0000000087f00000| Untracked 
| 128|0x0000000088000000, 0x0000000088100000, 0x0000000088100000|100%| O|  |TAMS 0x0000000088100000, 0x0000000088000000| Untracked 
| 129|0x0000000088100000, 0x0000000088200000, 0x0000000088200000|100%| O|  |TAMS 0x0000000088200000, 0x0000000088100000| Untracked 
| 130|0x0000000088200000, 0x0000000088300000, 0x0000000088300000|100%| O|  |TAMS 0x0000000088300000, 0x0000000088200000| Untracked 
| 131|0x0000000088300000, 0x0000000088400000, 0x0000000088400000|100%| O|  |TAMS 0x0000000088400000, 0x0000000088300000| Untracked 
| 132|0x0000000088400000, 0x0000000088500000, 0x0000000088500000|100%| O|  |TAMS 0x0000000088500000, 0x0000000088400000| Untracked 
| 133|0x0000000088500000, 0x0000000088600000, 0x0000000088600000|100%| O|  |TAMS 0x0000000088600000, 0x0000000088500000| Untracked 
| 134|0x0000000088600000, 0x0000000088700000, 0x0000000088700000|100%| O|  |TAMS 0x0000000088700000, 0x0000000088600000| Untracked 
| 135|0x0000000088700000, 0x0000000088800000, 0x0000000088800000|100%| O|  |TAMS 0x0000000088800000, 0x0000000088700000| Untracked 
| 136|0x0000000088800000, 0x0000000088900000, 0x0000000088900000|100%| O|  |TAMS 0x0000000088900000, 0x0000000088800000| Untracked 
| 137|0x0000000088900000, 0x0000000088a00000, 0x0000000088a00000|100%| O|  |TAMS 0x0000000088a00000, 0x0000000088900000| Untracked 
| 138|0x0000000088a00000, 0x0000000088b00000, 0x0000000088b00000|100%| O|  |TAMS 0x0000000088b00000, 0x0000000088a00000| Untracked 
| 139|0x0000000088b00000, 0x0000000088c00000, 0x0000000088c00000|100%| O|  |TAMS 0x0000000088b00000, 0x0000000088b00000| Untracked 
| 140|0x0000000088c00000, 0x0000000088d00000, 0x0000000088d00000|100%| O|  |TAMS 0x0000000088c00000, 0x0000000088c00000| Untracked 
| 141|0x0000000088d00000, 0x0000000088e00000, 0x0000000088e00000|100%| O|  |TAMS 0x0000000088d00000, 0x0000000088d00000| Untracked 
| 142|0x0000000088e00000, 0x0000000088f00000, 0x0000000088f00000|100%| O|  |TAMS 0x0000000088e00000, 0x0000000088e00000| Untracked 
| 143|0x0000000088f00000, 0x0000000089000000, 0x0000000089000000|100%| O|  |TAMS 0x0000000088f00000, 0x0000000088f00000| Untracked 
| 144|0x0000000089000000, 0x0000000089000000, 0x0000000089100000|  0%| F|  |TAMS 0x0000000089000000, 0x0000000089000000| Untracked 
| 145|0x0000000089100000, 0x0000000089100000, 0x0000000089200000|  0%| F|  |TAMS 0x0000000089100000, 0x0000000089100000| Untracked 
| 146|0x0000000089200000, 0x0000000089200000, 0x0000000089300000|  0%| F|  |TAMS 0x0000000089200000, 0x0000000089200000| Untracked 
| 147|0x0000000089300000, 0x0000000089300000, 0x0000000089400000|  0%| F|  |TAMS 0x0000000089300000, 0x0000000089300000| Untracked 
| 148|0x0000000089400000, 0x0000000089400000, 0x0000000089500000|  0%| F|  |TAMS 0x0000000089400000, 0x0000000089400000| Untracked 
| 149|0x0000000089500000, 0x0000000089500000, 0x0000000089600000|  0%| F|  |TAMS 0x0000000089500000, 0x0000000089500000| Untracked 
| 150|0x0000000089600000, 0x0000000089600000, 0x0000000089700000|  0%| F|  |TAMS 0x0000000089600000, 0x0000000089600000| Untracked 
| 151|0x0000000089700000, 0x0000000089700000, 0x0000000089800000|  0%| F|  |TAMS 0x0000000089700000, 0x0000000089700000| Untracked 
| 152|0x0000000089800000, 0x0000000089800000, 0x0000000089900000|  0%| F|  |TAMS 0x0000000089800000, 0x0000000089800000| Untracked 
| 153|0x0000000089900000, 0x0000000089900000, 0x0000000089a00000|  0%| F|  |TAMS 0x0000000089900000, 0x0000000089900000| Untracked 
| 154|0x0000000089a00000, 0x0000000089a00000, 0x0000000089b00000|  0%| F|  |TAMS 0x0000000089a00000, 0x0000000089a00000| Untracked 
| 155|0x0000000089b00000, 0x0000000089b00000, 0x0000000089c00000|  0%| F|  |TAMS 0x0000000089b00000, 0x0000000089b00000| Untracked 
| 156|0x0000000089c00000, 0x0000000089c00000, 0x0000000089d00000|  0%| F|  |TAMS 0x0000000089c00000, 0x0000000089c00000| Untracked 
| 157|0x0000000089d00000, 0x0000000089d00000, 0x0000000089e00000|  0%| F|  |TAMS 0x0000000089d00000, 0x0000000089d00000| Untracked 
| 158|0x0000000089e00000, 0x0000000089e00000, 0x0000000089f00000|  0%| F|  |TAMS 0x0000000089e00000, 0x0000000089e00000| Untracked 
| 159|0x0000000089f00000, 0x0000000089f00000, 0x000000008a000000|  0%| F|  |TAMS 0x0000000089f00000, 0x0000000089f00000| Untracked 
| 160|0x000000008a000000, 0x000000008a000000, 0x000000008a100000|  0%| F|  |TAMS 0x000000008a000000, 0x000000008a000000| Untracked 
| 161|0x000000008a100000, 0x000000008a100000, 0x000000008a200000|  0%| F|  |TAMS 0x000000008a100000, 0x000000008a100000| Untracked 
| 162|0x000000008a200000, 0x000000008a200000, 0x000000008a300000|  0%| F|  |TAMS 0x000000008a200000, 0x000000008a200000| Untracked 
| 163|0x000000008a300000, 0x000000008a300000, 0x000000008a400000|  0%| F|  |TAMS 0x000000008a300000, 0x000000008a300000| Untracked 
| 164|0x000000008a400000, 0x000000008a400000, 0x000000008a500000|  0%| F|  |TAMS 0x000000008a400000, 0x000000008a400000| Untracked 
| 165|0x000000008a500000, 0x000000008a500000, 0x000000008a600000|  0%| F|  |TAMS 0x000000008a500000, 0x000000008a500000| Untracked 
| 166|0x000000008a600000, 0x000000008a600000, 0x000000008a700000|  0%| F|  |TAMS 0x000000008a600000, 0x000000008a600000| Untracked 
| 167|0x000000008a700000, 0x000000008a700000, 0x000000008a800000|  0%| F|  |TAMS 0x000000008a700000, 0x000000008a700000| Untracked 
| 168|0x000000008a800000, 0x000000008a800000, 0x000000008a900000|  0%| F|  |TAMS 0x000000008a800000, 0x000000008a800000| Untracked 
| 169|0x000000008a900000, 0x000000008a900000, 0x000000008aa00000|  0%| F|  |TAMS 0x000000008a900000, 0x000000008a900000| Untracked 
| 170|0x000000008aa00000, 0x000000008aa00000, 0x000000008ab00000|  0%| F|  |TAMS 0x000000008aa00000, 0x000000008aa00000| Untracked 
| 171|0x000000008ab00000, 0x000000008ab00000, 0x000000008ac00000|  0%| F|  |TAMS 0x000000008ab00000, 0x000000008ab00000| Untracked 
| 172|0x000000008ac00000, 0x000000008ac00000, 0x000000008ad00000|  0%| F|  |TAMS 0x000000008ac00000, 0x000000008ac00000| Untracked 
| 173|0x000000008ad00000, 0x000000008ad00000, 0x000000008ae00000|  0%| F|  |TAMS 0x000000008ad00000, 0x000000008ad00000| Untracked 
| 174|0x000000008ae00000, 0x000000008ae00000, 0x000000008af00000|  0%| F|  |TAMS 0x000000008ae00000, 0x000000008ae00000| Untracked 
| 175|0x000000008af00000, 0x000000008b000000, 0x000000008b000000|100%| S|CS|TAMS 0x000000008af00000, 0x000000008af00000| Complete 
| 176|0x000000008b000000, 0x000000008b100000, 0x000000008b100000|100%| S|CS|TAMS 0x000000008b000000, 0x000000008b000000| Complete 
| 177|0x000000008b100000, 0x000000008b200000, 0x000000008b200000|100%| S|CS|TAMS 0x000000008b100000, 0x000000008b100000| Complete 
| 178|0x000000008b200000, 0x000000008b300000, 0x000000008b300000|100%| S|CS|TAMS 0x000000008b200000, 0x000000008b200000| Complete 
| 179|0x000000008b300000, 0x000000008b400000, 0x000000008b400000|100%| S|CS|TAMS 0x000000008b300000, 0x000000008b300000| Complete 
| 180|0x000000008b400000, 0x000000008b500000, 0x000000008b500000|100%| S|CS|TAMS 0x000000008b400000, 0x000000008b400000| Complete 
| 181|0x000000008b500000, 0x000000008b600000, 0x000000008b600000|100%| S|CS|TAMS 0x000000008b500000, 0x000000008b500000| Complete 
| 182|0x000000008b600000, 0x000000008b700000, 0x000000008b700000|100%| S|CS|TAMS 0x000000008b600000, 0x000000008b600000| Complete 
| 183|0x000000008b700000, 0x000000008b800000, 0x000000008b800000|100%| S|CS|TAMS 0x000000008b700000, 0x000000008b700000| Complete 
| 184|0x000000008b800000, 0x000000008b800000, 0x000000008b900000|  0%| F|  |TAMS 0x000000008b800000, 0x000000008b800000| Untracked 
| 185|0x000000008b900000, 0x000000008b900000, 0x000000008ba00000|  0%| F|  |TAMS 0x000000008b900000, 0x000000008b900000| Untracked 
| 186|0x000000008ba00000, 0x000000008ba00000, 0x000000008bb00000|  0%| F|  |TAMS 0x000000008ba00000, 0x000000008ba00000| Untracked 
| 187|0x000000008bb00000, 0x000000008bb00000, 0x000000008bc00000|  0%| F|  |TAMS 0x000000008bb00000, 0x000000008bb00000| Untracked 
| 188|0x000000008bc00000, 0x000000008bc00000, 0x000000008bd00000|  0%| F|  |TAMS 0x000000008bc00000, 0x000000008bc00000| Untracked 
| 189|0x000000008bd00000, 0x000000008bd00000, 0x000000008be00000|  0%| F|  |TAMS 0x000000008bd00000, 0x000000008bd00000| Untracked 
| 190|0x000000008be00000, 0x000000008be00000, 0x000000008bf00000|  0%| F|  |TAMS 0x000000008be00000, 0x000000008be00000| Untracked 
| 191|0x000000008bf00000, 0x000000008bf00000, 0x000000008c000000|  0%| F|  |TAMS 0x000000008bf00000, 0x000000008bf00000| Untracked 
| 192|0x000000008c000000, 0x000000008c000000, 0x000000008c100000|  0%| F|  |TAMS 0x000000008c000000, 0x000000008c000000| Untracked 
| 193|0x000000008c100000, 0x000000008c100000, 0x000000008c200000|  0%| F|  |TAMS 0x000000008c100000, 0x000000008c100000| Untracked 
| 194|0x000000008c200000, 0x000000008c200000, 0x000000008c300000|  0%| F|  |TAMS 0x000000008c200000, 0x000000008c200000| Untracked 
| 195|0x000000008c300000, 0x000000008c300000, 0x000000008c400000|  0%| F|  |TAMS 0x000000008c300000, 0x000000008c300000| Untracked 
| 196|0x000000008c400000, 0x000000008c400000, 0x000000008c500000|  0%| F|  |TAMS 0x000000008c400000, 0x000000008c400000| Untracked 
| 197|0x000000008c500000, 0x000000008c500000, 0x000000008c600000|  0%| F|  |TAMS 0x000000008c500000, 0x000000008c500000| Untracked 
| 198|0x000000008c600000, 0x000000008c600000, 0x000000008c700000|  0%| F|  |TAMS 0x000000008c600000, 0x000000008c600000| Untracked 
| 199|0x000000008c700000, 0x000000008c700000, 0x000000008c800000|  0%| F|  |TAMS 0x000000008c700000, 0x000000008c700000| Untracked 
| 200|0x000000008c800000, 0x000000008c800000, 0x000000008c900000|  0%| F|  |TAMS 0x000000008c800000, 0x000000008c800000| Untracked 
| 201|0x000000008c900000, 0x000000008c900000, 0x000000008ca00000|  0%| F|  |TAMS 0x000000008c900000, 0x000000008c900000| Untracked 
| 202|0x000000008ca00000, 0x000000008ca00000, 0x000000008cb00000|  0%| F|  |TAMS 0x000000008ca00000, 0x000000008ca00000| Untracked 
| 203|0x000000008cb00000, 0x000000008cb00000, 0x000000008cc00000|  0%| F|  |TAMS 0x000000008cb00000, 0x000000008cb00000| Untracked 
| 204|0x000000008cc00000, 0x000000008cc00000, 0x000000008cd00000|  0%| F|  |TAMS 0x000000008cc00000, 0x000000008cc00000| Untracked 
| 205|0x000000008cd00000, 0x000000008cd00000, 0x000000008ce00000|  0%| F|  |TAMS 0x000000008cd00000, 0x000000008cd00000| Untracked 
| 206|0x000000008ce00000, 0x000000008ce00000, 0x000000008cf00000|  0%| F|  |TAMS 0x000000008ce00000, 0x000000008ce00000| Untracked 
| 207|0x000000008cf00000, 0x000000008cf00000, 0x000000008d000000|  0%| F|  |TAMS 0x000000008cf00000, 0x000000008cf00000| Untracked 
| 208|0x000000008d000000, 0x000000008d000000, 0x000000008d100000|  0%| F|  |TAMS 0x000000008d000000, 0x000000008d000000| Untracked 
| 209|0x000000008d100000, 0x000000008d100000, 0x000000008d200000|  0%| F|  |TAMS 0x000000008d100000, 0x000000008d100000| Untracked 
| 210|0x000000008d200000, 0x000000008d200000, 0x000000008d300000|  0%| F|  |TAMS 0x000000008d200000, 0x000000008d200000| Untracked 
| 211|0x000000008d300000, 0x000000008d300000, 0x000000008d400000|  0%| F|  |TAMS 0x000000008d300000, 0x000000008d300000| Untracked 
| 212|0x000000008d400000, 0x000000008d400000, 0x000000008d500000|  0%| F|  |TAMS 0x000000008d400000, 0x000000008d400000| Untracked 
| 213|0x000000008d500000, 0x000000008d500000, 0x000000008d600000|  0%| F|  |TAMS 0x000000008d500000, 0x000000008d500000| Untracked 
| 214|0x000000008d600000, 0x000000008d600000, 0x000000008d700000|  0%| F|  |TAMS 0x000000008d600000, 0x000000008d600000| Untracked 
| 215|0x000000008d700000, 0x000000008d700000, 0x000000008d800000|  0%| F|  |TAMS 0x000000008d700000, 0x000000008d700000| Untracked 
| 216|0x000000008d800000, 0x000000008d800000, 0x000000008d900000|  0%| F|  |TAMS 0x000000008d800000, 0x000000008d800000| Untracked 
| 217|0x000000008d900000, 0x000000008d900000, 0x000000008da00000|  0%| F|  |TAMS 0x000000008d900000, 0x000000008d900000| Untracked 
| 218|0x000000008da00000, 0x000000008da00000, 0x000000008db00000|  0%| F|  |TAMS 0x000000008da00000, 0x000000008da00000| Untracked 
| 219|0x000000008db00000, 0x000000008db00000, 0x000000008dc00000|  0%| F|  |TAMS 0x000000008db00000, 0x000000008db00000| Untracked 
| 220|0x000000008dc00000, 0x000000008dc00000, 0x000000008dd00000|  0%| F|  |TAMS 0x000000008dc00000, 0x000000008dc00000| Untracked 
| 221|0x000000008dd00000, 0x000000008dd00000, 0x000000008de00000|  0%| F|  |TAMS 0x000000008dd00000, 0x000000008dd00000| Untracked 
| 222|0x000000008de00000, 0x000000008de00000, 0x000000008df00000|  0%| F|  |TAMS 0x000000008de00000, 0x000000008de00000| Untracked 
| 223|0x000000008df00000, 0x000000008df00000, 0x000000008e000000|  0%| F|  |TAMS 0x000000008df00000, 0x000000008df00000| Untracked 
| 224|0x000000008e000000, 0x000000008e000000, 0x000000008e100000|  0%| F|  |TAMS 0x000000008e000000, 0x000000008e000000| Untracked 
| 225|0x000000008e100000, 0x000000008e100000, 0x000000008e200000|  0%| F|  |TAMS 0x000000008e100000, 0x000000008e100000| Untracked 
| 226|0x000000008e200000, 0x000000008e200000, 0x000000008e300000|  0%| F|  |TAMS 0x000000008e200000, 0x000000008e200000| Untracked 
| 227|0x000000008e300000, 0x000000008e300000, 0x000000008e400000|  0%| F|  |TAMS 0x000000008e300000, 0x000000008e300000| Untracked 
| 228|0x000000008e400000, 0x000000008e400000, 0x000000008e500000|  0%| F|  |TAMS 0x000000008e400000, 0x000000008e400000| Untracked 
| 229|0x000000008e500000, 0x000000008e500000, 0x000000008e600000|  0%| F|  |TAMS 0x000000008e500000, 0x000000008e500000| Untracked 
| 230|0x000000008e600000, 0x000000008e600000, 0x000000008e700000|  0%| F|  |TAMS 0x000000008e600000, 0x000000008e600000| Untracked 
| 231|0x000000008e700000, 0x000000008e700000, 0x000000008e800000|  0%| F|  |TAMS 0x000000008e700000, 0x000000008e700000| Untracked 
| 232|0x000000008e800000, 0x000000008e800000, 0x000000008e900000|  0%| F|  |TAMS 0x000000008e800000, 0x000000008e800000| Untracked 
| 233|0x000000008e900000, 0x000000008e900000, 0x000000008ea00000|  0%| F|  |TAMS 0x000000008e900000, 0x000000008e900000| Untracked 
| 234|0x000000008ea00000, 0x000000008ea00000, 0x000000008eb00000|  0%| F|  |TAMS 0x000000008ea00000, 0x000000008ea00000| Untracked 
| 235|0x000000008eb00000, 0x000000008eb00000, 0x000000008ec00000|  0%| F|  |TAMS 0x000000008eb00000, 0x000000008eb00000| Untracked 
| 236|0x000000008ec00000, 0x000000008ec00000, 0x000000008ed00000|  0%| F|  |TAMS 0x000000008ec00000, 0x000000008ec00000| Untracked 
| 237|0x000000008ed00000, 0x000000008ed00000, 0x000000008ee00000|  0%| F|  |TAMS 0x000000008ed00000, 0x000000008ed00000| Untracked 
| 238|0x000000008ee00000, 0x000000008ee00000, 0x000000008ef00000|  0%| F|  |TAMS 0x000000008ee00000, 0x000000008ee00000| Untracked 
| 239|0x000000008ef00000, 0x000000008ef00000, 0x000000008f000000|  0%| F|  |TAMS 0x000000008ef00000, 0x000000008ef00000| Untracked 
| 240|0x000000008f000000, 0x000000008f000000, 0x000000008f100000|  0%| F|  |TAMS 0x000000008f000000, 0x000000008f000000| Untracked 
| 241|0x000000008f100000, 0x000000008f100000, 0x000000008f200000|  0%| F|  |TAMS 0x000000008f100000, 0x000000008f100000| Untracked 
| 242|0x000000008f200000, 0x000000008f200000, 0x000000008f300000|  0%| F|  |TAMS 0x000000008f200000, 0x000000008f200000| Untracked 
| 243|0x000000008f300000, 0x000000008f300000, 0x000000008f400000|  0%| F|  |TAMS 0x000000008f300000, 0x000000008f300000| Untracked 
| 244|0x000000008f400000, 0x000000008f400000, 0x000000008f500000|  0%| F|  |TAMS 0x000000008f400000, 0x000000008f400000| Untracked 
| 245|0x000000008f500000, 0x000000008f500000, 0x000000008f600000|  0%| F|  |TAMS 0x000000008f500000, 0x000000008f500000| Untracked 
| 246|0x000000008f600000, 0x000000008f600000, 0x000000008f700000|  0%| F|  |TAMS 0x000000008f600000, 0x000000008f600000| Untracked 
| 247|0x000000008f700000, 0x000000008f700000, 0x000000008f800000|  0%| F|  |TAMS 0x000000008f700000, 0x000000008f700000| Untracked 
| 248|0x000000008f800000, 0x000000008f800000, 0x000000008f900000|  0%| F|  |TAMS 0x000000008f800000, 0x000000008f800000| Untracked 
| 249|0x000000008f900000, 0x000000008f900000, 0x000000008fa00000|  0%| F|  |TAMS 0x000000008f900000, 0x000000008f900000| Untracked 
| 250|0x000000008fa00000, 0x000000008fa00000, 0x000000008fb00000|  0%| F|  |TAMS 0x000000008fa00000, 0x000000008fa00000| Untracked 
| 251|0x000000008fb00000, 0x000000008fb00000, 0x000000008fc00000|  0%| F|  |TAMS 0x000000008fb00000, 0x000000008fb00000| Untracked 
| 252|0x000000008fc00000, 0x000000008fc00000, 0x000000008fd00000|  0%| F|  |TAMS 0x000000008fc00000, 0x000000008fc00000| Untracked 
| 253|0x000000008fd00000, 0x000000008fd00000, 0x000000008fe00000|  0%| F|  |TAMS 0x000000008fd00000, 0x000000008fd00000| Untracked 
| 254|0x000000008fe00000, 0x000000008fe00000, 0x000000008ff00000|  0%| F|  |TAMS 0x000000008fe00000, 0x000000008fe00000| Untracked 
| 255|0x000000008ff00000, 0x000000008ff00000, 0x0000000090000000|  0%| F|  |TAMS 0x000000008ff00000, 0x000000008ff00000| Untracked 

Card table byte_map: [0x0000010cdffa0000,0x0000010ce03a0000] _byte_map_base: 0x0000010cdfba0000

Marking Bits (Prev, Next): (CMBitMap*) 0x0000010ccb927930, (CMBitMap*) 0x0000010ccb9278f0
 Prev Bits: [0x0000010ce27a0000, 0x0000010ce47a0000)
 Next Bits: [0x0000010ce07a0000, 0x0000010ce27a0000)

Polling page: 0x0000010ccb9a0000

Metaspace:

Usage:
  Non-class:    115.94 MB used.
      Class:     17.09 MB used.
       Both:    133.02 MB used.

Virtual space:
  Non-class space:      120.00 MB reserved,     116.31 MB ( 97%) committed,  15 nodes.
      Class space:        1.00 GB reserved,      17.38 MB (  2%) committed,  1 nodes.
             Both:        1.12 GB reserved,     133.69 MB ( 12%) committed. 

Chunk freelists:
   Non-Class:  3.44 MB
       Class:  2.50 MB
        Both:  5.94 MB

MaxMetaspaceSize: unlimited
CompressedClassSpaceSize: 1.00 GB
Initial GC threshold: 21.00 MB
Current GC threshold: 219.94 MB
CDS: off
MetaspaceReclaimPolicy: balanced
 - commit_granule_bytes: 65536.
 - commit_granule_words: 8192.
 - virtual_space_node_default_size: 1048576.
 - enlarge_chunks_in_place: 1.
 - new_chunks_are_fully_committed: 0.
 - uncommit_free_chunks: 1.
 - use_allocation_guard: 0.
 - handle_deallocations: 1.


Internal statistics:

num_allocs_failed_limit: 18.
num_arena_births: 952.
num_arena_deaths: 0.
num_vsnodes_births: 16.
num_vsnodes_deaths: 0.
num_space_committed: 2137.
num_space_uncommitted: 0.
num_chunks_returned_to_freelist: 18.
num_chunks_taken_from_freelist: 5568.
num_chunk_merges: 18.
num_chunk_splits: 4251.
num_chunks_enlarged: 3406.
num_purges: 0.
num_inconsistent_stats: 0.

CodeHeap 'non-profiled nmethods': size=120000Kb used=6317Kb max_used=6317Kb free=113682Kb
 bounds [0x0000010cd8050000, 0x0000010cd8680000, 0x0000010cdf580000]
CodeHeap 'profiled nmethods': size=120000Kb used=23757Kb max_used=23757Kb free=96243Kb
 bounds [0x0000010cd0580000, 0x0000010cd1cc0000, 0x0000010cd7ab0000]
CodeHeap 'non-nmethods': size=5760Kb used=2518Kb max_used=2597Kb free=3241Kb
 bounds [0x0000010cd7ab0000, 0x0000010cd7d60000, 0x0000010cd8050000]
 total_blobs=12491 nmethods=11410 adapters=992
 compilation: enabled
              stopped_count=0, restarted_count=0
 full_count=0

Compilation events (20 events):
Event: 36.361 Thread 0x0000010ce78109e0 12949       1       org.jetbrains.kotlin.cli.jvm.compiler.KotlinCoreEnvironment$ProjectEnvironment::getJarFileSystem$cli (5 bytes)
Event: 36.361 Thread 0x0000010ce78109e0 nmethod 12949 0x0000010cd8678690 code [0x0000010cd8678820, 0x0000010cd86788f8]
Event: 36.373 Thread 0x0000010ce780b410 nmethod 12941 0x0000010cd8678990 code [0x0000010cd8678ba0, 0x0000010cd86798b0]
Event: 36.377 Thread 0x0000010ce78109e0 12950       3       org.jetbrains.kotlin.com.intellij.util.containers.hash.LinkedHashMap$Entry::access$402 (7 bytes)
Event: 36.377 Thread 0x0000010ce78109e0 nmethod 12950 0x0000010cd1cb1710 code [0x0000010cd1cb18a0, 0x0000010cd1cb19d8]
Event: 36.378 Thread 0x0000010ce78109e0 12951       1       org.jetbrains.kotlin.com.intellij.util.containers.hash.LinkedHashMap$Entry::access$000 (5 bytes)
Event: 36.378 Thread 0x0000010ce78109e0 nmethod 12951 0x0000010cd867a590 code [0x0000010cd867a720, 0x0000010cd867a7d8]
Event: 36.381 Thread 0x0000010ce78109e0 12952       3       org.jetbrains.kotlin.com.intellij.reference.SoftReference::<init> (6 bytes)
Event: 36.382 Thread 0x0000010ce78109e0 nmethod 12952 0x0000010cd1cb1a90 code [0x0000010cd1cb1c60, 0x0000010cd1cb1ff8]
Event: 36.418 Thread 0x0000010ce78109e0 12953       3       org.jetbrains.kotlin.com.intellij.util.containers.hash.LinkedHashMap::remove (174 bytes)
Event: 36.419 Thread 0x0000010ce78109e0 nmethod 12953 0x0000010cd1cb2110 code [0x0000010cd1cb2360, 0x0000010cd1cb2ee8]
Event: 36.436 Thread 0x0000010ce78109e0 12954       3       org.jetbrains.kotlin.com.intellij.util.containers.ConcurrentFactoryMap::notNull (12 bytes)
Event: 36.436 Thread 0x0000010ce78109e0 nmethod 12954 0x0000010cd1cb3310 code [0x0000010cd1cb34a0, 0x0000010cd1cb3638]
Event: 36.444 Thread 0x0000010cf17dd420 12955 %     4       org.jetbrains.kotlin.com.intellij.openapi.vfs.impl.jar.CoreJarHandler::<init> @ 64 (236 bytes)
Event: 36.446 Thread 0x0000010ce780b410 12956       4       java.nio.file.attribute.FileTime::from (18 bytes)
Event: 36.447 Thread 0x0000010ce780b410 nmethod 12956 0x0000010cd867a890 code [0x0000010cd867aa20, 0x0000010cd867aaf8]
Event: 36.449 Thread 0x0000010ce780b410 12957   !   4       sun.nio.fs.WindowsFileAttributes::toFileTime (47 bytes)
Event: 36.451 Thread 0x0000010ce780b410 nmethod 12957 0x0000010cd867ac10 code [0x0000010cd867ada0, 0x0000010cd867af08]
Event: 36.451 Thread 0x0000010ce780b410 12958       4       sun.nio.fs.WindowsFileAttributes::lastModifiedTime (8 bytes)
Event: 36.453 Thread 0x0000010ce780b410 nmethod 12958 0x0000010cd867b090 code [0x0000010cd867b220, 0x0000010cd867b3a8]

GC Heap History (20 events):
Event: 25.421 GC heap after
{Heap after GC invocations=29 (full 0):
 garbage-first heap   total 262144K, used 110306K [0x0000000080000000, 0x0000000100000000)
  region size 1024K, 10 young (10240K), 10 survivors (10240K)
 Metaspace       used 95093K, committed 95616K, reserved 1138688K
  class space    used 12382K, committed 12608K, reserved 1048576K
}
Event: 27.603 GC heap before
{Heap before GC invocations=30 (full 0):
 garbage-first heap   total 262144K, used 208610K [0x0000000080000000, 0x0000000100000000)
  region size 1024K, 106 young (108544K), 10 survivors (10240K)
 Metaspace       used 109022K, committed 109632K, reserved 1146880K
  class space    used 14034K, committed 14336K, reserved 1048576K
}
Event: 27.627 GC heap after
{Heap after GC invocations=31 (full 0):
 garbage-first heap   total 262144K, used 113186K [0x0000000080000000, 0x0000000100000000)
  region size 1024K, 6 young (6144K), 6 survivors (6144K)
 Metaspace       used 109022K, committed 109632K, reserved 1146880K
  class space    used 14034K, committed 14336K, reserved 1048576K
}
Event: 27.697 GC heap before
{Heap before GC invocations=31 (full 0):
 garbage-first heap   total 262144K, used 119330K [0x0000000080000000, 0x0000000100000000)
  region size 1024K, 12 young (12288K), 6 survivors (6144K)
 Metaspace       used 109045K, committed 109632K, reserved 1146880K
  class space    used 14034K, committed 14336K, reserved 1048576K
}
Event: 27.711 GC heap after
{Heap after GC invocations=32 (full 0):
 garbage-first heap   total 262144K, used 114688K [0x0000000080000000, 0x0000000100000000)
  region size 1024K, 2 young (2048K), 2 survivors (2048K)
 Metaspace       used 109045K, committed 109632K, reserved 1146880K
  class space    used 14034K, committed 14336K, reserved 1048576K
}
Event: 29.034 GC heap before
{Heap before GC invocations=32 (full 0):
 garbage-first heap   total 262144K, used 214016K [0x0000000080000000, 0x0000000100000000)
  region size 1024K, 98 young (100352K), 2 survivors (2048K)
 Metaspace       used 111942K, committed 112576K, reserved 1155072K
  class space    used 14390K, committed 14656K, reserved 1048576K
}
Event: 29.054 GC heap after
{Heap after GC invocations=33 (full 0):
 garbage-first heap   total 262144K, used 122880K [0x0000000080000000, 0x0000000100000000)
  region size 1024K, 10 young (10240K), 10 survivors (10240K)
 Metaspace       used 111942K, committed 112576K, reserved 1155072K
  class space    used 14390K, committed 14656K, reserved 1048576K
}
Event: 31.313 GC heap before
{Heap before GC invocations=34 (full 0):
 garbage-first heap   total 262144K, used 221184K [0x0000000080000000, 0x0000000100000000)
  region size 1024K, 98 young (100352K), 10 survivors (10240K)
 Metaspace       used 118375K, committed 119040K, reserved 1155072K
  class space    used 15318K, committed 15616K, reserved 1048576K
}
Event: 31.355 GC heap after
{Heap after GC invocations=35 (full 0):
 garbage-first heap   total 262144K, used 141952K [0x0000000080000000, 0x0000000100000000)
  region size 1024K, 11 young (11264K), 11 survivors (11264K)
 Metaspace       used 118375K, committed 119040K, reserved 1155072K
  class space    used 15318K, committed 15616K, reserved 1048576K
}
Event: 31.384 GC heap before
{Heap before GC invocations=35 (full 0):
 garbage-first heap   total 262144K, used 142976K [0x0000000080000000, 0x0000000100000000)
  region size 1024K, 12 young (12288K), 11 survivors (11264K)
 Metaspace       used 118537K, committed 119232K, reserved 1155072K
  class space    used 15338K, committed 15616K, reserved 1048576K
}
Event: 31.404 GC heap after
{Heap after GC invocations=36 (full 0):
 garbage-first heap   total 262144K, used 140718K [0x0000000080000000, 0x0000000100000000)
  region size 1024K, 2 young (2048K), 2 survivors (2048K)
 Metaspace       used 118537K, committed 119232K, reserved 1155072K
  class space    used 15338K, committed 15616K, reserved 1048576K
}
Event: 33.092 GC heap before
{Heap before GC invocations=36 (full 0):
 garbage-first heap   total 262144K, used 217518K [0x0000000080000000, 0x0000000100000000)
  region size 1024K, 71 young (72704K), 2 survivors (2048K)
 Metaspace       used 127739K, committed 128448K, reserved 1163264K
  class space    used 16514K, committed 16832K, reserved 1048576K
}
Event: 33.104 GC heap after
{Heap after GC invocations=37 (full 0):
 garbage-first heap   total 262144K, used 145034K [0x0000000080000000, 0x0000000100000000)
  region size 1024K, 6 young (6144K), 6 survivors (6144K)
 Metaspace       used 127739K, committed 128448K, reserved 1163264K
  class space    used 16514K, committed 16832K, reserved 1048576K
}
Event: 34.330 GC heap before
{Heap before GC invocations=37 (full 0):
 garbage-first heap   total 262144K, used 205450K [0x0000000080000000, 0x0000000100000000)
  region size 1024K, 66 young (67584K), 6 survivors (6144K)
 Metaspace       used 133333K, committed 134016K, reserved 1171456K
  class space    used 17241K, committed 17536K, reserved 1048576K
}
Event: 34.348 GC heap after
{Heap after GC invocations=38 (full 0):
 garbage-first heap   total 262144K, used 150476K [0x0000000080000000, 0x0000000100000000)
  region size 1024K, 6 young (6144K), 6 survivors (6144K)
 Metaspace       used 133333K, committed 134016K, reserved 1171456K
  class space    used 17241K, committed 17536K, reserved 1048576K
}
Event: 35.464 GC heap before
{Heap before GC invocations=39 (full 0):
 garbage-first heap   total 262144K, used 210892K [0x0000000080000000, 0x0000000100000000)
  region size 1024K, 68 young (69632K), 6 survivors (6144K)
 Metaspace       used 135682K, committed 136448K, reserved 1171456K
  class space    used 17459K, committed 17792K, reserved 1048576K
}
Event: 35.475 GC heap after
{Heap after GC invocations=40 (full 0):
 garbage-first heap   total 262144K, used 147647K [0x0000000080000000, 0x0000000100000000)
  region size 1024K, 2 young (2048K), 2 survivors (2048K)
 Metaspace       used 135682K, committed 136448K, reserved 1171456K
  class space    used 17459K, committed 17792K, reserved 1048576K
}
Event: 35.542 GC heap before
{Heap before GC invocations=40 (full 0):
 garbage-first heap   total 262144K, used 156863K [0x0000000080000000, 0x0000000100000000)
  region size 1024K, 12 young (12288K), 2 survivors (2048K)
 Metaspace       used 135691K, committed 136448K, reserved 1171456K
  class space    used 17459K, committed 17792K, reserved 1048576K
}
Event: 35.546 GC heap after
{Heap after GC invocations=41 (full 0):
 garbage-first heap   total 262144K, used 144837K [0x0000000080000000, 0x0000000100000000)
  region size 1024K, 1 young (1024K), 1 survivors (1024K)
 Metaspace       used 135691K, committed 136448K, reserved 1171456K
  class space    used 17459K, committed 17792K, reserved 1048576K
}
Event: 36.463 GC heap before
{Heap before GC invocations=41 (full 0):
 garbage-first heap   total 262144K, used 216517K [0x0000000080000000, 0x0000000100000000)
  region size 1024K, 72 young (73728K), 1 survivors (1024K)
 Metaspace       used 136215K, committed 136896K, reserved 1171456K
  class space    used 17497K, committed 17792K, reserved 1048576K
}

Dll operation events (2 events):
Event: 0.011 Loaded shared library D:\Android\Android Studio\jbr\bin\java.dll
Event: 1.452 Loaded shared library D:\Android\Android Studio\jbr\bin\verify.dll

Deoptimization events (20 events):
Event: 36.191 Thread 0x0000010ceae8dfc0 DEOPT PACKING pc=0x0000010cd85b129c sp=0x00000001d75fe550
Event: 36.191 Thread 0x0000010ceae8dfc0 DEOPT UNPACKING pc=0x0000010cd7b069a3 sp=0x00000001d75fe4e0 mode 2
Event: 36.196 Thread 0x0000010ceae8dfc0 Uncommon trap: trap_request=0xffffff45 fr.pc=0x0000010cd8667698 relative=0x0000000000000098
Event: 36.196 Thread 0x0000010ceae8dfc0 Uncommon trap: reason=unstable_if action=reinterpret pc=0x0000010cd8667698 method=com.esotericsoftware.kryo.io.Output.writeByte(B)V @ 8 c2
Event: 36.196 Thread 0x0000010ceae8dfc0 DEOPT PACKING pc=0x0000010cd8667698 sp=0x00000001d75fcdd0
Event: 36.196 Thread 0x0000010ceae8dfc0 DEOPT UNPACKING pc=0x0000010cd7b069a3 sp=0x00000001d75fcd58 mode 2
Event: 36.211 Thread 0x0000010ceae8dfc0 DEOPT PACKING pc=0x0000010cd1c92031 sp=0x00000001d75fd100
Event: 36.211 Thread 0x0000010ceae8dfc0 DEOPT UNPACKING pc=0x0000010cd7b07143 sp=0x00000001d75fc5a0 mode 0
Event: 36.218 Thread 0x0000010ceae8dfc0 Uncommon trap: trap_request=0xffffff45 fr.pc=0x0000010cd85a5b2c relative=0x000000000000030c
Event: 36.218 Thread 0x0000010ceae8dfc0 Uncommon trap: reason=unstable_if action=reinterpret pc=0x0000010cd85a5b2c method=java.io.BufferedOutputStream.write([BII)V @ 6 c2
Event: 36.218 Thread 0x0000010ceae8dfc0 DEOPT PACKING pc=0x0000010cd85a5b2c sp=0x00000001d75fe6f0
Event: 36.218 Thread 0x0000010ceae8dfc0 DEOPT UNPACKING pc=0x0000010cd7b069a3 sp=0x00000001d75fe630 mode 2
Event: 36.273 Thread 0x0000010ce90472f0 Uncommon trap: trap_request=0xffffffbe fr.pc=0x0000010cd8650718 relative=0x0000000000000278
Event: 36.273 Thread 0x0000010ce90472f0 Uncommon trap: reason=profile_predicate action=maybe_recompile pc=0x0000010cd8650718 method=java.util.Collections.indexedBinarySearch(Ljava/util/List;Ljava/lang/Object;)I @ 13 c2
Event: 36.273 Thread 0x0000010ce90472f0 DEOPT PACKING pc=0x0000010cd8650718 sp=0x00000001d65fe4e0
Event: 36.273 Thread 0x0000010ce90472f0 DEOPT UNPACKING pc=0x0000010cd7b069a3 sp=0x00000001d65fe460 mode 2
Event: 36.291 Thread 0x0000010ce8f3c790 Uncommon trap: trap_request=0xffffff45 fr.pc=0x0000010cd84d78bc relative=0x000000000000029c
Event: 36.291 Thread 0x0000010ce8f3c790 Uncommon trap: reason=unstable_if action=reinterpret pc=0x0000010cd84d78bc method=gnu.trove.TObjectHash.index(Ljava/lang/Object;)I @ 54 c2
Event: 36.291 Thread 0x0000010ce8f3c790 DEOPT PACKING pc=0x0000010cd84d78bc sp=0x00000001d61f53a0
Event: 36.291 Thread 0x0000010ce8f3c790 DEOPT UNPACKING pc=0x0000010cd7b069a3 sp=0x00000001d61f5318 mode 2

Classes unloaded (0 events):
No events

Classes redefined (0 events):
No events

Internal exceptions (20 events):
Event: 33.779 Thread 0x0000010ce8f3c790 Exception <a 'java/lang/ClassNotFoundException'{0x000000008df35500}: org/gradle/api/plugins/internal/DefaultBasePluginConventionCustomizer> (0x000000008df35500) 
thrown [s\src\hotspot\share\classfile\systemDictionary.cpp, line 256]
Event: 33.781 Thread 0x0000010ce8f3c790 Exception <a 'java/lang/ClassNotFoundException'{0x000000008df5e0e8}: org/gradle/api/plugins/internal/DefaultBasePluginConvention_DecoratedCustomizer> (0x000000008df5e0e8) 
thrown [s\src\hotspot\share\classfile\systemDictionary.cpp, line 256]
Event: 33.788 Thread 0x0000010ce8f3c790 Exception <a 'java/lang/ClassNotFoundException'{0x000000008dfcd7c0}: org/gradle/api/plugins/internal/DefaultJavaPluginConvention_DecoratedBeanInfo> (0x000000008dfcd7c0) 
thrown [s\src\hotspot\share\classfile\systemDictionary.cpp, line 256]
Event: 33.789 Thread 0x0000010ce8f3c790 Exception <a 'java/lang/ClassNotFoundException'{0x000000008dfe4e70}: org/gradle/api/plugins/internal/DefaultJavaPluginConventionBeanInfo> (0x000000008dfe4e70) 
thrown [s\src\hotspot\share\classfile\systemDictionary.cpp, line 256]
Event: 33.791 Thread 0x0000010ce8f3c790 Exception <a 'java/lang/ClassNotFoundException'{0x000000008dffc640}: org/gradle/api/plugins/JavaPluginConventionBeanInfo> (0x000000008dffc640) 
thrown [s\src\hotspot\share\classfile\systemDictionary.cpp, line 256]
Event: 33.792 Thread 0x0000010ce8f3c790 Exception <a 'java/lang/ClassNotFoundException'{0x000000008de13ac8}: org/gradle/api/plugins/JavaPluginConventionCustomizer> (0x000000008de13ac8) 
thrown [s\src\hotspot\share\classfile\systemDictionary.cpp, line 256]
Event: 33.794 Thread 0x0000010ce8f3c790 Exception <a 'java/lang/ClassNotFoundException'{0x000000008de3e980}: org/gradle/api/plugins/internal/DefaultJavaPluginConventionCustomizer> (0x000000008de3e980) 
thrown [s\src\hotspot\share\classfile\systemDictionary.cpp, line 256]
Event: 33.796 Thread 0x0000010ce8f3c790 Exception <a 'java/lang/ClassNotFoundException'{0x000000008de7b758}: org/gradle/api/plugins/internal/DefaultJavaPluginConvention_DecoratedCustomizer> (0x000000008de7b758) 
thrown [s\src\hotspot\share\classfile\systemDictionary.cpp, line 256]
Event: 34.095 Thread 0x0000010ce8f3c790 Exception <a 'java/lang/ClassNotFoundException'{0x000000008d157970}: org/jetbrains/kotlin/gradle/targets/js/npm/DefaultNpmDependencyExtensionBeanInfo> (0x000000008d157970) 
thrown [s\src\hotspot\share\classfile\systemDictionary.cpp, line 256]
Event: 34.095 Thread 0x0000010ce8f3c790 Exception <a 'java/lang/ClassNotFoundException'{0x000000008d162fb0}: org/jetbrains/kotlin/gradle/targets/js/npm/DefaultNpmDependencyExtensionCustomizer> (0x000000008d162fb0) 
thrown [s\src\hotspot\share\classfile\systemDictionary.cpp, line 256]
Event: 34.101 Thread 0x0000010ce8f3c790 Exception <a 'java/lang/ClassNotFoundException'{0x000000008d1cf510}: org/jetbrains/kotlin/gradle/targets/js/npm/NpmDependencyExtensionKt$defaultNpmDependencyDelegate$1BeanInfo> (0x000000008d1cf510) 
thrown [s\src\hotspot\share\classfile\systemDictionary.cpp, line 256]
Event: 34.102 Thread 0x0000010ce8f3c790 Exception <a 'java/lang/ClassNotFoundException'{0x000000008d1dab98}: org/jetbrains/kotlin/gradle/targets/js/npm/NpmDependencyExtensionDelegateBeanInfo> (0x000000008d1dab98) 
thrown [s\src\hotspot\share\classfile\systemDictionary.cpp, line 256]
Event: 34.103 Thread 0x0000010ce8f3c790 Exception <a 'java/lang/ClassNotFoundException'{0x000000008d1e61e8}: org/jetbrains/kotlin/gradle/targets/js/npm/NpmDependencyExtensionDelegateCustomizer> (0x000000008d1e61e8) 
thrown [s\src\hotspot\share\classfile\systemDictionary.cpp, line 256]
Event: 34.104 Thread 0x0000010ce8f3c790 Exception <a 'java/lang/ClassNotFoundException'{0x000000008d009a38}: org/jetbrains/kotlin/gradle/targets/js/npm/NpmDependencyExtensionKt$defaultNpmDependencyDelegate$1Customizer> (0x000000008d009a38) 
thrown [s\src\hotspot\share\classfile\systemDictionary.cpp, line 256]
Event: 34.107 Thread 0x0000010ce8f3c790 Exception <a 'java/lang/ClassNotFoundException'{0x000000008d03ed80}: org/jetbrains/kotlin/gradle/targets/js/npm/DefaultDevNpmDependencyExtensionBeanInfo> (0x000000008d03ed80) 
thrown [s\src\hotspot\share\classfile\systemDictionary.cpp, line 256]
Event: 34.108 Thread 0x0000010ce8f3c790 Exception <a 'java/lang/ClassNotFoundException'{0x000000008d04a3d8}: org/jetbrains/kotlin/gradle/targets/js/npm/DefaultDevNpmDependencyExtensionCustomizer> (0x000000008d04a3d8) 
thrown [s\src\hotspot\share\classfile\systemDictionary.cpp, line 256]
Event: 34.112 Thread 0x0000010ce8f3c790 Exception <a 'java/lang/ClassNotFoundException'{0x000000008d084500}: org/jetbrains/kotlin/gradle/targets/js/npm/DefaultPeerNpmDependencyExtensionBeanInfo> (0x000000008d084500) 
thrown [s\src\hotspot\share\classfile\systemDictionary.cpp, line 256]
Event: 34.112 Thread 0x0000010ce8f3c790 Exception <a 'java/lang/ClassNotFoundException'{0x000000008d08fb88}: org/jetbrains/kotlin/gradle/targets/js/npm/DefaultPeerNpmDependencyExtensionCustomizer> (0x000000008d08fb88) 
thrown [s\src\hotspot\share\classfile\systemDictionary.cpp, line 256]
Event: 34.115 Thread 0x0000010ce8f3c790 Exception <a 'java/lang/ClassNotFoundException'{0x000000008d0d09c8}: org/jetbrains/kotlin/gradle/targets/js/npm/DefaultPeerNpmDependencyExtension$delegate$1BeanInfo> (0x000000008d0d09c8) 
thrown [s\src\hotspot\share\classfile\systemDictionary.cpp, line 256]
Event: 34.116 Thread 0x0000010ce8f3c790 Exception <a 'java/lang/ClassNotFoundException'{0x000000008d0dc218}: org/jetbrains/kotlin/gradle/targets/js/npm/DefaultPeerNpmDependencyExtension$delegate$1Customizer> (0x000000008d0dc218) 
thrown [s\src\hotspot\share\classfile\systemDictionary.cpp, line 256]

VM Operations (20 events):
Event: 33.795 Executing VM operation: ICBufferFull done
Event: 34.263 Executing VM operation: HandshakeAllThreads
Event: 34.263 Executing VM operation: HandshakeAllThreads done
Event: 34.264 Executing VM operation: HandshakeAllThreads
Event: 34.264 Executing VM operation: HandshakeAllThreads done
Event: 34.330 Executing VM operation: G1TryInitiateConcMark
Event: 34.348 Executing VM operation: G1TryInitiateConcMark done
Event: 34.605 Executing VM operation: G1Concurrent
Event: 34.615 Executing VM operation: G1Concurrent done
Event: 34.772 Executing VM operation: G1Concurrent
Event: 34.772 Executing VM operation: G1Concurrent done
Event: 35.464 Executing VM operation: G1CollectForAllocation
Event: 35.475 Executing VM operation: G1CollectForAllocation done
Event: 35.542 Executing VM operation: G1CollectForAllocation
Event: 35.548 Executing VM operation: G1CollectForAllocation done
Event: 36.189 Executing VM operation: HandshakeAllThreads
Event: 36.189 Executing VM operation: HandshakeAllThreads done
Event: 36.274 Executing VM operation: ICBufferFull
Event: 36.275 Executing VM operation: ICBufferFull done
Event: 36.463 Executing VM operation: G1CollectForAllocation

Events (20 events):
Event: 33.663 loading class java/time/format/DateTimeFormatterBuilder$WeekBasedFieldPrinterParser
Event: 33.664 loading class java/time/format/DateTimeFormatterBuilder$WeekBasedFieldPrinterParser done
Event: 33.681 loading class com/sun/jmx/mbeanserver/StandardMBeanSupport
Event: 33.682 loading class com/sun/jmx/mbeanserver/StandardMBeanSupport done
Event: 33.682 loading class com/sun/jmx/mbeanserver/StandardMBeanIntrospector
Event: 33.682 loading class com/sun/jmx/mbeanserver/StandardMBeanIntrospector done
Event: 34.364 Thread 0x0000010ceae90fe0 Thread added: 0x0000010ceae90fe0
Event: 34.679 Thread 0x0000010ceb296e30 Thread exited: 0x0000010ceb296e30
Event: 34.693 Thread 0x0000010cf17dd420 Thread added: 0x0000010cf17dd420
Event: 36.195 Thread 0x0000010ce7834990 flushing nmethod 0x0000010cd0721d90
Event: 36.196 Thread 0x0000010ce7834990 flushing nmethod 0x0000010cd0748610
Event: 36.200 Thread 0x0000010ce7834990 flushing nmethod 0x0000010cd0aa6f90
Event: 36.200 Thread 0x0000010ce7834990 flushing nmethod 0x0000010cd0ab4c10
Event: 36.200 Thread 0x0000010ce7834990 flushing nmethod 0x0000010cd0abaa10
Event: 36.200 Thread 0x0000010ce7834990 flushing nmethod 0x0000010cd0ae7990
Event: 36.201 Thread 0x0000010ce7834990 flushing nmethod 0x0000010cd0bf8b90
Event: 36.204 Thread 0x0000010ce7834990 flushing nmethod 0x0000010cd0ee9910
Event: 36.213 Thread 0x0000010ce7834990 flushing nmethod 0x0000010cd1876a90
Event: 36.214 Thread 0x0000010ce7834990 flushing nmethod 0x0000010cd18c9010
Event: 36.214 Thread 0x0000010ce7834990 flushing nmethod 0x0000010cd18cc190


Dynamic libraries:
0x00007ff733ff0000 - 0x00007ff733ffa000 	D:\Android\Android Studio\jbr\bin\java.exe
0x00007ff9248d0000 - 0x00007ff924ac8000 	C:\WINDOWS\SYSTEM32\ntdll.dll
0x00007ff9231a0000 - 0x00007ff92325d000 	C:\WINDOWS\System32\KERNEL32.DLL
0x00007ff922020000 - 0x00007ff922316000 	C:\WINDOWS\System32\KERNELBASE.dll
0x00007ff922350000 - 0x00007ff922450000 	C:\WINDOWS\System32\ucrtbase.dll
0x00007ff90bda0000 - 0x00007ff90bdb7000 	D:\Android\Android Studio\jbr\bin\jli.dll
0x00007ff922fa0000 - 0x00007ff92313e000 	C:\WINDOWS\System32\USER32.dll
0x00007ff922320000 - 0x00007ff922342000 	C:\WINDOWS\System32\win32u.dll
0x00007ff9236e0000 - 0x00007ff92370c000 	C:\WINDOWS\System32\GDI32.dll
0x00007ff922810000 - 0x00007ff92292a000 	C:\WINDOWS\System32\gdi32full.dll
0x00007ff922770000 - 0x00007ff92280d000 	C:\WINDOWS\System32\msvcp_win.dll
0x00007ff9187d0000 - 0x00007ff9187eb000 	D:\Android\Android Studio\jbr\bin\VCRUNTIME140.dll
0x00007ff90c8a0000 - 0x00007ff90cb3a000 	C:\WINDOWS\WinSxS\amd64_microsoft.windows.common-controls_6595b64144ccf1df_6.0.19041.1110_none_60b5254171f9507e\COMCTL32.dll
0x00007ff923f90000 - 0x00007ff92402e000 	C:\WINDOWS\System32\msvcrt.dll
0x00007ff923260000 - 0x00007ff923290000 	C:\WINDOWS\System32\IMM32.DLL
0x00007ff91a800000 - 0x00007ff91a80c000 	D:\Android\Android Studio\jbr\bin\vcruntime140_1.dll
0x00007ff916a50000 - 0x00007ff916add000 	D:\Android\Android Studio\jbr\bin\msvcp140.dll
0x00007ff8b6230000 - 0x00007ff8b6e9e000 	D:\Android\Android Studio\jbr\bin\server\jvm.dll
0x00007ff924190000 - 0x00007ff92423e000 	C:\WINDOWS\System32\ADVAPI32.dll
0x00007ff924240000 - 0x00007ff9242dc000 	C:\WINDOWS\System32\sechost.dll
0x00007ff922930000 - 0x00007ff922a56000 	C:\WINDOWS\System32\RPCRT4.dll
0x00007ff91aa00000 - 0x00007ff91aa09000 	C:\WINDOWS\SYSTEM32\WSOCK32.dll
0x00007ff924390000 - 0x00007ff9243fb000 	C:\WINDOWS\System32\WS2_32.dll
0x00007ff9063b0000 - 0x00007ff9063d7000 	C:\WINDOWS\SYSTEM32\WINMM.dll
0x00007ff915f10000 - 0x00007ff915f1a000 	C:\WINDOWS\SYSTEM32\VERSION.dll
0x00007ff9207d0000 - 0x00007ff9207e2000 	C:\WINDOWS\SYSTEM32\kernel.appcore.dll
0x00007ff9187a0000 - 0x00007ff9187aa000 	D:\Android\Android Studio\jbr\bin\jimage.dll
0x00007ff91cba0000 - 0x00007ff91cd84000 	C:\WINDOWS\SYSTEM32\DBGHELP.DLL
0x00007ff9062c0000 - 0x00007ff9062f4000 	C:\WINDOWS\SYSTEM32\dbgcore.DLL
0x00007ff922630000 - 0x00007ff9226b2000 	C:\WINDOWS\System32\bcryptPrimitives.dll
0x00007ff90b350000 - 0x00007ff90b375000 	D:\Android\Android Studio\jbr\bin\java.dll
0x00007ff9169d0000 - 0x00007ff9169e8000 	D:\Android\Android Studio\jbr\bin\zip.dll
0x00007ff923710000 - 0x00007ff923e55000 	C:\WINDOWS\System32\SHELL32.dll
0x00007ff920020000 - 0x00007ff9207bb000 	C:\WINDOWS\SYSTEM32\windows.storage.dll
0x00007ff924530000 - 0x00007ff924884000 	C:\WINDOWS\System32\combase.dll
0x00007ff921980000 - 0x00007ff9219ae000 	C:\WINDOWS\SYSTEM32\Wldp.dll
0x00007ff9242e0000 - 0x00007ff92438d000 	C:\WINDOWS\System32\SHCORE.dll
0x00007ff923420000 - 0x00007ff923475000 	C:\WINDOWS\System32\shlwapi.dll
0x00007ff921ee0000 - 0x00007ff921f05000 	C:\WINDOWS\SYSTEM32\profapi.dll
0x00007ff916950000 - 0x00007ff916969000 	D:\Android\Android Studio\jbr\bin\net.dll
0x00007ff90fe30000 - 0x00007ff90ff3a000 	C:\WINDOWS\SYSTEM32\WINHTTP.dll
0x00007ff9216e0000 - 0x00007ff92174a000 	C:\WINDOWS\system32\mswsock.dll
0x00007ff90be10000 - 0x00007ff90be26000 	D:\Android\Android Studio\jbr\bin\nio.dll
0x00007ff9186d0000 - 0x00007ff9186e0000 	D:\Android\Android Studio\jbr\bin\verify.dll
0x00007ff9098b0000 - 0x00007ff9098d7000 	D:\Android\gradle-8.3\native\68d5fa5c4cc2d200863cafc0d521ce42e7d3e7ee720ec0a83991735586a16f82\windows-amd64\native-platform.dll
0x00007ff8e92a0000 - 0x00007ff8e93e4000 	D:\Android\gradle-8.3\native\e376f236ea51e6404a007f0833ffe2c6e607c4080706a723a18a27aeea778392\windows-amd64\native-platform-file-events.dll
0x00007ff916990000 - 0x00007ff916999000 	D:\Android\Android Studio\jbr\bin\management.dll
0x00007ff916080000 - 0x00007ff91608b000 	D:\Android\Android Studio\jbr\bin\management_ext.dll
0x00007ff922f90000 - 0x00007ff922f98000 	C:\WINDOWS\System32\PSAPI.DLL
0x00007ff9218d0000 - 0x00007ff9218e8000 	C:\WINDOWS\SYSTEM32\CRYPTSP.dll
0x00007ff920ff0000 - 0x00007ff921024000 	C:\WINDOWS\system32\rsaenh.dll
0x00007ff922450000 - 0x00007ff922477000 	C:\WINDOWS\System32\bcrypt.dll
0x00007ff921e60000 - 0x00007ff921e8e000 	C:\WINDOWS\SYSTEM32\USERENV.dll
0x00007ff9218f0000 - 0x00007ff9218fc000 	C:\WINDOWS\SYSTEM32\CRYPTBASE.dll
0x00007ff9213d0000 - 0x00007ff92140b000 	C:\WINDOWS\SYSTEM32\IPHLPAPI.DLL
0x00007ff923f80000 - 0x00007ff923f88000 	C:\WINDOWS\System32\NSI.dll
0x00007ff9107d0000 - 0x00007ff9107e7000 	C:\WINDOWS\SYSTEM32\dhcpcsvc6.DLL
0x00007ff9107b0000 - 0x00007ff9107cd000 	C:\WINDOWS\SYSTEM32\dhcpcsvc.DLL
0x00007ff921410000 - 0x00007ff9214da000 	C:\WINDOWS\SYSTEM32\DNSAPI.dll
0x00007ff916030000 - 0x00007ff916037000 	C:\WINDOWS\system32\wshunix.dll

dbghelp: loaded successfully - version: 4.0.5 - missing functions: none
symbol engine: initialized successfully - sym options: 0x614 - pdb path: .;D:\Android\Android Studio\jbr\bin;C:\WINDOWS\SYSTEM32;C:\WINDOWS\WinSxS\amd64_microsoft.windows.common-controls_6595b64144ccf1df_6.0.19041.1110_none_60b5254171f9507e;D:\Android\Android Studio\jbr\bin\server;D:\Android\gradle-8.3\native\68d5fa5c4cc2d200863cafc0d521ce42e7d3e7ee720ec0a83991735586a16f82\windows-amd64;D:\Android\gradle-8.3\native\e376f236ea51e6404a007f0833ffe2c6e607c4080706a723a18a27aeea778392\windows-amd64

VM Arguments:
jvm_args: --add-opens=java.base/java.util=ALL-UNNAMED --add-opens=java.base/java.lang=ALL-UNNAMED --add-opens=java.base/java.lang.invoke=ALL-UNNAMED --add-opens=java.prefs/java.util.prefs=ALL-UNNAMED --add-opens=java.base/java.nio.charset=ALL-UNNAMED --add-opens=java.base/java.net=ALL-UNNAMED --add-opens=java.base/java.util.concurrent.atomic=ALL-UNNAMED -Xmx2048m -Dfile.encoding=UTF-8 -Duser.country=US -Duser.language=en -Duser.variant 
java_command: org.gradle.launcher.daemon.bootstrap.GradleDaemon 8.0
java_class_path (initial): D:\Android\gradle-8.3\wrapper\dists\gradle-8.0-bin\ca5e32bp14vu59qr306oxotwh\gradle-8.0\lib\gradle-launcher-8.0.jar
Launcher Type: SUN_STANDARD

[Global flags]
     intx CICompilerCount                          = 3                                         {product} {ergonomic}
     uint ConcGCThreads                            = 1                                         {product} {ergonomic}
     uint G1ConcRefinementThreads                  = 4                                         {product} {ergonomic}
   size_t G1HeapRegionSize                         = 1048576                                   {product} {ergonomic}
    uintx GCDrainStackTargetSize                   = 64                                        {product} {ergonomic}
   size_t InitialHeapSize                          = 134217728                                 {product} {ergonomic}
   size_t MarkStackSize                            = 4194304                                   {product} {ergonomic}
   size_t MaxHeapSize                              = 2147483648                                {product} {command line}
   size_t MaxNewSize                               = 1287651328                                {product} {ergonomic}
   size_t MinHeapDeltaBytes                        = 1048576                                   {product} {ergonomic}
   size_t MinHeapSize                              = 8388608                                   {product} {ergonomic}
    uintx NonNMethodCodeHeapSize                   = 5832780                                {pd product} {ergonomic}
    uintx NonProfiledCodeHeapSize                  = 122912730                              {pd product} {ergonomic}
    uintx ProfiledCodeHeapSize                     = 122912730                              {pd product} {ergonomic}
    uintx ReservedCodeCacheSize                    = 251658240                              {pd product} {ergonomic}
     bool SegmentedCodeCache                       = true                                      {product} {ergonomic}
   size_t SoftMaxHeapSize                          = 2147483648                             {manageable} {ergonomic}
     bool UseCompressedClassPointers               = true                           {product lp64_product} {ergonomic}
     bool UseCompressedOops                        = true                           {product lp64_product} {ergonomic}
     bool UseG1GC                                  = true                                      {product} {ergonomic}
     bool UseLargePagesIndividualAllocation        = false                                  {pd product} {ergonomic}

Logging:
Log output configuration:
 #0: stdout all=warning uptime,level,tags
 #1: stderr all=off uptime,level,tags

Environment Variables:
PATH=C:\Program Files (x86)\Common Files\Oracle\Java\javapath;D:\IntelSWTools\system_studio_2020\OpenCL\sdk\bin\x64;D:\IntelSWTools\system_studio_2020\OpenCL\sdk\bin\x86;D:\app\hP\product\11.2.0\dbhome_1\bin;C:\Program Files\Common Files\Oracle\Java\javapath;C:\ProgramData\Oracle\Java\javapath;C:\WINDOWS\system32;C:\WINDOWS;C:\WINDOWS\System32\Wbem;C:\WINDOWS\System32\WindowsPowerShell\v1.0\;C:\WINDOWS\System32\OpenSSH\;C:\MinGW\bin;D:\R2019b\runtime\win64;D:\R2019b\bin;D:\R2019b\polyspace\bin;D:\bin;C:\Program Files\Java\jdk-18.0.2.1;C:\Program Files\Microsoft SQL Server\150\Tools\Binn\;C:\Program Files\Cloudflare\Cloudflare WARP\;D:\nodejs\;C:\Program Files\MySQL\MySQL Shell 8.0\bin\;C:\Users\hP\AppData\Local\Programs\Python\Python310\Scripts\;C:\Users\hP\AppData\Local\Programs\Python\Python310\;C:\Users\hP\AppData\Local\Microsoft\WindowsApps;D:\_JetBrains_CLion_2020.2.1x64\CLion 2020.2.1\bin;;C:\Program Files\Azure Data Studio\bin;C:\Users\hP\AppData\Roaming\npm;D:\Microsoft VS Code\bin
USERNAME=hP
OS=Windows_NT
PROCESSOR_IDENTIFIER=Intel64 Family 6 Model 142 Stepping 9, GenuineIntel
TMP=C:\Users\hP\AppData\Local\Temp
TEMP=C:\Users\hP\AppData\Local\Temp


JNI global refs:
JNI global refs: 24, weak refs: 0

JNI global refs memory usage: 843, weak refs: 841


---------------  S Y S T E M  ---------------

OS:
 Windows 10 , 64 bit Build 19041 (10.0.19041.3393)
OS uptime: 0 days 23:01 hours

CPU: total 4 (initial active 4) (2 cores per cpu, 2 threads per core) family 6 model 142 stepping 9 microcode 0xb4, cx8, cmov, fxsr, ht, mmx, 3dnowpref, sse, sse2, sse3, ssse3, sse4.1, sse4.2, popcnt, lzcnt, tsc, tscinvbit, avx, avx2, aes, erms, clmul, bmi1, bmi2, adx, fma, vzeroupper, clflush, clflushopt

Memory: 4k page, system-wide physical 8089M (475M free)
TotalPageFile size 12185M (AvailPageFile size 164M)
current process WorkingSet (physical memory assigned to process): 556M, peak: 568M
current process commit charge ("private bytes"): 584M, peak: 889M

vm_info: OpenJDK 64-Bit Server VM (17.0.6+0-b2043.56-10027231) for windows-amd64 JRE (17.0.6+0-b2043.56-10027231), built on Apr 28 2023 00:43:19 by "androidbuild" with MS VC++ 16.10 / 16.11 (VS2019)

END.
