#
# There is insufficient memory for the Java Runtime Environment to continue.
# Native memory allocation (mmap) failed to map 351272960 bytes for G1 virtual space
# Possible reasons:
#   The system is out of physical RAM or swap space
#   The process is running with CompressedOops enabled, and the Java Heap may be blocking the growth of the native heap
# Possible solutions:
#   Reduce memory load on the system
#   Increase physical memory or swap space
#   Check if swap backing store is full
#   Decrease Java heap size (-Xmx/-Xms)
#   Decrease number of Java threads
#   Decrease Java thread stack sizes (-Xss)
#   Set larger code cache with -XX:ReservedCodeCacheSize=
#   JVM is running with Unscaled Compressed Oops mode in which the Java heap is
#     placed in the first 4GB address space. The Java Heap base address is the
#     maximum limit for the native heap growth. Please use -XX:HeapBaseMinAddress
#     to set the Java Heap base and to place the Java Heap above 4GB virtual address.
# This output file may be truncated or incomplete.
#
#  Out of Memory Error (os_windows.cpp:3769), pid=10060, tid=12268
#
# JRE version: OpenJDK Runtime Environment (17.0.6) (build 17.0.6+0-b2043.56-10027231)
# Java VM: OpenJDK 64-Bit Server VM (17.0.6+0-b2043.56-10027231, mixed mode, tiered, compressed oops, compressed class ptrs, g1 gc, windows-amd64)
# No core dump will be written. Minidumps are not enabled by default on client versions of Windows
#

---------------  S U M M A R Y ------------

Command Line: --add-opens=java.base/java.util=ALL-UNNAMED --add-opens=java.base/java.lang=ALL-UNNAMED --add-opens=java.base/java.lang.invoke=ALL-UNNAMED --add-opens=java.prefs/java.util.prefs=ALL-UNNAMED --add-opens=java.base/java.nio.charset=ALL-UNNAMED --add-opens=java.base/java.net=ALL-UNNAMED --add-opens=java.base/java.util.concurrent.atomic=ALL-UNNAMED -Xmx2048m -Dfile.encoding=UTF-8 -Duser.country=US -Duser.language=en -Duser.variant org.gradle.launcher.daemon.bootstrap.GradleDaemon 8.0

Host: Intel(R) Core(TM) i5-7200U CPU @ 2.50GHz, 4 cores, 7G,  Windows 10 , 64 bit Build 19041 (10.0.19041.3393)
Time: Wed Oct 11 09:51:59 2023 Pakistan Standard Time elapsed time: 26.464370 seconds (0d 0h 0m 26s)

---------------  T H R E A D  ---------------

Current thread (0x000001f27d389880):  VMThread "VM Thread" [stack: 0x000000db63000000,0x000000db63100000] [id=12268]

Stack: [0x000000db63000000,0x000000db63100000]
Native frames: (J=compiled Java code, j=interpreted, Vv=VM code, C=native code)
V  [jvm.dll+0x683c9a]
V  [jvm.dll+0x8427a4]
V  [jvm.dll+0x843f9e]
V  [jvm.dll+0x844603]
V  [jvm.dll+0x249b75]
V  [jvm.dll+0x680b69]
V  [jvm.dll+0x67505a]
V  [jvm.dll+0x309acb]
V  [jvm.dll+0x310f86]
V  [jvm.dll+0x3608ee]
V  [jvm.dll+0x360b1f]
V  [jvm.dll+0x2dfbf8]
V  [jvm.dll+0x2ddec4]
V  [jvm.dll+0x2dd4cc]
V  [jvm.dll+0x321f3b]
V  [jvm.dll+0x848ccb]
V  [jvm.dll+0x849a04]
V  [jvm.dll+0x849f1d]
V  [jvm.dll+0x84a2f4]
V  [jvm.dll+0x84a3c0]
V  [jvm.dll+0x7f274a]
V  [jvm.dll+0x682ad5]
C  [ucrtbase.dll+0x21bb2]
C  [KERNEL32.DLL+0x17344]
C  [ntdll.dll+0x526b1]

VM_Operation (0x000000db67bf95e0): G1CollectForAllocation, mode: safepoint, requested by thread 0x000001f201602170


---------------  P R O C E S S  ---------------

Threads class SMR info:
_java_thread_list=0x000001f20432cc10, length=89, elements={
0x000001f263dceaf0, 0x000001f27d38e3d0, 0x000001f27d38f650, 0x000001f27dd16770,
0x000001f27dd19040, 0x000001f27dd1a0a0, 0x000001f27dd1a960, 0x000001f27dd1b550,
0x000001f27dd1c5f0, 0x000001f27dd1fe80, 0x000001f27ded9030, 0x000001f27dedd920,
0x000001f27dfcdff0, 0x000001f200b4af80, 0x000001f27f70ff50, 0x000001f200fcf630,
0x000001f27f0bb000, 0x000001f27f0fb690, 0x000001f27f4f4f00, 0x000001f27f5354f0,
0x000001f27e2f2b50, 0x000001f27e2f3020, 0x000001f27e2f39c0, 0x000001f27e2f21b0,
0x000001f27e2f34f0, 0x000001f27e2f4360, 0x000001f27e2f1ce0, 0x000001f27e2f2680,
0x000001f27e2f09a0, 0x000001f27e2f0e70, 0x000001f203d7a450, 0x000001f203d7a920,
0x000001f203d7ec80, 0x000001f203d7adf0, 0x000001f203d7f620, 0x000001f203d7bc60,
0x000001f203d7cfa0, 0x000001f203d7f150, 0x000001f203d77dd0, 0x000001f203d79f80,
0x000001f203d79110, 0x000001f203d79ab0, 0x000001f203d7cad0, 0x000001f203d782a0,
0x000001f203d78770, 0x000001f203d795e0, 0x000001f203d7d470, 0x000001f203d7d940,
0x000001f203d7de10, 0x000001f201601ca0, 0x000001f201602fe0, 0x000001f201600e30,
0x000001f2015ff150, 0x000001f2016034b0, 0x000001f201602b10, 0x000001f201603980,
0x000001f201604cc0, 0x000001f2015fe7b0, 0x000001f2016047f0, 0x000001f201603e50,
0x000001f201600960, 0x000001f2015fec80, 0x000001f201605190, 0x000001f2015ff620,
0x000001f2015fffc0, 0x000001f201602640, 0x000001f2015ffaf0, 0x000001f201601300,
0x000001f2016017d0, 0x000001f201600490, 0x000001f201602170, 0x000001f201604320,
0x000001f201605660, 0x000001f2015fde10, 0x000001f2015fe2e0, 0x000001f203e8aa50,
0x000001f203e89be0, 0x000001f203e8a580, 0x000001f203e8edb0, 0x000001f203e8a0b0,
0x000001f203e8e8e0, 0x000001f203e89710, 0x000001f203e8b3f0, 0x000001f203e8da70,
0x000001f203e8bd90, 0x000001f203e8df40, 0x000001f203e88d70, 0x000001f203e8c730,
0x000001f203e8d5a0
}

Java Threads: ( => current thread )
  0x000001f263dceaf0 JavaThread "main" [_thread_blocked, id=9264, stack(0x000000db62a00000,0x000000db62b00000)]
  0x000001f27d38e3d0 JavaThread "Reference Handler" daemon [_thread_blocked, id=6812, stack(0x000000db63100000,0x000000db63200000)]
  0x000001f27d38f650 JavaThread "Finalizer" daemon [_thread_blocked, id=5920, stack(0x000000db63200000,0x000000db63300000)]
  0x000001f27dd16770 JavaThread "Signal Dispatcher" daemon [_thread_blocked, id=4184, stack(0x000000db63300000,0x000000db63400000)]
  0x000001f27dd19040 JavaThread "Attach Listener" daemon [_thread_blocked, id=3060, stack(0x000000db63400000,0x000000db63500000)]
  0x000001f27dd1a0a0 JavaThread "Service Thread" daemon [_thread_blocked, id=13796, stack(0x000000db63500000,0x000000db63600000)]
  0x000001f27dd1a960 JavaThread "Monitor Deflation Thread" daemon [_thread_blocked, id=7032, stack(0x000000db63600000,0x000000db63700000)]
  0x000001f27dd1b550 JavaThread "C2 CompilerThread0" daemon [_thread_blocked, id=7224, stack(0x000000db63700000,0x000000db63800000)]
  0x000001f27dd1c5f0 JavaThread "C1 CompilerThread0" daemon [_thread_blocked, id=2936, stack(0x000000db63800000,0x000000db63900000)]
  0x000001f27dd1fe80 JavaThread "Sweeper thread" daemon [_thread_blocked, id=620, stack(0x000000db63900000,0x000000db63a00000)]
  0x000001f27ded9030 JavaThread "Common-Cleaner" daemon [_thread_blocked, id=8124, stack(0x000000db63a00000,0x000000db63b00000)]
  0x000001f27dedd920 JavaThread "Notification Thread" daemon [_thread_blocked, id=1736, stack(0x000000db63b00000,0x000000db63c00000)]
  0x000001f27dfcdff0 JavaThread "C2 CompilerThread1" daemon [_thread_blocked, id=6156, stack(0x000000db63d00000,0x000000db63e00000)]
  0x000001f200b4af80 JavaThread "Daemon health stats" [_thread_blocked, id=1284, stack(0x000000db64100000,0x000000db64200000)]
  0x000001f27f70ff50 JavaThread "Incoming local TCP Connector on port 63949" [_thread_in_native, id=484, stack(0x000000db64200000,0x000000db64300000)]
  0x000001f200fcf630 JavaThread "Daemon periodic checks" [_thread_blocked, id=496, stack(0x000000db64300000,0x000000db64400000)]
  0x000001f27f0bb000 JavaThread "Daemon" [_thread_blocked, id=5816, stack(0x000000db64400000,0x000000db64500000)]
  0x000001f27f0fb690 JavaThread "Handler for socket connection from /127.0.0.1:63949 to /127.0.0.1:63950" [_thread_in_native, id=3432, stack(0x000000db64500000,0x000000db64600000)]
  0x000001f27f4f4f00 JavaThread "Cancel handler" [_thread_blocked, id=10572, stack(0x000000db64600000,0x000000db64700000)]
  0x000001f27f5354f0 JavaThread "Daemon worker" [_thread_blocked, id=9292, stack(0x000000db64700000,0x000000db64800000)]
  0x000001f27e2f2b50 JavaThread "Asynchronous log dispatcher for DefaultDaemonConnection: socket connection from /127.0.0.1:63949 to /127.0.0.1:63950" [_thread_blocked, id=8888, stack(0x000000db64800000,0x000000db64900000)]
  0x000001f27e2f3020 JavaThread "Stdin handler" [_thread_blocked, id=7504, stack(0x000000db64900000,0x000000db64a00000)]
  0x000001f27e2f39c0 JavaThread "Daemon client event forwarder" [_thread_blocked, id=9824, stack(0x000000db64a00000,0x000000db64b00000)]
  0x000001f27e2f21b0 JavaThread "Cache worker for journal cache (D:\Android\gradle-8.3\caches\journal-1)" [_thread_blocked, id=9548, stack(0x000000db64b00000,0x000000db64c00000)]
  0x000001f27e2f34f0 JavaThread "File lock request listener" [_thread_in_native, id=11536, stack(0x000000db64c00000,0x000000db64d00000)]
  0x000001f27e2f4360 JavaThread "Cache worker for file hash cache (D:\Android\gradle-8.3\caches\8.0\fileHashes)" [_thread_blocked, id=9280, stack(0x000000db64d00000,0x000000db64e00000)]
  0x000001f27e2f1ce0 JavaThread "File watcher server" daemon [_thread_blocked, id=9900, stack(0x000000db64e00000,0x000000db64f00000)]
  0x000001f27e2f2680 JavaThread "File watcher consumer" daemon [_thread_blocked, id=11336, stack(0x000000db64f00000,0x000000db65000000)]
  0x000001f27e2f09a0 JavaThread "Cache worker for checksums cache (D:\i200547\.gradle\8.0\checksums)" [_thread_blocked, id=8116, stack(0x000000db65000000,0x000000db65100000)]
  0x000001f27e2f0e70 JavaThread "Cache worker for cache directory md-rule (D:\Android\gradle-8.3\caches\8.0\md-rule)" [_thread_blocked, id=6188, stack(0x000000db65100000,0x000000db65200000)]
  0x000001f203d7a450 JavaThread "Cache worker for file content cache (D:\Android\gradle-8.3\caches\8.0\fileContent)" [_thread_blocked, id=3812, stack(0x000000db65200000,0x000000db65300000)]
  0x000001f203d7a920 JavaThread "Cache worker for file hash cache (D:\i200547\.gradle\8.0\fileHashes)" [_thread_blocked, id=6416, stack(0x000000db65300000,0x000000db65400000)]
  0x000001f203d7ec80 JavaThread "Cache worker for cache directory md-supplier (D:\Android\gradle-8.3\caches\8.0\md-supplier)" [_thread_blocked, id=13068, stack(0x000000db65400000,0x000000db65500000)]
  0x000001f203d7adf0 JavaThread "Cache worker for execution history cache (D:\Android\gradle-8.3\caches\8.0\executionHistory)" [_thread_blocked, id=2040, stack(0x000000db65500000,0x000000db65600000)]
  0x000001f203d7f620 JavaThread "jar transforms" [_thread_blocked, id=12916, stack(0x000000db65600000,0x000000db65700000)]
  0x000001f203d7bc60 JavaThread "jar transforms Thread 2" [_thread_blocked, id=13752, stack(0x000000db65700000,0x000000db65800000)]
  0x000001f203d7cfa0 JavaThread "Cache worker for kotlin-dsl (D:\Android\gradle-8.3\caches\8.0\kotlin-dsl)" [_thread_blocked, id=10668, stack(0x000000db65900000,0x000000db65a00000)]
  0x000001f203d7f150 JavaThread "jar transforms Thread 3" [_thread_blocked, id=8896, stack(0x000000db65a00000,0x000000db65b00000)]
  0x000001f203d77dd0 JavaThread "jar transforms Thread 4" [_thread_blocked, id=6612, stack(0x000000db65b00000,0x000000db65c00000)]
  0x000001f203d79f80 JavaThread "Cache worker for dependencies-accessors (D:\i200547\.gradle\8.0\dependencies-accessors)" [_thread_blocked, id=11268, stack(0x000000db65c00000,0x000000db65d00000)]
  0x000001f203d79110 JavaThread "Cache worker for Build Output Cleanup Cache (D:\i200547\.gradle\buildOutputCleanup)" [_thread_blocked, id=3656, stack(0x000000db65d00000,0x000000db65e00000)]
  0x000001f203d79ab0 JavaThread "Unconstrained build operations" [_thread_blocked, id=3388, stack(0x000000db65e00000,0x000000db65f00000)]
  0x000001f203d7cad0 JavaThread "Unconstrained build operations Thread 2" [_thread_blocked, id=7860, stack(0x000000db65f00000,0x000000db66000000)]
  0x000001f203d782a0 JavaThread "Unconstrained build operations Thread 3" [_thread_blocked, id=12504, stack(0x000000db66000000,0x000000db66100000)]
  0x000001f203d78770 JavaThread "Unconstrained build operations Thread 4" [_thread_blocked, id=8140, stack(0x000000db66100000,0x000000db66200000)]
  0x000001f203d795e0 JavaThread "Unconstrained build operations Thread 5" [_thread_blocked, id=4680, stack(0x000000db66200000,0x000000db66300000)]
  0x000001f203d7d470 JavaThread "Unconstrained build operations Thread 6" [_thread_blocked, id=7004, stack(0x000000db66300000,0x000000db66400000)]
  0x000001f203d7d940 JavaThread "Unconstrained build operations Thread 7" [_thread_blocked, id=4332, stack(0x000000db66400000,0x000000db66500000)]
  0x000001f203d7de10 JavaThread "Unconstrained build operations Thread 8" [_thread_blocked, id=2456, stack(0x000000db66500000,0x000000db66600000)]
  0x000001f201601ca0 JavaThread "Unconstrained build operations Thread 9" [_thread_blocked, id=11568, stack(0x000000db66600000,0x000000db66700000)]
  0x000001f201602fe0 JavaThread "Unconstrained build operations Thread 10" [_thread_blocked, id=5848, stack(0x000000db66700000,0x000000db66800000)]
  0x000001f201600e30 JavaThread "Unconstrained build operations Thread 11" [_thread_blocked, id=10172, stack(0x000000db66800000,0x000000db66900000)]
  0x000001f2015ff150 JavaThread "Unconstrained build operations Thread 12" [_thread_blocked, id=13492, stack(0x000000db66900000,0x000000db66a00000)]
  0x000001f2016034b0 JavaThread "Unconstrained build operations Thread 13" [_thread_blocked, id=1480, stack(0x000000db66a00000,0x000000db66b00000)]
  0x000001f201602b10 JavaThread "Unconstrained build operations Thread 14" [_thread_blocked, id=11236, stack(0x000000db66b00000,0x000000db66c00000)]
  0x000001f201603980 JavaThread "Unconstrained build operations Thread 15" [_thread_blocked, id=1080, stack(0x000000db66c00000,0x000000db66d00000)]
  0x000001f201604cc0 JavaThread "Unconstrained build operations Thread 16" [_thread_blocked, id=11560, stack(0x000000db66d00000,0x000000db66e00000)]
  0x000001f2015fe7b0 JavaThread "Unconstrained build operations Thread 17" [_thread_blocked, id=13764, stack(0x000000db66e00000,0x000000db66f00000)]
  0x000001f2016047f0 JavaThread "Unconstrained build operations Thread 18" [_thread_blocked, id=12876, stack(0x000000db66f00000,0x000000db67000000)]
  0x000001f201603e50 JavaThread "Unconstrained build operations Thread 19" [_thread_blocked, id=3032, stack(0x000000db67000000,0x000000db67100000)]
  0x000001f201600960 JavaThread "Unconstrained build operations Thread 20" [_thread_blocked, id=8228, stack(0x000000db67100000,0x000000db67200000)]
  0x000001f2015fec80 JavaThread "Unconstrained build operations Thread 21" [_thread_blocked, id=1300, stack(0x000000db67200000,0x000000db67300000)]
  0x000001f201605190 JavaThread "Unconstrained build operations Thread 22" [_thread_blocked, id=6780, stack(0x000000db67300000,0x000000db67400000)]
  0x000001f2015ff620 JavaThread "Unconstrained build operations Thread 23" [_thread_blocked, id=4116, stack(0x000000db67400000,0x000000db67500000)]
  0x000001f2015fffc0 JavaThread "Unconstrained build operations Thread 24" [_thread_blocked, id=10016, stack(0x000000db67500000,0x000000db67600000)]
  0x000001f201602640 JavaThread "Unconstrained build operations Thread 25" [_thread_blocked, id=8908, stack(0x000000db67600000,0x000000db67700000)]
  0x000001f2015ffaf0 JavaThread "Unconstrained build operations Thread 26" [_thread_blocked, id=1944, stack(0x000000db67700000,0x000000db67800000)]
  0x000001f201601300 JavaThread "Unconstrained build operations Thread 27" [_thread_blocked, id=5680, stack(0x000000db67800000,0x000000db67900000)]
  0x000001f2016017d0 JavaThread "Unconstrained build operations Thread 28" [_thread_blocked, id=8688, stack(0x000000db67900000,0x000000db67a00000)]
  0x000001f201600490 JavaThread "Unconstrained build operations Thread 29" [_thread_blocked, id=12028, stack(0x000000db67a00000,0x000000db67b00000)]
  0x000001f201602170 JavaThread "Unconstrained build operations Thread 30" [_thread_blocked, id=8088, stack(0x000000db67b00000,0x000000db67c00000)]
  0x000001f201604320 JavaThread "Unconstrained build operations Thread 31" [_thread_blocked, id=9632, stack(0x000000db67c00000,0x000000db67d00000)]
  0x000001f201605660 JavaThread "Unconstrained build operations Thread 32" [_thread_blocked, id=9936, stack(0x000000db67d00000,0x000000db67e00000)]
  0x000001f2015fde10 JavaThread "Unconstrained build operations Thread 33" [_thread_blocked, id=8320, stack(0x000000db67e00000,0x000000db67f00000)]
  0x000001f2015fe2e0 JavaThread "Unconstrained build operations Thread 34" [_thread_blocked, id=14100, stack(0x000000db67f00000,0x000000db68000000)]
  0x000001f203e8aa50 JavaThread "Unconstrained build operations Thread 35" [_thread_blocked, id=11300, stack(0x000000db68000000,0x000000db68100000)]
  0x000001f203e89be0 JavaThread "Unconstrained build operations Thread 36" [_thread_blocked, id=3488, stack(0x000000db68100000,0x000000db68200000)]
  0x000001f203e8a580 JavaThread "Unconstrained build operations Thread 37" [_thread_blocked, id=6404, stack(0x000000db68200000,0x000000db68300000)]
  0x000001f203e8edb0 JavaThread "Unconstrained build operations Thread 38" [_thread_blocked, id=10948, stack(0x000000db68300000,0x000000db68400000)]
  0x000001f203e8a0b0 JavaThread "Unconstrained build operations Thread 39" [_thread_blocked, id=7492, stack(0x000000db68400000,0x000000db68500000)]
  0x000001f203e8e8e0 JavaThread "Unconstrained build operations Thread 40" [_thread_blocked, id=3300, stack(0x000000db68500000,0x000000db68600000)]
  0x000001f203e89710 JavaThread "build event listener" [_thread_blocked, id=3228, stack(0x000000db68600000,0x000000db68700000)]
  0x000001f203e8b3f0 JavaThread "Memory manager" [_thread_blocked, id=3668, stack(0x000000db68700000,0x000000db68800000)]
  0x000001f203e8da70 JavaThread "included builds" [_thread_blocked, id=4424, stack(0x000000db68800000,0x000000db68900000)]
  0x000001f203e8bd90 JavaThread "Execution worker" [_thread_blocked, id=3768, stack(0x000000db68900000,0x000000db68a00000)]
  0x000001f203e8df40 JavaThread "Execution worker Thread 2" [_thread_blocked, id=14120, stack(0x000000db68a00000,0x000000db68b00000)]
  0x000001f203e88d70 JavaThread "Execution worker Thread 3" [_thread_blocked, id=10532, stack(0x000000db68b00000,0x000000db68c00000)]
  0x000001f203e8c730 JavaThread "Cache worker for execution history cache (D:\i200547\.gradle\8.0\executionHistory)" [_thread_blocked, id=9040, stack(0x000000db68c00000,0x000000db68d00000)]
  0x000001f203e8d5a0 JavaThread "WorkerExecutor Queue" [_thread_blocked, id=14248, stack(0x000000db68d00000,0x000000db68e00000)]

Other Threads:
=>0x000001f27d389880 VMThread "VM Thread" [stack: 0x000000db63000000,0x000000db63100000] [id=12268]
  0x000001f27dedfe00 WatcherThread [stack: 0x000000db63c00000,0x000000db63d00000] [id=2412]
  0x000001f263e29aa0 GCTaskThread "GC Thread#0" [stack: 0x000000db62b00000,0x000000db62c00000] [id=10996]
  0x000001f27e760cf0 GCTaskThread "GC Thread#1" [stack: 0x000000db63e00000,0x000000db63f00000] [id=6668]
  0x000001f27e40f200 GCTaskThread "GC Thread#2" [stack: 0x000000db63f00000,0x000000db64000000] [id=4672]
  0x000001f27ecb5490 GCTaskThread "GC Thread#3" [stack: 0x000000db64000000,0x000000db64100000] [id=10244]
  0x000001f263e3a8f0 ConcurrentGCThread "G1 Main Marker" [stack: 0x000000db62c00000,0x000000db62d00000] [id=9476]
  0x000001f263e3c220 ConcurrentGCThread "G1 Conc#0" [stack: 0x000000db62d00000,0x000000db62e00000] [id=12832]
  0x000001f27d1e40b0 ConcurrentGCThread "G1 Refine#0" [stack: 0x000000db62e00000,0x000000db62f00000] [id=13760]
  0x000001f27f752480 ConcurrentGCThread "G1 Refine#1" [stack: 0x000000db65800000,0x000000db65900000] [id=11432]
  0x000001f27d1e49e0 ConcurrentGCThread "G1 Service" [stack: 0x000000db62f00000,0x000000db63000000] [id=13024]

Threads with active compile tasks:
C2 CompilerThread0    26497 13902 %     4       com.android.tools.r8.internal.Ia::a @ 83 (6329 bytes)
C1 CompilerThread0    26497 14305       2       com.android.tools.r8.ir.regalloc.b::j (582 bytes)
C2 CompilerThread1    26497 14279       4       com.android.tools.r8.internal.NJ::hasNext (14 bytes)

VM state: at safepoint (normal execution)

VM Mutex/Monitor currently owned by a thread:  ([mutex/lock_event])
[0x000001f263dc9dd0] Threads_lock - owner thread: 0x000001f27d389880
[0x000001f263dc9cb0] Heap_lock - owner thread: 0x000001f201602170

Heap address: 0x0000000080000000, size: 2048 MB, Compressed Oops mode: 32-bit

CDS archive(s) not mapped
Compressed class space mapped at: 0x0000000100000000-0x0000000140000000, reserved size: 1073741824
Narrow klass base: 0x0000000000000000, Narrow klass shift: 3, Narrow klass range: 0x140000000

GC Precious Log:
 CPUs: 4 total, 4 available
 Memory: 8089M
 Large Page Support: Disabled
 NUMA Support: Disabled
 Compressed Oops: Enabled (32-bit)
 Heap Region Size: 1M
 Heap Min Capacity: 8M
 Heap Initial Capacity: 128M
 Heap Max Capacity: 2G
 Pre-touch: Disabled
 Parallel Workers: 4
 Concurrent Workers: 1
 Concurrent Refinement Workers: 4
 Periodic GC: Disabled

Heap:
 garbage-first heap   total 266240K, used 144166K [0x0000000080000000, 0x0000000100000000)
  region size 1024K, 2 young (2048K), 2 survivors (2048K)
 Metaspace       used 112350K, committed 113024K, reserved 1146880K
  class space    used 15350K, committed 15680K, reserved 1048576K

Heap Regions: E=young(eden), S=young(survivor), O=old, HS=humongous(starts), HC=humongous(continues), CS=collection set, F=free, OA=open archive, CA=closed archive, TAMS=top-at-mark-start (previous, next)
|   0|0x0000000080000000, 0x0000000080100000, 0x0000000080100000|100%| O|  |TAMS 0x0000000080100000, 0x0000000080000000| Untracked 
|   1|0x0000000080100000, 0x0000000080200000, 0x0000000080200000|100%| O|  |TAMS 0x0000000080200000, 0x0000000080100000| Untracked 
|   2|0x0000000080200000, 0x0000000080300000, 0x0000000080300000|100%|HS|  |TAMS 0x0000000080300000, 0x0000000080200000| Complete 
|   3|0x0000000080300000, 0x0000000080400000, 0x0000000080400000|100%|HC|  |TAMS 0x0000000080400000, 0x0000000080300000| Complete 
|   4|0x0000000080400000, 0x0000000080500000, 0x0000000080500000|100%|HC|  |TAMS 0x0000000080500000, 0x0000000080400000| Complete 
|   5|0x0000000080500000, 0x0000000080600000, 0x0000000080600000|100%|HC|  |TAMS 0x0000000080600000, 0x0000000080500000| Complete 
|   6|0x0000000080600000, 0x0000000080700000, 0x0000000080700000|100%| O|  |TAMS 0x0000000080700000, 0x0000000080600000| Untracked 
|   7|0x0000000080700000, 0x0000000080800000, 0x0000000080800000|100%| O|  |TAMS 0x0000000080800000, 0x0000000080700000| Untracked 
|   8|0x0000000080800000, 0x0000000080900000, 0x0000000080900000|100%| O|  |TAMS 0x0000000080900000, 0x0000000080800000| Untracked 
|   9|0x0000000080900000, 0x0000000080a00000, 0x0000000080a00000|100%| O|  |TAMS 0x0000000080a00000, 0x0000000080900000| Untracked 
|  10|0x0000000080a00000, 0x0000000080b00000, 0x0000000080b00000|100%| O|  |TAMS 0x0000000080b00000, 0x0000000080a00000| Untracked 
|  11|0x0000000080b00000, 0x0000000080b75600, 0x0000000080c00000| 45%| O|  |TAMS 0x0000000080b75600, 0x0000000080b00000| Untracked 
|  12|0x0000000080c00000, 0x0000000080d00000, 0x0000000080d00000|100%| O|  |TAMS 0x0000000080d00000, 0x0000000080c00000| Untracked 
|  13|0x0000000080d00000, 0x0000000080e00000, 0x0000000080e00000|100%| O|  |TAMS 0x0000000080e00000, 0x0000000080d00000| Untracked 
|  14|0x0000000080e00000, 0x0000000080f00000, 0x0000000080f00000|100%| O|  |TAMS 0x0000000080f00000, 0x0000000080e00000| Untracked 
|  15|0x0000000080f00000, 0x0000000081000000, 0x0000000081000000|100%| O|  |TAMS 0x0000000081000000, 0x0000000080f00000| Untracked 
|  16|0x0000000081000000, 0x0000000081100000, 0x0000000081100000|100%| O|  |TAMS 0x0000000081100000, 0x0000000081000000| Untracked 
|  17|0x0000000081100000, 0x0000000081200000, 0x0000000081200000|100%| O|  |TAMS 0x0000000081200000, 0x0000000081100000| Untracked 
|  18|0x0000000081200000, 0x0000000081300000, 0x0000000081300000|100%| O|  |TAMS 0x0000000081300000, 0x0000000081200000| Untracked 
|  19|0x0000000081300000, 0x0000000081400000, 0x0000000081400000|100%| O|  |TAMS 0x0000000081400000, 0x0000000081300000| Untracked 
|  20|0x0000000081400000, 0x0000000081500000, 0x0000000081500000|100%| O|  |TAMS 0x0000000081500000, 0x0000000081400000| Untracked 
|  21|0x0000000081500000, 0x0000000081600000, 0x0000000081600000|100%| O|  |TAMS 0x0000000081600000, 0x0000000081500000| Untracked 
|  22|0x0000000081600000, 0x0000000081700000, 0x0000000081700000|100%| O|  |TAMS 0x0000000081700000, 0x0000000081600000| Untracked 
|  23|0x0000000081700000, 0x0000000081800000, 0x0000000081800000|100%| O|  |TAMS 0x0000000081800000, 0x0000000081700000| Untracked 
|  24|0x0000000081800000, 0x0000000081900000, 0x0000000081900000|100%| O|  |TAMS 0x0000000081900000, 0x0000000081800000| Untracked 
|  25|0x0000000081900000, 0x0000000081a00000, 0x0000000081a00000|100%| O|  |TAMS 0x0000000081a00000, 0x0000000081900000| Untracked 
|  26|0x0000000081a00000, 0x0000000081b00000, 0x0000000081b00000|100%|HS|  |TAMS 0x0000000081b00000, 0x0000000081a00000| Complete 
|  27|0x0000000081b00000, 0x0000000081c00000, 0x0000000081c00000|100%|HS|  |TAMS 0x0000000081c00000, 0x0000000081b00000| Complete 
|  28|0x0000000081c00000, 0x0000000081d00000, 0x0000000081d00000|100%| O|  |TAMS 0x0000000081d00000, 0x0000000081c00000| Untracked 
|  29|0x0000000081d00000, 0x0000000081e00000, 0x0000000081e00000|100%| O|  |TAMS 0x0000000081e00000, 0x0000000081d00000| Untracked 
|  30|0x0000000081e00000, 0x0000000081f00000, 0x0000000081f00000|100%| O|  |TAMS 0x0000000081f00000, 0x0000000081e00000| Untracked 
|  31|0x0000000081f00000, 0x0000000082000000, 0x0000000082000000|100%| O|  |TAMS 0x0000000082000000, 0x0000000081f00000| Untracked 
|  32|0x0000000082000000, 0x0000000082100000, 0x0000000082100000|100%| O|  |TAMS 0x0000000082100000, 0x0000000082000000| Untracked 
|  33|0x0000000082100000, 0x0000000082200000, 0x0000000082200000|100%|HS|  |TAMS 0x0000000082200000, 0x0000000082100000| Complete 
|  34|0x0000000082200000, 0x0000000082300000, 0x0000000082300000|100%|HC|  |TAMS 0x0000000082300000, 0x0000000082200000| Complete 
|  35|0x0000000082300000, 0x0000000082400000, 0x0000000082400000|100%|HS|  |TAMS 0x0000000082400000, 0x0000000082300000| Complete 
|  36|0x0000000082400000, 0x0000000082500000, 0x0000000082500000|100%| O|  |TAMS 0x0000000082500000, 0x0000000082400000| Untracked 
|  37|0x0000000082500000, 0x0000000082600000, 0x0000000082600000|100%| O|  |TAMS 0x0000000082600000, 0x0000000082500000| Untracked 
|  38|0x0000000082600000, 0x0000000082700000, 0x0000000082700000|100%| O|  |TAMS 0x0000000082700000, 0x0000000082600000| Untracked 
|  39|0x0000000082700000, 0x0000000082800000, 0x0000000082800000|100%| O|  |TAMS 0x0000000082800000, 0x0000000082700000| Untracked 
|  40|0x0000000082800000, 0x0000000082900000, 0x0000000082900000|100%| O|  |TAMS 0x0000000082900000, 0x0000000082800000| Untracked 
|  41|0x0000000082900000, 0x0000000082a00000, 0x0000000082a00000|100%| O|  |TAMS 0x0000000082a00000, 0x0000000082900000| Untracked 
|  42|0x0000000082a00000, 0x0000000082b00000, 0x0000000082b00000|100%| O|  |TAMS 0x0000000082b00000, 0x0000000082a00000| Untracked 
|  43|0x0000000082b00000, 0x0000000082c00000, 0x0000000082c00000|100%| O|  |TAMS 0x0000000082c00000, 0x0000000082b00000| Untracked 
|  44|0x0000000082c00000, 0x0000000082d00000, 0x0000000082d00000|100%|HS|  |TAMS 0x0000000082d00000, 0x0000000082c00000| Complete 
|  45|0x0000000082d00000, 0x0000000082e00000, 0x0000000082e00000|100%|HC|  |TAMS 0x0000000082e00000, 0x0000000082d00000| Complete 
|  46|0x0000000082e00000, 0x0000000082f00000, 0x0000000082f00000|100%|HC|  |TAMS 0x0000000082f00000, 0x0000000082e00000| Complete 
|  47|0x0000000082f00000, 0x0000000083000000, 0x0000000083000000|100%|HC|  |TAMS 0x0000000083000000, 0x0000000082f00000| Complete 
|  48|0x0000000083000000, 0x0000000083100000, 0x0000000083100000|100%| O|  |TAMS 0x0000000083100000, 0x0000000083000000| Untracked 
|  49|0x0000000083100000, 0x0000000083200000, 0x0000000083200000|100%| O|  |TAMS 0x0000000083200000, 0x0000000083100000| Untracked 
|  50|0x0000000083200000, 0x0000000083300000, 0x0000000083300000|100%| O|  |TAMS 0x0000000083300000, 0x0000000083200000| Untracked 
|  51|0x0000000083300000, 0x0000000083400000, 0x0000000083400000|100%| O|  |TAMS 0x0000000083400000, 0x0000000083300000| Untracked 
|  52|0x0000000083400000, 0x0000000083500000, 0x0000000083500000|100%| O|  |TAMS 0x0000000083500000, 0x0000000083400000| Untracked 
|  53|0x0000000083500000, 0x0000000083600000, 0x0000000083600000|100%| O|  |TAMS 0x0000000083600000, 0x0000000083500000| Untracked 
|  54|0x0000000083600000, 0x0000000083700000, 0x0000000083700000|100%| O|  |TAMS 0x0000000083700000, 0x0000000083600000| Untracked 
|  55|0x0000000083700000, 0x0000000083800000, 0x0000000083800000|100%| O|  |TAMS 0x0000000083800000, 0x0000000083700000| Untracked 
|  56|0x0000000083800000, 0x0000000083900000, 0x0000000083900000|100%| O|  |TAMS 0x0000000083900000, 0x0000000083800000| Untracked 
|  57|0x0000000083900000, 0x0000000083a00000, 0x0000000083a00000|100%| O|  |TAMS 0x0000000083a00000, 0x0000000083900000| Untracked 
|  58|0x0000000083a00000, 0x0000000083b00000, 0x0000000083b00000|100%| O|  |TAMS 0x0000000083b00000, 0x0000000083a00000| Untracked 
|  59|0x0000000083b00000, 0x0000000083c00000, 0x0000000083c00000|100%| O|  |TAMS 0x0000000083c00000, 0x0000000083b00000| Untracked 
|  60|0x0000000083c00000, 0x0000000083d00000, 0x0000000083d00000|100%| O|  |TAMS 0x0000000083d00000, 0x0000000083c00000| Untracked 
|  61|0x0000000083d00000, 0x0000000083e00000, 0x0000000083e00000|100%| O|  |TAMS 0x0000000083e00000, 0x0000000083d00000| Untracked 
|  62|0x0000000083e00000, 0x0000000083f00000, 0x0000000083f00000|100%| O|  |TAMS 0x0000000083f00000, 0x0000000083e00000| Untracked 
|  63|0x0000000083f00000, 0x0000000084000000, 0x0000000084000000|100%| O|  |TAMS 0x0000000084000000, 0x0000000083f00000| Untracked 
|  64|0x0000000084000000, 0x0000000084100000, 0x0000000084100000|100%| O|  |TAMS 0x0000000084100000, 0x0000000084000000| Untracked 
|  65|0x0000000084100000, 0x0000000084200000, 0x0000000084200000|100%| O|  |TAMS 0x0000000084200000, 0x0000000084100000| Untracked 
|  66|0x0000000084200000, 0x0000000084300000, 0x0000000084300000|100%| O|  |TAMS 0x0000000084300000, 0x0000000084200000| Untracked 
|  67|0x0000000084300000, 0x0000000084400000, 0x0000000084400000|100%| O|  |TAMS 0x0000000084400000, 0x0000000084300000| Untracked 
|  68|0x0000000084400000, 0x0000000084500000, 0x0000000084500000|100%| O|  |TAMS 0x0000000084500000, 0x0000000084400000| Untracked 
|  69|0x0000000084500000, 0x0000000084600000, 0x0000000084600000|100%| O|  |TAMS 0x0000000084600000, 0x0000000084500000| Untracked 
|  70|0x0000000084600000, 0x0000000084700000, 0x0000000084700000|100%| O|  |TAMS 0x0000000084700000, 0x0000000084600000| Untracked 
|  71|0x0000000084700000, 0x0000000084800000, 0x0000000084800000|100%| O|  |TAMS 0x0000000084800000, 0x0000000084700000| Untracked 
|  72|0x0000000084800000, 0x0000000084900000, 0x0000000084900000|100%| O|  |TAMS 0x0000000084900000, 0x0000000084800000| Untracked 
|  73|0x0000000084900000, 0x0000000084a00000, 0x0000000084a00000|100%| O|  |TAMS 0x0000000084a00000, 0x0000000084900000| Untracked 
|  74|0x0000000084a00000, 0x0000000084b00000, 0x0000000084b00000|100%| O|  |TAMS 0x0000000084b00000, 0x0000000084a00000| Untracked 
|  75|0x0000000084b00000, 0x0000000084c00000, 0x0000000084c00000|100%| O|  |TAMS 0x0000000084c00000, 0x0000000084b00000| Untracked 
|  76|0x0000000084c00000, 0x0000000084d00000, 0x0000000084d00000|100%| O|  |TAMS 0x0000000084d00000, 0x0000000084c00000| Untracked 
|  77|0x0000000084d00000, 0x0000000084e00000, 0x0000000084e00000|100%| O|  |TAMS 0x0000000084e00000, 0x0000000084d00000| Untracked 
|  78|0x0000000084e00000, 0x0000000084f00000, 0x0000000084f00000|100%| O|  |TAMS 0x0000000084f00000, 0x0000000084e00000| Untracked 
|  79|0x0000000084f00000, 0x0000000085000000, 0x0000000085000000|100%| O|  |TAMS 0x0000000085000000, 0x0000000084f00000| Untracked 
|  80|0x0000000085000000, 0x0000000085100000, 0x0000000085100000|100%| O|  |TAMS 0x0000000085100000, 0x0000000085000000| Untracked 
|  81|0x0000000085100000, 0x0000000085200000, 0x0000000085200000|100%| O|  |TAMS 0x0000000085200000, 0x0000000085100000| Untracked 
|  82|0x0000000085200000, 0x0000000085300000, 0x0000000085300000|100%| O|  |TAMS 0x0000000085300000, 0x0000000085200000| Untracked 
|  83|0x0000000085300000, 0x0000000085400000, 0x0000000085400000|100%| O|  |TAMS 0x0000000085400000, 0x0000000085300000| Untracked 
|  84|0x0000000085400000, 0x0000000085500000, 0x0000000085500000|100%| O|  |TAMS 0x0000000085500000, 0x0000000085400000| Untracked 
|  85|0x0000000085500000, 0x0000000085600000, 0x0000000085600000|100%| O|  |TAMS 0x0000000085600000, 0x0000000085500000| Untracked 
|  86|0x0000000085600000, 0x0000000085700000, 0x0000000085700000|100%| O|  |TAMS 0x0000000085700000, 0x0000000085600000| Untracked 
|  87|0x0000000085700000, 0x0000000085800000, 0x0000000085800000|100%| O|  |TAMS 0x0000000085800000, 0x0000000085700000| Untracked 
|  88|0x0000000085800000, 0x0000000085900000, 0x0000000085900000|100%| O|  |TAMS 0x0000000085900000, 0x0000000085800000| Untracked 
|  89|0x0000000085900000, 0x0000000085a00000, 0x0000000085a00000|100%| O|  |TAMS 0x0000000085a00000, 0x0000000085900000| Untracked 
|  90|0x0000000085a00000, 0x0000000085b00000, 0x0000000085b00000|100%| O|  |TAMS 0x0000000085b00000, 0x0000000085a00000| Untracked 
|  91|0x0000000085b00000, 0x0000000085b00000, 0x0000000085c00000|  0%| F|  |TAMS 0x0000000085b00000, 0x0000000085b00000| Untracked 
|  92|0x0000000085c00000, 0x0000000085d00000, 0x0000000085d00000|100%| O|  |TAMS 0x0000000085d00000, 0x0000000085c00000| Untracked 
|  93|0x0000000085d00000, 0x0000000085e00000, 0x0000000085e00000|100%| O|  |TAMS 0x0000000085e00000, 0x0000000085d00000| Untracked 
|  94|0x0000000085e00000, 0x0000000085f00000, 0x0000000085f00000|100%| O|  |TAMS 0x0000000085f00000, 0x0000000085e00000| Untracked 
|  95|0x0000000085f00000, 0x0000000086000000, 0x0000000086000000|100%| O|  |TAMS 0x0000000086000000, 0x0000000085f00000| Untracked 
|  96|0x0000000086000000, 0x0000000086100000, 0x0000000086100000|100%| O|  |TAMS 0x0000000086100000, 0x0000000086000000| Untracked 
|  97|0x0000000086100000, 0x0000000086200000, 0x0000000086200000|100%| O|  |TAMS 0x0000000086200000, 0x0000000086100000| Untracked 
|  98|0x0000000086200000, 0x0000000086300000, 0x0000000086300000|100%| O|  |TAMS 0x0000000086300000, 0x0000000086200000| Untracked 
|  99|0x0000000086300000, 0x0000000086400000, 0x0000000086400000|100%| O|  |TAMS 0x0000000086400000, 0x0000000086300000| Untracked 
| 100|0x0000000086400000, 0x0000000086500000, 0x0000000086500000|100%| O|  |TAMS 0x0000000086500000, 0x0000000086400000| Untracked 
| 101|0x0000000086500000, 0x0000000086600000, 0x0000000086600000|100%| O|  |TAMS 0x0000000086600000, 0x0000000086500000| Untracked 
| 102|0x0000000086600000, 0x0000000086700000, 0x0000000086700000|100%| O|  |TAMS 0x0000000086700000, 0x0000000086600000| Untracked 
| 103|0x0000000086700000, 0x0000000086800000, 0x0000000086800000|100%| O|  |TAMS 0x0000000086800000, 0x0000000086700000| Untracked 
| 104|0x0000000086800000, 0x0000000086900000, 0x0000000086900000|100%| O|  |TAMS 0x0000000086900000, 0x0000000086800000| Untracked 
| 105|0x0000000086900000, 0x0000000086a00000, 0x0000000086a00000|100%| O|  |TAMS 0x0000000086a00000, 0x0000000086900000| Untracked 
| 106|0x0000000086a00000, 0x0000000086b00000, 0x0000000086b00000|100%| O|  |TAMS 0x0000000086b00000, 0x0000000086a00000| Untracked 
| 107|0x0000000086b00000, 0x0000000086c00000, 0x0000000086c00000|100%| O|  |TAMS 0x0000000086c00000, 0x0000000086b00000| Untracked 
| 108|0x0000000086c00000, 0x0000000086d00000, 0x0000000086d00000|100%| O|  |TAMS 0x0000000086d00000, 0x0000000086c00000| Untracked 
| 109|0x0000000086d00000, 0x0000000086e00000, 0x0000000086e00000|100%| O|  |TAMS 0x0000000086e00000, 0x0000000086d00000| Untracked 
| 110|0x0000000086e00000, 0x0000000086e00000, 0x0000000086f00000|  0%| F|  |TAMS 0x0000000086e00000, 0x0000000086e00000| Untracked 
| 111|0x0000000086f00000, 0x0000000087000000, 0x0000000087000000|100%| O|  |TAMS 0x0000000087000000, 0x0000000086f00000| Untracked 
| 112|0x0000000087000000, 0x0000000087000000, 0x0000000087100000|  0%| F|  |TAMS 0x0000000087000000, 0x0000000087000000| Untracked 
| 113|0x0000000087100000, 0x0000000087200000, 0x0000000087200000|100%| O|  |TAMS 0x0000000087100000, 0x0000000087100000| Untracked 
| 114|0x0000000087200000, 0x0000000087300000, 0x0000000087300000|100%| O|  |TAMS 0x0000000087200000, 0x0000000087200000| Untracked 
| 115|0x0000000087300000, 0x0000000087400000, 0x0000000087400000|100%| O|  |TAMS 0x0000000087300000, 0x0000000087300000| Untracked 
| 116|0x0000000087400000, 0x0000000087500000, 0x0000000087500000|100%| O|  |TAMS 0x0000000087400000, 0x0000000087400000| Untracked 
| 117|0x0000000087500000, 0x0000000087600000, 0x0000000087600000|100%| O|  |TAMS 0x0000000087500000, 0x0000000087500000| Untracked 
| 118|0x0000000087600000, 0x0000000087700000, 0x0000000087700000|100%| O|  |TAMS 0x0000000087600000, 0x0000000087600000| Untracked 
| 119|0x0000000087700000, 0x0000000087800000, 0x0000000087800000|100%| O|  |TAMS 0x0000000087700000, 0x0000000087700000| Untracked 
| 120|0x0000000087800000, 0x0000000087900000, 0x0000000087900000|100%| O|  |TAMS 0x0000000087800000, 0x0000000087800000| Untracked 
| 121|0x0000000087900000, 0x0000000087a00000, 0x0000000087a00000|100%| O|  |TAMS 0x0000000087900000, 0x0000000087900000| Untracked 
| 122|0x0000000087a00000, 0x0000000087b00000, 0x0000000087b00000|100%| O|  |TAMS 0x0000000087a00000, 0x0000000087a00000| Untracked 
| 123|0x0000000087b00000, 0x0000000087c00000, 0x0000000087c00000|100%| O|  |TAMS 0x0000000087b00000, 0x0000000087b00000| Untracked 
| 124|0x0000000087c00000, 0x0000000087d00000, 0x0000000087d00000|100%| O|  |TAMS 0x0000000087c00000, 0x0000000087c00000| Untracked 
| 125|0x0000000087d00000, 0x0000000087e00000, 0x0000000087e00000|100%| O|  |TAMS 0x0000000087d00000, 0x0000000087d00000| Untracked 
| 126|0x0000000087e00000, 0x0000000087f00000, 0x0000000087f00000|100%| O|  |TAMS 0x0000000087e00000, 0x0000000087e00000| Untracked 
| 127|0x0000000087f00000, 0x0000000088000000, 0x0000000088000000|100%| O|  |TAMS 0x0000000087f00000, 0x0000000087f00000| Untracked 
| 128|0x0000000088000000, 0x0000000088100000, 0x0000000088100000|100%| O|  |TAMS 0x0000000088000000, 0x0000000088000000| Untracked 
| 129|0x0000000088100000, 0x0000000088200000, 0x0000000088200000|100%| O|  |TAMS 0x0000000088100000, 0x0000000088100000| Untracked 
| 130|0x0000000088200000, 0x0000000088300000, 0x0000000088300000|100%| O|  |TAMS 0x0000000088200000, 0x0000000088200000| Untracked 
| 131|0x0000000088300000, 0x0000000088400000, 0x0000000088400000|100%| O|  |TAMS 0x0000000088300000, 0x0000000088300000| Untracked 
| 132|0x0000000088400000, 0x0000000088500000, 0x0000000088500000|100%| O|  |TAMS 0x0000000088400000, 0x0000000088400000| Untracked 
| 133|0x0000000088500000, 0x0000000088600000, 0x0000000088600000|100%| O|  |TAMS 0x0000000088500000, 0x0000000088500000| Untracked 
| 134|0x0000000088600000, 0x0000000088700000, 0x0000000088700000|100%| O|  |TAMS 0x0000000088600000, 0x0000000088600000| Untracked 
| 135|0x0000000088700000, 0x0000000088800000, 0x0000000088800000|100%| O|  |TAMS 0x0000000088700000, 0x0000000088700000| Untracked 
| 136|0x0000000088800000, 0x0000000088900000, 0x0000000088900000|100%| O|  |TAMS 0x0000000088800000, 0x0000000088800000| Untracked 
| 137|0x0000000088900000, 0x0000000088a00000, 0x0000000088a00000|100%| O|  |TAMS 0x0000000088900000, 0x0000000088900000| Untracked 
| 138|0x0000000088a00000, 0x0000000088b00000, 0x0000000088b00000|100%| O|  |TAMS 0x0000000088a00000, 0x0000000088a00000| Untracked 
| 139|0x0000000088b00000, 0x0000000088c00000, 0x0000000088c00000|100%| O|  |TAMS 0x0000000088b00000, 0x0000000088b00000| Untracked 
| 140|0x0000000088c00000, 0x0000000088d00000, 0x0000000088d00000|100%| O|  |TAMS 0x0000000088c00000, 0x0000000088c00000| Untracked 
| 141|0x0000000088d00000, 0x0000000088e00000, 0x0000000088e00000|100%| O|  |TAMS 0x0000000088d00000, 0x0000000088d00000| Untracked 
| 142|0x0000000088e00000, 0x0000000088f00000, 0x0000000088f00000|100%| O|  |TAMS 0x0000000088e00000, 0x0000000088e00000| Untracked 
| 143|0x0000000088f00000, 0x0000000088f00000, 0x0000000089000000|  0%| F|  |TAMS 0x0000000088f00000, 0x0000000088f00000| Untracked 
| 144|0x0000000089000000, 0x0000000089000000, 0x0000000089100000|  0%| F|  |TAMS 0x0000000089000000, 0x0000000089000000| Untracked 
| 145|0x0000000089100000, 0x0000000089100000, 0x0000000089200000|  0%| F|  |TAMS 0x0000000089100000, 0x0000000089100000| Untracked 
| 146|0x0000000089200000, 0x0000000089200000, 0x0000000089300000|  0%| F|  |TAMS 0x0000000089200000, 0x0000000089200000| Untracked 
| 147|0x0000000089300000, 0x0000000089300000, 0x0000000089400000|  0%| F|  |TAMS 0x0000000089300000, 0x0000000089300000| Untracked 
| 148|0x0000000089400000, 0x0000000089400000, 0x0000000089500000|  0%| F|  |TAMS 0x0000000089400000, 0x0000000089400000| Untracked 
| 149|0x0000000089500000, 0x0000000089500000, 0x0000000089600000|  0%| F|  |TAMS 0x0000000089500000, 0x0000000089500000| Untracked 
| 150|0x0000000089600000, 0x0000000089600000, 0x0000000089700000|  0%| F|  |TAMS 0x0000000089600000, 0x0000000089600000| Untracked 
| 151|0x0000000089700000, 0x0000000089700000, 0x0000000089800000|  0%| F|  |TAMS 0x0000000089700000, 0x0000000089700000| Untracked 
| 152|0x0000000089800000, 0x0000000089800000, 0x0000000089900000|  0%| F|  |TAMS 0x0000000089800000, 0x0000000089800000| Untracked 
| 153|0x0000000089900000, 0x0000000089900000, 0x0000000089a00000|  0%| F|  |TAMS 0x0000000089900000, 0x0000000089900000| Untracked 
| 154|0x0000000089a00000, 0x0000000089a00000, 0x0000000089b00000|  0%| F|  |TAMS 0x0000000089a00000, 0x0000000089a00000| Untracked 
| 155|0x0000000089b00000, 0x0000000089b00000, 0x0000000089c00000|  0%| F|  |TAMS 0x0000000089b00000, 0x0000000089b00000| Untracked 
| 156|0x0000000089c00000, 0x0000000089c00000, 0x0000000089d00000|  0%| F|  |TAMS 0x0000000089c00000, 0x0000000089c00000| Untracked 
| 157|0x0000000089d00000, 0x0000000089d00000, 0x0000000089e00000|  0%| F|  |TAMS 0x0000000089d00000, 0x0000000089d00000| Untracked 
| 158|0x0000000089e00000, 0x0000000089e00000, 0x0000000089f00000|  0%| F|  |TAMS 0x0000000089e00000, 0x0000000089e00000| Untracked 
| 159|0x0000000089f00000, 0x0000000089f00000, 0x000000008a000000|  0%| F|  |TAMS 0x0000000089f00000, 0x0000000089f00000| Untracked 
| 160|0x000000008a000000, 0x000000008a000000, 0x000000008a100000|  0%| F|  |TAMS 0x000000008a000000, 0x000000008a000000| Untracked 
| 161|0x000000008a100000, 0x000000008a100000, 0x000000008a200000|  0%| F|  |TAMS 0x000000008a100000, 0x000000008a100000| Untracked 
| 162|0x000000008a200000, 0x000000008a200000, 0x000000008a300000|  0%| F|  |TAMS 0x000000008a200000, 0x000000008a200000| Untracked 
| 163|0x000000008a300000, 0x000000008a300000, 0x000000008a400000|  0%| F|  |TAMS 0x000000008a300000, 0x000000008a300000| Untracked 
| 164|0x000000008a400000, 0x000000008a400000, 0x000000008a500000|  0%| F|  |TAMS 0x000000008a400000, 0x000000008a400000| Untracked 
| 165|0x000000008a500000, 0x000000008a500000, 0x000000008a600000|  0%| F|  |TAMS 0x000000008a500000, 0x000000008a500000| Untracked 
| 166|0x000000008a600000, 0x000000008a600000, 0x000000008a700000|  0%| F|  |TAMS 0x000000008a600000, 0x000000008a600000| Untracked 
| 167|0x000000008a700000, 0x000000008a700000, 0x000000008a800000|  0%| F|  |TAMS 0x000000008a700000, 0x000000008a700000| Untracked 
| 168|0x000000008a800000, 0x000000008a800000, 0x000000008a900000|  0%| F|  |TAMS 0x000000008a800000, 0x000000008a800000| Untracked 
| 169|0x000000008a900000, 0x000000008a900000, 0x000000008aa00000|  0%| F|  |TAMS 0x000000008a900000, 0x000000008a900000| Untracked 
| 170|0x000000008aa00000, 0x000000008aa00000, 0x000000008ab00000|  0%| F|  |TAMS 0x000000008aa00000, 0x000000008aa00000| Untracked 
| 171|0x000000008ab00000, 0x000000008ab00000, 0x000000008ac00000|  0%| F|  |TAMS 0x000000008ab00000, 0x000000008ab00000| Untracked 
| 172|0x000000008ac00000, 0x000000008ac00000, 0x000000008ad00000|  0%| F|  |TAMS 0x000000008ac00000, 0x000000008ac00000| Untracked 
| 173|0x000000008ad00000, 0x000000008ad00000, 0x000000008ae00000|  0%| F|  |TAMS 0x000000008ad00000, 0x000000008ad00000| Untracked 
| 174|0x000000008ae00000, 0x000000008ae00000, 0x000000008af00000|  0%| F|  |TAMS 0x000000008ae00000, 0x000000008ae00000| Untracked 
| 175|0x000000008af00000, 0x000000008af00000, 0x000000008b000000|  0%| F|  |TAMS 0x000000008af00000, 0x000000008af00000| Untracked 
| 176|0x000000008b000000, 0x000000008b000000, 0x000000008b100000|  0%| F|  |TAMS 0x000000008b000000, 0x000000008b000000| Untracked 
| 177|0x000000008b100000, 0x000000008b100000, 0x000000008b200000|  0%| F|  |TAMS 0x000000008b100000, 0x000000008b100000| Untracked 
| 178|0x000000008b200000, 0x000000008b200000, 0x000000008b300000|  0%| F|  |TAMS 0x000000008b200000, 0x000000008b200000| Untracked 
| 179|0x000000008b300000, 0x000000008b300000, 0x000000008b400000|  0%| F|  |TAMS 0x000000008b300000, 0x000000008b300000| Untracked 
| 180|0x000000008b400000, 0x000000008b400000, 0x000000008b500000|  0%| F|  |TAMS 0x000000008b400000, 0x000000008b400000| Untracked 
| 181|0x000000008b500000, 0x000000008b500000, 0x000000008b600000|  0%| F|  |TAMS 0x000000008b500000, 0x000000008b500000| Untracked 
| 182|0x000000008b600000, 0x000000008b600000, 0x000000008b700000|  0%| F|  |TAMS 0x000000008b600000, 0x000000008b600000| Untracked 
| 183|0x000000008b700000, 0x000000008b700000, 0x000000008b800000|  0%| F|  |TAMS 0x000000008b700000, 0x000000008b700000| Untracked 
| 184|0x000000008b800000, 0x000000008b800000, 0x000000008b900000|  0%| F|  |TAMS 0x000000008b800000, 0x000000008b800000| Untracked 
| 185|0x000000008b900000, 0x000000008b900000, 0x000000008ba00000|  0%| F|  |TAMS 0x000000008b900000, 0x000000008b900000| Untracked 
| 186|0x000000008ba00000, 0x000000008ba00000, 0x000000008bb00000|  0%| F|  |TAMS 0x000000008ba00000, 0x000000008ba00000| Untracked 
| 187|0x000000008bb00000, 0x000000008bb00000, 0x000000008bc00000|  0%| F|  |TAMS 0x000000008bb00000, 0x000000008bb00000| Untracked 
| 188|0x000000008bc00000, 0x000000008bc00000, 0x000000008bd00000|  0%| F|  |TAMS 0x000000008bc00000, 0x000000008bc00000| Untracked 
| 189|0x000000008bd00000, 0x000000008bd00000, 0x000000008be00000|  0%| F|  |TAMS 0x000000008bd00000, 0x000000008bd00000| Untracked 
| 190|0x000000008be00000, 0x000000008be00000, 0x000000008bf00000|  0%| F|  |TAMS 0x000000008be00000, 0x000000008be00000| Untracked 
| 191|0x000000008bf00000, 0x000000008bf00000, 0x000000008c000000|  0%| F|  |TAMS 0x000000008bf00000, 0x000000008bf00000| Untracked 
| 192|0x000000008c000000, 0x000000008c000000, 0x000000008c100000|  0%| F|  |TAMS 0x000000008c000000, 0x000000008c000000| Untracked 
| 193|0x000000008c100000, 0x000000008c100000, 0x000000008c200000|  0%| F|  |TAMS 0x000000008c100000, 0x000000008c100000| Untracked 
| 194|0x000000008c200000, 0x000000008c200000, 0x000000008c300000|  0%| F|  |TAMS 0x000000008c200000, 0x000000008c200000| Untracked 
| 195|0x000000008c300000, 0x000000008c300000, 0x000000008c400000|  0%| F|  |TAMS 0x000000008c300000, 0x000000008c300000| Untracked 
| 196|0x000000008c400000, 0x000000008c400000, 0x000000008c500000|  0%| F|  |TAMS 0x000000008c400000, 0x000000008c400000| Untracked 
| 197|0x000000008c500000, 0x000000008c500000, 0x000000008c600000|  0%| F|  |TAMS 0x000000008c500000, 0x000000008c500000| Untracked 
| 198|0x000000008c600000, 0x000000008c600000, 0x000000008c700000|  0%| F|  |TAMS 0x000000008c600000, 0x000000008c600000| Untracked 
| 199|0x000000008c700000, 0x000000008c700000, 0x000000008c800000|  0%| F|  |TAMS 0x000000008c700000, 0x000000008c700000| Untracked 
| 200|0x000000008c800000, 0x000000008c800000, 0x000000008c900000|  0%| F|  |TAMS 0x000000008c800000, 0x000000008c800000| Untracked 
| 201|0x000000008c900000, 0x000000008c900000, 0x000000008ca00000|  0%| F|  |TAMS 0x000000008c900000, 0x000000008c900000| Untracked 
| 202|0x000000008ca00000, 0x000000008ca00000, 0x000000008cb00000|  0%| F|  |TAMS 0x000000008ca00000, 0x000000008ca00000| Untracked 
| 203|0x000000008cb00000, 0x000000008cb00000, 0x000000008cc00000|  0%| F|  |TAMS 0x000000008cb00000, 0x000000008cb00000| Untracked 
| 204|0x000000008cc00000, 0x000000008cc00000, 0x000000008cd00000|  0%| F|  |TAMS 0x000000008cc00000, 0x000000008cc00000| Untracked 
| 205|0x000000008cd00000, 0x000000008cd00000, 0x000000008ce00000|  0%| F|  |TAMS 0x000000008cd00000, 0x000000008cd00000| Untracked 
| 206|0x000000008ce00000, 0x000000008ce00000, 0x000000008cf00000|  0%| F|  |TAMS 0x000000008ce00000, 0x000000008ce00000| Untracked 
| 207|0x000000008cf00000, 0x000000008cf00000, 0x000000008d000000|  0%| F|  |TAMS 0x000000008cf00000, 0x000000008cf00000| Untracked 
| 208|0x000000008d000000, 0x000000008d000000, 0x000000008d100000|  0%| F|  |TAMS 0x000000008d000000, 0x000000008d000000| Untracked 
| 209|0x000000008d100000, 0x000000008d100000, 0x000000008d200000|  0%| F|  |TAMS 0x000000008d100000, 0x000000008d100000| Untracked 
| 210|0x000000008d200000, 0x000000008d200000, 0x000000008d300000|  0%| F|  |TAMS 0x000000008d200000, 0x000000008d200000| Untracked 
| 211|0x000000008d300000, 0x000000008d300000, 0x000000008d400000|  0%| F|  |TAMS 0x000000008d300000, 0x000000008d300000| Untracked 
| 212|0x000000008d400000, 0x000000008d400000, 0x000000008d500000|  0%| F|  |TAMS 0x000000008d400000, 0x000000008d400000| Untracked 
| 213|0x000000008d500000, 0x000000008d500000, 0x000000008d600000|  0%| F|  |TAMS 0x000000008d500000, 0x000000008d500000| Untracked 
| 214|0x000000008d600000, 0x000000008d600000, 0x000000008d700000|  0%| F|  |TAMS 0x000000008d600000, 0x000000008d600000| Untracked 
| 215|0x000000008d700000, 0x000000008d700000, 0x000000008d800000|  0%| F|  |TAMS 0x000000008d700000, 0x000000008d700000| Untracked 
| 216|0x000000008d800000, 0x000000008d800000, 0x000000008d900000|  0%| F|  |TAMS 0x000000008d800000, 0x000000008d800000| Untracked 
| 217|0x000000008d900000, 0x000000008d900000, 0x000000008da00000|  0%| F|  |TAMS 0x000000008d900000, 0x000000008d900000| Untracked 
| 218|0x000000008da00000, 0x000000008da00000, 0x000000008db00000|  0%| F|  |TAMS 0x000000008da00000, 0x000000008da00000| Untracked 
| 219|0x000000008db00000, 0x000000008db00000, 0x000000008dc00000|  0%| F|  |TAMS 0x000000008db00000, 0x000000008db00000| Untracked 
| 220|0x000000008dc00000, 0x000000008dc00000, 0x000000008dd00000|  0%| F|  |TAMS 0x000000008dc00000, 0x000000008dc00000| Untracked 
| 221|0x000000008dd00000, 0x000000008dd00000, 0x000000008de00000|  0%| F|  |TAMS 0x000000008dd00000, 0x000000008dd00000| Untracked 
| 222|0x000000008de00000, 0x000000008de00000, 0x000000008df00000|  0%| F|  |TAMS 0x000000008de00000, 0x000000008de00000| Untracked 
| 223|0x000000008df00000, 0x000000008df00000, 0x000000008e000000|  0%| F|  |TAMS 0x000000008df00000, 0x000000008df00000| Untracked 
| 224|0x000000008e000000, 0x000000008e000000, 0x000000008e100000|  0%| F|  |TAMS 0x000000008e000000, 0x000000008e000000| Untracked 
| 225|0x000000008e100000, 0x000000008e100000, 0x000000008e200000|  0%| F|  |TAMS 0x000000008e100000, 0x000000008e100000| Untracked 
| 226|0x000000008e200000, 0x000000008e200000, 0x000000008e300000|  0%| F|  |TAMS 0x000000008e200000, 0x000000008e200000| Untracked 
| 227|0x000000008e300000, 0x000000008e300000, 0x000000008e400000|  0%| F|  |TAMS 0x000000008e300000, 0x000000008e300000| Untracked 
| 228|0x000000008e400000, 0x000000008e400000, 0x000000008e500000|  0%| F|  |TAMS 0x000000008e400000, 0x000000008e400000| Untracked 
| 229|0x000000008e500000, 0x000000008e500000, 0x000000008e600000|  0%| F|  |TAMS 0x000000008e500000, 0x000000008e500000| Untracked 
| 230|0x000000008e600000, 0x000000008e600000, 0x000000008e700000|  0%| F|  |TAMS 0x000000008e600000, 0x000000008e600000| Untracked 
| 231|0x000000008e700000, 0x000000008e700000, 0x000000008e800000|  0%| F|  |TAMS 0x000000008e700000, 0x000000008e700000| Untracked 
| 232|0x000000008e800000, 0x000000008e800000, 0x000000008e900000|  0%| F|  |TAMS 0x000000008e800000, 0x000000008e800000| Untracked 
| 233|0x000000008e900000, 0x000000008e900000, 0x000000008ea00000|  0%| F|  |TAMS 0x000000008e900000, 0x000000008e900000| Untracked 
| 234|0x000000008ea00000, 0x000000008ea00000, 0x000000008eb00000|  0%| F|  |TAMS 0x000000008ea00000, 0x000000008ea00000| Untracked 
| 235|0x000000008eb00000, 0x000000008eb00000, 0x000000008ec00000|  0%| F|  |TAMS 0x000000008eb00000, 0x000000008eb00000| Untracked 
| 236|0x000000008ec00000, 0x000000008ec00000, 0x000000008ed00000|  0%| F|  |TAMS 0x000000008ec00000, 0x000000008ec00000| Untracked 
| 237|0x000000008ed00000, 0x000000008ed00000, 0x000000008ee00000|  0%| F|  |TAMS 0x000000008ed00000, 0x000000008ed00000| Untracked 
| 238|0x000000008ee00000, 0x000000008ee00000, 0x000000008ef00000|  0%| F|  |TAMS 0x000000008ee00000, 0x000000008ee00000| Untracked 
| 239|0x000000008ef00000, 0x000000008ef00000, 0x000000008f000000|  0%| F|  |TAMS 0x000000008ef00000, 0x000000008ef00000| Untracked 
| 240|0x000000008f000000, 0x000000008f000000, 0x000000008f100000|  0%| F|  |TAMS 0x000000008f000000, 0x000000008f000000| Untracked 
| 241|0x000000008f100000, 0x000000008f100000, 0x000000008f200000|  0%| F|  |TAMS 0x000000008f100000, 0x000000008f100000| Untracked 
| 242|0x000000008f200000, 0x000000008f200000, 0x000000008f300000|  0%| F|  |TAMS 0x000000008f200000, 0x000000008f200000| Untracked 
| 243|0x000000008f300000, 0x000000008f300000, 0x000000008f400000|  0%| F|  |TAMS 0x000000008f300000, 0x000000008f300000| Untracked 
| 244|0x000000008f400000, 0x000000008f400000, 0x000000008f500000|  0%| F|  |TAMS 0x000000008f400000, 0x000000008f400000| Untracked 
| 245|0x000000008f500000, 0x000000008f500000, 0x000000008f600000|  0%| F|  |TAMS 0x000000008f500000, 0x000000008f500000| Untracked 
| 246|0x000000008f600000, 0x000000008f600000, 0x000000008f700000|  0%| F|  |TAMS 0x000000008f600000, 0x000000008f600000| Untracked 
| 247|0x000000008f700000, 0x000000008f700000, 0x000000008f800000|  0%| F|  |TAMS 0x000000008f700000, 0x000000008f700000| Untracked 
| 248|0x000000008f800000, 0x000000008f800000, 0x000000008f900000|  0%| F|  |TAMS 0x000000008f800000, 0x000000008f800000| Untracked 
| 249|0x000000008f900000, 0x000000008f900000, 0x000000008fa00000|  0%| F|  |TAMS 0x000000008f900000, 0x000000008f900000| Untracked 
| 250|0x000000008fa00000, 0x000000008fa00000, 0x000000008fb00000|  0%| F|  |TAMS 0x000000008fa00000, 0x000000008fa00000| Untracked 
| 251|0x000000008fb00000, 0x000000008fb00000, 0x000000008fc00000|  0%| F|  |TAMS 0x000000008fb00000, 0x000000008fb00000| Untracked 
| 252|0x000000008fc00000, 0x000000008fc543f0, 0x000000008fd00000| 32%| S|CS|TAMS 0x000000008fc00000, 0x000000008fc00000| Complete 
| 253|0x000000008fd00000, 0x000000008fe00000, 0x000000008fe00000|100%| S|CS|TAMS 0x000000008fd00000, 0x000000008fd00000| Complete 
| 254|0x000000008fe00000, 0x000000008fe00000, 0x000000008ff00000|  0%| F|  |TAMS 0x000000008fe00000, 0x000000008fe00000| Untracked 
| 255|0x000000008ff00000, 0x000000008ff00000, 0x0000000090000000|  0%| F|  |TAMS 0x000000008ff00000, 0x000000008ff00000| Untracked 
| 256|0x0000000090000000, 0x0000000090000000, 0x0000000090100000|  0%| F|  |TAMS 0x0000000090000000, 0x0000000090000000| Untracked 
| 257|0x0000000090100000, 0x0000000090100000, 0x0000000090200000|  0%| F|  |TAMS 0x0000000090100000, 0x0000000090100000| Untracked 
| 258|0x0000000090200000, 0x0000000090200000, 0x0000000090300000|  0%| F|  |TAMS 0x0000000090200000, 0x0000000090200000| Untracked 
| 259|0x0000000090300000, 0x0000000090300000, 0x0000000090400000|  0%| F|  |TAMS 0x0000000090300000, 0x0000000090300000| Untracked 

Card table byte_map: [0x000001f2766a0000,0x000001f276aa0000] _byte_map_base: 0x000001f2762a0000

Marking Bits (Prev, Next): (CMBitMap*) 0x000001f263e29fc0, (CMBitMap*) 0x000001f263e2a000
 Prev Bits: [0x000001f276ea0000, 0x000001f278ea0000)
 Next Bits: [0x000001f278ea0000, 0x000001f27aea0000)

Polling page: 0x000001f261dd0000

Metaspace:

Usage:
  Non-class:     94.73 MB used.
      Class:     14.99 MB used.
       Both:    109.72 MB used.

Virtual space:
  Non-class space:       96.00 MB reserved,      95.06 MB (>99%) committed,  12 nodes.
      Class space:        1.00 GB reserved,      15.31 MB (  1%) committed,  1 nodes.
             Both:        1.09 GB reserved,     110.38 MB ( 10%) committed. 

Chunk freelists:
   Non-Class:  912.00 KB
       Class:  720.00 KB
        Both:  1.59 MB

MaxMetaspaceSize: unlimited
CompressedClassSpaceSize: 1.00 GB
Initial GC threshold: 21.00 MB
Current GC threshold: 182.81 MB
CDS: off
MetaspaceReclaimPolicy: balanced
 - commit_granule_bytes: 65536.
 - commit_granule_words: 8192.
 - virtual_space_node_default_size: 1048576.
 - enlarge_chunks_in_place: 1.
 - new_chunks_are_fully_committed: 0.
 - uncommit_free_chunks: 1.
 - use_allocation_guard: 0.
 - handle_deallocations: 1.


Internal statistics:

num_allocs_failed_limit: 9.
num_arena_births: 1034.
num_arena_deaths: 10.
num_vsnodes_births: 13.
num_vsnodes_deaths: 0.
num_space_committed: 1765.
num_space_uncommitted: 0.
num_chunks_returned_to_freelist: 21.
num_chunks_taken_from_freelist: 5226.
num_chunk_merges: 11.
num_chunk_splits: 3525.
num_chunks_enlarged: 2473.
num_purges: 2.
num_inconsistent_stats: 0.

CodeHeap 'non-profiled nmethods': size=120000Kb used=6338Kb max_used=6338Kb free=113662Kb
 bounds [0x000001f26ed70000, 0x000001f26f3b0000, 0x000001f2762a0000]
CodeHeap 'profiled nmethods': size=120000Kb used=24118Kb max_used=24118Kb free=95881Kb
 bounds [0x000001f2672a0000, 0x000001f268a30000, 0x000001f26e7d0000]
CodeHeap 'non-nmethods': size=5760Kb used=2408Kb max_used=2526Kb free=3351Kb
 bounds [0x000001f26e7d0000, 0x000001f26ea50000, 0x000001f26ed70000]
 total_blobs=13484 nmethods=12538 adapters=857
 compilation: enabled
              stopped_count=0, restarted_count=0
 full_count=0

Compilation events (20 events):
Event: 26.398 Thread 0x000001f27dd1c5f0 nmethod 14293 0x000001f268a1c110 code [0x000001f268a1c2c0, 0x000001f268a1c488]
Event: 26.398 Thread 0x000001f27dd1c5f0 14301       1       com.android.tools.r8.internal.do::G2 (3 bytes)
Event: 26.398 Thread 0x000001f27dd1c5f0 nmethod 14301 0x000001f26f39c610 code [0x000001f26f39c7a0, 0x000001f26f39c878]
Event: 26.398 Thread 0x000001f27dd1c5f0 14289       1       com.android.tools.r8.internal.Nh::c1 (2 bytes)
Event: 26.398 Thread 0x000001f27dd1c5f0 nmethod 14289 0x000001f26f39c910 code [0x000001f26f39caa0, 0x000001f26f39cb78]
Event: 26.398 Thread 0x000001f27dd1c5f0 14299       1       java.util.IdentityHashMap::size (5 bytes)
Event: 26.398 Thread 0x000001f27dd1c5f0 nmethod 14299 0x000001f26f39cc10 code [0x000001f26f39cda0, 0x000001f26f39ce78]
Event: 26.399 Thread 0x000001f27dd1c5f0 14304       2       com.android.tools.r8.ir.regalloc.b::c (4041 bytes)
Event: 26.404 Thread 0x000001f27dfcdff0 nmethod 14276 0x000001f26f39cf10 code [0x000001f26f39d120, 0x000001f26f39d808]
Event: 26.404 Thread 0x000001f27dfcdff0 14278       4       com.android.tools.r8.internal.wG::a (177 bytes)
Event: 26.417 Thread 0x000001f27dfcdff0 nmethod 14278 0x000001f26f39df90 code [0x000001f26f39e1a0, 0x000001f26f39e848]
Event: 26.417 Thread 0x000001f27dfcdff0 14169       4       com.android.tools.r8.graph.I3::<init> (5 bytes)
Event: 26.417 Thread 0x000001f27dfcdff0 nmethod 14169 0x000001f26f39ef90 code [0x000001f26f39f100, 0x000001f26f39f198]
Event: 26.417 Thread 0x000001f27dfcdff0 14167       4       com.android.tools.r8.internal.Ia::a (177 bytes)
Event: 26.435 Thread 0x000001f27dd1c5f0 nmethod 14304 0x000001f268a1c610 code [0x000001f268a1d8e0, 0x000001f268a24b98]
Event: 26.435 Thread 0x000001f27dd1c5f0 14310       2       com.android.tools.r8.ir.optimize.q0::a (520 bytes)
Event: 26.440 Thread 0x000001f27dd1c5f0 nmethod 14310 0x000001f268a2a590 code [0x000001f268a2aa80, 0x000001f268a2c818]
Event: 26.440 Thread 0x000001f27dd1c5f0 14305       2       com.android.tools.r8.ir.regalloc.b::j (582 bytes)
Event: 26.441 Thread 0x000001f27dfcdff0 nmethod 14167 0x000001f26f39f290 code [0x000001f26f39f4a0, 0x000001f26f3a01e8]
Event: 26.442 Thread 0x000001f27dfcdff0 14279       4       com.android.tools.r8.internal.NJ::hasNext (14 bytes)

GC Heap History (20 events):
Event: 14.667 GC heap after
{Heap after GC invocations=26 (full 0):
 garbage-first heap   total 214016K, used 69501K [0x0000000080000000, 0x0000000100000000)
  region size 1024K, 8 young (8192K), 8 survivors (8192K)
 Metaspace       used 77897K, committed 78528K, reserved 1122304K
  class space    used 10344K, committed 10624K, reserved 1048576K
}
Event: 16.475 GC heap before
{Heap before GC invocations=26 (full 0):
 garbage-first heap   total 214016K, used 153469K [0x0000000080000000, 0x0000000100000000)
  region size 1024K, 90 young (92160K), 8 survivors (8192K)
 Metaspace       used 87050K, committed 87680K, reserved 1130496K
  class space    used 11836K, committed 12096K, reserved 1048576K
}
Event: 16.503 GC heap after
{Heap after GC invocations=27 (full 0):
 garbage-first heap   total 214016K, used 74098K [0x0000000080000000, 0x0000000100000000)
  region size 1024K, 6 young (6144K), 6 survivors (6144K)
 Metaspace       used 87050K, committed 87680K, reserved 1130496K
  class space    used 11836K, committed 12096K, reserved 1048576K
}
Event: 17.989 GC heap before
{Heap before GC invocations=27 (full 0):
 garbage-first heap   total 214016K, used 160114K [0x0000000080000000, 0x0000000100000000)
  region size 1024K, 90 young (92160K), 6 survivors (6144K)
 Metaspace       used 92845K, committed 93440K, reserved 1130496K
  class space    used 12640K, committed 12928K, reserved 1048576K
}
Event: 18.029 GC heap after
{Heap after GC invocations=28 (full 0):
 garbage-first heap   total 214016K, used 83691K [0x0000000080000000, 0x0000000100000000)
  region size 1024K, 12 young (12288K), 12 survivors (12288K)
 Metaspace       used 92845K, committed 93440K, reserved 1130496K
  class space    used 12640K, committed 12928K, reserved 1048576K
}
Event: 19.680 GC heap before
{Heap before GC invocations=28 (full 0):
 garbage-first heap   total 214016K, used 162539K [0x0000000080000000, 0x0000000100000000)
  region size 1024K, 89 young (91136K), 12 survivors (12288K)
 Metaspace       used 94957K, committed 95616K, reserved 1138688K
  class space    used 12964K, committed 13248K, reserved 1048576K
}
Event: 19.732 GC heap after
{Heap after GC invocations=29 (full 0):
 garbage-first heap   total 214016K, used 93681K [0x0000000080000000, 0x0000000100000000)
  region size 1024K, 10 young (10240K), 10 survivors (10240K)
 Metaspace       used 94957K, committed 95616K, reserved 1138688K
  class space    used 12964K, committed 13248K, reserved 1048576K
}
Event: 21.642 GC heap before
{Heap before GC invocations=29 (full 0):
 garbage-first heap   total 214016K, used 160241K [0x0000000080000000, 0x0000000100000000)
  region size 1024K, 76 young (77824K), 10 survivors (10240K)
 Metaspace       used 97276K, committed 97920K, reserved 1138688K
  class space    used 13177K, committed 13504K, reserved 1048576K
}
Event: 21.674 GC heap after
{Heap after GC invocations=30 (full 0):
 garbage-first heap   total 257024K, used 100762K [0x0000000080000000, 0x0000000100000000)
  region size 1024K, 8 young (8192K), 8 survivors (8192K)
 Metaspace       used 97276K, committed 97920K, reserved 1138688K
  class space    used 13177K, committed 13504K, reserved 1048576K
}
Event: 23.412 GC heap before
{Heap before GC invocations=31 (full 0):
 garbage-first heap   total 257024K, used 197018K [0x0000000080000000, 0x0000000100000000)
  region size 1024K, 103 young (105472K), 8 survivors (8192K)
 Metaspace       used 103594K, committed 104256K, reserved 1138688K
  class space    used 14052K, committed 14400K, reserved 1048576K
}
Event: 23.439 GC heap after
{Heap after GC invocations=32 (full 0):
 garbage-first heap   total 257024K, used 111794K [0x0000000080000000, 0x0000000100000000)
  region size 1024K, 12 young (12288K), 12 survivors (12288K)
 Metaspace       used 103594K, committed 104256K, reserved 1138688K
  class space    used 14052K, committed 14400K, reserved 1048576K
}
Event: 23.457 GC heap before
{Heap before GC invocations=32 (full 0):
 garbage-first heap   total 257024K, used 112818K [0x0000000080000000, 0x0000000100000000)
  region size 1024K, 13 young (13312K), 12 survivors (12288K)
 Metaspace       used 103624K, committed 104320K, reserved 1138688K
  class space    used 14056K, committed 14400K, reserved 1048576K
}
Event: 23.480 GC heap after
{Heap after GC invocations=33 (full 0):
 garbage-first heap   total 257024K, used 112246K [0x0000000080000000, 0x0000000100000000)
  region size 1024K, 2 young (2048K), 2 survivors (2048K)
 Metaspace       used 103624K, committed 104320K, reserved 1138688K
  class space    used 14056K, committed 14400K, reserved 1048576K
}
Event: 24.429 GC heap before
{Heap before GC invocations=33 (full 0):
 garbage-first heap   total 257024K, used 199286K [0x0000000080000000, 0x0000000100000000)
  region size 1024K, 88 young (90112K), 2 survivors (2048K)
 Metaspace       used 107651K, committed 108352K, reserved 1146880K
  class space    used 14645K, committed 14976K, reserved 1048576K
}
Event: 24.471 GC heap after
{Heap after GC invocations=34 (full 0):
 garbage-first heap   total 257024K, used 126421K [0x0000000080000000, 0x0000000100000000)
  region size 1024K, 11 young (11264K), 11 survivors (11264K)
 Metaspace       used 107651K, committed 108352K, reserved 1146880K
  class space    used 14645K, committed 14976K, reserved 1048576K
}
Event: 25.082 GC heap before
{Heap before GC invocations=34 (full 0):
 garbage-first heap   total 257024K, used 201173K [0x0000000080000000, 0x0000000100000000)
  region size 1024K, 84 young (86016K), 11 survivors (11264K)
 Metaspace       used 110984K, committed 111680K, reserved 1146880K
  class space    used 15226K, committed 15552K, reserved 1048576K
}
Event: 25.131 GC heap after
{Heap after GC invocations=35 (full 0):
 garbage-first heap   total 257024K, used 137835K [0x0000000080000000, 0x0000000100000000)
  region size 1024K, 11 young (11264K), 11 survivors (11264K)
 Metaspace       used 110984K, committed 111680K, reserved 1146880K
  class space    used 15226K, committed 15552K, reserved 1048576K
}
Event: 26.329 GC heap before
{Heap before GC invocations=36 (full 0):
 garbage-first heap   total 266240K, used 203371K [0x0000000080000000, 0x0000000100000000)
  region size 1024K, 76 young (77824K), 11 survivors (11264K)
 Metaspace       used 112287K, committed 112960K, reserved 1146880K
  class space    used 15349K, committed 15680K, reserved 1048576K
}
Event: 26.363 GC heap after
{Heap after GC invocations=37 (full 0):
 garbage-first heap   total 266240K, used 144759K [0x0000000080000000, 0x0000000100000000)
  region size 1024K, 7 young (7168K), 7 survivors (7168K)
 Metaspace       used 112287K, committed 112960K, reserved 1146880K
  class space    used 15349K, committed 15680K, reserved 1048576K
}
Event: 26.442 GC heap before
{Heap before GC invocations=37 (full 0):
 garbage-first heap   total 266240K, used 150903K [0x0000000080000000, 0x0000000100000000)
  region size 1024K, 13 young (13312K), 7 survivors (7168K)
 Metaspace       used 112350K, committed 113024K, reserved 1146880K
  class space    used 15350K, committed 15680K, reserved 1048576K
}

Dll operation events (2 events):
Event: 0.015 Loaded shared library D:\Android\Android Studio\jbr\bin\java.dll
Event: 0.665 Loaded shared library D:\Android\Android Studio\jbr\bin\verify.dll

Deoptimization events (20 events):
Event: 25.967 Thread 0x000001f2015fe7b0 Uncommon trap: trap_request=0xffffffde fr.pc=0x000001f26f2a97ac relative=0x0000000000000b4c
Event: 25.967 Thread 0x000001f2015fe7b0 Uncommon trap: reason=class_check action=maybe_recompile pc=0x000001f26f2a97ac method=java.util.HashMap.removeNode(ILjava/lang/Object;Ljava/lang/Object;ZZ)Ljava/util/HashMap$Node; @ 68 c2
Event: 25.984 Thread 0x000001f2015fe7b0 DEOPT PACKING pc=0x000001f26f2a97ac sp=0x000000db66ef9850
Event: 25.986 Thread 0x000001f203e8a580 Uncommon trap: trap_request=0xffffff76 fr.pc=0x000001f26f2d6cd0 relative=0x0000000000000890
Event: 25.986 Thread 0x000001f203e8a580 Uncommon trap: reason=predicate action=maybe_recompile pc=0x000001f26f2d6cd0 method=com.android.tools.r8.graph.u2.a([C)I @ 8 c2
Event: 25.986 Thread 0x000001f203e8a580 DEOPT PACKING pc=0x000001f26f2d6cd0 sp=0x000000db682f9cf0
Event: 25.986 Thread 0x000001f203e8a580 DEOPT UNPACKING pc=0x000001f26e8269a3 sp=0x000000db682f9c50 mode 2
Event: 25.989 Thread 0x000001f203e8a580 Uncommon trap: trap_request=0xffffff76 fr.pc=0x000001f26f077590 relative=0x0000000000000270
Event: 25.989 Thread 0x000001f203e8a580 Uncommon trap: reason=predicate action=maybe_recompile pc=0x000001f26f077590 method=com.android.tools.r8.graph.u2.a([C)I @ 8 c2
Event: 25.989 Thread 0x000001f203e8a580 DEOPT PACKING pc=0x000001f26f077590 sp=0x000000db682f9b20
Event: 25.989 Thread 0x000001f203e8a580 DEOPT UNPACKING pc=0x000001f26e8269a3 sp=0x000000db682f9ab8 mode 2
Event: 25.996 Thread 0x000001f2015fe7b0 DEOPT UNPACKING pc=0x000001f26e8269a3 sp=0x000000db66ef9778 mode 2
Event: 25.998 Thread 0x000001f2015fe7b0 Uncommon trap: trap_request=0xffffffde fr.pc=0x000001f26f2a97ac relative=0x0000000000000b4c
Event: 25.998 Thread 0x000001f2015fe7b0 Uncommon trap: reason=class_check action=maybe_recompile pc=0x000001f26f2a97ac method=java.util.HashMap.removeNode(ILjava/lang/Object;Ljava/lang/Object;ZZ)Ljava/util/HashMap$Node; @ 68 c2
Event: 25.999 Thread 0x000001f2015fe7b0 DEOPT PACKING pc=0x000001f26f2a97ac sp=0x000000db66ef9850
Event: 25.999 Thread 0x000001f2015fe7b0 DEOPT UNPACKING pc=0x000001f26e8269a3 sp=0x000000db66ef9778 mode 2
Event: 26.001 Thread 0x000001f2015fe7b0 Uncommon trap: trap_request=0xffffffde fr.pc=0x000001f26f2a97ac relative=0x0000000000000b4c
Event: 26.001 Thread 0x000001f2015fe7b0 Uncommon trap: reason=class_check action=maybe_recompile pc=0x000001f26f2a97ac method=java.util.HashMap.removeNode(ILjava/lang/Object;Ljava/lang/Object;ZZ)Ljava/util/HashMap$Node; @ 68 c2
Event: 26.001 Thread 0x000001f2015fe7b0 DEOPT PACKING pc=0x000001f26f2a97ac sp=0x000000db66ef9850
Event: 26.001 Thread 0x000001f2015fe7b0 DEOPT UNPACKING pc=0x000001f26e8269a3 sp=0x000000db66ef9778 mode 2

Classes unloaded (5 events):
Event: 25.610 Thread 0x000001f27d389880 Unloading class 0x0000000100dec800 'java/lang/invoke/LambdaForm$DMH+0x0000000100dec800'
Event: 25.610 Thread 0x000001f27d389880 Unloading class 0x0000000100dec400 'java/lang/invoke/LambdaForm$DMH+0x0000000100dec400'
Event: 25.610 Thread 0x000001f27d389880 Unloading class 0x0000000100cf4c00 'java/lang/invoke/LambdaForm$DMH+0x0000000100cf4c00'
Event: 25.610 Thread 0x000001f27d389880 Unloading class 0x0000000100cf4800 'java/lang/invoke/LambdaForm$DMH+0x0000000100cf4800'
Event: 25.610 Thread 0x000001f27d389880 Unloading class 0x0000000100cf4400 'java/lang/invoke/LambdaForm$DMH+0x0000000100cf4400'

Classes redefined (0 events):
No events

Internal exceptions (20 events):
Event: 23.185 Thread 0x000001f203e8a580 Exception <a 'java/lang/NoSuchMethodError'{0x000000008a6614e8}: 'java.lang.Object java.lang.invoke.DirectMethodHandle$Holder.newInvokeSpecial(java.lang.Object, long)'> (0x000000008a6614e8) 
thrown [s\src\hotspot\share\interpreter\linkResolver.cpp, line 771]
Event: 23.629 Thread 0x000001f2015fe7b0 Exception <a 'java/lang/NoSuchMethodError'{0x000000008ec53f68}: 'void java.lang.invoke.DirectMethodHandle$Holder.invokeStatic(java.lang.Object, java.lang.Object, java.lang.Object, int)'> (0x000000008ec53f68) 
thrown [s\src\hotspot\share\interpreter\linkResolver.cpp, line 771]
Event: 23.631 Thread 0x000001f2015fe7b0 Exception <a 'java/lang/IncompatibleClassChangeError'{0x000000008ece98b8}: Found class java.lang.Object, but interface was expected> (0x000000008ece98b8) 
thrown [s\src\hotspot\share\interpreter\linkResolver.cpp, line 838]
Event: 23.632 Thread 0x000001f203e88d70 Exception <a 'java/lang/NoSuchMethodError'{0x000000008f0ecb50}: 'void java.lang.invoke.DirectMethodHandle$Holder.invokeInterface(java.lang.Object, java.lang.Object, java.lang.Object, int)'> (0x000000008f0ecb50) 
thrown [s\src\hotspot\share\interpreter\linkResolver.cpp, line 771]
Event: 24.229 Thread 0x000001f2015fe7b0 Exception <a 'java/lang/NoSuchMethodError'{0x000000008bce8220}: 'java.lang.Object java.lang.invoke.DirectMethodHandle$Holder.invokeStatic(java.lang.Object, int, java.lang.Object, java.lang.Object)'> (0x000000008bce8220) 
thrown [s\src\hotspot\share\interpreter\linkResolver.cpp, line 771]
Event: 24.229 Thread 0x000001f203e88d70 Exception <a 'java/lang/NoSuchMethodError'{0x000000008bcbbeb0}: 'java.lang.Object java.lang.invoke.DirectMethodHandle$Holder.invokeStatic(java.lang.Object, int, java.lang.Object, java.lang.Object)'> (0x000000008bcbbeb0) 
thrown [s\src\hotspot\share\interpreter\linkResolver.cpp, line 771]
Event: 24.243 Thread 0x000001f203e8a580 Exception <a 'java/lang/NoSuchMethodError'{0x000000008bb28168}: 'java.lang.Object java.lang.invoke.DirectMethodHandle$Holder.invokeStatic(java.lang.Object, java.lang.Object, int, java.lang.Object, java.lang.Object)'> (0x000000008bb28168) 
thrown [s\src\hotspot\share\interpreter\linkResolver.cpp, line 771]
Event: 24.243 Thread 0x000001f2015fe7b0 Exception <a 'java/lang/NoSuchMethodError'{0x000000008b9088e8}: 'java.lang.Object java.lang.invoke.DirectMethodHandle$Holder.invokeStatic(java.lang.Object, java.lang.Object, int, java.lang.Object, java.lang.Object)'> (0x000000008b9088e8) 
thrown [s\src\hotspot\share\interpreter\linkResolver.cpp, line 771]
Event: 24.243 Thread 0x000001f203e88d70 Exception <a 'java/lang/NoSuchMethodError'{0x000000008bcd25f0}: 'java.lang.Object java.lang.invoke.DirectMethodHandle$Holder.invokeStatic(java.lang.Object, java.lang.Object, int, java.lang.Object, java.lang.Object)'> (0x000000008bcd25f0) 
thrown [s\src\hotspot\share\interpreter\linkResolver.cpp, line 771]
Event: 24.551 Thread 0x000001f2015fe7b0 Exception <a 'java/lang/IncompatibleClassChangeError'{0x000000008ecb2d68}: Found class java.lang.Object, but interface was expected> (0x000000008ecb2d68) 
thrown [s\src\hotspot\share\interpreter\linkResolver.cpp, line 838]
Event: 24.551 Thread 0x000001f203e88d70 Exception <a 'java/lang/IncompatibleClassChangeError'{0x000000008ec15e50}: Found class java.lang.Object, but interface was expected> (0x000000008ec15e50) 
thrown [s\src\hotspot\share\interpreter\linkResolver.cpp, line 838]
Event: 24.553 Thread 0x000001f2015fe7b0 Exception <a 'java/lang/IncompatibleClassChangeError'{0x000000008ecbd6b8}: Found class java.lang.Object, but interface was expected> (0x000000008ecbd6b8) 
thrown [s\src\hotspot\share\interpreter\linkResolver.cpp, line 838]
Event: 24.553 Thread 0x000001f203e88d70 Exception <a 'java/lang/IncompatibleClassChangeError'{0x000000008ec1b2d0}: Found class java.lang.Object, but interface was expected> (0x000000008ec1b2d0) 
thrown [s\src\hotspot\share\interpreter\linkResolver.cpp, line 838]
Event: 24.694 Thread 0x000001f2015fe7b0 Exception <a 'java/lang/NoSuchMethodError'{0x000000008d6cc688}: 'void java.lang.invoke.DirectMethodHandle$Holder.invokeSpecial(java.lang.Object, java.lang.Object, int, java.lang.Object)'> (0x000000008d6cc688) 
thrown [s\src\hotspot\share\interpreter\linkResolver.cpp, line 771]
Event: 24.875 Thread 0x000001f2015fe7b0 Exception <a 'java/lang/NoSuchMethodError'{0x000000008be68648}: 'int java.lang.invoke.DirectMethodHandle$Holder.invokeSpecial(java.lang.Object, java.lang.Object, java.lang.Object, int)'> (0x000000008be68648) 
thrown [s\src\hotspot\share\interpreter\linkResolver.cpp, line 771]
Event: 24.875 Thread 0x000001f203e88d70 Exception <a 'java/lang/NoSuchMethodError'{0x000000008c398668}: 'int java.lang.invoke.DirectMethodHandle$Holder.invokeSpecial(java.lang.Object, java.lang.Object, java.lang.Object, int)'> (0x000000008c398668) 
thrown [s\src\hotspot\share\interpreter\linkResolver.cpp, line 771]
Event: 24.895 Thread 0x000001f2015fe7b0 Exception <a 'java/lang/NoSuchMethodError'{0x000000008bde7730}: 'int java.lang.invoke.DirectMethodHandle$Holder.invokeSpecial(java.lang.Object, java.lang.Object, java.lang.Object, int, java.lang.Object)'> (0x000000008bde7730) 
thrown [s\src\hotspot\share\interpreter\linkResolver.cpp, line 771]
Event: 24.896 Thread 0x000001f203e8a580 Exception <a 'java/lang/NoSuchMethodError'{0x000000008bd70a78}: 'int java.lang.invoke.DirectMethodHandle$Holder.invokeSpecial(java.lang.Object, java.lang.Object, java.lang.Object, int, java.lang.Object)'> (0x000000008bd70a78) 
thrown [s\src\hotspot\share\interpreter\linkResolver.cpp, line 771]
Event: 24.897 Thread 0x000001f203e88d70 Exception <a 'java/lang/NoSuchMethodError'{0x000000008beb5ff8}: 'int java.lang.invoke.DirectMethodHandle$Holder.invokeSpecial(java.lang.Object, java.lang.Object, java.lang.Object, int, java.lang.Object)'> (0x000000008beb5ff8) 
thrown [s\src\hotspot\share\interpreter\linkResolver.cpp, line 771]
Event: 25.221 Thread 0x000001f203e8a580 Exception <a 'java/lang/NoSuchMethodError'{0x000000008f6bfb00}: 'java.lang.Object java.lang.invoke.DirectMethodHandle$Holder.invokeInterface(java.lang.Object, java.lang.Object, int)'> (0x000000008f6bfb00) 
thrown [s\src\hotspot\share\interpreter\linkResolver.cpp, line 771]

VM Operations (20 events):
Event: 25.643 Executing VM operation: G1Concurrent done
Event: 25.900 Executing VM operation: ICBufferFull
Event: 25.901 Executing VM operation: ICBufferFull done
Event: 25.920 Executing VM operation: G1Concurrent
Event: 25.924 Executing VM operation: G1Concurrent done
Event: 26.015 Executing VM operation: ICBufferFull
Event: 26.041 Executing VM operation: ICBufferFull done
Event: 26.051 Executing VM operation: HandshakeAllThreads
Event: 26.051 Executing VM operation: HandshakeAllThreads done
Event: 26.072 Executing VM operation: HandshakeAllThreads
Event: 26.074 Executing VM operation: HandshakeAllThreads done
Event: 26.184 Executing VM operation: ICBufferFull
Event: 26.204 Executing VM operation: ICBufferFull done
Event: 26.205 Executing VM operation: HandshakeAllThreads
Event: 26.206 Executing VM operation: HandshakeAllThreads done
Event: 26.258 Executing VM operation: HandshakeAllThreads
Event: 26.267 Executing VM operation: HandshakeAllThreads done
Event: 26.329 Executing VM operation: G1CollectForAllocation
Event: 26.384 Executing VM operation: G1CollectForAllocation done
Event: 26.442 Executing VM operation: G1CollectForAllocation

Events (20 events):
Event: 23.841 Thread 0x000001f27dd1fe80 flushing nmethod 0x000001f26ee4ed10
Event: 23.844 Thread 0x000001f27dd1fe80 flushing nmethod 0x000001f26f172f90
Event: 23.845 Thread 0x000001f27dd1fe80 flushing nmethod 0x000001f26f285710
Event: 23.845 Thread 0x000001f27dd1fe80 flushing nmethod 0x000001f26f2b5610
Event: 24.802 loading class java/util/SortedSet$1
Event: 24.802 loading class java/util/SortedSet$1 done
Event: 24.830 loading class java/util/stream/SliceOps
Event: 24.833 loading class java/util/stream/SliceOps done
Event: 24.833 loading class java/util/stream/SliceOps$1
Event: 24.833 loading class java/util/stream/SliceOps$1 done
Event: 24.837 loading class java/util/stream/SliceOps$1$1
Event: 24.837 loading class java/util/stream/SliceOps$1$1 done
Event: 24.855 loading class java/util/PriorityQueue
Event: 24.855 loading class java/util/PriorityQueue done
Event: 24.869 loading class java/util/IdentityHashMap$ValueIterator
Event: 24.869 loading class java/util/IdentityHashMap$ValueIterator done
Event: 24.980 loading class java/util/AbstractList$SubList
Event: 25.018 loading class java/util/AbstractList$SubList done
Event: 25.018 loading class java/util/AbstractList$SubList$1
Event: 25.019 loading class java/util/AbstractList$SubList$1 done


Dynamic libraries:
0x00007ff67b3d0000 - 0x00007ff67b3da000 	D:\Android\Android Studio\jbr\bin\java.exe
0x00007ff9248d0000 - 0x00007ff924ac8000 	C:\WINDOWS\SYSTEM32\ntdll.dll
0x00007ff9231a0000 - 0x00007ff92325d000 	C:\WINDOWS\System32\KERNEL32.DLL
0x00007ff922020000 - 0x00007ff922316000 	C:\WINDOWS\System32\KERNELBASE.dll
0x00007ff922350000 - 0x00007ff922450000 	C:\WINDOWS\System32\ucrtbase.dll
0x00007ff916950000 - 0x00007ff916967000 	D:\Android\Android Studio\jbr\bin\jli.dll
0x00007ff922fa0000 - 0x00007ff92313e000 	C:\WINDOWS\System32\USER32.dll
0x00007ff922320000 - 0x00007ff922342000 	C:\WINDOWS\System32\win32u.dll
0x00007ff9236e0000 - 0x00007ff92370c000 	C:\WINDOWS\System32\GDI32.dll
0x00007ff90bda0000 - 0x00007ff90bdbb000 	D:\Android\Android Studio\jbr\bin\VCRUNTIME140.dll
0x00007ff90c8a0000 - 0x00007ff90cb3a000 	C:\WINDOWS\WinSxS\amd64_microsoft.windows.common-controls_6595b64144ccf1df_6.0.19041.1110_none_60b5254171f9507e\COMCTL32.dll
0x00007ff923f90000 - 0x00007ff92402e000 	C:\WINDOWS\System32\msvcrt.dll
0x00007ff922810000 - 0x00007ff92292a000 	C:\WINDOWS\System32\gdi32full.dll
0x00007ff922770000 - 0x00007ff92280d000 	C:\WINDOWS\System32\msvcp_win.dll
0x00007ff923260000 - 0x00007ff923290000 	C:\WINDOWS\System32\IMM32.DLL
0x00007ff9169f0000 - 0x00007ff9169fc000 	D:\Android\Android Studio\jbr\bin\vcruntime140_1.dll
0x00007ff8f2180000 - 0x00007ff8f220d000 	D:\Android\Android Studio\jbr\bin\msvcp140.dll
0x00007ff8e6f20000 - 0x00007ff8e7b8e000 	D:\Android\Android Studio\jbr\bin\server\jvm.dll
0x00007ff924190000 - 0x00007ff92423e000 	C:\WINDOWS\System32\ADVAPI32.dll
0x00007ff924240000 - 0x00007ff9242dc000 	C:\WINDOWS\System32\sechost.dll
0x00007ff922930000 - 0x00007ff922a56000 	C:\WINDOWS\System32\RPCRT4.dll
0x00007ff91aa70000 - 0x00007ff91aa79000 	C:\WINDOWS\SYSTEM32\WSOCK32.dll
0x00007ff924390000 - 0x00007ff9243fb000 	C:\WINDOWS\System32\WS2_32.dll
0x00007ff9063b0000 - 0x00007ff9063d7000 	C:\WINDOWS\SYSTEM32\WINMM.dll
0x00007ff915f10000 - 0x00007ff915f1a000 	C:\WINDOWS\SYSTEM32\VERSION.dll
0x00007ff9207d0000 - 0x00007ff9207e2000 	C:\WINDOWS\SYSTEM32\kernel.appcore.dll
0x00007ff91aa00000 - 0x00007ff91aa0a000 	D:\Android\Android Studio\jbr\bin\jimage.dll
0x00007ff91cba0000 - 0x00007ff91cd84000 	C:\WINDOWS\SYSTEM32\DBGHELP.DLL
0x00007ff9062c0000 - 0x00007ff9062f4000 	C:\WINDOWS\SYSTEM32\dbgcore.DLL
0x00007ff922630000 - 0x00007ff9226b2000 	C:\WINDOWS\System32\bcryptPrimitives.dll
0x00007ff9167c0000 - 0x00007ff9167e5000 	D:\Android\Android Studio\jbr\bin\java.dll
0x00007ff9187d0000 - 0x00007ff9187e8000 	D:\Android\Android Studio\jbr\bin\zip.dll
0x00007ff923710000 - 0x00007ff923e55000 	C:\WINDOWS\System32\SHELL32.dll
0x00007ff920020000 - 0x00007ff9207bb000 	C:\WINDOWS\SYSTEM32\windows.storage.dll
0x00007ff924530000 - 0x00007ff924884000 	C:\WINDOWS\System32\combase.dll
0x00007ff921980000 - 0x00007ff9219ae000 	C:\WINDOWS\SYSTEM32\Wldp.dll
0x00007ff9242e0000 - 0x00007ff92438d000 	C:\WINDOWS\System32\SHCORE.dll
0x00007ff923420000 - 0x00007ff923475000 	C:\WINDOWS\System32\shlwapi.dll
0x00007ff921ee0000 - 0x00007ff921f05000 	C:\WINDOWS\SYSTEM32\profapi.dll
0x00007ff9184b0000 - 0x00007ff9184c9000 	D:\Android\Android Studio\jbr\bin\net.dll
0x00007ff90fe30000 - 0x00007ff90ff3a000 	C:\WINDOWS\SYSTEM32\WINHTTP.dll
0x00007ff9216e0000 - 0x00007ff92174a000 	C:\WINDOWS\system32\mswsock.dll
0x00007ff9169d0000 - 0x00007ff9169e6000 	D:\Android\Android Studio\jbr\bin\nio.dll
0x00007ff91a800000 - 0x00007ff91a810000 	D:\Android\Android Studio\jbr\bin\verify.dll
0x00007ff90d3e0000 - 0x00007ff90d407000 	D:\Android\gradle-8.3\native\68d5fa5c4cc2d200863cafc0d521ce42e7d3e7ee720ec0a83991735586a16f82\windows-amd64\native-platform.dll
0x00007ff8e8350000 - 0x00007ff8e8494000 	D:\Android\gradle-8.3\native\e376f236ea51e6404a007f0833ffe2c6e607c4080706a723a18a27aeea778392\windows-amd64\native-platform-file-events.dll
0x00007ff9187a0000 - 0x00007ff9187a9000 	D:\Android\Android Studio\jbr\bin\management.dll
0x00007ff9186d0000 - 0x00007ff9186db000 	D:\Android\Android Studio\jbr\bin\management_ext.dll
0x00007ff922f90000 - 0x00007ff922f98000 	C:\WINDOWS\System32\PSAPI.DLL
0x00007ff9218d0000 - 0x00007ff9218e8000 	C:\WINDOWS\SYSTEM32\CRYPTSP.dll
0x00007ff920ff0000 - 0x00007ff921024000 	C:\WINDOWS\system32\rsaenh.dll
0x00007ff922450000 - 0x00007ff922477000 	C:\WINDOWS\System32\bcrypt.dll
0x00007ff921e60000 - 0x00007ff921e8e000 	C:\WINDOWS\SYSTEM32\USERENV.dll
0x00007ff9218f0000 - 0x00007ff9218fc000 	C:\WINDOWS\SYSTEM32\CRYPTBASE.dll
0x00007ff9213d0000 - 0x00007ff92140b000 	C:\WINDOWS\SYSTEM32\IPHLPAPI.DLL
0x00007ff923f80000 - 0x00007ff923f88000 	C:\WINDOWS\System32\NSI.dll
0x00007ff9107d0000 - 0x00007ff9107e7000 	C:\WINDOWS\SYSTEM32\dhcpcsvc6.DLL
0x00007ff9107b0000 - 0x00007ff9107cd000 	C:\WINDOWS\SYSTEM32\dhcpcsvc.DLL
0x00007ff921410000 - 0x00007ff9214da000 	C:\WINDOWS\SYSTEM32\DNSAPI.dll
0x00007ff9183b0000 - 0x00007ff9183b7000 	C:\WINDOWS\system32\wshunix.dll
0x00007ff8fb090000 - 0x00007ff8fb0a7000 	C:\WINDOWS\system32\napinsp.dll
0x00007ff8fb0b0000 - 0x00007ff8fb0cb000 	C:\WINDOWS\system32\pnrpnsp.dll
0x00007ff9199f0000 - 0x00007ff919a05000 	C:\WINDOWS\system32\wshbth.dll
0x00007ff91a480000 - 0x00007ff91a49d000 	C:\WINDOWS\system32\NLAapi.dll
0x00007ff8fb130000 - 0x00007ff8fb142000 	C:\WINDOWS\System32\winrnr.dll
0x00007ff90ce30000 - 0x00007ff90ce3a000 	C:\Windows\System32\rasadhlp.dll
0x00007ff90cce0000 - 0x00007ff90cd62000 	C:\WINDOWS\System32\fwpuclnt.dll

dbghelp: loaded successfully - version: 4.0.5 - missing functions: none
symbol engine: initialized successfully - sym options: 0x614 - pdb path: .;D:\Android\Android Studio\jbr\bin;C:\WINDOWS\SYSTEM32;C:\WINDOWS\WinSxS\amd64_microsoft.windows.common-controls_6595b64144ccf1df_6.0.19041.1110_none_60b5254171f9507e;D:\Android\Android Studio\jbr\bin\server;D:\Android\gradle-8.3\native\68d5fa5c4cc2d200863cafc0d521ce42e7d3e7ee720ec0a83991735586a16f82\windows-amd64;D:\Android\gradle-8.3\native\e376f236ea51e6404a007f0833ffe2c6e607c4080706a723a18a27aeea778392\windows-amd64

VM Arguments:
jvm_args: --add-opens=java.base/java.util=ALL-UNNAMED --add-opens=java.base/java.lang=ALL-UNNAMED --add-opens=java.base/java.lang.invoke=ALL-UNNAMED --add-opens=java.prefs/java.util.prefs=ALL-UNNAMED --add-opens=java.base/java.nio.charset=ALL-UNNAMED --add-opens=java.base/java.net=ALL-UNNAMED --add-opens=java.base/java.util.concurrent.atomic=ALL-UNNAMED -Xmx2048m -Dfile.encoding=UTF-8 -Duser.country=US -Duser.language=en -Duser.variant 
java_command: org.gradle.launcher.daemon.bootstrap.GradleDaemon 8.0
java_class_path (initial): D:\Android\gradle-8.3\wrapper\dists\gradle-8.0-bin\ca5e32bp14vu59qr306oxotwh\gradle-8.0\lib\gradle-launcher-8.0.jar
Launcher Type: SUN_STANDARD

[Global flags]
     intx CICompilerCount                          = 3                                         {product} {ergonomic}
     uint ConcGCThreads                            = 1                                         {product} {ergonomic}
     uint G1ConcRefinementThreads                  = 4                                         {product} {ergonomic}
   size_t G1HeapRegionSize                         = 1048576                                   {product} {ergonomic}
    uintx GCDrainStackTargetSize                   = 64                                        {product} {ergonomic}
   size_t InitialHeapSize                          = 134217728                                 {product} {ergonomic}
   size_t MarkStackSize                            = 4194304                                   {product} {ergonomic}
   size_t MaxHeapSize                              = 2147483648                                {product} {command line}
   size_t MaxNewSize                               = 1287651328                                {product} {ergonomic}
   size_t MinHeapDeltaBytes                        = 1048576                                   {product} {ergonomic}
   size_t MinHeapSize                              = 8388608                                   {product} {ergonomic}
    uintx NonNMethodCodeHeapSize                   = 5832780                                {pd product} {ergonomic}
    uintx NonProfiledCodeHeapSize                  = 122912730                              {pd product} {ergonomic}
    uintx ProfiledCodeHeapSize                     = 122912730                              {pd product} {ergonomic}
    uintx ReservedCodeCacheSize                    = 251658240                              {pd product} {ergonomic}
     bool SegmentedCodeCache                       = true                                      {product} {ergonomic}
   size_t SoftMaxHeapSize                          = 2147483648                             {manageable} {ergonomic}
     bool UseCompressedClassPointers               = true                           {product lp64_product} {ergonomic}
     bool UseCompressedOops                        = true                           {product lp64_product} {ergonomic}
     bool UseG1GC                                  = true                                      {product} {ergonomic}
     bool UseLargePagesIndividualAllocation        = false                                  {pd product} {ergonomic}

Logging:
Log output configuration:
 #0: stdout all=warning uptime,level,tags
 #1: stderr all=off uptime,level,tags

Environment Variables:
PATH=C:\Program Files (x86)\Common Files\Oracle\Java\javapath;D:\IntelSWTools\system_studio_2020\OpenCL\sdk\bin\x64;D:\IntelSWTools\system_studio_2020\OpenCL\sdk\bin\x86;D:\app\hP\product\11.2.0\dbhome_1\bin;C:\Program Files\Common Files\Oracle\Java\javapath;C:\ProgramData\Oracle\Java\javapath;C:\WINDOWS\system32;C:\WINDOWS;C:\WINDOWS\System32\Wbem;C:\WINDOWS\System32\WindowsPowerShell\v1.0\;C:\WINDOWS\System32\OpenSSH\;C:\MinGW\bin;D:\R2019b\runtime\win64;D:\R2019b\bin;D:\R2019b\polyspace\bin;D:\bin;C:\Program Files\Java\jdk-18.0.2.1;C:\Program Files\Microsoft SQL Server\150\Tools\Binn\;C:\Program Files\Cloudflare\Cloudflare WARP\;D:\nodejs\;C:\Program Files\MySQL\MySQL Shell 8.0\bin\;C:\Users\hP\AppData\Local\Programs\Python\Python310\Scripts\;C:\Users\hP\AppData\Local\Programs\Python\Python310\;C:\Users\hP\AppData\Local\Microsoft\WindowsApps;D:\_JetBrains_CLion_2020.2.1x64\CLion 2020.2.1\bin;;C:\Program Files\Azure Data Studio\bin;C:\Users\hP\AppData\Roaming\npm;D:\Microsoft VS Code\bin
USERNAME=hP
OS=Windows_NT
PROCESSOR_IDENTIFIER=Intel64 Family 6 Model 142 Stepping 9, GenuineIntel
TMP=C:\Users\hP\AppData\Local\Temp
TEMP=C:\Users\hP\AppData\Local\Temp


JNI global refs:
JNI global refs: 27, weak refs: 25

JNI global refs memory usage: 843, weak refs: 841


---------------  S Y S T E M  ---------------

OS:
 Windows 10 , 64 bit Build 19041 (10.0.19041.3393)
OS uptime: 0 days 23:26 hours

CPU: total 4 (initial active 4) (2 cores per cpu, 2 threads per core) family 6 model 142 stepping 9 microcode 0xb4, cx8, cmov, fxsr, ht, mmx, 3dnowpref, sse, sse2, sse3, ssse3, sse4.1, sse4.2, popcnt, lzcnt, tsc, tscinvbit, avx, avx2, aes, erms, clmul, bmi1, bmi2, adx, fma, vzeroupper, clflush, clflushopt

Memory: 4k page, system-wide physical 8089M (361M free)
TotalPageFile size 12185M (AvailPageFile size 17M)
current process WorkingSet (physical memory assigned to process): 547M, peak: 547M
current process commit charge ("private bytes"): 573M, peak: 908M

vm_info: OpenJDK 64-Bit Server VM (17.0.6+0-b2043.56-10027231) for windows-amd64 JRE (17.0.6+0-b2043.56-10027231), built on Apr 28 2023 00:43:19 by "androidbuild" with MS VC++ 16.10 / 16.11 (VS2019)

END.
